<?xml version="1.0" encoding="UTF-8"?>
<testsuite xmlns:xsi="http://www.w3.org/2001/XMLSchema-instance" xsi:noNamespaceSchemaLocation="https://maven.apache.org/surefire/maven-surefire-plugin/xsd/surefire-test-report.xsd" name="TestSuite" time="97.067" tests="697" errors="0" skipped="1" failures="354">
  <properties>
    <property name="sun.desktop" value="windows"/>
    <property name="awt.toolkit" value="sun.awt.windows.WToolkit"/>
    <property name="file.encoding.pkg" value="sun.io"/>
    <property name="java.specification.version" value="1.8"/>
    <property name="sun.cpu.isalist" value="amd64"/>
    <property name="sun.jnu.encoding" value="Cp1252"/>
    <property name="java.class.path" value="C:\Users\rajat.verma\Desktop\Work in Local machine\new_LearningWorkspace\Webservices API Testing with Rest Assured API &amp; POSTMAN 2020\API_TestingFramework\target\test-classes;C:\Users\rajat.verma\Desktop\Work in Local machine\new_LearningWorkspace\Webservices API Testing with Rest Assured API &amp; POSTMAN 2020\API_TestingFramework\target\classes;C:\Users\rajat.verma\.m2\repository\io\rest-assured\rest-assured\4.1.2\rest-assured-4.1.2.jar;C:\Users\rajat.verma\.m2\repository\org\codehaus\groovy\groovy\2.5.8\groovy-2.5.8.jar;C:\Users\rajat.verma\.m2\repository\org\codehaus\groovy\groovy-xml\2.5.8\groovy-xml-2.5.8.jar;C:\Users\rajat.verma\.m2\repository\org\apache\httpcomponents\httpclient\4.5.3\httpclient-4.5.3.jar;C:\Users\rajat.verma\.m2\repository\org\apache\httpcomponents\httpcore\4.4.6\httpcore-4.4.6.jar;C:\Users\rajat.verma\.m2\repository\commons-logging\commons-logging\1.2\commons-logging-1.2.jar;C:\Users\rajat.verma\.m2\repository\org\apache\httpcomponents\httpmime\4.5.3\httpmime-4.5.3.jar;C:\Users\rajat.verma\.m2\repository\org\hamcrest\hamcrest\2.1\hamcrest-2.1.jar;C:\Users\rajat.verma\.m2\repository\org\ccil\cowan\tagsoup\tagsoup\1.2.1\tagsoup-1.2.1.jar;C:\Users\rajat.verma\.m2\repository\io\rest-assured\json-path\4.1.2\json-path-4.1.2.jar;C:\Users\rajat.verma\.m2\repository\org\codehaus\groovy\groovy-json\2.5.8\groovy-json-2.5.8.jar;C:\Users\rajat.verma\.m2\repository\io\rest-assured\rest-assured-common\4.1.2\rest-assured-common-4.1.2.jar;C:\Users\rajat.verma\.m2\repository\io\rest-assured\xml-path\4.1.2\xml-path-4.1.2.jar;C:\Users\rajat.verma\.m2\repository\org\apache\commons\commons-lang3\3.4\commons-lang3-3.4.jar;C:\Users\rajat.verma\.m2\repository\javax\xml\bind\jaxb-api\2.3.1\jaxb-api-2.3.1.jar;C:\Users\rajat.verma\.m2\repository\javax\activation\javax.activation-api\1.2.0\javax.activation-api-1.2.0.jar;C:\Users\rajat.verma\.m2\repository\com\sun\xml\bind\jaxb-osgi\2.3.0.1\jaxb-osgi-2.3.0.1.jar;C:\Users\rajat.verma\.m2\repository\org\apache\sling\org.apache.sling.javax.activation\0.1.0\org.apache.sling.javax.activation-0.1.0.jar;C:\Users\rajat.verma\.m2\repository\javax\mail\mail\1.4.7\mail-1.4.7.jar;C:\Users\rajat.verma\.m2\repository\javax\activation\activation\1.1\activation-1.1.jar;C:\Users\rajat.verma\.m2\repository\org\testng\testng\7.3.0\testng-7.3.0.jar;C:\Users\rajat.verma\.m2\repository\com\beust\jcommander\1.78\jcommander-1.78.jar;C:\Users\rajat.verma\.m2\repository\org\apache\ant\ant\1.10.3\ant-1.10.3.jar;C:\Users\rajat.verma\.m2\repository\org\apache\ant\ant-launcher\1.10.3\ant-launcher-1.10.3.jar;C:\Users\rajat.verma\.m2\repository\junit\junit\4.12\junit-4.12.jar;C:\Users\rajat.verma\.m2\repository\org\hamcrest\hamcrest-core\1.3\hamcrest-core-1.3.jar;C:\Users\rajat.verma\.m2\repository\com\google\inject\guice\4.2.2\guice-4.2.2-no_aop.jar;C:\Users\rajat.verma\.m2\repository\javax\inject\javax.inject\1\javax.inject-1.jar;C:\Users\rajat.verma\.m2\repository\aopalliance\aopalliance\1.0\aopalliance-1.0.jar;C:\Users\rajat.verma\.m2\repository\com\google\guava\guava\25.1-android\guava-25.1-android.jar;C:\Users\rajat.verma\.m2\repository\com\google\code\findbugs\jsr305\3.0.2\jsr305-3.0.2.jar;C:\Users\rajat.verma\.m2\repository\org\checkerframework\checker-compat-qual\2.0.0\checker-compat-qual-2.0.0.jar;C:\Users\rajat.verma\.m2\repository\com\google\errorprone\error_prone_annotations\2.1.3\error_prone_annotations-2.1.3.jar;C:\Users\rajat.verma\.m2\repository\com\google\j2objc\j2objc-annotations\1.1\j2objc-annotations-1.1.jar;C:\Users\rajat.verma\.m2\repository\org\codehaus\mojo\animal-sniffer-annotations\1.14\animal-sniffer-annotations-1.14.jar;C:\Users\rajat.verma\.m2\repository\org\yaml\snakeyaml\1.21\snakeyaml-1.21.jar;C:\Users\rajat.verma\.m2\repository\org\json\json\20190722\json-20190722.jar;C:\Users\rajat.verma\.m2\repository\com\fasterxml\jackson\core\jackson-databind\2.10.0\jackson-databind-2.10.0.jar;C:\Users\rajat.verma\.m2\repository\com\fasterxml\jackson\core\jackson-annotations\2.10.0\jackson-annotations-2.10.0.jar;C:\Users\rajat.verma\.m2\repository\com\fasterxml\jackson\core\jackson-core\2.10.0\jackson-core-2.10.0.jar;C:\Users\rajat.verma\.m2\repository\org\apache\poi\poi\4.1.0\poi-4.1.0.jar;C:\Users\rajat.verma\.m2\repository\commons-codec\commons-codec\1.12\commons-codec-1.12.jar;C:\Users\rajat.verma\.m2\repository\org\apache\commons\commons-collections4\4.3\commons-collections4-4.3.jar;C:\Users\rajat.verma\.m2\repository\org\apache\commons\commons-math3\3.6.1\commons-math3-3.6.1.jar;C:\Users\rajat.verma\.m2\repository\org\apache\poi\poi-ooxml\4.1.0\poi-ooxml-4.1.0.jar;C:\Users\rajat.verma\.m2\repository\org\apache\commons\commons-compress\1.18\commons-compress-1.18.jar;C:\Users\rajat.verma\.m2\repository\com\github\virtuald\curvesapi\1.06\curvesapi-1.06.jar;C:\Users\rajat.verma\.m2\repository\dom4j\dom4j\1.6.1\dom4j-1.6.1.jar;C:\Users\rajat.verma\.m2\repository\xml-apis\xml-apis\1.0.b2\xml-apis-1.0.b2.jar;C:\Users\rajat.verma\.m2\repository\org\apache\xmlbeans\xmlbeans\3.1.0\xmlbeans-3.1.0.jar;C:\Users\rajat.verma\.m2\repository\org\apache\poi\poi-ooxml-schemas\4.1.0\poi-ooxml-schemas-4.1.0.jar;C:\Users\rajat.verma\.m2\repository\com\aventstack\extentreports\4.0.9\extentreports-4.0.9.jar;C:\Users\rajat.verma\.m2\repository\org\freemarker\freemarker\2.3.23\freemarker-2.3.23.jar;C:\Users\rajat.verma\.m2\repository\org\mongodb\mongodb-driver\3.3.0\mongodb-driver-3.3.0.jar;C:\Users\rajat.verma\.m2\repository\org\mongodb\mongodb-driver-core\3.3.0\mongodb-driver-core-3.3.0.jar;C:\Users\rajat.verma\.m2\repository\org\mongodb\bson\3.3.0\bson-3.3.0.jar;C:\Users\rajat.verma\.m2\repository\com\google\code\gson\gson\2.8.5\gson-2.8.5.jar;C:\Users\rajat.verma\.m2\repository\org\apache\maven\surefire\surefire-testng-utils\2.22.0\surefire-testng-utils-2.22.0.jar;C:\Users\rajat.verma\.m2\repository\org\apache\maven\surefire\surefire-grouper\2.22.0\surefire-grouper-2.22.0.jar;"/>
    <property name="java.vm.vendor" value="Oracle Corporation"/>
    <property name="sun.arch.data.model" value="64"/>
    <property name="user.variant" value=""/>
    <property name="java.vendor.url" value="http://java.oracle.com/"/>
    <property name="user.timezone" value="Asia/Calcutta"/>
    <property name="java.vm.specification.version" value="1.8"/>
    <property name="os.name" value="Windows 10"/>
    <property name="user.country" value="IN"/>
    <property name="sun.java.launcher" value="SUN_STANDARD"/>
    <property name="sun.boot.library.path" value="C:\Program Files\Java\jdk1.8.0_211\jre\bin"/>
    <property name="sun.java.command" value="C:\Users\RAJAT~1.VER\AppData\Local\Temp\surefire7635285186815525282\surefirebooter4408248386027763036.jar C:\Users\rajat.verma\AppData\Local\Temp\surefire7635285186815525282 2021-01-08T01-30-36_663-jvmRun1 surefire1155314104269913205tmp surefire_07379633204358400733tmp"/>
    <property name="surefire.test.class.path" value="C:\Users\rajat.verma\Desktop\Work in Local machine\new_LearningWorkspace\Webservices API Testing with Rest Assured API &amp; POSTMAN 2020\API_TestingFramework\target\test-classes;C:\Users\rajat.verma\Desktop\Work in Local machine\new_LearningWorkspace\Webservices API Testing with Rest Assured API &amp; POSTMAN 2020\API_TestingFramework\target\classes;C:\Users\rajat.verma\.m2\repository\io\rest-assured\rest-assured\4.1.2\rest-assured-4.1.2.jar;C:\Users\rajat.verma\.m2\repository\org\codehaus\groovy\groovy\2.5.8\groovy-2.5.8.jar;C:\Users\rajat.verma\.m2\repository\org\codehaus\groovy\groovy-xml\2.5.8\groovy-xml-2.5.8.jar;C:\Users\rajat.verma\.m2\repository\org\apache\httpcomponents\httpclient\4.5.3\httpclient-4.5.3.jar;C:\Users\rajat.verma\.m2\repository\org\apache\httpcomponents\httpcore\4.4.6\httpcore-4.4.6.jar;C:\Users\rajat.verma\.m2\repository\commons-logging\commons-logging\1.2\commons-logging-1.2.jar;C:\Users\rajat.verma\.m2\repository\org\apache\httpcomponents\httpmime\4.5.3\httpmime-4.5.3.jar;C:\Users\rajat.verma\.m2\repository\org\hamcrest\hamcrest\2.1\hamcrest-2.1.jar;C:\Users\rajat.verma\.m2\repository\org\ccil\cowan\tagsoup\tagsoup\1.2.1\tagsoup-1.2.1.jar;C:\Users\rajat.verma\.m2\repository\io\rest-assured\json-path\4.1.2\json-path-4.1.2.jar;C:\Users\rajat.verma\.m2\repository\org\codehaus\groovy\groovy-json\2.5.8\groovy-json-2.5.8.jar;C:\Users\rajat.verma\.m2\repository\io\rest-assured\rest-assured-common\4.1.2\rest-assured-common-4.1.2.jar;C:\Users\rajat.verma\.m2\repository\io\rest-assured\xml-path\4.1.2\xml-path-4.1.2.jar;C:\Users\rajat.verma\.m2\repository\org\apache\commons\commons-lang3\3.4\commons-lang3-3.4.jar;C:\Users\rajat.verma\.m2\repository\javax\xml\bind\jaxb-api\2.3.1\jaxb-api-2.3.1.jar;C:\Users\rajat.verma\.m2\repository\javax\activation\javax.activation-api\1.2.0\javax.activation-api-1.2.0.jar;C:\Users\rajat.verma\.m2\repository\com\sun\xml\bind\jaxb-osgi\2.3.0.1\jaxb-osgi-2.3.0.1.jar;C:\Users\rajat.verma\.m2\repository\org\apache\sling\org.apache.sling.javax.activation\0.1.0\org.apache.sling.javax.activation-0.1.0.jar;C:\Users\rajat.verma\.m2\repository\javax\mail\mail\1.4.7\mail-1.4.7.jar;C:\Users\rajat.verma\.m2\repository\javax\activation\activation\1.1\activation-1.1.jar;C:\Users\rajat.verma\.m2\repository\org\testng\testng\7.3.0\testng-7.3.0.jar;C:\Users\rajat.verma\.m2\repository\com\beust\jcommander\1.78\jcommander-1.78.jar;C:\Users\rajat.verma\.m2\repository\org\apache\ant\ant\1.10.3\ant-1.10.3.jar;C:\Users\rajat.verma\.m2\repository\org\apache\ant\ant-launcher\1.10.3\ant-launcher-1.10.3.jar;C:\Users\rajat.verma\.m2\repository\junit\junit\4.12\junit-4.12.jar;C:\Users\rajat.verma\.m2\repository\org\hamcrest\hamcrest-core\1.3\hamcrest-core-1.3.jar;C:\Users\rajat.verma\.m2\repository\com\google\inject\guice\4.2.2\guice-4.2.2-no_aop.jar;C:\Users\rajat.verma\.m2\repository\javax\inject\javax.inject\1\javax.inject-1.jar;C:\Users\rajat.verma\.m2\repository\aopalliance\aopalliance\1.0\aopalliance-1.0.jar;C:\Users\rajat.verma\.m2\repository\com\google\guava\guava\25.1-android\guava-25.1-android.jar;C:\Users\rajat.verma\.m2\repository\com\google\code\findbugs\jsr305\3.0.2\jsr305-3.0.2.jar;C:\Users\rajat.verma\.m2\repository\org\checkerframework\checker-compat-qual\2.0.0\checker-compat-qual-2.0.0.jar;C:\Users\rajat.verma\.m2\repository\com\google\errorprone\error_prone_annotations\2.1.3\error_prone_annotations-2.1.3.jar;C:\Users\rajat.verma\.m2\repository\com\google\j2objc\j2objc-annotations\1.1\j2objc-annotations-1.1.jar;C:\Users\rajat.verma\.m2\repository\org\codehaus\mojo\animal-sniffer-annotations\1.14\animal-sniffer-annotations-1.14.jar;C:\Users\rajat.verma\.m2\repository\org\yaml\snakeyaml\1.21\snakeyaml-1.21.jar;C:\Users\rajat.verma\.m2\repository\org\json\json\20190722\json-20190722.jar;C:\Users\rajat.verma\.m2\repository\com\fasterxml\jackson\core\jackson-databind\2.10.0\jackson-databind-2.10.0.jar;C:\Users\rajat.verma\.m2\repository\com\fasterxml\jackson\core\jackson-annotations\2.10.0\jackson-annotations-2.10.0.jar;C:\Users\rajat.verma\.m2\repository\com\fasterxml\jackson\core\jackson-core\2.10.0\jackson-core-2.10.0.jar;C:\Users\rajat.verma\.m2\repository\org\apache\poi\poi\4.1.0\poi-4.1.0.jar;C:\Users\rajat.verma\.m2\repository\commons-codec\commons-codec\1.12\commons-codec-1.12.jar;C:\Users\rajat.verma\.m2\repository\org\apache\commons\commons-collections4\4.3\commons-collections4-4.3.jar;C:\Users\rajat.verma\.m2\repository\org\apache\commons\commons-math3\3.6.1\commons-math3-3.6.1.jar;C:\Users\rajat.verma\.m2\repository\org\apache\poi\poi-ooxml\4.1.0\poi-ooxml-4.1.0.jar;C:\Users\rajat.verma\.m2\repository\org\apache\commons\commons-compress\1.18\commons-compress-1.18.jar;C:\Users\rajat.verma\.m2\repository\com\github\virtuald\curvesapi\1.06\curvesapi-1.06.jar;C:\Users\rajat.verma\.m2\repository\dom4j\dom4j\1.6.1\dom4j-1.6.1.jar;C:\Users\rajat.verma\.m2\repository\xml-apis\xml-apis\1.0.b2\xml-apis-1.0.b2.jar;C:\Users\rajat.verma\.m2\repository\org\apache\xmlbeans\xmlbeans\3.1.0\xmlbeans-3.1.0.jar;C:\Users\rajat.verma\.m2\repository\org\apache\poi\poi-ooxml-schemas\4.1.0\poi-ooxml-schemas-4.1.0.jar;C:\Users\rajat.verma\.m2\repository\com\aventstack\extentreports\4.0.9\extentreports-4.0.9.jar;C:\Users\rajat.verma\.m2\repository\org\freemarker\freemarker\2.3.23\freemarker-2.3.23.jar;C:\Users\rajat.verma\.m2\repository\org\mongodb\mongodb-driver\3.3.0\mongodb-driver-3.3.0.jar;C:\Users\rajat.verma\.m2\repository\org\mongodb\mongodb-driver-core\3.3.0\mongodb-driver-core-3.3.0.jar;C:\Users\rajat.verma\.m2\repository\org\mongodb\bson\3.3.0\bson-3.3.0.jar;C:\Users\rajat.verma\.m2\repository\com\google\code\gson\gson\2.8.5\gson-2.8.5.jar;C:\Users\rajat.verma\.m2\repository\org\apache\maven\surefire\surefire-testng-utils\2.22.0\surefire-testng-utils-2.22.0.jar;C:\Users\rajat.verma\.m2\repository\org\apache\maven\surefire\surefire-grouper\2.22.0\surefire-grouper-2.22.0.jar;"/>
    <property name="sun.cpu.endian" value="little"/>
    <property name="user.home" value="C:\Users\rajat.verma"/>
    <property name="user.language" value="en"/>
    <property name="java.specification.vendor" value="Oracle Corporation"/>
    <property name="java.home" value="C:\Program Files\Java\jdk1.8.0_211\jre"/>
    <property name="basedir" value="C:\Users\rajat.verma\Desktop\Work in Local machine\new_LearningWorkspace\Webservices API Testing with Rest Assured API &amp; POSTMAN 2020\API_TestingFramework"/>
    <property name="file.separator" value="\"/>
    <property name="line.separator" value="&#10;"/>
    <property name="java.vm.specification.vendor" value="Oracle Corporation"/>
    <property name="java.specification.name" value="Java Platform API Specification"/>
    <property name="java.awt.graphicsenv" value="sun.awt.Win32GraphicsEnvironment"/>
    <property name="surefire.real.class.path" value="C:\Users\RAJAT~1.VER\AppData\Local\Temp\surefire7635285186815525282\surefirebooter4408248386027763036.jar"/>
    <property name="sun.boot.class.path" value="C:\Program Files\Java\jdk1.8.0_211\jre\lib\resources.jar;C:\Program Files\Java\jdk1.8.0_211\jre\lib\rt.jar;C:\Program Files\Java\jdk1.8.0_211\jre\lib\sunrsasign.jar;C:\Program Files\Java\jdk1.8.0_211\jre\lib\jsse.jar;C:\Program Files\Java\jdk1.8.0_211\jre\lib\jce.jar;C:\Program Files\Java\jdk1.8.0_211\jre\lib\charsets.jar;C:\Program Files\Java\jdk1.8.0_211\jre\lib\jfr.jar;C:\Program Files\Java\jdk1.8.0_211\jre\classes"/>
    <property name="user.script" value=""/>
    <property name="sun.management.compiler" value="HotSpot 64-Bit Tiered Compilers"/>
    <property name="java.runtime.version" value="1.8.0_211-b12"/>
    <property name="user.name" value="rajat.verma"/>
    <property name="path.separator" value=";"/>
    <property name="os.version" value="10.0"/>
    <property name="java.endorsed.dirs" value="C:\Program Files\Java\jdk1.8.0_211\jre\lib\endorsed"/>
    <property name="java.runtime.name" value="Java(TM) SE Runtime Environment"/>
    <property name="file.encoding" value="Cp1252"/>
    <property name="java.vm.name" value="Java HotSpot(TM) 64-Bit Server VM"/>
    <property name="localRepository" value="C:\Users\rajat.verma\.m2\repository"/>
    <property name="java.vendor.url.bug" value="http://bugreport.sun.com/bugreport/"/>
    <property name="java.io.tmpdir" value="C:\Users\RAJAT~1.VER\AppData\Local\Temp\"/>
    <property name="java.version" value="1.8.0_211"/>
    <property name="user.dir" value="C:\Users\rajat.verma\Desktop\Work in Local machine\new_LearningWorkspace\Webservices API Testing with Rest Assured API &amp; POSTMAN 2020\API_TestingFramework"/>
    <property name="os.arch" value="amd64"/>
    <property name="java.vm.specification.name" value="Java Virtual Machine Specification"/>
    <property name="java.awt.printerjob" value="sun.awt.windows.WPrinterJob"/>
    <property name="sun.os.patch.level" value=""/>
    <property name="java.library.path" value="C:\Program Files\Java\jdk1.8.0_211\jre\bin;C:\Windows\Sun\Java\bin;C:\Windows\system32;C:\Windows;C:/Users/rajat.verma/.p2/pool/plugins/org.eclipse.justj.openjdk.hotspot.jre.full.win32.x86_64_15.0.1.v20201027-0507/jre/bin/server;C:/Users/rajat.verma/.p2/pool/plugins/org.eclipse.justj.openjdk.hotspot.jre.full.win32.x86_64_15.0.1.v20201027-0507/jre/bin;C:\Program Files (x86)\Common Files\Oracle\Java\javapath;C:\Program Files (x86)\Intel\iCLS Client\;C:\Program Files\Intel\iCLS Client\;C:\Windows\system32;C:\Windows;C:\Windows\System32\Wbem;C:\Windows\System32\WindowsPowerShell\v1.0\;C:\Windows\System32\OpenSSH\;C:\Program Files (x86)\Intel\Intel(R) Management Engine Components\DAL;C:\Program Files\Intel\Intel(R) Management Engine Components\DAL;C:\Program Files (x86)\Intel\Intel(R) Management Engine Components\IPT;C:\Program Files\Intel\Intel(R) Management Engine Components\IPT;C:\Program Files\Intel\WiFi\bin\;C:\Program Files\Common Files\Intel\WirelessCommon\;C:\Program Files\Git\cmd;C:\Program Files\nodejs\;C:\Program Files\Java\jdk1.8.0_211\bin;C:\Users\rajat.verma\Desktop\Work in Local machine\Softwares\apache-maven-3.6.2-bin\apache-maven-3.6.2\bin;C:\strawberry\c\bin;C:\strawberry\perl\bin;D:\Work in Local machine\Softwares\apache-maven-3.6.2-bin\apache-maven-3.6.2\bin;C:\Program Files\MySQL\MySQL Shell 8.0\bin\;C:\Users\rajat.verma\AppData\Local\Programs\Microsoft VS Code\bin;C:\Windows\System32;;."/>
    <property name="java.vm.info" value="mixed mode"/>
    <property name="java.vendor" value="Oracle Corporation"/>
    <property name="java.vm.version" value="25.211-b12"/>
    <property name="java.ext.dirs" value="C:\Program Files\Java\jdk1.8.0_211\jre\lib\ext;C:\Windows\Sun\Java\lib\ext"/>
    <property name="sun.io.unicode.encoding" value="UnicodeLittle"/>
    <property name="java.class.version" value="52.0"/>
  </properties>
  <testcase name="skipTestIntentionally" classname="com.learning.testcases.CreateCustomerTest" time="0">
    <skipped message="Skipping the test intentionally"/>
    <system-out><![CDATA[Sheet Name: validateDeleteCustomerAPI
]]></system-out>
  </testcase>
  <testcase name="validateCreateCustomerAPI" classname="com.learning.testcases.CreateCustomerTest" time="4.165"/>
  <testcase name="validateCreateCustomerAPI" classname="com.learning.testcases.CreateCustomerTest" time="4.165"/>
  <testcase name="validateCreateCustomerAPI" classname="com.learning.testcases.CreateCustomerTest" time="0.131"/>
  <testcase name="validateCreateCustomerAPI" classname="com.learning.testcases.CreateCustomerTest" time="0.089"/>
  <testcase name="validateCreateCustomerAPI" classname="com.learning.testcases.CreateCustomerTest" time="0.089"/>
  <testcase name="validateCreateCustomerAPI" classname="com.learning.testcases.CreateCustomerTest" time="0"/>
  <testcase name="validateCreateCustomerAPI" classname="com.learning.testcases.CreateCustomerTest" time="0.006">
    <failure message="expected [200] but found [400]" type="java.lang.AssertionError">java.lang.AssertionError: expected [200] but found [400]
	at com.learning.testcases.CreateCustomerTest.validateCreateCustomerAPI(CreateCustomerTest.java:30)
</failure>
  </testcase>
  <testcase name="validateCreateCustomerAPI" classname="com.learning.testcases.CreateCustomerTest" time="0.006">
    <failure message="expected [200] but found [400]" type="java.lang.AssertionError">java.lang.AssertionError: expected [200] but found [400]
	at com.learning.testcases.CreateCustomerTest.validateCreateCustomerAPI(CreateCustomerTest.java:30)
</failure>
  </testcase>
  <testcase name="validateCreateCustomerAPI" classname="com.learning.testcases.CreateCustomerTest" time="0.019">
    <failure message="expected [200] but found [400]" type="java.lang.AssertionError">java.lang.AssertionError: expected [200] but found [400]
	at com.learning.testcases.CreateCustomerTest.validateCreateCustomerAPI(CreateCustomerTest.java:30)
</failure>
  </testcase>
  <testcase name="validateCreateCustomerAPI" classname="com.learning.testcases.CreateCustomerTest" time="0.005"/>
  <testcase name="validateCreateCustomerAPI" classname="com.learning.testcases.CreateCustomerTest" time="0.834">
    <failure message="expected [200] but found [400]" type="java.lang.AssertionError">java.lang.AssertionError: expected [200] but found [400]
	at com.learning.testcases.CreateCustomerTest.validateCreateCustomerAPI(CreateCustomerTest.java:30)
</failure>
    <system-out><![CDATA[{
    "error": {
        "code": "email_invalid",
        "doc_url": "https://stripe.com/docs/error-codes/email-invalid",
        "message": "Invalid email address: customer_id",
        "param": "email",
        "type": "invalid_request_error"
    }
}
Status code: 400
]]></system-out>
  </testcase>
  <testcase name="validateCreateCustomerAPI" classname="com.learning.testcases.CreateCustomerTest" time="0.072"/>
  <testcase name="validateCreateCustomerAPI" classname="com.learning.testcases.CreateCustomerTest" time="0.077"/>
  <testcase name="validateCreateCustomerAPI" classname="com.learning.testcases.CreateCustomerTest" time="0.005"/>
  <testcase name="validateCreateCustomerAPI" classname="com.learning.testcases.CreateCustomerTest" time="0.021"/>
  <testcase name="validateCreateCustomerAPI" classname="com.learning.testcases.CreateCustomerTest" time="0.017"/>
  <testcase name="validateCreateCustomerAPI" classname="com.learning.testcases.CreateCustomerTest" time="0.005"/>
  <testcase name="validateCreateCustomerAPI" classname="com.learning.testcases.CreateCustomerTest" time="0.024"/>
  <testcase name="validateCreateCustomerAPI" classname="com.learning.testcases.CreateCustomerTest" time="0.006"/>
  <testcase name="validateCreateCustomerAPI" classname="com.learning.testcases.CreateCustomerTest" time="0.114"/>
  <testcase name="validateCreateCustomerAPI" classname="com.learning.testcases.CreateCustomerTest" time="0.714"/>
  <testcase name="validateCreateCustomerAPI" classname="com.learning.testcases.CreateCustomerTest" time="0.721"/>
  <testcase name="validateCreateCustomerAPI" classname="com.learning.testcases.CreateCustomerTest" time="0.045"/>
  <testcase name="validateCreateCustomerAPI" classname="com.learning.testcases.CreateCustomerTest" time="0.006"/>
  <testcase name="validateCreateCustomerAPI" classname="com.learning.testcases.CreateCustomerTest" time="0.005"/>
  <testcase name="validateCreateCustomerAPI" classname="com.learning.testcases.CreateCustomerTest" time="0.005"/>
  <testcase name="validateCreateCustomerAPI" classname="com.learning.testcases.CreateCustomerTest" time="0.008"/>
  <testcase name="validateCreateCustomerAPI" classname="com.learning.testcases.CreateCustomerTest" time="0.007"/>
  <testcase name="validateCreateCustomerAPI" classname="com.learning.testcases.CreateCustomerTest" time="0.037"/>
  <testcase name="validateCreateCustomerAPI" classname="com.learning.testcases.CreateCustomerTest" time="0.005"/>
  <testcase name="validateCreateCustomerAPI" classname="com.learning.testcases.CreateCustomerTest" time="0.5"/>
  <testcase name="validateCreateCustomerAPI" classname="com.learning.testcases.CreateCustomerTest" time="0.006"/>
  <testcase name="validateCreateCustomerAPI" classname="com.learning.testcases.CreateCustomerTest" time="0.053"/>
  <testcase name="validateCreateCustomerAPI" classname="com.learning.testcases.CreateCustomerTest" time="0.005"/>
  <testcase name="validateCreateCustomerAPI" classname="com.learning.testcases.CreateCustomerTest" time="0.005"/>
  <testcase name="validateCreateCustomerAPI" classname="com.learning.testcases.CreateCustomerTest" time="0.006"/>
  <testcase name="validateCreateCustomerAPI" classname="com.learning.testcases.CreateCustomerTest" time="0.005"/>
  <testcase name="validateCreateCustomerAPI" classname="com.learning.testcases.CreateCustomerTest" time="0.042"/>
  <testcase name="validateCreateCustomerAPI" classname="com.learning.testcases.CreateCustomerTest" time="0.012"/>
  <testcase name="validateCreateCustomerAPI" classname="com.learning.testcases.CreateCustomerTest" time="0.006"/>
  <testcase name="validateCreateCustomerAPI" classname="com.learning.testcases.CreateCustomerTest" time="0.337"/>
  <testcase name="validateCreateCustomerAPI" classname="com.learning.testcases.CreateCustomerTest" time="0.022"/>
  <testcase name="validateCreateCustomerAPI" classname="com.learning.testcases.CreateCustomerTest" time="0.006"/>
  <testcase name="validateCreateCustomerAPI" classname="com.learning.testcases.CreateCustomerTest" time="0.005"/>
  <testcase name="validateCreateCustomerAPI" classname="com.learning.testcases.CreateCustomerTest" time="0.004"/>
  <testcase name="validateCreateCustomerAPI" classname="com.learning.testcases.CreateCustomerTest" time="0.005"/>
  <testcase name="validateCreateCustomerAPI" classname="com.learning.testcases.CreateCustomerTest" time="0.077"/>
  <testcase name="validateCreateCustomerAPI" classname="com.learning.testcases.CreateCustomerTest" time="0.024"/>
  <testcase name="validateCreateCustomerAPI" classname="com.learning.testcases.CreateCustomerTest" time="0.031"/>
  <testcase name="validateCreateCustomerAPI" classname="com.learning.testcases.CreateCustomerTest" time="0.017"/>
  <testcase name="validateCreateCustomerAPI" classname="com.learning.testcases.CreateCustomerTest" time="0.218"/>
  <testcase name="validateCreateCustomerAPI" classname="com.learning.testcases.CreateCustomerTest" time="0.218"/>
  <testcase name="validateCreateCustomerAPI" classname="com.learning.testcases.CreateCustomerTest" time="0.006"/>
  <testcase name="validateCreateCustomerAPI" classname="com.learning.testcases.CreateCustomerTest" time="0.018"/>
  <testcase name="validateCreateCustomerAPI" classname="com.learning.testcases.CreateCustomerTest" time="0.035"/>
  <testcase name="validateCreateCustomerAPI" classname="com.learning.testcases.CreateCustomerTest" time="0.01"/>
  <testcase name="validateCreateCustomerAPI" classname="com.learning.testcases.CreateCustomerTest" time="0.036"/>
  <testcase name="validateCreateCustomerAPI" classname="com.learning.testcases.CreateCustomerTest" time="0.017"/>
  <testcase name="validateCreateCustomerAPI" classname="com.learning.testcases.CreateCustomerTest" time="0.052"/>
  <testcase name="validateCreateCustomerAPI" classname="com.learning.testcases.CreateCustomerTest" time="0.028"/>
  <testcase name="validateCreateCustomerAPI" classname="com.learning.testcases.CreateCustomerTest" time="0.011"/>
  <testcase name="validateCreateCustomerAPI" classname="com.learning.testcases.CreateCustomerTest" time="0.006"/>
  <testcase name="validateCreateCustomerAPI" classname="com.learning.testcases.CreateCustomerTest" time="0.047"/>
  <testcase name="validateCreateCustomerAPI" classname="com.learning.testcases.CreateCustomerTest" time="0.047"/>
  <testcase name="validateCreateCustomerAPI" classname="com.learning.testcases.CreateCustomerTest" time="0.005"/>
  <testcase name="validateCreateCustomerAPI" classname="com.learning.testcases.CreateCustomerTest" time="0.014"/>
  <testcase name="validateCreateCustomerAPI" classname="com.learning.testcases.CreateCustomerTest" time="0.007"/>
  <testcase name="validateCreateCustomerAPI" classname="com.learning.testcases.CreateCustomerTest" time="0.08"/>
  <testcase name="validateCreateCustomerAPI" classname="com.learning.testcases.CreateCustomerTest" time="0.022"/>
  <testcase name="validateCreateCustomerAPI" classname="com.learning.testcases.CreateCustomerTest" time="0.007"/>
  <testcase name="validateCreateCustomerAPI" classname="com.learning.testcases.CreateCustomerTest" time="0.031"/>
  <testcase name="validateCreateCustomerAPI" classname="com.learning.testcases.CreateCustomerTest" time="0.018"/>
  <testcase name="validateCreateCustomerAPI" classname="com.learning.testcases.CreateCustomerTest" time="0.006"/>
  <testcase name="validateCreateCustomerAPI" classname="com.learning.testcases.CreateCustomerTest" time="0.011"/>
  <testcase name="validateCreateCustomerAPI" classname="com.learning.testcases.CreateCustomerTest" time="0.006"/>
  <testcase name="validateCreateCustomerAPI" classname="com.learning.testcases.CreateCustomerTest" time="0.005"/>
  <testcase name="validateCreateCustomerAPI" classname="com.learning.testcases.CreateCustomerTest" time="0.005"/>
  <testcase name="validateCreateCustomerAPI" classname="com.learning.testcases.CreateCustomerTest" time="0.077"/>
  <testcase name="validateCreateCustomerAPI" classname="com.learning.testcases.CreateCustomerTest" time="0.008"/>
  <testcase name="validateCreateCustomerAPI" classname="com.learning.testcases.CreateCustomerTest" time="0.013"/>
  <testcase name="validateCreateCustomerAPI" classname="com.learning.testcases.CreateCustomerTest" time="0.027"/>
  <testcase name="validateCreateCustomerAPI" classname="com.learning.testcases.CreateCustomerTest" time="0.03"/>
  <testcase name="validateCreateCustomerAPI" classname="com.learning.testcases.CreateCustomerTest" time="0.011"/>
  <testcase name="validateCreateCustomerAPI" classname="com.learning.testcases.CreateCustomerTest" time="0.015"/>
  <testcase name="validateCreateCustomerAPI" classname="com.learning.testcases.CreateCustomerTest" time="0.006"/>
  <testcase name="validateCreateCustomerAPI" classname="com.learning.testcases.CreateCustomerTest" time="0.03"/>
  <testcase name="validateCreateCustomerAPI" classname="com.learning.testcases.CreateCustomerTest" time="0.007"/>
  <testcase name="validateCreateCustomerAPI" classname="com.learning.testcases.CreateCustomerTest" time="0.038"/>
  <testcase name="validateCreateCustomerAPI" classname="com.learning.testcases.CreateCustomerTest" time="0.028"/>
  <testcase name="validateCreateCustomerAPI" classname="com.learning.testcases.CreateCustomerTest" time="0.043"/>
  <testcase name="validateCreateCustomerAPI" classname="com.learning.testcases.CreateCustomerTest" time="0.773"/>
  <testcase name="validateCreateCustomerAPI" classname="com.learning.testcases.CreateCustomerTest" time="0.045"/>
  <testcase name="validateCreateCustomerAPI" classname="com.learning.testcases.CreateCustomerTest" time="0.031"/>
  <testcase name="validateCreateCustomerAPI" classname="com.learning.testcases.CreateCustomerTest" time="0.013"/>
  <testcase name="validateCreateCustomerAPI" classname="com.learning.testcases.CreateCustomerTest" time="0.013"/>
  <testcase name="validateCreateCustomerAPI" classname="com.learning.testcases.CreateCustomerTest" time="0.004"/>
  <testcase name="validateCreateCustomerAPI" classname="com.learning.testcases.CreateCustomerTest" time="0"/>
  <testcase name="validateCreateCustomerAPI" classname="com.learning.testcases.CreateCustomerTest" time="0.038"/>
  <testcase name="validateCreateCustomerAPI" classname="com.learning.testcases.CreateCustomerTest" time="0.004"/>
  <testcase name="validateCreateCustomerAPI" classname="com.learning.testcases.CreateCustomerTest" time="0.003"/>
  <testcase name="validateCreateCustomerAPI" classname="com.learning.testcases.CreateCustomerTest" time="0.578"/>
  <testcase name="validateCreateCustomerAPI" classname="com.learning.testcases.CreateCustomerTest" time="0.088"/>
  <testcase name="validateCreateCustomerAPI" classname="com.learning.testcases.CreateCustomerTest" time="0.005"/>
  <testcase name="validateCreateCustomerAPI" classname="com.learning.testcases.CreateCustomerTest" time="0.005"/>
  <testcase name="validateCreateCustomerAPI" classname="com.learning.testcases.CreateCustomerTest" time="0.008"/>
  <testcase name="validateCreateCustomerAPI" classname="com.learning.testcases.CreateCustomerTest" time="0.005"/>
  <testcase name="validateCreateCustomerAPI" classname="com.learning.testcases.CreateCustomerTest" time="0.067"/>
  <testcase name="validateCreateCustomerAPI" classname="com.learning.testcases.CreateCustomerTest" time="0.009"/>
  <testcase name="validateCreateCustomerAPI" classname="com.learning.testcases.CreateCustomerTest" time="0.086"/>
  <testcase name="validateCreateCustomerAPI" classname="com.learning.testcases.CreateCustomerTest" time="0.01"/>
  <testcase name="validateCreateCustomerAPI" classname="com.learning.testcases.CreateCustomerTest" time="0.389"/>
  <testcase name="validateCreateCustomerAPI" classname="com.learning.testcases.CreateCustomerTest" time="0.076"/>
  <testcase name="validateCreateCustomerAPI" classname="com.learning.testcases.CreateCustomerTest" time="0.01"/>
  <testcase name="validateCreateCustomerAPI" classname="com.learning.testcases.CreateCustomerTest" time="0.022"/>
  <testcase name="validateCreateCustomerAPI" classname="com.learning.testcases.CreateCustomerTest" time="0.013"/>
  <testcase name="validateCreateCustomerAPI" classname="com.learning.testcases.CreateCustomerTest" time="0.013"/>
  <testcase name="validateCreateCustomerAPI" classname="com.learning.testcases.CreateCustomerTest" time="0.007"/>
  <testcase name="validateCreateCustomerAPI" classname="com.learning.testcases.CreateCustomerTest" time="0.239"/>
  <testcase name="validateCreateCustomerAPI" classname="com.learning.testcases.CreateCustomerTest" time="0.019"/>
  <testcase name="validateCreateCustomerAPI" classname="com.learning.testcases.CreateCustomerTest" time="0.007"/>
  <testcase name="validateCreateCustomerAPI" classname="com.learning.testcases.CreateCustomerTest" time="0.242"/>
  <testcase name="validateCreateCustomerAPI" classname="com.learning.testcases.CreateCustomerTest" time="0.007"/>
  <testcase name="validateCreateCustomerAPI" classname="com.learning.testcases.CreateCustomerTest" time="0.022"/>
  <testcase name="validateCreateCustomerAPI" classname="com.learning.testcases.CreateCustomerTest" time="0.017"/>
  <testcase name="validateCreateCustomerAPI" classname="com.learning.testcases.CreateCustomerTest" time="0.012"/>
  <testcase name="validateCreateCustomerAPI" classname="com.learning.testcases.CreateCustomerTest" time="0.029"/>
  <testcase name="validateCreateCustomerAPI" classname="com.learning.testcases.CreateCustomerTest" time="0.013"/>
  <testcase name="validateCreateCustomerAPI" classname="com.learning.testcases.CreateCustomerTest" time="0.192"/>
  <testcase name="validateCreateCustomerAPI" classname="com.learning.testcases.CreateCustomerTest" time="0.022"/>
  <testcase name="validateCreateCustomerAPI" classname="com.learning.testcases.CreateCustomerTest" time="0.005"/>
  <testcase name="validateCreateCustomerAPI" classname="com.learning.testcases.CreateCustomerTest" time="0.075"/>
  <testcase name="validateCreateCustomerAPI" classname="com.learning.testcases.CreateCustomerTest" time="0.01"/>
  <testcase name="validateCreateCustomerAPI" classname="com.learning.testcases.CreateCustomerTest" time="0.015"/>
  <testcase name="validateCreateCustomerAPI" classname="com.learning.testcases.CreateCustomerTest" time="0.013"/>
  <testcase name="validateCreateCustomerAPI" classname="com.learning.testcases.CreateCustomerTest" time="0.024"/>
  <testcase name="validateCreateCustomerAPI" classname="com.learning.testcases.CreateCustomerTest" time="0.098"/>
  <testcase name="validateCreateCustomerAPI" classname="com.learning.testcases.CreateCustomerTest" time="0.048"/>
  <testcase name="validateCreateCustomerAPI" classname="com.learning.testcases.CreateCustomerTest" time="0.041"/>
  <testcase name="validateCreateCustomerAPI" classname="com.learning.testcases.CreateCustomerTest" time="0.013"/>
  <testcase name="validateCreateCustomerAPI" classname="com.learning.testcases.CreateCustomerTest" time="0.079"/>
  <testcase name="validateCreateCustomerAPI" classname="com.learning.testcases.CreateCustomerTest" time="0.102"/>
  <testcase name="validateCreateCustomerAPI" classname="com.learning.testcases.CreateCustomerTest" time="0.007"/>
  <testcase name="validateCreateCustomerAPI" classname="com.learning.testcases.CreateCustomerTest" time="0.022"/>
  <testcase name="validateCreateCustomerAPI" classname="com.learning.testcases.CreateCustomerTest" time="0.027"/>
  <testcase name="validateCreateCustomerAPI" classname="com.learning.testcases.CreateCustomerTest" time="0.051"/>
  <testcase name="validateCreateCustomerAPI" classname="com.learning.testcases.CreateCustomerTest" time="0.087"/>
  <testcase name="validateCreateCustomerAPI" classname="com.learning.testcases.CreateCustomerTest" time="0.019"/>
  <testcase name="validateCreateCustomerAPI" classname="com.learning.testcases.CreateCustomerTest" time="0.022"/>
  <testcase name="validateCreateCustomerAPI" classname="com.learning.testcases.CreateCustomerTest" time="0.038"/>
  <testcase name="validateCreateCustomerAPI" classname="com.learning.testcases.CreateCustomerTest" time="0.093"/>
  <testcase name="validateCreateCustomerAPI" classname="com.learning.testcases.CreateCustomerTest" time="0.035"/>
  <testcase name="validateCreateCustomerAPI" classname="com.learning.testcases.CreateCustomerTest" time="0.005"/>
  <testcase name="validateCreateCustomerAPI" classname="com.learning.testcases.CreateCustomerTest" time="0.015"/>
  <testcase name="validateCreateCustomerAPI" classname="com.learning.testcases.CreateCustomerTest" time="0.019"/>
  <testcase name="validateCreateCustomerAPI" classname="com.learning.testcases.CreateCustomerTest" time="0.079"/>
  <testcase name="validateCreateCustomerAPI" classname="com.learning.testcases.CreateCustomerTest" time="0.167"/>
  <testcase name="validateCreateCustomerAPI" classname="com.learning.testcases.CreateCustomerTest" time="0.004"/>
  <testcase name="validateCreateCustomerAPI" classname="com.learning.testcases.CreateCustomerTest" time="0.005"/>
  <testcase name="validateCreateCustomerAPI" classname="com.learning.testcases.CreateCustomerTest" time="0.005"/>
  <testcase name="validateCreateCustomerAPI" classname="com.learning.testcases.CreateCustomerTest" time="0.1"/>
  <testcase name="validateCreateCustomerAPI" classname="com.learning.testcases.CreateCustomerTest" time="0.756"/>
  <testcase name="validateCreateCustomerAPI" classname="com.learning.testcases.CreateCustomerTest" time="0.006"/>
  <testcase name="validateCreateCustomerAPI" classname="com.learning.testcases.CreateCustomerTest" time="0.013"/>
  <testcase name="validateCreateCustomerAPI" classname="com.learning.testcases.CreateCustomerTest" time="0.013"/>
  <testcase name="validateCreateCustomerAPI" classname="com.learning.testcases.CreateCustomerTest" time="0.071"/>
  <testcase name="validateCreateCustomerAPI" classname="com.learning.testcases.CreateCustomerTest" time="0.053"/>
  <testcase name="validateCreateCustomerAPI" classname="com.learning.testcases.CreateCustomerTest" time="0.027"/>
  <testcase name="validateCreateCustomerAPI" classname="com.learning.testcases.CreateCustomerTest" time="0.039"/>
  <testcase name="validateCreateCustomerAPI" classname="com.learning.testcases.CreateCustomerTest" time="0.128"/>
  <testcase name="validateCreateCustomerAPI" classname="com.learning.testcases.CreateCustomerTest" time="0.034"/>
  <testcase name="validateCreateCustomerAPI" classname="com.learning.testcases.CreateCustomerTest" time="0.692"/>
  <testcase name="validateCreateCustomerAPI" classname="com.learning.testcases.CreateCustomerTest" time="0.007"/>
  <testcase name="validateCreateCustomerAPI" classname="com.learning.testcases.CreateCustomerTest" time="0.012"/>
  <testcase name="validateCreateCustomerAPI" classname="com.learning.testcases.CreateCustomerTest" time="0.043"/>
  <testcase name="validateCreateCustomerAPI" classname="com.learning.testcases.CreateCustomerTest" time="0.006"/>
  <testcase name="validateCreateCustomerAPI" classname="com.learning.testcases.CreateCustomerTest" time="0.01"/>
  <testcase name="validateCreateCustomerAPI" classname="com.learning.testcases.CreateCustomerTest" time="0.09"/>
  <testcase name="validateCreateCustomerAPI" classname="com.learning.testcases.CreateCustomerTest" time="0.009"/>
  <testcase name="validateCreateCustomerAPI" classname="com.learning.testcases.CreateCustomerTest" time="0.015"/>
  <testcase name="validateCreateCustomerAPI" classname="com.learning.testcases.CreateCustomerTest" time="0.112"/>
  <testcase name="validateCreateCustomerAPI" classname="com.learning.testcases.CreateCustomerTest" time="0.529"/>
  <testcase name="validateCreateCustomerAPI" classname="com.learning.testcases.CreateCustomerTest" time="0.008"/>
  <testcase name="validateCreateCustomerAPI" classname="com.learning.testcases.CreateCustomerTest" time="0.014"/>
  <testcase name="validateCreateCustomerAPI" classname="com.learning.testcases.CreateCustomerTest" time="0.054"/>
  <testcase name="validateCreateCustomerAPI" classname="com.learning.testcases.CreateCustomerTest" time="0.005"/>
  <testcase name="validateCreateCustomerAPI" classname="com.learning.testcases.CreateCustomerTest" time="0.136"/>
  <testcase name="validateCreateCustomerAPI" classname="com.learning.testcases.CreateCustomerTest" time="0.048"/>
  <testcase name="validateCreateCustomerAPI" classname="com.learning.testcases.CreateCustomerTest" time="0.052"/>
  <testcase name="validateCreateCustomerAPI" classname="com.learning.testcases.CreateCustomerTest" time="0.009"/>
  <testcase name="validateCreateCustomerAPI" classname="com.learning.testcases.CreateCustomerTest" time="0.07"/>
  <testcase name="validateCreateCustomerAPI" classname="com.learning.testcases.CreateCustomerTest" time="0.385"/>
  <testcase name="validateCreateCustomerAPI" classname="com.learning.testcases.CreateCustomerTest" time="0.013"/>
  <testcase name="validateCreateCustomerAPI" classname="com.learning.testcases.CreateCustomerTest" time="0.086"/>
  <testcase name="validateCreateCustomerAPI" classname="com.learning.testcases.CreateCustomerTest" time="0.012"/>
  <testcase name="validateCreateCustomerAPI" classname="com.learning.testcases.CreateCustomerTest" time="0.004"/>
  <testcase name="validateCreateCustomerAPI" classname="com.learning.testcases.CreateCustomerTest" time="0.19"/>
  <testcase name="validateCreateCustomerAPI" classname="com.learning.testcases.CreateCustomerTest" time="0.062"/>
  <testcase name="validateCreateCustomerAPI" classname="com.learning.testcases.CreateCustomerTest" time="0.013"/>
  <testcase name="validateCreateCustomerAPI" classname="com.learning.testcases.CreateCustomerTest" time="0.006"/>
  <testcase name="validateCreateCustomerAPI" classname="com.learning.testcases.CreateCustomerTest" time="0.043"/>
  <testcase name="validateCreateCustomerAPI" classname="com.learning.testcases.CreateCustomerTest" time="0.181"/>
  <testcase name="validateCreateCustomerAPI" classname="com.learning.testcases.CreateCustomerTest" time="0.057"/>
  <testcase name="validateCreateCustomerAPI" classname="com.learning.testcases.CreateCustomerTest" time="0.027"/>
  <testcase name="validateCreateCustomerAPI" classname="com.learning.testcases.CreateCustomerTest" time="0.063"/>
  <testcase name="validateCreateCustomerAPI" classname="com.learning.testcases.CreateCustomerTest" time="0.025"/>
  <testcase name="validateCreateCustomerAPI" classname="com.learning.testcases.CreateCustomerTest" time="0.156"/>
  <testcase name="validateCreateCustomerAPI" classname="com.learning.testcases.CreateCustomerTest" time="0.034"/>
  <testcase name="validateCreateCustomerAPI" classname="com.learning.testcases.CreateCustomerTest" time="0.008"/>
  <testcase name="validateCreateCustomerAPI" classname="com.learning.testcases.CreateCustomerTest" time="0.013"/>
  <testcase name="validateCreateCustomerAPI" classname="com.learning.testcases.CreateCustomerTest" time="0.037"/>
  <testcase name="validateCreateCustomerAPI" classname="com.learning.testcases.CreateCustomerTest" time="0.084"/>
  <testcase name="validateCreateCustomerAPI" classname="com.learning.testcases.CreateCustomerTest" time="0.011"/>
  <testcase name="validateCreateCustomerAPI" classname="com.learning.testcases.CreateCustomerTest" time="0.07"/>
  <testcase name="validateCreateCustomerAPI" classname="com.learning.testcases.CreateCustomerTest" time="0.011"/>
  <testcase name="validateCreateCustomerAPI" classname="com.learning.testcases.CreateCustomerTest" time="0.034"/>
  <testcase name="validateCreateCustomerAPI" classname="com.learning.testcases.CreateCustomerTest" time="0.15"/>
  <testcase name="validateCreateCustomerAPI" classname="com.learning.testcases.CreateCustomerTest" time="0.041"/>
  <testcase name="validateCreateCustomerAPI" classname="com.learning.testcases.CreateCustomerTest" time="0.012"/>
  <testcase name="validateCreateCustomerAPI" classname="com.learning.testcases.CreateCustomerTest" time="0"/>
  <testcase name="validateCreateCustomerAPI" classname="com.learning.testcases.CreateCustomerTest" time="0.017"/>
  <testcase name="validateCreateCustomerAPI" classname="com.learning.testcases.CreateCustomerTest" time="0.162"/>
  <testcase name="validateCreateCustomerAPI" classname="com.learning.testcases.CreateCustomerTest" time="0.026"/>
  <testcase name="validateCreateCustomerAPI" classname="com.learning.testcases.CreateCustomerTest" time="0.013"/>
  <testcase name="validateCreateCustomerAPI" classname="com.learning.testcases.CreateCustomerTest" time="0.005"/>
  <testcase name="validateCreateCustomerAPI" classname="com.learning.testcases.CreateCustomerTest" time="0.04"/>
  <testcase name="validateCreateCustomerAPI" classname="com.learning.testcases.CreateCustomerTest" time="0.151"/>
  <testcase name="validateCreateCustomerAPI" classname="com.learning.testcases.CreateCustomerTest" time="0.018"/>
  <testcase name="validateCreateCustomerAPI" classname="com.learning.testcases.CreateCustomerTest" time="0.004"/>
  <testcase name="validateCreateCustomerAPI" classname="com.learning.testcases.CreateCustomerTest" time="0.005"/>
  <testcase name="validateCreateCustomerAPI" classname="com.learning.testcases.CreateCustomerTest" time="0.006"/>
  <testcase name="validateCreateCustomerAPI" classname="com.learning.testcases.CreateCustomerTest" time="0.022"/>
  <testcase name="validateCreateCustomerAPI" classname="com.learning.testcases.CreateCustomerTest" time="0.068"/>
  <testcase name="validateCreateCustomerAPI" classname="com.learning.testcases.CreateCustomerTest" time="0.036"/>
  <testcase name="validateCreateCustomerAPI" classname="com.learning.testcases.CreateCustomerTest" time="0.004"/>
  <testcase name="validateCreateCustomerAPI" classname="com.learning.testcases.CreateCustomerTest" time="0.032"/>
  <testcase name="validateCreateCustomerAPI" classname="com.learning.testcases.CreateCustomerTest" time="0.036"/>
  <testcase name="validateCreateCustomerAPI" classname="com.learning.testcases.CreateCustomerTest" time="0.025"/>
  <testcase name="validateCreateCustomerAPI" classname="com.learning.testcases.CreateCustomerTest" time="0.022"/>
  <testcase name="validateCreateCustomerAPI" classname="com.learning.testcases.CreateCustomerTest" time="0.011"/>
  <testcase name="validateCreateCustomerAPI" classname="com.learning.testcases.CreateCustomerTest" time="0.197"/>
  <testcase name="validateCreateCustomerAPI" classname="com.learning.testcases.CreateCustomerTest" time="0.016"/>
  <testcase name="validateCreateCustomerAPI" classname="com.learning.testcases.CreateCustomerTest" time="0.043"/>
  <testcase name="validateCreateCustomerAPI" classname="com.learning.testcases.CreateCustomerTest" time="0.019"/>
  <testcase name="validateCreateCustomerAPI" classname="com.learning.testcases.CreateCustomerTest" time="0.014"/>
  <testcase name="validateCreateCustomerAPI" classname="com.learning.testcases.CreateCustomerTest" time="0.015"/>
  <testcase name="validateCreateCustomerAPI" classname="com.learning.testcases.CreateCustomerTest" time="0.058"/>
  <testcase name="validateCreateCustomerAPI" classname="com.learning.testcases.CreateCustomerTest" time="0.018"/>
  <testcase name="validateCreateCustomerAPI" classname="com.learning.testcases.CreateCustomerTest" time="0.057"/>
  <testcase name="validateCreateCustomerAPI" classname="com.learning.testcases.CreateCustomerTest" time="0.009"/>
  <testcase name="validateCreateCustomerAPI" classname="com.learning.testcases.CreateCustomerTest" time="0.009"/>
  <testcase name="validateCreateCustomerAPI" classname="com.learning.testcases.CreateCustomerTest" time="0.73"/>
  <testcase name="validateCreateCustomerAPI" classname="com.learning.testcases.CreateCustomerTest" time="0.059"/>
  <testcase name="validateCreateCustomerAPI" classname="com.learning.testcases.CreateCustomerTest" time="0.071"/>
  <testcase name="validateCreateCustomerAPI" classname="com.learning.testcases.CreateCustomerTest" time="0.082"/>
  <testcase name="validateCreateCustomerAPI" classname="com.learning.testcases.CreateCustomerTest" time="0.046"/>
  <testcase name="validateCreateCustomerAPI" classname="com.learning.testcases.CreateCustomerTest" time="0.015"/>
  <testcase name="validateCreateCustomerAPI" classname="com.learning.testcases.CreateCustomerTest" time="0.052"/>
  <testcase name="validateCreateCustomerAPI" classname="com.learning.testcases.CreateCustomerTest" time="0.038"/>
  <testcase name="validateCreateCustomerAPI" classname="com.learning.testcases.CreateCustomerTest" time="0.014"/>
  <testcase name="validateCreateCustomerAPI" classname="com.learning.testcases.CreateCustomerTest" time="0.122"/>
  <testcase name="validateCreateCustomerAPI" classname="com.learning.testcases.CreateCustomerTest" time="0.562"/>
  <testcase name="validateDeleteCustomerAPI" classname="com.learning.testcases.DeleteCustomerTest" time="0.006">
    <failure message="Response doesn&apos;t have ID as a field expected [true] but found [false]" type="java.lang.AssertionError">java.lang.AssertionError: Response doesn't have ID as a field expected [true] but found [false]
	at com.learning.testcases.DeleteCustomerTest.doValidationUsingJSONObject(DeleteCustomerTest.java:51)
	at com.learning.testcases.DeleteCustomerTest.validateDeleteCustomerAPI(DeleteCustomerTest.java:37)
</failure>
    <system-out><![CDATA[{
    "error": {
        "code": "resource_missing",
        "doc_url": "https://stripe.com/docs/error-codes/resource-missing",
        "message": "No such customer: 'cus_IiVPuu8g8fDbCs'",
        "param": "id",
        "type": "invalid_request_error"
    }
}
-----------------------------
Validate (using jsonObject) that service reponse has "id" as a field
]]></system-out>
  </testcase>
  <testcase name="validateDeleteCustomerAPI" classname="com.learning.testcases.DeleteCustomerTest" time="0.006">
    <failure message="Response doesn&apos;t have ID as a field expected [true] but found [false]" type="java.lang.AssertionError">java.lang.AssertionError: Response doesn't have ID as a field expected [true] but found [false]
	at com.learning.testcases.DeleteCustomerTest.doValidationUsingJSONObject(DeleteCustomerTest.java:51)
	at com.learning.testcases.DeleteCustomerTest.validateDeleteCustomerAPI(DeleteCustomerTest.java:37)
</failure>
  </testcase>
  <testcase name="validateDeleteCustomerAPI" classname="com.learning.testcases.DeleteCustomerTest" time="0.006">
    <failure message="Response doesn&apos;t have ID as a field expected [true] but found [false]" type="java.lang.AssertionError">java.lang.AssertionError: Response doesn't have ID as a field expected [true] but found [false]
	at com.learning.testcases.DeleteCustomerTest.doValidationUsingJSONObject(DeleteCustomerTest.java:51)
	at com.learning.testcases.DeleteCustomerTest.validateDeleteCustomerAPI(DeleteCustomerTest.java:37)
</failure>
  </testcase>
  <testcase name="validateDeleteCustomerAPI" classname="com.learning.testcases.DeleteCustomerTest" time="0.013">
    <failure message="Response doesn&apos;t have ID as a field expected [true] but found [false]" type="java.lang.AssertionError">java.lang.AssertionError: Response doesn't have ID as a field expected [true] but found [false]
	at com.learning.testcases.DeleteCustomerTest.doValidationUsingJSONObject(DeleteCustomerTest.java:51)
	at com.learning.testcases.DeleteCustomerTest.validateDeleteCustomerAPI(DeleteCustomerTest.java:37)
</failure>
    <system-out><![CDATA[{
    "error": {
        "code": "resource_missing",
        "doc_url": "https://stripe.com/docs/error-codes/resource-missing",
        "message": "No such customer: 'cus_IiVPlOCfCQL7pN'",
        "param": "id",
        "type": "invalid_request_error"
    }
}
-----------------------------
Validate (using jsonObject) that service reponse has "id" as a field
{
    "error": {
        "code": "resource_missing",
        "doc_url": "https://stripe.com/docs/error-codes/resource-missing",
        "message": "No such customer: 'cus_IiVPoiphzl7Oel'",
        "param": "id",
        "type": "invalid_request_error"
    }
}
-----------------------------
Validate (using jsonObject) that service reponse has "id" as a field
]]></system-out>
  </testcase>
  <testcase name="validateDeleteCustomerAPI" classname="com.learning.testcases.DeleteCustomerTest" time="0.019">
    <failure message="Response doesn&apos;t have ID as a field expected [true] but found [false]" type="java.lang.AssertionError">java.lang.AssertionError: Response doesn't have ID as a field expected [true] but found [false]
	at com.learning.testcases.DeleteCustomerTest.doValidationUsingJSONObject(DeleteCustomerTest.java:51)
	at com.learning.testcases.DeleteCustomerTest.validateDeleteCustomerAPI(DeleteCustomerTest.java:37)
</failure>
    <system-out><![CDATA[{
    "error": {
        "code": "resource_missing",
        "doc_url": "https://stripe.com/docs/error-codes/resource-missing",
        "message": "No such customer: 'cus_IiVPbZzaJnEpOr'",
        "param": "id",
        "type": "invalid_request_error"
    }
}
-----------------------------
Validate (using jsonObject) that service reponse has "id" as a field
{
    "error": {
        "code": "resource_missing",
        "doc_url": "https://stripe.com/docs/error-codes/resource-missing",
        "message": "No such customer: 'cus_IiVPCLZaR3DdDZ'",
        "param": "id",
        "type": "invalid_request_error"
    }
}
-----------------------------
Validate (using jsonObject) that service reponse has "id" as a field
]]></system-out>
  </testcase>
  <testcase name="validateDeleteCustomerAPI" classname="com.learning.testcases.DeleteCustomerTest" time="0.001">
    <failure message="Response doesn&apos;t have ID as a field expected [true] but found [false]" type="java.lang.AssertionError">java.lang.AssertionError: Response doesn't have ID as a field expected [true] but found [false]
	at com.learning.testcases.DeleteCustomerTest.doValidationUsingJSONObject(DeleteCustomerTest.java:51)
	at com.learning.testcases.DeleteCustomerTest.validateDeleteCustomerAPI(DeleteCustomerTest.java:37)
</failure>
    <system-out><![CDATA[{
    "error": {
        "code": "resource_missing",
        "doc_url": "https://stripe.com/docs/error-codes/resource-missing",
        "message": "No such customer: 'cus_IiVPFiqzrG3t2L'",
        "param": "id",
        "type": "invalid_request_error"
    }
}
-----------------------------
Validate (using jsonObject) that service reponse has "id" as a field
]]></system-out>
  </testcase>
  <testcase name="validateDeleteCustomerAPI" classname="com.learning.testcases.DeleteCustomerTest" time="0">
    <failure message="Response doesn&apos;t have ID as a field expected [true] but found [false]" type="java.lang.AssertionError">java.lang.AssertionError: Response doesn't have ID as a field expected [true] but found [false]
	at com.learning.testcases.DeleteCustomerTest.doValidationUsingJSONObject(DeleteCustomerTest.java:51)
	at com.learning.testcases.DeleteCustomerTest.validateDeleteCustomerAPI(DeleteCustomerTest.java:37)
</failure>
  </testcase>
  <testcase name="validateDeleteCustomerAPI" classname="com.learning.testcases.DeleteCustomerTest" time="0">
    <failure message="Response doesn&apos;t have ID as a field expected [true] but found [false]" type="java.lang.AssertionError">java.lang.AssertionError: Response doesn't have ID as a field expected [true] but found [false]
	at com.learning.testcases.DeleteCustomerTest.doValidationUsingJSONObject(DeleteCustomerTest.java:51)
	at com.learning.testcases.DeleteCustomerTest.validateDeleteCustomerAPI(DeleteCustomerTest.java:37)
</failure>
  </testcase>
  <testcase name="validateDeleteCustomerAPI" classname="com.learning.testcases.DeleteCustomerTest" time="0.003">
    <failure message="Response doesn&apos;t have ID as a field expected [true] but found [false]" type="java.lang.AssertionError">java.lang.AssertionError: Response doesn't have ID as a field expected [true] but found [false]
	at com.learning.testcases.DeleteCustomerTest.doValidationUsingJSONObject(DeleteCustomerTest.java:51)
	at com.learning.testcases.DeleteCustomerTest.validateDeleteCustomerAPI(DeleteCustomerTest.java:37)
</failure>
    <system-out><![CDATA[{
    "error": {
        "code": "resource_missing",
        "doc_url": "https://stripe.com/docs/error-codes/resource-missing",
        "message": "No such customer: 'cus_IiVPux3aOsMIYP'",
        "param": "id",
        "type": "invalid_request_error"
    }
}
-----------------------------
Validate (using jsonObject) that service reponse has "id" as a field
]]></system-out>
  </testcase>
  <testcase name="validateDeleteCustomerAPI" classname="com.learning.testcases.DeleteCustomerTest" time="0.084">
    <failure message="Response doesn&apos;t have ID as a field expected [true] but found [false]" type="java.lang.AssertionError">java.lang.AssertionError: Response doesn't have ID as a field expected [true] but found [false]
	at com.learning.testcases.DeleteCustomerTest.doValidationUsingJSONObject(DeleteCustomerTest.java:51)
	at com.learning.testcases.DeleteCustomerTest.validateDeleteCustomerAPI(DeleteCustomerTest.java:37)
</failure>
    <system-out><![CDATA[{
    "error": {
        "code": "resource_missing",
        "doc_url": "https://stripe.com/docs/error-codes/resource-missing",
        "message": "No such customer: 'cus_IiVPvejKpxwbzd'",
        "param": "id",
        "type": "invalid_request_error"
    }
}
-----------------------------
Validate (using jsonObject) that service reponse has "id" as a field
]]></system-out>
  </testcase>
  <testcase name="validateDeleteCustomerAPI" classname="com.learning.testcases.DeleteCustomerTest" time="0.004">
    <failure message="Response doesn&apos;t have ID as a field expected [true] but found [false]" type="java.lang.AssertionError">java.lang.AssertionError: Response doesn't have ID as a field expected [true] but found [false]
	at com.learning.testcases.DeleteCustomerTest.doValidationUsingJSONObject(DeleteCustomerTest.java:51)
	at com.learning.testcases.DeleteCustomerTest.validateDeleteCustomerAPI(DeleteCustomerTest.java:37)
</failure>
    <system-out><![CDATA[{
    "error": {
        "code": "resource_missing",
        "doc_url": "https://stripe.com/docs/error-codes/resource-missing",
        "message": "No such customer: 'cus_IiVPjAbPwTJ455'",
        "param": "id",
        "type": "invalid_request_error"
    }
}
-----------------------------
Validate (using jsonObject) that service reponse has "id" as a field
]]></system-out>
  </testcase>
  <testcase name="validateDeleteCustomerAPI" classname="com.learning.testcases.DeleteCustomerTest" time="0.018">
    <failure message="Response doesn&apos;t have ID as a field expected [true] but found [false]" type="java.lang.AssertionError">java.lang.AssertionError: Response doesn't have ID as a field expected [true] but found [false]
	at com.learning.testcases.DeleteCustomerTest.doValidationUsingJSONObject(DeleteCustomerTest.java:51)
	at com.learning.testcases.DeleteCustomerTest.validateDeleteCustomerAPI(DeleteCustomerTest.java:37)
</failure>
    <system-out><![CDATA[{
    "error": {
        "code": "resource_missing",
        "doc_url": "https://stripe.com/docs/error-codes/resource-missing",
        "message": "No such customer: 'cus_IiVPw0VRwxcYdS'",
        "param": "id",
        "type": "invalid_request_error"
    }
}
-----------------------------
Validate (using jsonObject) that service reponse has "id" as a field
{
    "error": {
        "code": "resource_missing",
        "doc_url": "https://stripe.com/docs/error-codes/resource-missing",
        "message": "No such customer: 'cus_IiVPEZcoEPduK1'",
        "param": "id",
        "type": "invalid_request_error"
    }
}
-----------------------------
Validate (using jsonObject) that service reponse has "id" as a field
]]></system-out>
  </testcase>
  <testcase name="validateDeleteCustomerAPI" classname="com.learning.testcases.DeleteCustomerTest" time="0.018">
    <failure message="Response doesn&apos;t have ID as a field expected [true] but found [false]" type="java.lang.AssertionError">java.lang.AssertionError: Response doesn't have ID as a field expected [true] but found [false]
	at com.learning.testcases.DeleteCustomerTest.doValidationUsingJSONObject(DeleteCustomerTest.java:51)
	at com.learning.testcases.DeleteCustomerTest.validateDeleteCustomerAPI(DeleteCustomerTest.java:37)
</failure>
  </testcase>
  <testcase name="validateDeleteCustomerAPI" classname="com.learning.testcases.DeleteCustomerTest" time="0.005">
    <failure message="Response doesn&apos;t have ID as a field expected [true] but found [false]" type="java.lang.AssertionError">java.lang.AssertionError: Response doesn't have ID as a field expected [true] but found [false]
	at com.learning.testcases.DeleteCustomerTest.doValidationUsingJSONObject(DeleteCustomerTest.java:51)
	at com.learning.testcases.DeleteCustomerTest.validateDeleteCustomerAPI(DeleteCustomerTest.java:37)
</failure>
    <system-out><![CDATA[{
    "error": {
        "code": "resource_missing",
        "doc_url": "https://stripe.com/docs/error-codes/resource-missing",
        "message": "No such customer: 'cus_IiVPZoQBKe8uUm'",
        "param": "id",
        "type": "invalid_request_error"
    }
}
-----------------------------
Validate (using jsonObject) that service reponse has "id" as a field
{
    "error": {
        "code": "resource_missing",
        "doc_url": "https://stripe.com/docs/error-codes/resource-missing",
        "message": "No such customer: 'cus_IiVPVWQxnGj6h2'",
        "param": "id",
        "type": "invalid_request_error"
    }
}
-----------------------------
Validate (using jsonObject) that service reponse has "id" as a field
]]></system-out>
  </testcase>
  <testcase name="validateDeleteCustomerAPI" classname="com.learning.testcases.DeleteCustomerTest" time="0.005">
    <failure message="Response doesn&apos;t have ID as a field expected [true] but found [false]" type="java.lang.AssertionError">java.lang.AssertionError: Response doesn't have ID as a field expected [true] but found [false]
	at com.learning.testcases.DeleteCustomerTest.doValidationUsingJSONObject(DeleteCustomerTest.java:51)
	at com.learning.testcases.DeleteCustomerTest.validateDeleteCustomerAPI(DeleteCustomerTest.java:37)
</failure>
  </testcase>
  <testcase name="validateDeleteCustomerAPI" classname="com.learning.testcases.DeleteCustomerTest" time="0.004">
    <failure message="Response doesn&apos;t have ID as a field expected [true] but found [false]" type="java.lang.AssertionError">java.lang.AssertionError: Response doesn't have ID as a field expected [true] but found [false]
	at com.learning.testcases.DeleteCustomerTest.doValidationUsingJSONObject(DeleteCustomerTest.java:51)
	at com.learning.testcases.DeleteCustomerTest.validateDeleteCustomerAPI(DeleteCustomerTest.java:37)
</failure>
    <system-out><![CDATA[{
    "error": {
        "code": "resource_missing",
        "doc_url": "https://stripe.com/docs/error-codes/resource-missing",
        "message": "No such customer: 'cus_IiVP7vFdhqWUab'",
        "param": "id",
        "type": "invalid_request_error"
    }
}
-----------------------------
Validate (using jsonObject) that service reponse has "id" as a field
]]></system-out>
  </testcase>
  <testcase name="validateDeleteCustomerAPI" classname="com.learning.testcases.DeleteCustomerTest" time="0.025">
    <failure message="Response doesn&apos;t have ID as a field expected [true] but found [false]" type="java.lang.AssertionError">java.lang.AssertionError: Response doesn't have ID as a field expected [true] but found [false]
	at com.learning.testcases.DeleteCustomerTest.doValidationUsingJSONObject(DeleteCustomerTest.java:51)
	at com.learning.testcases.DeleteCustomerTest.validateDeleteCustomerAPI(DeleteCustomerTest.java:37)
</failure>
    <system-out><![CDATA[{
    "error": {
        "code": "resource_missing",
        "doc_url": "https://stripe.com/docs/error-codes/resource-missing",
        "message": "No such customer: 'cus_IiVPEawmKXlDIt'",
        "param": "id",
        "type": "invalid_request_error"
    }
}
-----------------------------
Validate (using jsonObject) that service reponse has "id" as a field
]]></system-out>
  </testcase>
  <testcase name="validateDeleteCustomerAPI" classname="com.learning.testcases.DeleteCustomerTest" time="0.003">
    <failure message="Response doesn&apos;t have ID as a field expected [true] but found [false]" type="java.lang.AssertionError">java.lang.AssertionError: Response doesn't have ID as a field expected [true] but found [false]
	at com.learning.testcases.DeleteCustomerTest.doValidationUsingJSONObject(DeleteCustomerTest.java:51)
	at com.learning.testcases.DeleteCustomerTest.validateDeleteCustomerAPI(DeleteCustomerTest.java:37)
</failure>
    <system-out><![CDATA[{
    "error": {
        "code": "resource_missing",
        "doc_url": "https://stripe.com/docs/error-codes/resource-missing",
        "message": "No such customer: 'cus_IiVPjGothtRDO7'",
        "param": "id",
        "type": "invalid_request_error"
    }
}
-----------------------------
Validate (using jsonObject) that service reponse has "id" as a field
]]></system-out>
  </testcase>
  <testcase name="validateDeleteCustomerAPI" classname="com.learning.testcases.DeleteCustomerTest" time="0.147">
    <failure message="Response doesn&apos;t have ID as a field expected [true] but found [false]" type="java.lang.AssertionError">java.lang.AssertionError: Response doesn't have ID as a field expected [true] but found [false]
	at com.learning.testcases.DeleteCustomerTest.doValidationUsingJSONObject(DeleteCustomerTest.java:51)
	at com.learning.testcases.DeleteCustomerTest.validateDeleteCustomerAPI(DeleteCustomerTest.java:37)
</failure>
    <system-out><![CDATA[{
    "error": {
        "code": "resource_missing",
        "doc_url": "https://stripe.com/docs/error-codes/resource-missing",
        "message": "No such customer: 'cus_IiVPOB34AIoroq'",
        "param": "id",
        "type": "invalid_request_error"
    }
}
-----------------------------
Validate (using jsonObject) that service reponse has "id" as a field
]]></system-out>
  </testcase>
  <testcase name="validateDeleteCustomerAPI" classname="com.learning.testcases.DeleteCustomerTest" time="0.098">
    <failure message="Response doesn&apos;t have ID as a field expected [true] but found [false]" type="java.lang.AssertionError">java.lang.AssertionError: Response doesn't have ID as a field expected [true] but found [false]
	at com.learning.testcases.DeleteCustomerTest.doValidationUsingJSONObject(DeleteCustomerTest.java:51)
	at com.learning.testcases.DeleteCustomerTest.validateDeleteCustomerAPI(DeleteCustomerTest.java:37)
</failure>
    <system-out><![CDATA[{
    "error": {
        "code": "resource_missing",
        "doc_url": "https://stripe.com/docs/error-codes/resource-missing",
        "message": "No such customer: 'cus_IiVPl02kdFQcUo'",
        "param": "id",
        "type": "invalid_request_error"
    }
}
-----------------------------
Validate (using jsonObject) that service reponse has "id" as a field
]]></system-out>
  </testcase>
  <testcase name="validateDeleteCustomerAPI" classname="com.learning.testcases.DeleteCustomerTest" time="0.198">
    <failure message="Response doesn&apos;t have ID as a field expected [true] but found [false]" type="java.lang.AssertionError">java.lang.AssertionError: Response doesn't have ID as a field expected [true] but found [false]
	at com.learning.testcases.DeleteCustomerTest.doValidationUsingJSONObject(DeleteCustomerTest.java:51)
	at com.learning.testcases.DeleteCustomerTest.validateDeleteCustomerAPI(DeleteCustomerTest.java:37)
</failure>
    <system-out><![CDATA[{
    "error": {
        "code": "resource_missing",
        "doc_url": "https://stripe.com/docs/error-codes/resource-missing",
        "message": "No such customer: 'cus_IiVPmUHjzkrLwX'",
        "param": "id",
        "type": "invalid_request_error"
    }
}
-----------------------------
Validate (using jsonObject) that service reponse has "id" as a field
]]></system-out>
  </testcase>
  <testcase name="validateDeleteCustomerAPI" classname="com.learning.testcases.DeleteCustomerTest" time="0.042">
    <failure message="Response doesn&apos;t have ID as a field expected [true] but found [false]" type="java.lang.AssertionError">java.lang.AssertionError: Response doesn't have ID as a field expected [true] but found [false]
	at com.learning.testcases.DeleteCustomerTest.doValidationUsingJSONObject(DeleteCustomerTest.java:51)
	at com.learning.testcases.DeleteCustomerTest.validateDeleteCustomerAPI(DeleteCustomerTest.java:37)
</failure>
    <system-out><![CDATA[{
    "error": {
        "code": "resource_missing",
        "doc_url": "https://stripe.com/docs/error-codes/resource-missing",
        "message": "No such customer: 'cus_IiVPXtQtNLCdov'",
        "param": "id",
        "type": "invalid_request_error"
    }
}
-----------------------------
Validate (using jsonObject) that service reponse has "id" as a field
]]></system-out>
  </testcase>
  <testcase name="validateDeleteCustomerAPI" classname="com.learning.testcases.DeleteCustomerTest" time="0.017">
    <failure message="Response doesn&apos;t have ID as a field expected [true] but found [false]" type="java.lang.AssertionError">java.lang.AssertionError: Response doesn't have ID as a field expected [true] but found [false]
	at com.learning.testcases.DeleteCustomerTest.doValidationUsingJSONObject(DeleteCustomerTest.java:51)
	at com.learning.testcases.DeleteCustomerTest.validateDeleteCustomerAPI(DeleteCustomerTest.java:37)
</failure>
    <system-out><![CDATA[{
    "error": {
        "code": "resource_missing",
        "doc_url": "https://stripe.com/docs/error-codes/resource-missing",
        "message": "No such customer: 'cus_IiVPKOlxA9Blmo'",
        "param": "id",
        "type": "invalid_request_error"
    }
}
-----------------------------
Validate (using jsonObject) that service reponse has "id" as a field
]]></system-out>
  </testcase>
  <testcase name="validateDeleteCustomerAPI" classname="com.learning.testcases.DeleteCustomerTest" time="0.018">
    <failure message="Response doesn&apos;t have ID as a field expected [true] but found [false]" type="java.lang.AssertionError">java.lang.AssertionError: Response doesn't have ID as a field expected [true] but found [false]
	at com.learning.testcases.DeleteCustomerTest.doValidationUsingJSONObject(DeleteCustomerTest.java:51)
	at com.learning.testcases.DeleteCustomerTest.validateDeleteCustomerAPI(DeleteCustomerTest.java:37)
</failure>
    <system-out><![CDATA[{
    "error": {
        "code": "resource_missing",
        "doc_url": "https://stripe.com/docs/error-codes/resource-missing",
        "message": "No such customer: 'cus_IiVPSHOJW8cU1U'",
        "param": "id",
        "type": "invalid_request_error"
    }
}
-----------------------------
Validate (using jsonObject) that service reponse has "id" as a field
{
    "error": {
        "code": "resource_missing",
        "doc_url": "https://stripe.com/docs/error-codes/resource-missing",
        "message": "No such customer: 'cus_IiVPliHSFQ4uUq'",
        "param": "id",
        "type": "invalid_request_error"
    }
}
-----------------------------
Validate (using jsonObject) that service reponse has "id" as a field
]]></system-out>
  </testcase>
  <testcase name="validateDeleteCustomerAPI" classname="com.learning.testcases.DeleteCustomerTest" time="0.018">
    <failure message="Response doesn&apos;t have ID as a field expected [true] but found [false]" type="java.lang.AssertionError">java.lang.AssertionError: Response doesn't have ID as a field expected [true] but found [false]
	at com.learning.testcases.DeleteCustomerTest.doValidationUsingJSONObject(DeleteCustomerTest.java:51)
	at com.learning.testcases.DeleteCustomerTest.validateDeleteCustomerAPI(DeleteCustomerTest.java:37)
</failure>
  </testcase>
  <testcase name="validateDeleteCustomerAPI" classname="com.learning.testcases.DeleteCustomerTest" time="0.02">
    <failure message="Response doesn&apos;t have ID as a field expected [true] but found [false]" type="java.lang.AssertionError">java.lang.AssertionError: Response doesn't have ID as a field expected [true] but found [false]
	at com.learning.testcases.DeleteCustomerTest.doValidationUsingJSONObject(DeleteCustomerTest.java:51)
	at com.learning.testcases.DeleteCustomerTest.validateDeleteCustomerAPI(DeleteCustomerTest.java:37)
</failure>
    <system-out><![CDATA[{
    "error": {
        "code": "resource_missing",
        "doc_url": "https://stripe.com/docs/error-codes/resource-missing",
        "message": "No such customer: 'cus_IiVPEKSHfo2bmQ'",
        "param": "id",
        "type": "invalid_request_error"
    }
}
-----------------------------
Validate (using jsonObject) that service reponse has "id" as a field
{
    "error": {
        "code": "resource_missing",
        "doc_url": "https://stripe.com/docs/error-codes/resource-missing",
        "message": "No such customer: 'cus_IiVPMZJ6B0Xddb'",
        "param": "id",
        "type": "invalid_request_error"
    }
}
-----------------------------
Validate (using jsonObject) that service reponse has "id" as a field
]]></system-out>
  </testcase>
  <testcase name="validateDeleteCustomerAPI" classname="com.learning.testcases.DeleteCustomerTest" time="0.02">
    <failure message="Response doesn&apos;t have ID as a field expected [true] but found [false]" type="java.lang.AssertionError">java.lang.AssertionError: Response doesn't have ID as a field expected [true] but found [false]
	at com.learning.testcases.DeleteCustomerTest.doValidationUsingJSONObject(DeleteCustomerTest.java:51)
	at com.learning.testcases.DeleteCustomerTest.validateDeleteCustomerAPI(DeleteCustomerTest.java:37)
</failure>
  </testcase>
  <testcase name="validateDeleteCustomerAPI" classname="com.learning.testcases.DeleteCustomerTest" time="0.016">
    <failure message="Response doesn&apos;t have ID as a field expected [true] but found [false]" type="java.lang.AssertionError">java.lang.AssertionError: Response doesn't have ID as a field expected [true] but found [false]
	at com.learning.testcases.DeleteCustomerTest.doValidationUsingJSONObject(DeleteCustomerTest.java:51)
	at com.learning.testcases.DeleteCustomerTest.validateDeleteCustomerAPI(DeleteCustomerTest.java:37)
</failure>
    <system-out><![CDATA[{
    "error": {
        "code": "resource_missing",
        "doc_url": "https://stripe.com/docs/error-codes/resource-missing",
        "message": "No such customer: 'cus_IiVP9AETW5ZCzs'",
        "param": "id",
        "type": "invalid_request_error"
    }
}
-----------------------------
Validate (using jsonObject) that service reponse has "id" as a field
]]></system-out>
  </testcase>
  <testcase name="validateDeleteCustomerAPI" classname="com.learning.testcases.DeleteCustomerTest" time="0.154">
    <failure message="Response doesn&apos;t have ID as a field expected [true] but found [false]" type="java.lang.AssertionError">java.lang.AssertionError: Response doesn't have ID as a field expected [true] but found [false]
	at com.learning.testcases.DeleteCustomerTest.doValidationUsingJSONObject(DeleteCustomerTest.java:51)
	at com.learning.testcases.DeleteCustomerTest.validateDeleteCustomerAPI(DeleteCustomerTest.java:37)
</failure>
    <system-out><![CDATA[{
    "error": {
        "code": "resource_missing",
        "doc_url": "https://stripe.com/docs/error-codes/resource-missing",
        "message": "No such customer: 'cus_IiVPCAPPIDAE0w'",
        "param": "id",
        "type": "invalid_request_error"
    }
}
-----------------------------
Validate (using jsonObject) that service reponse has "id" as a field
]]></system-out>
  </testcase>
  <testcase name="validateDeleteCustomerAPI" classname="com.learning.testcases.DeleteCustomerTest" time="0.15">
    <failure message="Response doesn&apos;t have ID as a field expected [true] but found [false]" type="java.lang.AssertionError">java.lang.AssertionError: Response doesn't have ID as a field expected [true] but found [false]
	at com.learning.testcases.DeleteCustomerTest.doValidationUsingJSONObject(DeleteCustomerTest.java:51)
	at com.learning.testcases.DeleteCustomerTest.validateDeleteCustomerAPI(DeleteCustomerTest.java:37)
</failure>
    <system-out><![CDATA[{
    "error": {
        "code": "resource_missing",
        "doc_url": "https://stripe.com/docs/error-codes/resource-missing",
        "message": "No such customer: 'cus_IiVPGaCfK8AIGq'",
        "param": "id",
        "type": "invalid_request_error"
    }
}
-----------------------------
Validate (using jsonObject) that service reponse has "id" as a field
]]></system-out>
  </testcase>
  <testcase name="validateDeleteCustomerAPI" classname="com.learning.testcases.DeleteCustomerTest" time="0.349">
    <failure message="Response doesn&apos;t have ID as a field expected [true] but found [false]" type="java.lang.AssertionError">java.lang.AssertionError: Response doesn't have ID as a field expected [true] but found [false]
	at com.learning.testcases.DeleteCustomerTest.doValidationUsingJSONObject(DeleteCustomerTest.java:51)
	at com.learning.testcases.DeleteCustomerTest.validateDeleteCustomerAPI(DeleteCustomerTest.java:37)
</failure>
    <system-out><![CDATA[{
    "error": {
        "code": "resource_missing",
        "doc_url": "https://stripe.com/docs/error-codes/resource-missing",
        "message": "No such customer: 'cus_IiVPZ8Gs0ozdOM'",
        "param": "id",
        "type": "invalid_request_error"
    }
}
-----------------------------
Validate (using jsonObject) that service reponse has "id" as a field
]]></system-out>
  </testcase>
  <testcase name="validateDeleteCustomerAPI" classname="com.learning.testcases.DeleteCustomerTest" time="0.013">
    <failure message="Response doesn&apos;t have ID as a field expected [true] but found [false]" type="java.lang.AssertionError">java.lang.AssertionError: Response doesn't have ID as a field expected [true] but found [false]
	at com.learning.testcases.DeleteCustomerTest.doValidationUsingJSONObject(DeleteCustomerTest.java:51)
	at com.learning.testcases.DeleteCustomerTest.validateDeleteCustomerAPI(DeleteCustomerTest.java:37)
</failure>
    <system-out><![CDATA[{
    "error": {
        "code": "resource_missing",
        "doc_url": "https://stripe.com/docs/error-codes/resource-missing",
        "message": "No such customer: 'cus_IiVPV2NUggCQZs'",
        "param": "id",
        "type": "invalid_request_error"
    }
}
-----------------------------
Validate (using jsonObject) that service reponse has "id" as a field
]]></system-out>
  </testcase>
  <testcase name="validateDeleteCustomerAPI" classname="com.learning.testcases.DeleteCustomerTest" time="0.081">
    <failure message="Response doesn&apos;t have ID as a field expected [true] but found [false]" type="java.lang.AssertionError">java.lang.AssertionError: Response doesn't have ID as a field expected [true] but found [false]
	at com.learning.testcases.DeleteCustomerTest.doValidationUsingJSONObject(DeleteCustomerTest.java:51)
	at com.learning.testcases.DeleteCustomerTest.validateDeleteCustomerAPI(DeleteCustomerTest.java:37)
</failure>
    <system-out><![CDATA[{
    "error": {
        "code": "resource_missing",
        "doc_url": "https://stripe.com/docs/error-codes/resource-missing",
        "message": "No such customer: 'cus_IiVPniGy8yD7Mh'",
        "param": "id",
        "type": "invalid_request_error"
    }
}
-----------------------------
Validate (using jsonObject) that service reponse has "id" as a field
]]></system-out>
  </testcase>
  <testcase name="validateDeleteCustomerAPI" classname="com.learning.testcases.DeleteCustomerTest" time="0.003">
    <failure message="Response doesn&apos;t have ID as a field expected [true] but found [false]" type="java.lang.AssertionError">java.lang.AssertionError: Response doesn't have ID as a field expected [true] but found [false]
	at com.learning.testcases.DeleteCustomerTest.doValidationUsingJSONObject(DeleteCustomerTest.java:51)
	at com.learning.testcases.DeleteCustomerTest.validateDeleteCustomerAPI(DeleteCustomerTest.java:37)
</failure>
    <system-out><![CDATA[{
    "error": {
        "code": "resource_missing",
        "doc_url": "https://stripe.com/docs/error-codes/resource-missing",
        "message": "No such customer: 'cus_IiVP0tVtH2h6um'",
        "param": "id",
        "type": "invalid_request_error"
    }
}
-----------------------------
Validate (using jsonObject) that service reponse has "id" as a field
]]></system-out>
  </testcase>
  <testcase name="validateDeleteCustomerAPI" classname="com.learning.testcases.DeleteCustomerTest" time="0.004">
    <failure message="Response doesn&apos;t have ID as a field expected [true] but found [false]" type="java.lang.AssertionError">java.lang.AssertionError: Response doesn't have ID as a field expected [true] but found [false]
	at com.learning.testcases.DeleteCustomerTest.doValidationUsingJSONObject(DeleteCustomerTest.java:51)
	at com.learning.testcases.DeleteCustomerTest.validateDeleteCustomerAPI(DeleteCustomerTest.java:37)
</failure>
    <system-out><![CDATA[{
    "error": {
        "code": "resource_missing",
        "doc_url": "https://stripe.com/docs/error-codes/resource-missing",
        "message": "No such customer: 'cus_IiVPrieVjtYsCK'",
        "param": "id",
        "type": "invalid_request_error"
    }
}
-----------------------------
Validate (using jsonObject) that service reponse has "id" as a field
]]></system-out>
  </testcase>
  <testcase name="validateDeleteCustomerAPI" classname="com.learning.testcases.DeleteCustomerTest" time="0.015">
    <failure message="Response doesn&apos;t have ID as a field expected [true] but found [false]" type="java.lang.AssertionError">java.lang.AssertionError: Response doesn't have ID as a field expected [true] but found [false]
	at com.learning.testcases.DeleteCustomerTest.doValidationUsingJSONObject(DeleteCustomerTest.java:51)
	at com.learning.testcases.DeleteCustomerTest.validateDeleteCustomerAPI(DeleteCustomerTest.java:37)
</failure>
    <system-out><![CDATA[{
    "error": {
        "code": "resource_missing",
        "doc_url": "https://stripe.com/docs/error-codes/resource-missing",
        "message": "No such customer: 'cus_IiVPxWJBTOOXzq'",
        "param": "id",
        "type": "invalid_request_error"
    }
}
-----------------------------
Validate (using jsonObject) that service reponse has "id" as a field
]]></system-out>
  </testcase>
  <testcase name="validateDeleteCustomerAPI" classname="com.learning.testcases.DeleteCustomerTest" time="0.002">
    <failure message="Response doesn&apos;t have ID as a field expected [true] but found [false]" type="java.lang.AssertionError">java.lang.AssertionError: Response doesn't have ID as a field expected [true] but found [false]
	at com.learning.testcases.DeleteCustomerTest.doValidationUsingJSONObject(DeleteCustomerTest.java:51)
	at com.learning.testcases.DeleteCustomerTest.validateDeleteCustomerAPI(DeleteCustomerTest.java:37)
</failure>
    <system-out><![CDATA[{
    "error": {
        "code": "resource_missing",
        "doc_url": "https://stripe.com/docs/error-codes/resource-missing",
        "message": "No such customer: 'cus_IiVPvVCobLyqCY'",
        "param": "id",
        "type": "invalid_request_error"
    }
}
-----------------------------
Validate (using jsonObject) that service reponse has "id" as a field
]]></system-out>
  </testcase>
  <testcase name="validateDeleteCustomerAPI" classname="com.learning.testcases.DeleteCustomerTest" time="0.007">
    <failure message="Response doesn&apos;t have ID as a field expected [true] but found [false]" type="java.lang.AssertionError">java.lang.AssertionError: Response doesn't have ID as a field expected [true] but found [false]
	at com.learning.testcases.DeleteCustomerTest.doValidationUsingJSONObject(DeleteCustomerTest.java:51)
	at com.learning.testcases.DeleteCustomerTest.validateDeleteCustomerAPI(DeleteCustomerTest.java:37)
</failure>
    <system-out><![CDATA[{
    "error": {
        "code": "resource_missing",
        "doc_url": "https://stripe.com/docs/error-codes/resource-missing",
        "message": "No such customer: 'cus_IiVP1QKVYm1kmE'",
        "param": "id",
        "type": "invalid_request_error"
    }
}
-----------------------------
Validate (using jsonObject) that service reponse has "id" as a field
]]></system-out>
  </testcase>
  <testcase name="validateDeleteCustomerAPI" classname="com.learning.testcases.DeleteCustomerTest" time="0.128">
    <failure message="Response doesn&apos;t have ID as a field expected [true] but found [false]" type="java.lang.AssertionError">java.lang.AssertionError: Response doesn't have ID as a field expected [true] but found [false]
	at com.learning.testcases.DeleteCustomerTest.doValidationUsingJSONObject(DeleteCustomerTest.java:51)
	at com.learning.testcases.DeleteCustomerTest.validateDeleteCustomerAPI(DeleteCustomerTest.java:37)
</failure>
    <system-out><![CDATA[{
    "error": {
        "code": "resource_missing",
        "doc_url": "https://stripe.com/docs/error-codes/resource-missing",
        "message": "No such customer: 'cus_IiVP6BkObhSfx3'",
        "param": "id",
        "type": "invalid_request_error"
    }
}
-----------------------------
Validate (using jsonObject) that service reponse has "id" as a field
]]></system-out>
  </testcase>
  <testcase name="validateDeleteCustomerAPI" classname="com.learning.testcases.DeleteCustomerTest" time="0.157">
    <failure message="Response doesn&apos;t have ID as a field expected [true] but found [false]" type="java.lang.AssertionError">java.lang.AssertionError: Response doesn't have ID as a field expected [true] but found [false]
	at com.learning.testcases.DeleteCustomerTest.doValidationUsingJSONObject(DeleteCustomerTest.java:51)
	at com.learning.testcases.DeleteCustomerTest.validateDeleteCustomerAPI(DeleteCustomerTest.java:37)
</failure>
    <system-out><![CDATA[{
    "error": {
        "code": "resource_missing",
        "doc_url": "https://stripe.com/docs/error-codes/resource-missing",
        "message": "No such customer: 'cus_IiVPhZiU32t5NQ'",
        "param": "id",
        "type": "invalid_request_error"
    }
}
-----------------------------
Validate (using jsonObject) that service reponse has "id" as a field
]]></system-out>
  </testcase>
  <testcase name="validateDeleteCustomerAPI" classname="com.learning.testcases.DeleteCustomerTest" time="0.395">
    <failure message="Response doesn&apos;t have ID as a field expected [true] but found [false]" type="java.lang.AssertionError">java.lang.AssertionError: Response doesn't have ID as a field expected [true] but found [false]
	at com.learning.testcases.DeleteCustomerTest.doValidationUsingJSONObject(DeleteCustomerTest.java:51)
	at com.learning.testcases.DeleteCustomerTest.validateDeleteCustomerAPI(DeleteCustomerTest.java:37)
</failure>
    <system-out><![CDATA[{
    "error": {
        "code": "resource_missing",
        "doc_url": "https://stripe.com/docs/error-codes/resource-missing",
        "message": "No such customer: 'cus_IiVPHuNJ41jf6J'",
        "param": "id",
        "type": "invalid_request_error"
    }
}
-----------------------------
Validate (using jsonObject) that service reponse has "id" as a field
]]></system-out>
  </testcase>
  <testcase name="validateDeleteCustomerAPI" classname="com.learning.testcases.DeleteCustomerTest" time="0.097">
    <failure message="Response doesn&apos;t have ID as a field expected [true] but found [false]" type="java.lang.AssertionError">java.lang.AssertionError: Response doesn't have ID as a field expected [true] but found [false]
	at com.learning.testcases.DeleteCustomerTest.doValidationUsingJSONObject(DeleteCustomerTest.java:51)
	at com.learning.testcases.DeleteCustomerTest.validateDeleteCustomerAPI(DeleteCustomerTest.java:37)
</failure>
    <system-out><![CDATA[{
    "error": {
        "code": "resource_missing",
        "doc_url": "https://stripe.com/docs/error-codes/resource-missing",
        "message": "No such customer: 'cus_IiVPVh5uO5fhrP'",
        "param": "id",
        "type": "invalid_request_error"
    }
}
-----------------------------
Validate (using jsonObject) that service reponse has "id" as a field
]]></system-out>
  </testcase>
  <testcase name="validateDeleteCustomerAPI" classname="com.learning.testcases.DeleteCustomerTest" time="0.014">
    <failure message="Response doesn&apos;t have ID as a field expected [true] but found [false]" type="java.lang.AssertionError">java.lang.AssertionError: Response doesn't have ID as a field expected [true] but found [false]
	at com.learning.testcases.DeleteCustomerTest.doValidationUsingJSONObject(DeleteCustomerTest.java:51)
	at com.learning.testcases.DeleteCustomerTest.validateDeleteCustomerAPI(DeleteCustomerTest.java:37)
</failure>
    <system-out><![CDATA[{
    "error": {
        "code": "resource_missing",
        "doc_url": "https://stripe.com/docs/error-codes/resource-missing",
        "message": "No such customer: 'cus_IiVPKYyxNSa7AY'",
        "param": "id",
        "type": "invalid_request_error"
    }
}
-----------------------------
Validate (using jsonObject) that service reponse has "id" as a field
]]></system-out>
  </testcase>
  <testcase name="validateDeleteCustomerAPI" classname="com.learning.testcases.DeleteCustomerTest" time="0.037">
    <failure message="Response doesn&apos;t have ID as a field expected [true] but found [false]" type="java.lang.AssertionError">java.lang.AssertionError: Response doesn't have ID as a field expected [true] but found [false]
	at com.learning.testcases.DeleteCustomerTest.doValidationUsingJSONObject(DeleteCustomerTest.java:51)
	at com.learning.testcases.DeleteCustomerTest.validateDeleteCustomerAPI(DeleteCustomerTest.java:37)
</failure>
    <system-out><![CDATA[{
    "error": {
        "code": "resource_missing",
        "doc_url": "https://stripe.com/docs/error-codes/resource-missing",
        "message": "No such customer: 'cus_IiVPv47HxpnqVL'",
        "param": "id",
        "type": "invalid_request_error"
    }
}
-----------------------------
Validate (using jsonObject) that service reponse has "id" as a field
]]></system-out>
  </testcase>
  <testcase name="validateDeleteCustomerAPI" classname="com.learning.testcases.DeleteCustomerTest" time="0.013">
    <failure message="Response doesn&apos;t have ID as a field expected [true] but found [false]" type="java.lang.AssertionError">java.lang.AssertionError: Response doesn't have ID as a field expected [true] but found [false]
	at com.learning.testcases.DeleteCustomerTest.doValidationUsingJSONObject(DeleteCustomerTest.java:51)
	at com.learning.testcases.DeleteCustomerTest.validateDeleteCustomerAPI(DeleteCustomerTest.java:37)
</failure>
    <system-out><![CDATA[{
    "error": {
        "code": "resource_missing",
        "doc_url": "https://stripe.com/docs/error-codes/resource-missing",
        "message": "No such customer: 'cus_IiVPECIS1oH8QW'",
        "param": "id",
        "type": "invalid_request_error"
    }
}
-----------------------------
Validate (using jsonObject) that service reponse has "id" as a field
{
    "error": {
        "code": "resource_missing",
        "doc_url": "https://stripe.com/docs/error-codes/resource-missing",
        "message": "No such customer: 'cus_IiVPGHFD9FMZUj'",
        "param": "id",
        "type": "invalid_request_error"
    }
}
-----------------------------
Validate (using jsonObject) that service reponse has "id" as a field
]]></system-out>
  </testcase>
  <testcase name="validateDeleteCustomerAPI" classname="com.learning.testcases.DeleteCustomerTest" time="0.013">
    <failure message="Response doesn&apos;t have ID as a field expected [true] but found [false]" type="java.lang.AssertionError">java.lang.AssertionError: Response doesn't have ID as a field expected [true] but found [false]
	at com.learning.testcases.DeleteCustomerTest.doValidationUsingJSONObject(DeleteCustomerTest.java:51)
	at com.learning.testcases.DeleteCustomerTest.validateDeleteCustomerAPI(DeleteCustomerTest.java:37)
</failure>
  </testcase>
  <testcase name="validateDeleteCustomerAPI" classname="com.learning.testcases.DeleteCustomerTest" time="0.013">
    <failure message="Response doesn&apos;t have ID as a field expected [true] but found [false]" type="java.lang.AssertionError">java.lang.AssertionError: Response doesn't have ID as a field expected [true] but found [false]
	at com.learning.testcases.DeleteCustomerTest.doValidationUsingJSONObject(DeleteCustomerTest.java:51)
	at com.learning.testcases.DeleteCustomerTest.validateDeleteCustomerAPI(DeleteCustomerTest.java:37)
</failure>
    <system-out><![CDATA[{
    "error": {
        "code": "resource_missing",
        "doc_url": "https://stripe.com/docs/error-codes/resource-missing",
        "message": "No such customer: 'cus_IiVP4kOc3jmrv3'",
        "param": "id",
        "type": "invalid_request_error"
    }
}
-----------------------------
Validate (using jsonObject) that service reponse has "id" as a field
]]></system-out>
  </testcase>
  <testcase name="validateDeleteCustomerAPI" classname="com.learning.testcases.DeleteCustomerTest" time="0.03">
    <failure message="Response doesn&apos;t have ID as a field expected [true] but found [false]" type="java.lang.AssertionError">java.lang.AssertionError: Response doesn't have ID as a field expected [true] but found [false]
	at com.learning.testcases.DeleteCustomerTest.doValidationUsingJSONObject(DeleteCustomerTest.java:51)
	at com.learning.testcases.DeleteCustomerTest.validateDeleteCustomerAPI(DeleteCustomerTest.java:37)
</failure>
    <system-out><![CDATA[{
    "error": {
        "code": "resource_missing",
        "doc_url": "https://stripe.com/docs/error-codes/resource-missing",
        "message": "No such customer: 'cus_IiVP9dQddyChJQ'",
        "param": "id",
        "type": "invalid_request_error"
    }
}
-----------------------------
Validate (using jsonObject) that service reponse has "id" as a field
]]></system-out>
  </testcase>
  <testcase name="validateDeleteCustomerAPI" classname="com.learning.testcases.DeleteCustomerTest" time="0.198">
    <failure message="Response doesn&apos;t have ID as a field expected [true] but found [false]" type="java.lang.AssertionError">java.lang.AssertionError: Response doesn't have ID as a field expected [true] but found [false]
	at com.learning.testcases.DeleteCustomerTest.doValidationUsingJSONObject(DeleteCustomerTest.java:51)
	at com.learning.testcases.DeleteCustomerTest.validateDeleteCustomerAPI(DeleteCustomerTest.java:37)
</failure>
    <system-out><![CDATA[{
    "error": {
        "code": "resource_missing",
        "doc_url": "https://stripe.com/docs/error-codes/resource-missing",
        "message": "No such customer: 'cus_IiVPbMS57oX7XP'",
        "param": "id",
        "type": "invalid_request_error"
    }
}
-----------------------------
Validate (using jsonObject) that service reponse has "id" as a field
]]></system-out>
  </testcase>
  <testcase name="validateDeleteCustomerAPI" classname="com.learning.testcases.DeleteCustomerTest" time="0.002">
    <failure message="Response doesn&apos;t have ID as a field expected [true] but found [false]" type="java.lang.AssertionError">java.lang.AssertionError: Response doesn't have ID as a field expected [true] but found [false]
	at com.learning.testcases.DeleteCustomerTest.doValidationUsingJSONObject(DeleteCustomerTest.java:51)
	at com.learning.testcases.DeleteCustomerTest.validateDeleteCustomerAPI(DeleteCustomerTest.java:37)
</failure>
    <system-out><![CDATA[{
    "error": {
        "code": "resource_missing",
        "doc_url": "https://stripe.com/docs/error-codes/resource-missing",
        "message": "No such customer: 'cus_IiVPr8lfMxE9Sn'",
        "param": "id",
        "type": "invalid_request_error"
    }
}
-----------------------------
Validate (using jsonObject) that service reponse has "id" as a field
]]></system-out>
  </testcase>
  <testcase name="validateDeleteCustomerAPI" classname="com.learning.testcases.DeleteCustomerTest" time="0.57">
    <failure message="Response doesn&apos;t have ID as a field expected [true] but found [false]" type="java.lang.AssertionError">java.lang.AssertionError: Response doesn't have ID as a field expected [true] but found [false]
	at com.learning.testcases.DeleteCustomerTest.doValidationUsingJSONObject(DeleteCustomerTest.java:51)
	at com.learning.testcases.DeleteCustomerTest.validateDeleteCustomerAPI(DeleteCustomerTest.java:37)
</failure>
    <system-out><![CDATA[{
    "error": {
        "code": "resource_missing",
        "doc_url": "https://stripe.com/docs/error-codes/resource-missing",
        "message": "No such customer: 'cus_IiVP7QcAIadUII'",
        "param": "id",
        "type": "invalid_request_error"
    }
}
-----------------------------
Validate (using jsonObject) that service reponse has "id" as a field
]]></system-out>
  </testcase>
  <testcase name="validateDeleteCustomerAPI" classname="com.learning.testcases.DeleteCustomerTest" time="0.108">
    <failure message="Response doesn&apos;t have ID as a field expected [true] but found [false]" type="java.lang.AssertionError">java.lang.AssertionError: Response doesn't have ID as a field expected [true] but found [false]
	at com.learning.testcases.DeleteCustomerTest.doValidationUsingJSONObject(DeleteCustomerTest.java:51)
	at com.learning.testcases.DeleteCustomerTest.validateDeleteCustomerAPI(DeleteCustomerTest.java:37)
</failure>
    <system-out><![CDATA[{
    "error": {
        "code": "resource_missing",
        "doc_url": "https://stripe.com/docs/error-codes/resource-missing",
        "message": "No such customer: 'cus_IiVPXdgzCNfHPN'",
        "param": "id",
        "type": "invalid_request_error"
    }
}
-----------------------------
Validate (using jsonObject) that service reponse has "id" as a field
]]></system-out>
  </testcase>
  <testcase name="validateDeleteCustomerAPI" classname="com.learning.testcases.DeleteCustomerTest" time="0.023">
    <failure message="Response doesn&apos;t have ID as a field expected [true] but found [false]" type="java.lang.AssertionError">java.lang.AssertionError: Response doesn't have ID as a field expected [true] but found [false]
	at com.learning.testcases.DeleteCustomerTest.doValidationUsingJSONObject(DeleteCustomerTest.java:51)
	at com.learning.testcases.DeleteCustomerTest.validateDeleteCustomerAPI(DeleteCustomerTest.java:37)
</failure>
    <system-out><![CDATA[{
    "error": {
        "code": "resource_missing",
        "doc_url": "https://stripe.com/docs/error-codes/resource-missing",
        "message": "No such customer: 'cus_IiVPdHhEAIQwy3'",
        "param": "id",
        "type": "invalid_request_error"
    }
}
-----------------------------
Validate (using jsonObject) that service reponse has "id" as a field
]]></system-out>
  </testcase>
  <testcase name="validateDeleteCustomerAPI" classname="com.learning.testcases.DeleteCustomerTest" time="0.015">
    <failure message="Response doesn&apos;t have ID as a field expected [true] but found [false]" type="java.lang.AssertionError">java.lang.AssertionError: Response doesn't have ID as a field expected [true] but found [false]
	at com.learning.testcases.DeleteCustomerTest.doValidationUsingJSONObject(DeleteCustomerTest.java:51)
	at com.learning.testcases.DeleteCustomerTest.validateDeleteCustomerAPI(DeleteCustomerTest.java:37)
</failure>
    <system-out><![CDATA[{
    "error": {
        "code": "resource_missing",
        "doc_url": "https://stripe.com/docs/error-codes/resource-missing",
        "message": "No such customer: 'cus_IiVP9dEQlrk2mE'",
        "param": "id",
        "type": "invalid_request_error"
    }
}
-----------------------------
Validate (using jsonObject) that service reponse has "id" as a field
]]></system-out>
  </testcase>
  <testcase name="validateDeleteCustomerAPI" classname="com.learning.testcases.DeleteCustomerTest" time="0.069">
    <failure message="Response doesn&apos;t have ID as a field expected [true] but found [false]" type="java.lang.AssertionError">java.lang.AssertionError: Response doesn't have ID as a field expected [true] but found [false]
	at com.learning.testcases.DeleteCustomerTest.doValidationUsingJSONObject(DeleteCustomerTest.java:51)
	at com.learning.testcases.DeleteCustomerTest.validateDeleteCustomerAPI(DeleteCustomerTest.java:37)
</failure>
    <system-out><![CDATA[{
    "error": {
        "code": "resource_missing",
        "doc_url": "https://stripe.com/docs/error-codes/resource-missing",
        "message": "No such customer: 'cus_IiVPdY966sZuNF'",
        "param": "id",
        "type": "invalid_request_error"
    }
}
-----------------------------
Validate (using jsonObject) that service reponse has "id" as a field
]]></system-out>
  </testcase>
  <testcase name="validateDeleteCustomerAPI" classname="com.learning.testcases.DeleteCustomerTest" time="0.011">
    <failure message="Response doesn&apos;t have ID as a field expected [true] but found [false]" type="java.lang.AssertionError">java.lang.AssertionError: Response doesn't have ID as a field expected [true] but found [false]
	at com.learning.testcases.DeleteCustomerTest.doValidationUsingJSONObject(DeleteCustomerTest.java:51)
	at com.learning.testcases.DeleteCustomerTest.validateDeleteCustomerAPI(DeleteCustomerTest.java:37)
</failure>
    <system-out><![CDATA[{
    "error": {
        "code": "resource_missing",
        "doc_url": "https://stripe.com/docs/error-codes/resource-missing",
        "message": "No such customer: 'cus_IiVPxw7TZRT7jF'",
        "param": "id",
        "type": "invalid_request_error"
    }
}
-----------------------------
Validate (using jsonObject) that service reponse has "id" as a field
]]></system-out>
  </testcase>
  <testcase name="validateDeleteCustomerAPI" classname="com.learning.testcases.DeleteCustomerTest" time="0.006">
    <failure message="Response doesn&apos;t have ID as a field expected [true] but found [false]" type="java.lang.AssertionError">java.lang.AssertionError: Response doesn't have ID as a field expected [true] but found [false]
	at com.learning.testcases.DeleteCustomerTest.doValidationUsingJSONObject(DeleteCustomerTest.java:51)
	at com.learning.testcases.DeleteCustomerTest.validateDeleteCustomerAPI(DeleteCustomerTest.java:37)
</failure>
    <system-out><![CDATA[{
    "error": {
        "code": "resource_missing",
        "doc_url": "https://stripe.com/docs/error-codes/resource-missing",
        "message": "No such customer: 'cus_IiVP8rR9viAya8'",
        "param": "id",
        "type": "invalid_request_error"
    }
}
-----------------------------
Validate (using jsonObject) that service reponse has "id" as a field
]]></system-out>
  </testcase>
  <testcase name="validateDeleteCustomerAPI" classname="com.learning.testcases.DeleteCustomerTest" time="0.012">
    <failure message="Response doesn&apos;t have ID as a field expected [true] but found [false]" type="java.lang.AssertionError">java.lang.AssertionError: Response doesn't have ID as a field expected [true] but found [false]
	at com.learning.testcases.DeleteCustomerTest.doValidationUsingJSONObject(DeleteCustomerTest.java:51)
	at com.learning.testcases.DeleteCustomerTest.validateDeleteCustomerAPI(DeleteCustomerTest.java:37)
</failure>
    <system-out><![CDATA[{
    "error": {
        "code": "resource_missing",
        "doc_url": "https://stripe.com/docs/error-codes/resource-missing",
        "message": "No such customer: 'cus_IiVPVALIql1YMh'",
        "param": "id",
        "type": "invalid_request_error"
    }
}
-----------------------------
Validate (using jsonObject) that service reponse has "id" as a field
]]></system-out>
  </testcase>
  <testcase name="validateDeleteCustomerAPI" classname="com.learning.testcases.DeleteCustomerTest" time="0.176">
    <failure message="Response doesn&apos;t have ID as a field expected [true] but found [false]" type="java.lang.AssertionError">java.lang.AssertionError: Response doesn't have ID as a field expected [true] but found [false]
	at com.learning.testcases.DeleteCustomerTest.doValidationUsingJSONObject(DeleteCustomerTest.java:51)
	at com.learning.testcases.DeleteCustomerTest.validateDeleteCustomerAPI(DeleteCustomerTest.java:37)
</failure>
    <system-out><![CDATA[{
    "error": {
        "code": "resource_missing",
        "doc_url": "https://stripe.com/docs/error-codes/resource-missing",
        "message": "No such customer: 'cus_IiVPq16fAcbfZT'",
        "param": "id",
        "type": "invalid_request_error"
    }
}
-----------------------------
Validate (using jsonObject) that service reponse has "id" as a field
]]></system-out>
  </testcase>
  <testcase name="validateDeleteCustomerAPI" classname="com.learning.testcases.DeleteCustomerTest" time="0.042">
    <failure message="Response doesn&apos;t have ID as a field expected [true] but found [false]" type="java.lang.AssertionError">java.lang.AssertionError: Response doesn't have ID as a field expected [true] but found [false]
	at com.learning.testcases.DeleteCustomerTest.doValidationUsingJSONObject(DeleteCustomerTest.java:51)
	at com.learning.testcases.DeleteCustomerTest.validateDeleteCustomerAPI(DeleteCustomerTest.java:37)
</failure>
    <system-out><![CDATA[{
    "error": {
        "code": "resource_missing",
        "doc_url": "https://stripe.com/docs/error-codes/resource-missing",
        "message": "No such customer: 'cus_IiVPb7iEpJcFVb'",
        "param": "id",
        "type": "invalid_request_error"
    }
}
-----------------------------
Validate (using jsonObject) that service reponse has "id" as a field
]]></system-out>
  </testcase>
  <testcase name="validateDeleteCustomerAPI" classname="com.learning.testcases.DeleteCustomerTest" time="0.823">
    <failure message="Response doesn&apos;t have ID as a field expected [true] but found [false]" type="java.lang.AssertionError">java.lang.AssertionError: Response doesn't have ID as a field expected [true] but found [false]
	at com.learning.testcases.DeleteCustomerTest.doValidationUsingJSONObject(DeleteCustomerTest.java:51)
	at com.learning.testcases.DeleteCustomerTest.validateDeleteCustomerAPI(DeleteCustomerTest.java:37)
</failure>
    <system-out><![CDATA[{
    "error": {
        "code": "resource_missing",
        "doc_url": "https://stripe.com/docs/error-codes/resource-missing",
        "message": "No such customer: 'cus_IiVPDSYd2HGZ3x'",
        "param": "id",
        "type": "invalid_request_error"
    }
}
-----------------------------
Validate (using jsonObject) that service reponse has "id" as a field
]]></system-out>
  </testcase>
  <testcase name="validateDeleteCustomerAPI" classname="com.learning.testcases.DeleteCustomerTest" time="0.01">
    <failure message="Response doesn&apos;t have ID as a field expected [true] but found [false]" type="java.lang.AssertionError">java.lang.AssertionError: Response doesn't have ID as a field expected [true] but found [false]
	at com.learning.testcases.DeleteCustomerTest.doValidationUsingJSONObject(DeleteCustomerTest.java:51)
	at com.learning.testcases.DeleteCustomerTest.validateDeleteCustomerAPI(DeleteCustomerTest.java:37)
</failure>
    <system-out><![CDATA[{
    "error": {
        "code": "resource_missing",
        "doc_url": "https://stripe.com/docs/error-codes/resource-missing",
        "message": "No such customer: 'cus_IiVPDFVcgxNSlm'",
        "param": "id",
        "type": "invalid_request_error"
    }
}
-----------------------------
Validate (using jsonObject) that service reponse has "id" as a field
]]></system-out>
  </testcase>
  <testcase name="validateDeleteCustomerAPI" classname="com.learning.testcases.DeleteCustomerTest" time="0.018">
    <failure message="Response doesn&apos;t have ID as a field expected [true] but found [false]" type="java.lang.AssertionError">java.lang.AssertionError: Response doesn't have ID as a field expected [true] but found [false]
	at com.learning.testcases.DeleteCustomerTest.doValidationUsingJSONObject(DeleteCustomerTest.java:51)
	at com.learning.testcases.DeleteCustomerTest.validateDeleteCustomerAPI(DeleteCustomerTest.java:37)
</failure>
    <system-out><![CDATA[{
    "error": {
        "code": "resource_missing",
        "doc_url": "https://stripe.com/docs/error-codes/resource-missing",
        "message": "No such customer: 'cus_IiVP35BcC1aGUh'",
        "param": "id",
        "type": "invalid_request_error"
    }
}
-----------------------------
Validate (using jsonObject) that service reponse has "id" as a field
]]></system-out>
  </testcase>
  <testcase name="validateDeleteCustomerAPI" classname="com.learning.testcases.DeleteCustomerTest" time="0.058">
    <failure message="Response doesn&apos;t have ID as a field expected [true] but found [false]" type="java.lang.AssertionError">java.lang.AssertionError: Response doesn't have ID as a field expected [true] but found [false]
	at com.learning.testcases.DeleteCustomerTest.doValidationUsingJSONObject(DeleteCustomerTest.java:51)
	at com.learning.testcases.DeleteCustomerTest.validateDeleteCustomerAPI(DeleteCustomerTest.java:37)
</failure>
    <system-out><![CDATA[{
    "error": {
        "code": "resource_missing",
        "doc_url": "https://stripe.com/docs/error-codes/resource-missing",
        "message": "No such customer: 'cus_IiVPBsonvf2CGo'",
        "param": "id",
        "type": "invalid_request_error"
    }
}
-----------------------------
Validate (using jsonObject) that service reponse has "id" as a field
]]></system-out>
  </testcase>
  <testcase name="validateDeleteCustomerAPI" classname="com.learning.testcases.DeleteCustomerTest" time="0.005">
    <failure message="Response doesn&apos;t have ID as a field expected [true] but found [false]" type="java.lang.AssertionError">java.lang.AssertionError: Response doesn't have ID as a field expected [true] but found [false]
	at com.learning.testcases.DeleteCustomerTest.doValidationUsingJSONObject(DeleteCustomerTest.java:51)
	at com.learning.testcases.DeleteCustomerTest.validateDeleteCustomerAPI(DeleteCustomerTest.java:37)
</failure>
    <system-out><![CDATA[{
    "error": {
        "code": "resource_missing",
        "doc_url": "https://stripe.com/docs/error-codes/resource-missing",
        "message": "No such customer: 'cus_IiVPEy1uATkDjZ'",
        "param": "id",
        "type": "invalid_request_error"
    }
}
-----------------------------
Validate (using jsonObject) that service reponse has "id" as a field
]]></system-out>
  </testcase>
  <testcase name="validateDeleteCustomerAPI" classname="com.learning.testcases.DeleteCustomerTest" time="0.044">
    <failure message="Response doesn&apos;t have ID as a field expected [true] but found [false]" type="java.lang.AssertionError">java.lang.AssertionError: Response doesn't have ID as a field expected [true] but found [false]
	at com.learning.testcases.DeleteCustomerTest.doValidationUsingJSONObject(DeleteCustomerTest.java:51)
	at com.learning.testcases.DeleteCustomerTest.validateDeleteCustomerAPI(DeleteCustomerTest.java:37)
</failure>
    <system-out><![CDATA[{
    "error": {
        "code": "resource_missing",
        "doc_url": "https://stripe.com/docs/error-codes/resource-missing",
        "message": "No such customer: 'cus_IiVPBwQyFKd6n2'",
        "param": "id",
        "type": "invalid_request_error"
    }
}
-----------------------------
Validate (using jsonObject) that service reponse has "id" as a field
]]></system-out>
  </testcase>
  <testcase name="validateDeleteCustomerAPI" classname="com.learning.testcases.DeleteCustomerTest" time="0.024">
    <failure message="Response doesn&apos;t have ID as a field expected [true] but found [false]" type="java.lang.AssertionError">java.lang.AssertionError: Response doesn't have ID as a field expected [true] but found [false]
	at com.learning.testcases.DeleteCustomerTest.doValidationUsingJSONObject(DeleteCustomerTest.java:51)
	at com.learning.testcases.DeleteCustomerTest.validateDeleteCustomerAPI(DeleteCustomerTest.java:37)
</failure>
    <system-out><![CDATA[{
    "error": {
        "code": "resource_missing",
        "doc_url": "https://stripe.com/docs/error-codes/resource-missing",
        "message": "No such customer: 'cus_IiVPaX1ODrD2qo'",
        "param": "id",
        "type": "invalid_request_error"
    }
}
-----------------------------
Validate (using jsonObject) that service reponse has "id" as a field
]]></system-out>
  </testcase>
  <testcase name="validateDeleteCustomerAPI" classname="com.learning.testcases.DeleteCustomerTest" time="0.002">
    <failure message="Response doesn&apos;t have ID as a field expected [true] but found [false]" type="java.lang.AssertionError">java.lang.AssertionError: Response doesn't have ID as a field expected [true] but found [false]
	at com.learning.testcases.DeleteCustomerTest.doValidationUsingJSONObject(DeleteCustomerTest.java:51)
	at com.learning.testcases.DeleteCustomerTest.validateDeleteCustomerAPI(DeleteCustomerTest.java:37)
</failure>
    <system-out><![CDATA[{
    "error": {
        "code": "resource_missing",
        "doc_url": "https://stripe.com/docs/error-codes/resource-missing",
        "message": "No such customer: 'cus_IiVP7lbPYOsxua'",
        "param": "id",
        "type": "invalid_request_error"
    }
}
-----------------------------
Validate (using jsonObject) that service reponse has "id" as a field
]]></system-out>
  </testcase>
  <testcase name="validateDeleteCustomerAPI" classname="com.learning.testcases.DeleteCustomerTest" time="0.129">
    <failure message="Response doesn&apos;t have ID as a field expected [true] but found [false]" type="java.lang.AssertionError">java.lang.AssertionError: Response doesn't have ID as a field expected [true] but found [false]
	at com.learning.testcases.DeleteCustomerTest.doValidationUsingJSONObject(DeleteCustomerTest.java:51)
	at com.learning.testcases.DeleteCustomerTest.validateDeleteCustomerAPI(DeleteCustomerTest.java:37)
</failure>
    <system-out><![CDATA[{
    "error": {
        "code": "resource_missing",
        "doc_url": "https://stripe.com/docs/error-codes/resource-missing",
        "message": "No such customer: 'cus_IiVPUPOcXyBoNN'",
        "param": "id",
        "type": "invalid_request_error"
    }
}
-----------------------------
Validate (using jsonObject) that service reponse has "id" as a field
{
    "error": {
        "code": "resource_missing",
        "doc_url": "https://stripe.com/docs/error-codes/resource-missing",
        "message": "No such customer: 'cus_IiVPjkwqnk1vsl'",
        "param": "id",
        "type": "invalid_request_error"
    }
}
-----------------------------
Validate (using jsonObject) that service reponse has "id" as a field
]]></system-out>
  </testcase>
  <testcase name="validateDeleteCustomerAPI" classname="com.learning.testcases.DeleteCustomerTest" time="0.129">
    <failure message="Response doesn&apos;t have ID as a field expected [true] but found [false]" type="java.lang.AssertionError">java.lang.AssertionError: Response doesn't have ID as a field expected [true] but found [false]
	at com.learning.testcases.DeleteCustomerTest.doValidationUsingJSONObject(DeleteCustomerTest.java:51)
	at com.learning.testcases.DeleteCustomerTest.validateDeleteCustomerAPI(DeleteCustomerTest.java:37)
</failure>
  </testcase>
  <testcase name="validateDeleteCustomerAPI" classname="com.learning.testcases.DeleteCustomerTest" time="0.872">
    <failure message="Response doesn&apos;t have ID as a field expected [true] but found [false]" type="java.lang.AssertionError">java.lang.AssertionError: Response doesn't have ID as a field expected [true] but found [false]
	at com.learning.testcases.DeleteCustomerTest.doValidationUsingJSONObject(DeleteCustomerTest.java:51)
	at com.learning.testcases.DeleteCustomerTest.validateDeleteCustomerAPI(DeleteCustomerTest.java:37)
</failure>
    <system-out><![CDATA[{
    "error": {
        "code": "resource_missing",
        "doc_url": "https://stripe.com/docs/error-codes/resource-missing",
        "message": "No such customer: 'cus_IiVPX7t64lKB1b'",
        "param": "id",
        "type": "invalid_request_error"
    }
}
-----------------------------
Validate (using jsonObject) that service reponse has "id" as a field
]]></system-out>
  </testcase>
  <testcase name="validateDeleteCustomerAPI" classname="com.learning.testcases.DeleteCustomerTest" time="0.035">
    <failure message="Response doesn&apos;t have ID as a field expected [true] but found [false]" type="java.lang.AssertionError">java.lang.AssertionError: Response doesn't have ID as a field expected [true] but found [false]
	at com.learning.testcases.DeleteCustomerTest.doValidationUsingJSONObject(DeleteCustomerTest.java:51)
	at com.learning.testcases.DeleteCustomerTest.validateDeleteCustomerAPI(DeleteCustomerTest.java:37)
</failure>
    <system-out><![CDATA[{
    "error": {
        "code": "resource_missing",
        "doc_url": "https://stripe.com/docs/error-codes/resource-missing",
        "message": "No such customer: 'cus_IiVPSSTuENpUvm'",
        "param": "id",
        "type": "invalid_request_error"
    }
}
-----------------------------
Validate (using jsonObject) that service reponse has "id" as a field
]]></system-out>
  </testcase>
  <testcase name="validateDeleteCustomerAPI" classname="com.learning.testcases.DeleteCustomerTest" time="0.02">
    <failure message="Response doesn&apos;t have ID as a field expected [true] but found [false]" type="java.lang.AssertionError">java.lang.AssertionError: Response doesn't have ID as a field expected [true] but found [false]
	at com.learning.testcases.DeleteCustomerTest.doValidationUsingJSONObject(DeleteCustomerTest.java:51)
	at com.learning.testcases.DeleteCustomerTest.validateDeleteCustomerAPI(DeleteCustomerTest.java:37)
</failure>
    <system-out><![CDATA[{
    "error": {
        "code": "resource_missing",
        "doc_url": "https://stripe.com/docs/error-codes/resource-missing",
        "message": "No such customer: 'cus_IiVPGovLx9lgT7'",
        "param": "id",
        "type": "invalid_request_error"
    }
}
-----------------------------
Validate (using jsonObject) that service reponse has "id" as a field
]]></system-out>
  </testcase>
  <testcase name="validateDeleteCustomerAPI" classname="com.learning.testcases.DeleteCustomerTest" time="0.003">
    <failure message="Response doesn&apos;t have ID as a field expected [true] but found [false]" type="java.lang.AssertionError">java.lang.AssertionError: Response doesn't have ID as a field expected [true] but found [false]
	at com.learning.testcases.DeleteCustomerTest.doValidationUsingJSONObject(DeleteCustomerTest.java:51)
	at com.learning.testcases.DeleteCustomerTest.validateDeleteCustomerAPI(DeleteCustomerTest.java:37)
</failure>
    <system-out><![CDATA[{
    "error": {
        "code": "resource_missing",
        "doc_url": "https://stripe.com/docs/error-codes/resource-missing",
        "message": "No such customer: 'cus_IiVPaL5ntyil0A'",
        "param": "id",
        "type": "invalid_request_error"
    }
}
-----------------------------
Validate (using jsonObject) that service reponse has "id" as a field
]]></system-out>
  </testcase>
  <testcase name="validateDeleteCustomerAPI" classname="com.learning.testcases.DeleteCustomerTest" time="0">
    <failure message="Response doesn&apos;t have ID as a field expected [true] but found [false]" type="java.lang.AssertionError">java.lang.AssertionError: Response doesn't have ID as a field expected [true] but found [false]
	at com.learning.testcases.DeleteCustomerTest.doValidationUsingJSONObject(DeleteCustomerTest.java:51)
	at com.learning.testcases.DeleteCustomerTest.validateDeleteCustomerAPI(DeleteCustomerTest.java:37)
</failure>
    <system-out><![CDATA[{
    "error": {
        "code": "resource_missing",
        "doc_url": "https://stripe.com/docs/error-codes/resource-missing",
        "message": "No such customer: 'cus_IiVPInIvPEwbLh'",
        "param": "id",
        "type": "invalid_request_error"
    }
}
-----------------------------
Validate (using jsonObject) that service reponse has "id" as a field
]]></system-out>
  </testcase>
  <testcase name="validateDeleteCustomerAPI" classname="com.learning.testcases.DeleteCustomerTest" time="0.024">
    <failure message="Response doesn&apos;t have ID as a field expected [true] but found [false]" type="java.lang.AssertionError">java.lang.AssertionError: Response doesn't have ID as a field expected [true] but found [false]
	at com.learning.testcases.DeleteCustomerTest.doValidationUsingJSONObject(DeleteCustomerTest.java:51)
	at com.learning.testcases.DeleteCustomerTest.validateDeleteCustomerAPI(DeleteCustomerTest.java:37)
</failure>
    <system-out><![CDATA[{
    "error": {
        "code": "resource_missing",
        "doc_url": "https://stripe.com/docs/error-codes/resource-missing",
        "message": "No such customer: 'cus_IiVPn0UZCGDrVh'",
        "param": "id",
        "type": "invalid_request_error"
    }
}
-----------------------------
Validate (using jsonObject) that service reponse has "id" as a field
{
    "error": {
        "code": "resource_missing",
        "doc_url": "https://stripe.com/docs/error-codes/resource-missing",
        "message": "No such customer: 'cus_IiVPbyVKAeFXVg'",
        "param": "id",
        "type": "invalid_request_error"
    }
}
-----------------------------
Validate (using jsonObject) that service reponse has "id" as a field
]]></system-out>
  </testcase>
  <testcase name="validateDeleteCustomerAPI" classname="com.learning.testcases.DeleteCustomerTest" time="0.024">
    <failure message="Response doesn&apos;t have ID as a field expected [true] but found [false]" type="java.lang.AssertionError">java.lang.AssertionError: Response doesn't have ID as a field expected [true] but found [false]
	at com.learning.testcases.DeleteCustomerTest.doValidationUsingJSONObject(DeleteCustomerTest.java:51)
	at com.learning.testcases.DeleteCustomerTest.validateDeleteCustomerAPI(DeleteCustomerTest.java:37)
</failure>
  </testcase>
  <testcase name="validateDeleteCustomerAPI" classname="com.learning.testcases.DeleteCustomerTest" time="0.055">
    <failure message="Response doesn&apos;t have ID as a field expected [true] but found [false]" type="java.lang.AssertionError">java.lang.AssertionError: Response doesn't have ID as a field expected [true] but found [false]
	at com.learning.testcases.DeleteCustomerTest.doValidationUsingJSONObject(DeleteCustomerTest.java:51)
	at com.learning.testcases.DeleteCustomerTest.validateDeleteCustomerAPI(DeleteCustomerTest.java:37)
</failure>
    <system-out><![CDATA[{
    "error": {
        "code": "resource_missing",
        "doc_url": "https://stripe.com/docs/error-codes/resource-missing",
        "message": "No such customer: 'cus_IiVPAKBQhn42vl'",
        "param": "id",
        "type": "invalid_request_error"
    }
}
-----------------------------
Validate (using jsonObject) that service reponse has "id" as a field
]]></system-out>
  </testcase>
  <testcase name="validateDeleteCustomerAPI" classname="com.learning.testcases.DeleteCustomerTest" time="0.05">
    <failure message="Response doesn&apos;t have ID as a field expected [true] but found [false]" type="java.lang.AssertionError">java.lang.AssertionError: Response doesn't have ID as a field expected [true] but found [false]
	at com.learning.testcases.DeleteCustomerTest.doValidationUsingJSONObject(DeleteCustomerTest.java:51)
	at com.learning.testcases.DeleteCustomerTest.validateDeleteCustomerAPI(DeleteCustomerTest.java:37)
</failure>
    <system-out><![CDATA[{
    "error": {
        "code": "resource_missing",
        "doc_url": "https://stripe.com/docs/error-codes/resource-missing",
        "message": "No such customer: 'cus_IiVPcYQZIfBgv8'",
        "param": "id",
        "type": "invalid_request_error"
    }
}
-----------------------------
Validate (using jsonObject) that service reponse has "id" as a field
]]></system-out>
  </testcase>
  <testcase name="validateDeleteCustomerAPI" classname="com.learning.testcases.DeleteCustomerTest" time="0.054">
    <failure message="Response doesn&apos;t have ID as a field expected [true] but found [false]" type="java.lang.AssertionError">java.lang.AssertionError: Response doesn't have ID as a field expected [true] but found [false]
	at com.learning.testcases.DeleteCustomerTest.doValidationUsingJSONObject(DeleteCustomerTest.java:51)
	at com.learning.testcases.DeleteCustomerTest.validateDeleteCustomerAPI(DeleteCustomerTest.java:37)
</failure>
    <system-out><![CDATA[{
    "error": {
        "code": "resource_missing",
        "doc_url": "https://stripe.com/docs/error-codes/resource-missing",
        "message": "No such customer: 'cus_IiVPMRUkVavazR'",
        "param": "id",
        "type": "invalid_request_error"
    }
}
-----------------------------
Validate (using jsonObject) that service reponse has "id" as a field
]]></system-out>
  </testcase>
  <testcase name="validateDeleteCustomerAPI" classname="com.learning.testcases.DeleteCustomerTest" time="0.063">
    <failure message="Response doesn&apos;t have ID as a field expected [true] but found [false]" type="java.lang.AssertionError">java.lang.AssertionError: Response doesn't have ID as a field expected [true] but found [false]
	at com.learning.testcases.DeleteCustomerTest.doValidationUsingJSONObject(DeleteCustomerTest.java:51)
	at com.learning.testcases.DeleteCustomerTest.validateDeleteCustomerAPI(DeleteCustomerTest.java:37)
</failure>
    <system-out><![CDATA[{
    "error": {
        "code": "resource_missing",
        "doc_url": "https://stripe.com/docs/error-codes/resource-missing",
        "message": "No such customer: 'cus_IiVPH7uRbgeQBC'",
        "param": "id",
        "type": "invalid_request_error"
    }
}
-----------------------------
Validate (using jsonObject) that service reponse has "id" as a field
]]></system-out>
  </testcase>
  <testcase name="validateDeleteCustomerAPI" classname="com.learning.testcases.DeleteCustomerTest" time="0.003">
    <failure message="Response doesn&apos;t have ID as a field expected [true] but found [false]" type="java.lang.AssertionError">java.lang.AssertionError: Response doesn't have ID as a field expected [true] but found [false]
	at com.learning.testcases.DeleteCustomerTest.doValidationUsingJSONObject(DeleteCustomerTest.java:51)
	at com.learning.testcases.DeleteCustomerTest.validateDeleteCustomerAPI(DeleteCustomerTest.java:37)
</failure>
    <system-out><![CDATA[{
    "error": {
        "code": "resource_missing",
        "doc_url": "https://stripe.com/docs/error-codes/resource-missing",
        "message": "No such customer: 'cus_IiVPrbPBjjNowc'",
        "param": "id",
        "type": "invalid_request_error"
    }
}
-----------------------------
Validate (using jsonObject) that service reponse has "id" as a field
]]></system-out>
  </testcase>
  <testcase name="validateDeleteCustomerAPI" classname="com.learning.testcases.DeleteCustomerTest" time="0.021">
    <failure message="Response doesn&apos;t have ID as a field expected [true] but found [false]" type="java.lang.AssertionError">java.lang.AssertionError: Response doesn't have ID as a field expected [true] but found [false]
	at com.learning.testcases.DeleteCustomerTest.doValidationUsingJSONObject(DeleteCustomerTest.java:51)
	at com.learning.testcases.DeleteCustomerTest.validateDeleteCustomerAPI(DeleteCustomerTest.java:37)
</failure>
    <system-out><![CDATA[{
    "error": {
        "code": "resource_missing",
        "doc_url": "https://stripe.com/docs/error-codes/resource-missing",
        "message": "No such customer: 'cus_IiVPEKGQqf0T7u'",
        "param": "id",
        "type": "invalid_request_error"
    }
}
-----------------------------
Validate (using jsonObject) that service reponse has "id" as a field
]]></system-out>
  </testcase>
  <testcase name="validateDeleteCustomerAPI" classname="com.learning.testcases.DeleteCustomerTest" time="0.061">
    <failure message="Response doesn&apos;t have ID as a field expected [true] but found [false]" type="java.lang.AssertionError">java.lang.AssertionError: Response doesn't have ID as a field expected [true] but found [false]
	at com.learning.testcases.DeleteCustomerTest.doValidationUsingJSONObject(DeleteCustomerTest.java:51)
	at com.learning.testcases.DeleteCustomerTest.validateDeleteCustomerAPI(DeleteCustomerTest.java:37)
</failure>
    <system-out><![CDATA[{
    "error": {
        "code": "resource_missing",
        "doc_url": "https://stripe.com/docs/error-codes/resource-missing",
        "message": "No such customer: 'cus_IiVPpcILE6X6D0'",
        "param": "id",
        "type": "invalid_request_error"
    }
}
-----------------------------
Validate (using jsonObject) that service reponse has "id" as a field
{
    "error": {
        "code": "resource_missing",
        "doc_url": "https://stripe.com/docs/error-codes/resource-missing",
        "message": "No such customer: 'cus_IiVP7KxMJOUtlc'",
        "param": "id",
        "type": "invalid_request_error"
    }
}
-----------------------------
Validate (using jsonObject) that service reponse has "id" as a field
]]></system-out>
  </testcase>
  <testcase name="validateDeleteCustomerAPI" classname="com.learning.testcases.DeleteCustomerTest" time="0.061">
    <failure message="Response doesn&apos;t have ID as a field expected [true] but found [false]" type="java.lang.AssertionError">java.lang.AssertionError: Response doesn't have ID as a field expected [true] but found [false]
	at com.learning.testcases.DeleteCustomerTest.doValidationUsingJSONObject(DeleteCustomerTest.java:51)
	at com.learning.testcases.DeleteCustomerTest.validateDeleteCustomerAPI(DeleteCustomerTest.java:37)
</failure>
  </testcase>
  <testcase name="validateDeleteCustomerAPI" classname="com.learning.testcases.DeleteCustomerTest" time="0.055">
    <failure message="Response doesn&apos;t have ID as a field expected [true] but found [false]" type="java.lang.AssertionError">java.lang.AssertionError: Response doesn't have ID as a field expected [true] but found [false]
	at com.learning.testcases.DeleteCustomerTest.doValidationUsingJSONObject(DeleteCustomerTest.java:51)
	at com.learning.testcases.DeleteCustomerTest.validateDeleteCustomerAPI(DeleteCustomerTest.java:37)
</failure>
    <system-out><![CDATA[{
    "error": {
        "code": "resource_missing",
        "doc_url": "https://stripe.com/docs/error-codes/resource-missing",
        "message": "No such customer: 'cus_IiVPEZnODlfv4E'",
        "param": "id",
        "type": "invalid_request_error"
    }
}
-----------------------------
Validate (using jsonObject) that service reponse has "id" as a field
]]></system-out>
  </testcase>
  <testcase name="validateDeleteCustomerAPI" classname="com.learning.testcases.DeleteCustomerTest" time="0.022">
    <failure message="Response doesn&apos;t have ID as a field expected [true] but found [false]" type="java.lang.AssertionError">java.lang.AssertionError: Response doesn't have ID as a field expected [true] but found [false]
	at com.learning.testcases.DeleteCustomerTest.doValidationUsingJSONObject(DeleteCustomerTest.java:51)
	at com.learning.testcases.DeleteCustomerTest.validateDeleteCustomerAPI(DeleteCustomerTest.java:37)
</failure>
    <system-out><![CDATA[{
    "error": {
        "code": "resource_missing",
        "doc_url": "https://stripe.com/docs/error-codes/resource-missing",
        "message": "No such customer: 'cus_IiVPxDtcO8hfNJ'",
        "param": "id",
        "type": "invalid_request_error"
    }
}
-----------------------------
Validate (using jsonObject) that service reponse has "id" as a field
]]></system-out>
  </testcase>
  <testcase name="validateDeleteCustomerAPI" classname="com.learning.testcases.DeleteCustomerTest" time="0.161">
    <failure message="Response doesn&apos;t have ID as a field expected [true] but found [false]" type="java.lang.AssertionError">java.lang.AssertionError: Response doesn't have ID as a field expected [true] but found [false]
	at com.learning.testcases.DeleteCustomerTest.doValidationUsingJSONObject(DeleteCustomerTest.java:51)
	at com.learning.testcases.DeleteCustomerTest.validateDeleteCustomerAPI(DeleteCustomerTest.java:37)
</failure>
    <system-out><![CDATA[{
    "error": {
        "code": "resource_missing",
        "doc_url": "https://stripe.com/docs/error-codes/resource-missing",
        "message": "No such customer: 'cus_IiVPmYOtdRONPA'",
        "param": "id",
        "type": "invalid_request_error"
    }
}
-----------------------------
Validate (using jsonObject) that service reponse has "id" as a field
]]></system-out>
  </testcase>
  <testcase name="validateDeleteCustomerAPI" classname="com.learning.testcases.DeleteCustomerTest" time="0.023">
    <failure message="Response doesn&apos;t have ID as a field expected [true] but found [false]" type="java.lang.AssertionError">java.lang.AssertionError: Response doesn't have ID as a field expected [true] but found [false]
	at com.learning.testcases.DeleteCustomerTest.doValidationUsingJSONObject(DeleteCustomerTest.java:51)
	at com.learning.testcases.DeleteCustomerTest.validateDeleteCustomerAPI(DeleteCustomerTest.java:37)
</failure>
    <system-out><![CDATA[{
    "error": {
        "code": "resource_missing",
        "doc_url": "https://stripe.com/docs/error-codes/resource-missing",
        "message": "No such customer: 'cus_IiVPMPbxgonM3T'",
        "param": "id",
        "type": "invalid_request_error"
    }
}
-----------------------------
Validate (using jsonObject) that service reponse has "id" as a field
]]></system-out>
  </testcase>
  <testcase name="validateDeleteCustomerAPI" classname="com.learning.testcases.DeleteCustomerTest" time="0.076">
    <failure message="Response doesn&apos;t have ID as a field expected [true] but found [false]" type="java.lang.AssertionError">java.lang.AssertionError: Response doesn't have ID as a field expected [true] but found [false]
	at com.learning.testcases.DeleteCustomerTest.doValidationUsingJSONObject(DeleteCustomerTest.java:51)
	at com.learning.testcases.DeleteCustomerTest.validateDeleteCustomerAPI(DeleteCustomerTest.java:37)
</failure>
    <system-out><![CDATA[{
    "error": {
        "code": "resource_missing",
        "doc_url": "https://stripe.com/docs/error-codes/resource-missing",
        "message": "No such customer: 'cus_IiVPC8F0w5SDfz'",
        "param": "id",
        "type": "invalid_request_error"
    }
}
-----------------------------
Validate (using jsonObject) that service reponse has "id" as a field
]]></system-out>
  </testcase>
  <testcase name="validateDeleteCustomerAPI" classname="com.learning.testcases.DeleteCustomerTest" time="0.142">
    <failure message="Response doesn&apos;t have ID as a field expected [true] but found [false]" type="java.lang.AssertionError">java.lang.AssertionError: Response doesn't have ID as a field expected [true] but found [false]
	at com.learning.testcases.DeleteCustomerTest.doValidationUsingJSONObject(DeleteCustomerTest.java:51)
	at com.learning.testcases.DeleteCustomerTest.validateDeleteCustomerAPI(DeleteCustomerTest.java:37)
</failure>
    <system-out><![CDATA[{
    "error": {
        "code": "resource_missing",
        "doc_url": "https://stripe.com/docs/error-codes/resource-missing",
        "message": "No such customer: 'cus_IiVPTllV3nwH1U'",
        "param": "id",
        "type": "invalid_request_error"
    }
}
-----------------------------
Validate (using jsonObject) that service reponse has "id" as a field
]]></system-out>
  </testcase>
  <testcase name="validateDeleteCustomerAPI" classname="com.learning.testcases.DeleteCustomerTest" time="0.002">
    <failure message="Response doesn&apos;t have ID as a field expected [true] but found [false]" type="java.lang.AssertionError">java.lang.AssertionError: Response doesn't have ID as a field expected [true] but found [false]
	at com.learning.testcases.DeleteCustomerTest.doValidationUsingJSONObject(DeleteCustomerTest.java:51)
	at com.learning.testcases.DeleteCustomerTest.validateDeleteCustomerAPI(DeleteCustomerTest.java:37)
</failure>
    <system-out><![CDATA[{
    "error": {
        "code": "resource_missing",
        "doc_url": "https://stripe.com/docs/error-codes/resource-missing",
        "message": "No such customer: 'cus_IiVPkdzT2iQVF9'",
        "param": "id",
        "type": "invalid_request_error"
    }
}
-----------------------------
Validate (using jsonObject) that service reponse has "id" as a field
]]></system-out>
  </testcase>
  <testcase name="validateDeleteCustomerAPI" classname="com.learning.testcases.DeleteCustomerTest" time="0.002">
    <failure message="Response doesn&apos;t have ID as a field expected [true] but found [false]" type="java.lang.AssertionError">java.lang.AssertionError: Response doesn't have ID as a field expected [true] but found [false]
	at com.learning.testcases.DeleteCustomerTest.doValidationUsingJSONObject(DeleteCustomerTest.java:51)
	at com.learning.testcases.DeleteCustomerTest.validateDeleteCustomerAPI(DeleteCustomerTest.java:37)
</failure>
    <system-out><![CDATA[{
    "error": {
        "code": "resource_missing",
        "doc_url": "https://stripe.com/docs/error-codes/resource-missing",
        "message": "No such customer: 'cus_IiVPtkEGHk6CSI'",
        "param": "id",
        "type": "invalid_request_error"
    }
}
-----------------------------
Validate (using jsonObject) that service reponse has "id" as a field
]]></system-out>
  </testcase>
  <testcase name="validateDeleteCustomerAPI" classname="com.learning.testcases.DeleteCustomerTest" time="0">
    <failure message="Response doesn&apos;t have ID as a field expected [true] but found [false]" type="java.lang.AssertionError">java.lang.AssertionError: Response doesn't have ID as a field expected [true] but found [false]
	at com.learning.testcases.DeleteCustomerTest.doValidationUsingJSONObject(DeleteCustomerTest.java:51)
	at com.learning.testcases.DeleteCustomerTest.validateDeleteCustomerAPI(DeleteCustomerTest.java:37)
</failure>
    <system-out><![CDATA[{
    "error": {
        "code": "resource_missing",
        "doc_url": "https://stripe.com/docs/error-codes/resource-missing",
        "message": "No such customer: 'cus_IiVPEiXdewurNt'",
        "param": "id",
        "type": "invalid_request_error"
    }
}
-----------------------------
Validate (using jsonObject) that service reponse has "id" as a field
]]></system-out>
  </testcase>
  <testcase name="validateDeleteCustomerAPI" classname="com.learning.testcases.DeleteCustomerTest" time="0.058">
    <failure message="Response doesn&apos;t have ID as a field expected [true] but found [false]" type="java.lang.AssertionError">java.lang.AssertionError: Response doesn't have ID as a field expected [true] but found [false]
	at com.learning.testcases.DeleteCustomerTest.doValidationUsingJSONObject(DeleteCustomerTest.java:51)
	at com.learning.testcases.DeleteCustomerTest.validateDeleteCustomerAPI(DeleteCustomerTest.java:37)
</failure>
    <system-out><![CDATA[{
    "error": {
        "code": "resource_missing",
        "doc_url": "https://stripe.com/docs/error-codes/resource-missing",
        "message": "No such customer: 'cus_IiVPRAnu5Iejg2'",
        "param": "id",
        "type": "invalid_request_error"
    }
}
-----------------------------
Validate (using jsonObject) that service reponse has "id" as a field
{
    "error": {
        "code": "resource_missing",
        "doc_url": "https://stripe.com/docs/error-codes/resource-missing",
        "message": "No such customer: 'cus_IiVPBiSaaZp3dO'",
        "param": "id",
        "type": "invalid_request_error"
    }
}
-----------------------------
Validate (using jsonObject) that service reponse has "id" as a field
]]></system-out>
  </testcase>
  <testcase name="validateDeleteCustomerAPI" classname="com.learning.testcases.DeleteCustomerTest" time="0.058">
    <failure message="Response doesn&apos;t have ID as a field expected [true] but found [false]" type="java.lang.AssertionError">java.lang.AssertionError: Response doesn't have ID as a field expected [true] but found [false]
	at com.learning.testcases.DeleteCustomerTest.doValidationUsingJSONObject(DeleteCustomerTest.java:51)
	at com.learning.testcases.DeleteCustomerTest.validateDeleteCustomerAPI(DeleteCustomerTest.java:37)
</failure>
  </testcase>
  <testcase name="validateDeleteCustomerAPI" classname="com.learning.testcases.DeleteCustomerTest" time="0.049">
    <failure message="Response doesn&apos;t have ID as a field expected [true] but found [false]" type="java.lang.AssertionError">java.lang.AssertionError: Response doesn't have ID as a field expected [true] but found [false]
	at com.learning.testcases.DeleteCustomerTest.doValidationUsingJSONObject(DeleteCustomerTest.java:51)
	at com.learning.testcases.DeleteCustomerTest.validateDeleteCustomerAPI(DeleteCustomerTest.java:37)
</failure>
    <system-out><![CDATA[{
    "error": {
        "code": "resource_missing",
        "doc_url": "https://stripe.com/docs/error-codes/resource-missing",
        "message": "No such customer: 'cus_IiVPk8Yo1VRYU8'",
        "param": "id",
        "type": "invalid_request_error"
    }
}
-----------------------------
Validate (using jsonObject) that service reponse has "id" as a field
]]></system-out>
  </testcase>
  <testcase name="validateDeleteCustomerAPI" classname="com.learning.testcases.DeleteCustomerTest" time="0.21">
    <failure message="Response doesn&apos;t have ID as a field expected [true] but found [false]" type="java.lang.AssertionError">java.lang.AssertionError: Response doesn't have ID as a field expected [true] but found [false]
	at com.learning.testcases.DeleteCustomerTest.doValidationUsingJSONObject(DeleteCustomerTest.java:51)
	at com.learning.testcases.DeleteCustomerTest.validateDeleteCustomerAPI(DeleteCustomerTest.java:37)
</failure>
    <system-out><![CDATA[{
    "error": {
        "code": "resource_missing",
        "doc_url": "https://stripe.com/docs/error-codes/resource-missing",
        "message": "No such customer: 'cus_IiVPfqELMc27cs'",
        "param": "id",
        "type": "invalid_request_error"
    }
}
-----------------------------
Validate (using jsonObject) that service reponse has "id" as a field
]]></system-out>
  </testcase>
  <testcase name="validateDeleteCustomerAPI" classname="com.learning.testcases.DeleteCustomerTest" time="0.101">
    <failure message="Response doesn&apos;t have ID as a field expected [true] but found [false]" type="java.lang.AssertionError">java.lang.AssertionError: Response doesn't have ID as a field expected [true] but found [false]
	at com.learning.testcases.DeleteCustomerTest.doValidationUsingJSONObject(DeleteCustomerTest.java:51)
	at com.learning.testcases.DeleteCustomerTest.validateDeleteCustomerAPI(DeleteCustomerTest.java:37)
</failure>
    <system-out><![CDATA[{
    "error": {
        "code": "resource_missing",
        "doc_url": "https://stripe.com/docs/error-codes/resource-missing",
        "message": "No such customer: 'cus_IiVP73p6I5HvTH'",
        "param": "id",
        "type": "invalid_request_error"
    }
}
-----------------------------
Validate (using jsonObject) that service reponse has "id" as a field
{
    "error": {
        "code": "resource_missing",
        "doc_url": "https://stripe.com/docs/error-codes/resource-missing",
        "message": "No such customer: 'cus_IiVP7KXxC83Q6e'",
        "param": "id",
        "type": "invalid_request_error"
    }
}
-----------------------------
Validate (using jsonObject) that service reponse has "id" as a field
]]></system-out>
  </testcase>
  <testcase name="validateDeleteCustomerAPI" classname="com.learning.testcases.DeleteCustomerTest" time="0.101">
    <failure message="Response doesn&apos;t have ID as a field expected [true] but found [false]" type="java.lang.AssertionError">java.lang.AssertionError: Response doesn't have ID as a field expected [true] but found [false]
	at com.learning.testcases.DeleteCustomerTest.doValidationUsingJSONObject(DeleteCustomerTest.java:51)
	at com.learning.testcases.DeleteCustomerTest.validateDeleteCustomerAPI(DeleteCustomerTest.java:37)
</failure>
  </testcase>
  <testcase name="validateDeleteCustomerAPI" classname="com.learning.testcases.DeleteCustomerTest" time="0.133">
    <failure message="Response doesn&apos;t have ID as a field expected [true] but found [false]" type="java.lang.AssertionError">java.lang.AssertionError: Response doesn't have ID as a field expected [true] but found [false]
	at com.learning.testcases.DeleteCustomerTest.doValidationUsingJSONObject(DeleteCustomerTest.java:51)
	at com.learning.testcases.DeleteCustomerTest.validateDeleteCustomerAPI(DeleteCustomerTest.java:37)
</failure>
    <system-out><![CDATA[{
    "error": {
        "code": "resource_missing",
        "doc_url": "https://stripe.com/docs/error-codes/resource-missing",
        "message": "No such customer: 'cus_IiVP3QdCeejCn0'",
        "param": "id",
        "type": "invalid_request_error"
    }
}
-----------------------------
Validate (using jsonObject) that service reponse has "id" as a field
]]></system-out>
  </testcase>
  <testcase name="validateDeleteCustomerAPI" classname="com.learning.testcases.DeleteCustomerTest" time="0.007">
    <failure message="Response doesn&apos;t have ID as a field expected [true] but found [false]" type="java.lang.AssertionError">java.lang.AssertionError: Response doesn't have ID as a field expected [true] but found [false]
	at com.learning.testcases.DeleteCustomerTest.doValidationUsingJSONObject(DeleteCustomerTest.java:51)
	at com.learning.testcases.DeleteCustomerTest.validateDeleteCustomerAPI(DeleteCustomerTest.java:37)
</failure>
    <system-out><![CDATA[{
    "error": {
        "code": "resource_missing",
        "doc_url": "https://stripe.com/docs/error-codes/resource-missing",
        "message": "No such customer: 'cus_IiVPHVC7c5cQ23'",
        "param": "id",
        "type": "invalid_request_error"
    }
}
-----------------------------
Validate (using jsonObject) that service reponse has "id" as a field
]]></system-out>
  </testcase>
  <testcase name="validateDeleteCustomerAPI" classname="com.learning.testcases.DeleteCustomerTest" time="0.013">
    <failure message="Response doesn&apos;t have ID as a field expected [true] but found [false]" type="java.lang.AssertionError">java.lang.AssertionError: Response doesn't have ID as a field expected [true] but found [false]
	at com.learning.testcases.DeleteCustomerTest.doValidationUsingJSONObject(DeleteCustomerTest.java:51)
	at com.learning.testcases.DeleteCustomerTest.validateDeleteCustomerAPI(DeleteCustomerTest.java:37)
</failure>
    <system-out><![CDATA[{
    "error": {
        "code": "resource_missing",
        "doc_url": "https://stripe.com/docs/error-codes/resource-missing",
        "message": "No such customer: 'cus_IiVPLkBr274LLV'",
        "param": "id",
        "type": "invalid_request_error"
    }
}
-----------------------------
Validate (using jsonObject) that service reponse has "id" as a field
]]></system-out>
  </testcase>
  <testcase name="validateDeleteCustomerAPI" classname="com.learning.testcases.DeleteCustomerTest" time="0.011">
    <failure message="Response doesn&apos;t have ID as a field expected [true] but found [false]" type="java.lang.AssertionError">java.lang.AssertionError: Response doesn't have ID as a field expected [true] but found [false]
	at com.learning.testcases.DeleteCustomerTest.doValidationUsingJSONObject(DeleteCustomerTest.java:51)
	at com.learning.testcases.DeleteCustomerTest.validateDeleteCustomerAPI(DeleteCustomerTest.java:37)
</failure>
    <system-out><![CDATA[{
    "error": {
        "code": "resource_missing",
        "doc_url": "https://stripe.com/docs/error-codes/resource-missing",
        "message": "No such customer: 'cus_IiVPuDNA4fOaIx'",
        "param": "id",
        "type": "invalid_request_error"
    }
}
-----------------------------
Validate (using jsonObject) that service reponse has "id" as a field
]]></system-out>
  </testcase>
  <testcase name="validateDeleteCustomerAPI" classname="com.learning.testcases.DeleteCustomerTest" time="0.175">
    <failure message="Response doesn&apos;t have ID as a field expected [true] but found [false]" type="java.lang.AssertionError">java.lang.AssertionError: Response doesn't have ID as a field expected [true] but found [false]
	at com.learning.testcases.DeleteCustomerTest.doValidationUsingJSONObject(DeleteCustomerTest.java:51)
	at com.learning.testcases.DeleteCustomerTest.validateDeleteCustomerAPI(DeleteCustomerTest.java:37)
</failure>
    <system-out><![CDATA[{
    "error": {
        "code": "resource_missing",
        "doc_url": "https://stripe.com/docs/error-codes/resource-missing",
        "message": "No such customer: 'cus_IiVPUKY9IfIzNa'",
        "param": "id",
        "type": "invalid_request_error"
    }
}
-----------------------------
Validate (using jsonObject) that service reponse has "id" as a field
]]></system-out>
  </testcase>
  <testcase name="validateDeleteCustomerAPI" classname="com.learning.testcases.DeleteCustomerTest" time="0.004">
    <failure message="Response doesn&apos;t have ID as a field expected [true] but found [false]" type="java.lang.AssertionError">java.lang.AssertionError: Response doesn't have ID as a field expected [true] but found [false]
	at com.learning.testcases.DeleteCustomerTest.doValidationUsingJSONObject(DeleteCustomerTest.java:51)
	at com.learning.testcases.DeleteCustomerTest.validateDeleteCustomerAPI(DeleteCustomerTest.java:37)
</failure>
    <system-out><![CDATA[{
    "error": {
        "code": "resource_missing",
        "doc_url": "https://stripe.com/docs/error-codes/resource-missing",
        "message": "No such customer: 'cus_IiVPKe7m74KVd1'",
        "param": "id",
        "type": "invalid_request_error"
    }
}
-----------------------------
Validate (using jsonObject) that service reponse has "id" as a field
]]></system-out>
  </testcase>
  <testcase name="validateDeleteCustomerAPI" classname="com.learning.testcases.DeleteCustomerTest" time="0.026">
    <failure message="Response doesn&apos;t have ID as a field expected [true] but found [false]" type="java.lang.AssertionError">java.lang.AssertionError: Response doesn't have ID as a field expected [true] but found [false]
	at com.learning.testcases.DeleteCustomerTest.doValidationUsingJSONObject(DeleteCustomerTest.java:51)
	at com.learning.testcases.DeleteCustomerTest.validateDeleteCustomerAPI(DeleteCustomerTest.java:37)
</failure>
    <system-out><![CDATA[{
    "error": {
        "code": "resource_missing",
        "doc_url": "https://stripe.com/docs/error-codes/resource-missing",
        "message": "No such customer: 'cus_IiVPEV3T6mToC5'",
        "param": "id",
        "type": "invalid_request_error"
    }
}
-----------------------------
Validate (using jsonObject) that service reponse has "id" as a field
]]></system-out>
  </testcase>
  <testcase name="validateDeleteCustomerAPI" classname="com.learning.testcases.DeleteCustomerTest" time="0.165">
    <failure message="Response doesn&apos;t have ID as a field expected [true] but found [false]" type="java.lang.AssertionError">java.lang.AssertionError: Response doesn't have ID as a field expected [true] but found [false]
	at com.learning.testcases.DeleteCustomerTest.doValidationUsingJSONObject(DeleteCustomerTest.java:51)
	at com.learning.testcases.DeleteCustomerTest.validateDeleteCustomerAPI(DeleteCustomerTest.java:37)
</failure>
    <system-out><![CDATA[{
    "error": {
        "code": "resource_missing",
        "doc_url": "https://stripe.com/docs/error-codes/resource-missing",
        "message": "No such customer: 'Mansi'",
        "param": "id",
        "type": "invalid_request_error"
    }
}
-----------------------------
Validate (using jsonObject) that service reponse has "id" as a field
]]></system-out>
  </testcase>
  <testcase name="validateDeleteCustomerAPI" classname="com.learning.testcases.DeleteCustomerTest" time="0.077">
    <failure message="Response doesn&apos;t have ID as a field expected [true] but found [false]" type="java.lang.AssertionError">java.lang.AssertionError: Response doesn't have ID as a field expected [true] but found [false]
	at com.learning.testcases.DeleteCustomerTest.doValidationUsingJSONObject(DeleteCustomerTest.java:51)
	at com.learning.testcases.DeleteCustomerTest.validateDeleteCustomerAPI(DeleteCustomerTest.java:37)
</failure>
    <system-out><![CDATA[{
    "error": {
        "code": "resource_missing",
        "doc_url": "https://stripe.com/docs/error-codes/resource-missing",
        "message": "No such customer: 'cus_IiVPi4WdtUO3OZ'",
        "param": "id",
        "type": "invalid_request_error"
    }
}
-----------------------------
Validate (using jsonObject) that service reponse has "id" as a field
]]></system-out>
  </testcase>
  <testcase name="validateDeleteCustomerAPI" classname="com.learning.testcases.DeleteCustomerTest" time="0.023">
    <failure message="Response doesn&apos;t have ID as a field expected [true] but found [false]" type="java.lang.AssertionError">java.lang.AssertionError: Response doesn't have ID as a field expected [true] but found [false]
	at com.learning.testcases.DeleteCustomerTest.doValidationUsingJSONObject(DeleteCustomerTest.java:51)
	at com.learning.testcases.DeleteCustomerTest.validateDeleteCustomerAPI(DeleteCustomerTest.java:37)
</failure>
    <system-out><![CDATA[{
    "error": {
        "code": "resource_missing",
        "doc_url": "https://stripe.com/docs/error-codes/resource-missing",
        "message": "No such customer: 'cus_IiVPDdPHyQv4rf'",
        "param": "id",
        "type": "invalid_request_error"
    }
}
-----------------------------
Validate (using jsonObject) that service reponse has "id" as a field
]]></system-out>
  </testcase>
  <testcase name="validateDeleteCustomerAPI" classname="com.learning.testcases.DeleteCustomerTest" time="0.346">
    <failure message="Response doesn&apos;t have ID as a field expected [true] but found [false]" type="java.lang.AssertionError">java.lang.AssertionError: Response doesn't have ID as a field expected [true] but found [false]
	at com.learning.testcases.DeleteCustomerTest.doValidationUsingJSONObject(DeleteCustomerTest.java:51)
	at com.learning.testcases.DeleteCustomerTest.validateDeleteCustomerAPI(DeleteCustomerTest.java:37)
</failure>
    <system-out><![CDATA[{
    "error": {
        "code": "resource_missing",
        "doc_url": "https://stripe.com/docs/error-codes/resource-missing",
        "message": "No such customer: 'cus_IiVPM12HBpfZ4r'",
        "param": "id",
        "type": "invalid_request_error"
    }
}
-----------------------------
Validate (using jsonObject) that service reponse has "id" as a field
]]></system-out>
  </testcase>
  <testcase name="validateDeleteCustomerAPI" classname="com.learning.testcases.DeleteCustomerTest" time="0.01">
    <failure message="Response doesn&apos;t have ID as a field expected [true] but found [false]" type="java.lang.AssertionError">java.lang.AssertionError: Response doesn't have ID as a field expected [true] but found [false]
	at com.learning.testcases.DeleteCustomerTest.doValidationUsingJSONObject(DeleteCustomerTest.java:51)
	at com.learning.testcases.DeleteCustomerTest.validateDeleteCustomerAPI(DeleteCustomerTest.java:37)
</failure>
    <system-out><![CDATA[{
    "error": {
        "code": "resource_missing",
        "doc_url": "https://stripe.com/docs/error-codes/resource-missing",
        "message": "No such customer: 'cus_IiVPVF4ksvI4rb'",
        "param": "id",
        "type": "invalid_request_error"
    }
}
-----------------------------
Validate (using jsonObject) that service reponse has "id" as a field
]]></system-out>
  </testcase>
  <testcase name="validateDeleteCustomerAPI" classname="com.learning.testcases.DeleteCustomerTest" time="0.013">
    <failure message="Response doesn&apos;t have ID as a field expected [true] but found [false]" type="java.lang.AssertionError">java.lang.AssertionError: Response doesn't have ID as a field expected [true] but found [false]
	at com.learning.testcases.DeleteCustomerTest.doValidationUsingJSONObject(DeleteCustomerTest.java:51)
	at com.learning.testcases.DeleteCustomerTest.validateDeleteCustomerAPI(DeleteCustomerTest.java:37)
</failure>
    <system-out><![CDATA[{
    "error": {
        "code": "resource_missing",
        "doc_url": "https://stripe.com/docs/error-codes/resource-missing",
        "message": "No such customer: 'cus_IiVPhDU3nilJ8R'",
        "param": "id",
        "type": "invalid_request_error"
    }
}
-----------------------------
Validate (using jsonObject) that service reponse has "id" as a field
]]></system-out>
  </testcase>
  <testcase name="validateDeleteCustomerAPI" classname="com.learning.testcases.DeleteCustomerTest" time="0.019">
    <failure message="Response doesn&apos;t have ID as a field expected [true] but found [false]" type="java.lang.AssertionError">java.lang.AssertionError: Response doesn't have ID as a field expected [true] but found [false]
	at com.learning.testcases.DeleteCustomerTest.doValidationUsingJSONObject(DeleteCustomerTest.java:51)
	at com.learning.testcases.DeleteCustomerTest.validateDeleteCustomerAPI(DeleteCustomerTest.java:37)
</failure>
    <system-out><![CDATA[{
    "error": {
        "code": "resource_missing",
        "doc_url": "https://stripe.com/docs/error-codes/resource-missing",
        "message": "No such customer: 'cus_IiVP9hIL1LFjF2'",
        "param": "id",
        "type": "invalid_request_error"
    }
}
-----------------------------
Validate (using jsonObject) that service reponse has "id" as a field
]]></system-out>
  </testcase>
  <testcase name="validateDeleteCustomerAPI" classname="com.learning.testcases.DeleteCustomerTest" time="0.16">
    <failure message="Response doesn&apos;t have ID as a field expected [true] but found [false]" type="java.lang.AssertionError">java.lang.AssertionError: Response doesn't have ID as a field expected [true] but found [false]
	at com.learning.testcases.DeleteCustomerTest.doValidationUsingJSONObject(DeleteCustomerTest.java:51)
	at com.learning.testcases.DeleteCustomerTest.validateDeleteCustomerAPI(DeleteCustomerTest.java:37)
</failure>
    <system-out><![CDATA[{
    "error": {
        "code": "resource_missing",
        "doc_url": "https://stripe.com/docs/error-codes/resource-missing",
        "message": "No such customer: 'email'",
        "param": "id",
        "type": "invalid_request_error"
    }
}
-----------------------------
Validate (using jsonObject) that service reponse has "id" as a field
]]></system-out>
  </testcase>
  <testcase name="validateDeleteCustomerAPI" classname="com.learning.testcases.DeleteCustomerTest" time="0.006">
    <failure message="Response doesn&apos;t have ID as a field expected [true] but found [false]" type="java.lang.AssertionError">java.lang.AssertionError: Response doesn't have ID as a field expected [true] but found [false]
	at com.learning.testcases.DeleteCustomerTest.doValidationUsingJSONObject(DeleteCustomerTest.java:51)
	at com.learning.testcases.DeleteCustomerTest.validateDeleteCustomerAPI(DeleteCustomerTest.java:37)
</failure>
    <system-out><![CDATA[{
    "error": {
        "code": "resource_missing",
        "doc_url": "https://stripe.com/docs/error-codes/resource-missing",
        "message": "No such customer: 'description'",
        "param": "id",
        "type": "invalid_request_error"
    }
}
-----------------------------
Validate (using jsonObject) that service reponse has "id" as a field
]]></system-out>
  </testcase>
  <testcase name="validateDeleteCustomerAPI" classname="com.learning.testcases.DeleteCustomerTest" time="0.024">
    <failure message="Response doesn&apos;t have ID as a field expected [true] but found [false]" type="java.lang.AssertionError">java.lang.AssertionError: Response doesn't have ID as a field expected [true] but found [false]
	at com.learning.testcases.DeleteCustomerTest.doValidationUsingJSONObject(DeleteCustomerTest.java:51)
	at com.learning.testcases.DeleteCustomerTest.validateDeleteCustomerAPI(DeleteCustomerTest.java:37)
</failure>
    <system-out><![CDATA[{
    "error": {
        "code": "resource_missing",
        "doc_url": "https://stripe.com/docs/error-codes/resource-missing",
        "message": "No such customer: 'null'",
        "param": "id",
        "type": "invalid_request_error"
    }
}
-----------------------------
Validate (using jsonObject) that service reponse has "id" as a field
]]></system-out>
  </testcase>
  <testcase name="validateDeleteCustomerAPI" classname="com.learning.testcases.DeleteCustomerTest" time="0.129">
    <failure message="Response doesn&apos;t have ID as a field expected [true] but found [false]" type="java.lang.AssertionError">java.lang.AssertionError: Response doesn't have ID as a field expected [true] but found [false]
	at com.learning.testcases.DeleteCustomerTest.doValidationUsingJSONObject(DeleteCustomerTest.java:51)
	at com.learning.testcases.DeleteCustomerTest.validateDeleteCustomerAPI(DeleteCustomerTest.java:37)
</failure>
    <system-out><![CDATA[{
    "error": {
        "code": "resource_missing",
        "doc_url": "https://stripe.com/docs/error-codes/resource-missing",
        "message": "No such customer: 'cus_IiVPeXLSVMUImP'",
        "param": "id",
        "type": "invalid_request_error"
    }
}
-----------------------------
Validate (using jsonObject) that service reponse has "id" as a field
]]></system-out>
  </testcase>
  <testcase name="validateDeleteCustomerAPI" classname="com.learning.testcases.DeleteCustomerTest" time="0.152">
    <failure message="Response doesn&apos;t have ID as a field expected [true] but found [false]" type="java.lang.AssertionError">java.lang.AssertionError: Response doesn't have ID as a field expected [true] but found [false]
	at com.learning.testcases.DeleteCustomerTest.doValidationUsingJSONObject(DeleteCustomerTest.java:51)
	at com.learning.testcases.DeleteCustomerTest.validateDeleteCustomerAPI(DeleteCustomerTest.java:37)
</failure>
    <system-out><![CDATA[{
    "error": {
        "code": "resource_missing",
        "doc_url": "https://stripe.com/docs/error-codes/resource-missing",
        "message": "No such customer: 'cus_IiVP3gGEAjW4U4'",
        "param": "id",
        "type": "invalid_request_error"
    }
}
-----------------------------
Validate (using jsonObject) that service reponse has "id" as a field
]]></system-out>
  </testcase>
  <testcase name="validateDeleteCustomerAPI" classname="com.learning.testcases.DeleteCustomerTest" time="0.023">
    <failure message="Response doesn&apos;t have ID as a field expected [true] but found [false]" type="java.lang.AssertionError">java.lang.AssertionError: Response doesn't have ID as a field expected [true] but found [false]
	at com.learning.testcases.DeleteCustomerTest.doValidationUsingJSONObject(DeleteCustomerTest.java:51)
	at com.learning.testcases.DeleteCustomerTest.validateDeleteCustomerAPI(DeleteCustomerTest.java:37)
</failure>
    <system-out><![CDATA[{
    "error": {
        "code": "resource_missing",
        "doc_url": "https://stripe.com/docs/error-codes/resource-missing",
        "message": "No such customer: 'cus_IiVPofRjSpIIW7'",
        "param": "id",
        "type": "invalid_request_error"
    }
}
-----------------------------
Validate (using jsonObject) that service reponse has "id" as a field
]]></system-out>
  </testcase>
  <testcase name="validateDeleteCustomerAPI" classname="com.learning.testcases.DeleteCustomerTest" time="0.442">
    <failure message="Response doesn&apos;t have ID as a field expected [true] but found [false]" type="java.lang.AssertionError">java.lang.AssertionError: Response doesn't have ID as a field expected [true] but found [false]
	at com.learning.testcases.DeleteCustomerTest.doValidationUsingJSONObject(DeleteCustomerTest.java:51)
	at com.learning.testcases.DeleteCustomerTest.validateDeleteCustomerAPI(DeleteCustomerTest.java:37)
</failure>
    <system-out><![CDATA[{
    "error": {
        "code": "resource_missing",
        "doc_url": "https://stripe.com/docs/error-codes/resource-missing",
        "message": "No such customer: 'cus_IiVPAs39oROMZA'",
        "param": "id",
        "type": "invalid_request_error"
    }
}
-----------------------------
Validate (using jsonObject) that service reponse has "id" as a field
]]></system-out>
  </testcase>
  <testcase name="validateDeleteCustomerAPI" classname="com.learning.testcases.DeleteCustomerTest" time="0.013">
    <failure message="Response doesn&apos;t have ID as a field expected [true] but found [false]" type="java.lang.AssertionError">java.lang.AssertionError: Response doesn't have ID as a field expected [true] but found [false]
	at com.learning.testcases.DeleteCustomerTest.doValidationUsingJSONObject(DeleteCustomerTest.java:51)
	at com.learning.testcases.DeleteCustomerTest.validateDeleteCustomerAPI(DeleteCustomerTest.java:37)
</failure>
    <system-out><![CDATA[{
    "error": {
        "code": "resource_missing",
        "doc_url": "https://stripe.com/docs/error-codes/resource-missing",
        "message": "No such customer: 'email'",
        "param": "id",
        "type": "invalid_request_error"
    }
}
-----------------------------
Validate (using jsonObject) that service reponse has "id" as a field
]]></system-out>
  </testcase>
  <testcase name="validateDeleteCustomerAPI" classname="com.learning.testcases.DeleteCustomerTest" time="0.028">
    <failure message="Response doesn&apos;t have ID as a field expected [true] but found [false]" type="java.lang.AssertionError">java.lang.AssertionError: Response doesn't have ID as a field expected [true] but found [false]
	at com.learning.testcases.DeleteCustomerTest.doValidationUsingJSONObject(DeleteCustomerTest.java:51)
	at com.learning.testcases.DeleteCustomerTest.validateDeleteCustomerAPI(DeleteCustomerTest.java:37)
</failure>
    <system-out><![CDATA[{
    "error": {
        "code": "resource_missing",
        "doc_url": "https://stripe.com/docs/error-codes/resource-missing",
        "message": "No such customer: 'description'",
        "param": "id",
        "type": "invalid_request_error"
    }
}
-----------------------------
Validate (using jsonObject) that service reponse has "id" as a field
]]></system-out>
  </testcase>
  <testcase name="validateDeleteCustomerAPI" classname="com.learning.testcases.DeleteCustomerTest" time="0.04">
    <failure message="Response doesn&apos;t have ID as a field expected [true] but found [false]" type="java.lang.AssertionError">java.lang.AssertionError: Response doesn't have ID as a field expected [true] but found [false]
	at com.learning.testcases.DeleteCustomerTest.doValidationUsingJSONObject(DeleteCustomerTest.java:51)
	at com.learning.testcases.DeleteCustomerTest.validateDeleteCustomerAPI(DeleteCustomerTest.java:37)
</failure>
    <system-out><![CDATA[{
    "error": {
        "code": "resource_missing",
        "doc_url": "https://stripe.com/docs/error-codes/resource-missing",
        "message": "No such customer: 'cus_IiVPQ7ZPAXePYe'",
        "param": "id",
        "type": "invalid_request_error"
    }
}
-----------------------------
Validate (using jsonObject) that service reponse has "id" as a field
]]></system-out>
  </testcase>
  <testcase name="validateDeleteCustomerAPI" classname="com.learning.testcases.DeleteCustomerTest" time="0.106">
    <failure message="Response doesn&apos;t have ID as a field expected [true] but found [false]" type="java.lang.AssertionError">java.lang.AssertionError: Response doesn't have ID as a field expected [true] but found [false]
	at com.learning.testcases.DeleteCustomerTest.doValidationUsingJSONObject(DeleteCustomerTest.java:51)
	at com.learning.testcases.DeleteCustomerTest.validateDeleteCustomerAPI(DeleteCustomerTest.java:37)
</failure>
    <system-out><![CDATA[{
    "error": {
        "code": "resource_missing",
        "doc_url": "https://stripe.com/docs/error-codes/resource-missing",
        "message": "No such customer: 'cus_IiVPtHEZoJKQam'",
        "param": "id",
        "type": "invalid_request_error"
    }
}
-----------------------------
Validate (using jsonObject) that service reponse has "id" as a field
]]></system-out>
  </testcase>
  <testcase name="validateDeleteCustomerAPI" classname="com.learning.testcases.DeleteCustomerTest" time="0.019">
    <failure message="Response doesn&apos;t have ID as a field expected [true] but found [false]" type="java.lang.AssertionError">java.lang.AssertionError: Response doesn't have ID as a field expected [true] but found [false]
	at com.learning.testcases.DeleteCustomerTest.doValidationUsingJSONObject(DeleteCustomerTest.java:51)
	at com.learning.testcases.DeleteCustomerTest.validateDeleteCustomerAPI(DeleteCustomerTest.java:37)
</failure>
    <system-out><![CDATA[{
    "error": {
        "code": "resource_missing",
        "doc_url": "https://stripe.com/docs/error-codes/resource-missing",
        "message": "No such customer: 'cus_IiVPvcebONrkvl'",
        "param": "id",
        "type": "invalid_request_error"
    }
}
-----------------------------
Validate (using jsonObject) that service reponse has "id" as a field
]]></system-out>
  </testcase>
  <testcase name="validateDeleteCustomerAPI" classname="com.learning.testcases.DeleteCustomerTest" time="0.028">
    <failure message="Response doesn&apos;t have ID as a field expected [true] but found [false]" type="java.lang.AssertionError">java.lang.AssertionError: Response doesn't have ID as a field expected [true] but found [false]
	at com.learning.testcases.DeleteCustomerTest.doValidationUsingJSONObject(DeleteCustomerTest.java:51)
	at com.learning.testcases.DeleteCustomerTest.validateDeleteCustomerAPI(DeleteCustomerTest.java:37)
</failure>
    <system-out><![CDATA[{
    "error": {
        "code": "resource_missing",
        "doc_url": "https://stripe.com/docs/error-codes/resource-missing",
        "message": "No such customer: 'cus_IiVPGr2uwVnFnj'",
        "param": "id",
        "type": "invalid_request_error"
    }
}
-----------------------------
Validate (using jsonObject) that service reponse has "id" as a field
]]></system-out>
  </testcase>
  <testcase name="validateDeleteCustomerAPI" classname="com.learning.testcases.DeleteCustomerTest" time="0.088">
    <failure message="Response doesn&apos;t have ID as a field expected [true] but found [false]" type="java.lang.AssertionError">java.lang.AssertionError: Response doesn't have ID as a field expected [true] but found [false]
	at com.learning.testcases.DeleteCustomerTest.doValidationUsingJSONObject(DeleteCustomerTest.java:51)
	at com.learning.testcases.DeleteCustomerTest.validateDeleteCustomerAPI(DeleteCustomerTest.java:37)
</failure>
    <system-out><![CDATA[{
    "error": {
        "code": "resource_missing",
        "doc_url": "https://stripe.com/docs/error-codes/resource-missing",
        "message": "No such customer: 'cus_IiVPsin6i8C009'",
        "param": "id",
        "type": "invalid_request_error"
    }
}
-----------------------------
Validate (using jsonObject) that service reponse has "id" as a field
]]></system-out>
  </testcase>
  <testcase name="validateDeleteCustomerAPI" classname="com.learning.testcases.DeleteCustomerTest" time="0.01">
    <failure message="Response doesn&apos;t have ID as a field expected [true] but found [false]" type="java.lang.AssertionError">java.lang.AssertionError: Response doesn't have ID as a field expected [true] but found [false]
	at com.learning.testcases.DeleteCustomerTest.doValidationUsingJSONObject(DeleteCustomerTest.java:51)
	at com.learning.testcases.DeleteCustomerTest.validateDeleteCustomerAPI(DeleteCustomerTest.java:37)
</failure>
    <system-out><![CDATA[{
    "error": {
        "code": "resource_missing",
        "doc_url": "https://stripe.com/docs/error-codes/resource-missing",
        "message": "No such customer: 'cus_IiVPb4rItKEVrv'",
        "param": "id",
        "type": "invalid_request_error"
    }
}
-----------------------------
Validate (using jsonObject) that service reponse has "id" as a field
]]></system-out>
  </testcase>
  <testcase name="validateDeleteCustomerAPI" classname="com.learning.testcases.DeleteCustomerTest" time="0.018">
    <failure message="Response doesn&apos;t have ID as a field expected [true] but found [false]" type="java.lang.AssertionError">java.lang.AssertionError: Response doesn't have ID as a field expected [true] but found [false]
	at com.learning.testcases.DeleteCustomerTest.doValidationUsingJSONObject(DeleteCustomerTest.java:51)
	at com.learning.testcases.DeleteCustomerTest.validateDeleteCustomerAPI(DeleteCustomerTest.java:37)
</failure>
    <system-out><![CDATA[{
    "error": {
        "code": "resource_missing",
        "doc_url": "https://stripe.com/docs/error-codes/resource-missing",
        "message": "No such customer: 'cus_IiVP817aQPhZdZ'",
        "param": "id",
        "type": "invalid_request_error"
    }
}
-----------------------------
Validate (using jsonObject) that service reponse has "id" as a field
]]></system-out>
  </testcase>
  <testcase name="validateDeleteCustomerAPI" classname="com.learning.testcases.DeleteCustomerTest" time="0.612">
    <failure message="Response doesn&apos;t have ID as a field expected [true] but found [false]" type="java.lang.AssertionError">java.lang.AssertionError: Response doesn't have ID as a field expected [true] but found [false]
	at com.learning.testcases.DeleteCustomerTest.doValidationUsingJSONObject(DeleteCustomerTest.java:51)
	at com.learning.testcases.DeleteCustomerTest.validateDeleteCustomerAPI(DeleteCustomerTest.java:37)
</failure>
    <system-out><![CDATA[{
    "error": {
        "code": "resource_missing",
        "doc_url": "https://stripe.com/docs/error-codes/resource-missing",
        "message": "No such customer: 'null'",
        "param": "id",
        "type": "invalid_request_error"
    }
}
-----------------------------
Validate (using jsonObject) that service reponse has "id" as a field
]]></system-out>
  </testcase>
  <testcase name="validateDeleteCustomerAPI" classname="com.learning.testcases.DeleteCustomerTest" time="0.016">
    <failure message="Response doesn&apos;t have ID as a field expected [true] but found [false]" type="java.lang.AssertionError">java.lang.AssertionError: Response doesn't have ID as a field expected [true] but found [false]
	at com.learning.testcases.DeleteCustomerTest.doValidationUsingJSONObject(DeleteCustomerTest.java:51)
	at com.learning.testcases.DeleteCustomerTest.validateDeleteCustomerAPI(DeleteCustomerTest.java:37)
</failure>
    <system-out><![CDATA[{
    "error": {
        "code": "resource_missing",
        "doc_url": "https://stripe.com/docs/error-codes/resource-missing",
        "message": "No such customer: 'cus_IiVP2h0mzn01GI'",
        "param": "id",
        "type": "invalid_request_error"
    }
}
-----------------------------
Validate (using jsonObject) that service reponse has "id" as a field
]]></system-out>
  </testcase>
  <testcase name="validateDeleteCustomerAPI" classname="com.learning.testcases.DeleteCustomerTest" time="0.013">
    <failure message="Response doesn&apos;t have ID as a field expected [true] but found [false]" type="java.lang.AssertionError">java.lang.AssertionError: Response doesn't have ID as a field expected [true] but found [false]
	at com.learning.testcases.DeleteCustomerTest.doValidationUsingJSONObject(DeleteCustomerTest.java:51)
	at com.learning.testcases.DeleteCustomerTest.validateDeleteCustomerAPI(DeleteCustomerTest.java:37)
</failure>
    <system-out><![CDATA[{
    "error": {
        "code": "resource_missing",
        "doc_url": "https://stripe.com/docs/error-codes/resource-missing",
        "message": "No such customer: 'description'",
        "param": "id",
        "type": "invalid_request_error"
    }
}
-----------------------------
Validate (using jsonObject) that service reponse has "id" as a field
]]></system-out>
  </testcase>
  <testcase name="validateDeleteCustomerAPI" classname="com.learning.testcases.DeleteCustomerTest" time="0.039">
    <failure message="Response doesn&apos;t have ID as a field expected [true] but found [false]" type="java.lang.AssertionError">java.lang.AssertionError: Response doesn't have ID as a field expected [true] but found [false]
	at com.learning.testcases.DeleteCustomerTest.doValidationUsingJSONObject(DeleteCustomerTest.java:51)
	at com.learning.testcases.DeleteCustomerTest.validateDeleteCustomerAPI(DeleteCustomerTest.java:37)
</failure>
    <system-out><![CDATA[{
    "error": {
        "code": "resource_missing",
        "doc_url": "https://stripe.com/docs/error-codes/resource-missing",
        "message": "No such customer: 'cus_IiVPUrkandLdZF'",
        "param": "id",
        "type": "invalid_request_error"
    }
}
-----------------------------
Validate (using jsonObject) that service reponse has "id" as a field
]]></system-out>
  </testcase>
  <testcase name="validateDeleteCustomerAPI" classname="com.learning.testcases.DeleteCustomerTest" time="0.081">
    <failure message="Response doesn&apos;t have ID as a field expected [true] but found [false]" type="java.lang.AssertionError">java.lang.AssertionError: Response doesn't have ID as a field expected [true] but found [false]
	at com.learning.testcases.DeleteCustomerTest.doValidationUsingJSONObject(DeleteCustomerTest.java:51)
	at com.learning.testcases.DeleteCustomerTest.validateDeleteCustomerAPI(DeleteCustomerTest.java:37)
</failure>
    <system-out><![CDATA[{
    "error": {
        "code": "resource_missing",
        "doc_url": "https://stripe.com/docs/error-codes/resource-missing",
        "message": "No such customer: 'cus_IiVP1V7RTmBR3s'",
        "param": "id",
        "type": "invalid_request_error"
    }
}
-----------------------------
Validate (using jsonObject) that service reponse has "id" as a field
]]></system-out>
  </testcase>
  <testcase name="validateDeleteCustomerAPI" classname="com.learning.testcases.DeleteCustomerTest" time="0.043">
    <failure message="Response doesn&apos;t have ID as a field expected [true] but found [false]" type="java.lang.AssertionError">java.lang.AssertionError: Response doesn't have ID as a field expected [true] but found [false]
	at com.learning.testcases.DeleteCustomerTest.doValidationUsingJSONObject(DeleteCustomerTest.java:51)
	at com.learning.testcases.DeleteCustomerTest.validateDeleteCustomerAPI(DeleteCustomerTest.java:37)
</failure>
    <system-out><![CDATA[{
    "error": {
        "code": "resource_missing",
        "doc_url": "https://stripe.com/docs/error-codes/resource-missing",
        "message": "No such customer: 'Mansi - Adding the Third Customer in Framework'",
        "param": "id",
        "type": "invalid_request_error"
    }
}
-----------------------------
Validate (using jsonObject) that service reponse has "id" as a field
]]></system-out>
  </testcase>
  <testcase name="validateDeleteCustomerAPI" classname="com.learning.testcases.DeleteCustomerTest" time="0.035">
    <failure message="Response doesn&apos;t have ID as a field expected [true] but found [false]" type="java.lang.AssertionError">java.lang.AssertionError: Response doesn't have ID as a field expected [true] but found [false]
	at com.learning.testcases.DeleteCustomerTest.doValidationUsingJSONObject(DeleteCustomerTest.java:51)
	at com.learning.testcases.DeleteCustomerTest.validateDeleteCustomerAPI(DeleteCustomerTest.java:37)
</failure>
  </testcase>
  <testcase name="validateDeleteCustomerAPI" classname="com.learning.testcases.DeleteCustomerTest" time="0.004">
    <failure message="Response doesn&apos;t have ID as a field expected [true] but found [false]" type="java.lang.AssertionError">java.lang.AssertionError: Response doesn't have ID as a field expected [true] but found [false]
	at com.learning.testcases.DeleteCustomerTest.doValidationUsingJSONObject(DeleteCustomerTest.java:51)
	at com.learning.testcases.DeleteCustomerTest.validateDeleteCustomerAPI(DeleteCustomerTest.java:37)
</failure>
    <system-out><![CDATA[{
    "error": {
        "code": "resource_missing",
        "doc_url": "https://stripe.com/docs/error-codes/resource-missing",
        "message": "No such customer: 'cus_IiVPFQ6DYTkD11'",
        "param": "id",
        "type": "invalid_request_error"
    }
}
-----------------------------
Validate (using jsonObject) that service reponse has "id" as a field
]]></system-out>
  </testcase>
  <testcase name="validateDeleteCustomerAPI" classname="com.learning.testcases.DeleteCustomerTest" time="0.167">
    <failure message="Response doesn&apos;t have ID as a field expected [true] but found [false]" type="java.lang.AssertionError">java.lang.AssertionError: Response doesn't have ID as a field expected [true] but found [false]
	at com.learning.testcases.DeleteCustomerTest.doValidationUsingJSONObject(DeleteCustomerTest.java:51)
	at com.learning.testcases.DeleteCustomerTest.validateDeleteCustomerAPI(DeleteCustomerTest.java:37)
</failure>
  </testcase>
  <testcase name="validateDeleteCustomerAPI" classname="com.learning.testcases.DeleteCustomerTest" time="0.047">
    <failure message="Response doesn&apos;t have ID as a field expected [true] but found [false]" type="java.lang.AssertionError">java.lang.AssertionError: Response doesn't have ID as a field expected [true] but found [false]
	at com.learning.testcases.DeleteCustomerTest.doValidationUsingJSONObject(DeleteCustomerTest.java:51)
	at com.learning.testcases.DeleteCustomerTest.validateDeleteCustomerAPI(DeleteCustomerTest.java:37)
</failure>
    <system-out><![CDATA[{
    "error": {
        "code": "resource_missing",
        "doc_url": "https://stripe.com/docs/error-codes/resource-missing",
        "message": "No such customer: 'cus_IiVPGHP4DinQ5O'",
        "param": "id",
        "type": "invalid_request_error"
    }
}
-----------------------------
Validate (using jsonObject) that service reponse has "id" as a field
]]></system-out>
  </testcase>
  <testcase name="validateDeleteCustomerAPI" classname="com.learning.testcases.DeleteCustomerTest" time="0.008">
    <failure message="Response doesn&apos;t have ID as a field expected [true] but found [false]" type="java.lang.AssertionError">java.lang.AssertionError: Response doesn't have ID as a field expected [true] but found [false]
	at com.learning.testcases.DeleteCustomerTest.doValidationUsingJSONObject(DeleteCustomerTest.java:51)
	at com.learning.testcases.DeleteCustomerTest.validateDeleteCustomerAPI(DeleteCustomerTest.java:37)
</failure>
    <system-out><![CDATA[{
    "error": {
        "code": "resource_missing",
        "doc_url": "https://stripe.com/docs/error-codes/resource-missing",
        "message": "No such customer: 'cus_IiVPUBJ0dOtcSf'",
        "param": "id",
        "type": "invalid_request_error"
    }
}
-----------------------------
Validate (using jsonObject) that service reponse has "id" as a field
]]></system-out>
  </testcase>
  <testcase name="validateDeleteCustomerAPI" classname="com.learning.testcases.DeleteCustomerTest" time="0.011">
    <failure message="Response doesn&apos;t have ID as a field expected [true] but found [false]" type="java.lang.AssertionError">java.lang.AssertionError: Response doesn't have ID as a field expected [true] but found [false]
	at com.learning.testcases.DeleteCustomerTest.doValidationUsingJSONObject(DeleteCustomerTest.java:51)
	at com.learning.testcases.DeleteCustomerTest.validateDeleteCustomerAPI(DeleteCustomerTest.java:37)
</failure>
    <system-out><![CDATA[{
    "error": {
        "code": "resource_missing",
        "doc_url": "https://stripe.com/docs/error-codes/resource-missing",
        "message": "No such customer: 'cus_IiVPy3tU1zNgE2'",
        "param": "id",
        "type": "invalid_request_error"
    }
}
-----------------------------
Validate (using jsonObject) that service reponse has "id" as a field
{
    "error": {
        "code": "resource_missing",
        "doc_url": "https://stripe.com/docs/error-codes/resource-missing",
        "message": "No such customer: 'shweta@gmail.com'",
        "param": "id",
        "type": "invalid_request_error"
    }
}
-----------------------------
Validate (using jsonObject) that service reponse has "id" as a field
]]></system-out>
  </testcase>
  <testcase name="validateDeleteCustomerAPI" classname="com.learning.testcases.DeleteCustomerTest" time="0.011">
    <failure message="Response doesn&apos;t have ID as a field expected [true] but found [false]" type="java.lang.AssertionError">java.lang.AssertionError: Response doesn't have ID as a field expected [true] but found [false]
	at com.learning.testcases.DeleteCustomerTest.doValidationUsingJSONObject(DeleteCustomerTest.java:51)
	at com.learning.testcases.DeleteCustomerTest.validateDeleteCustomerAPI(DeleteCustomerTest.java:37)
</failure>
  </testcase>
  <testcase name="validateDeleteCustomerAPI" classname="com.learning.testcases.DeleteCustomerTest" time="0.011">
    <failure message="Response doesn&apos;t have ID as a field expected [true] but found [false]" type="java.lang.AssertionError">java.lang.AssertionError: Response doesn't have ID as a field expected [true] but found [false]
	at com.learning.testcases.DeleteCustomerTest.doValidationUsingJSONObject(DeleteCustomerTest.java:51)
	at com.learning.testcases.DeleteCustomerTest.validateDeleteCustomerAPI(DeleteCustomerTest.java:37)
</failure>
    <system-out><![CDATA[{
    "error": {
        "code": "resource_missing",
        "doc_url": "https://stripe.com/docs/error-codes/resource-missing",
        "message": "No such customer: 'null'",
        "param": "id",
        "type": "invalid_request_error"
    }
}
-----------------------------
Validate (using jsonObject) that service reponse has "id" as a field
]]></system-out>
  </testcase>
  <testcase name="validateDeleteCustomerAPI" classname="com.learning.testcases.DeleteCustomerTest" time="0.024">
    <failure message="Response doesn&apos;t have ID as a field expected [true] but found [false]" type="java.lang.AssertionError">java.lang.AssertionError: Response doesn't have ID as a field expected [true] but found [false]
	at com.learning.testcases.DeleteCustomerTest.doValidationUsingJSONObject(DeleteCustomerTest.java:51)
	at com.learning.testcases.DeleteCustomerTest.validateDeleteCustomerAPI(DeleteCustomerTest.java:37)
</failure>
    <system-out><![CDATA[{
    "error": {
        "code": "resource_missing",
        "doc_url": "https://stripe.com/docs/error-codes/resource-missing",
        "message": "No such customer: 'name'",
        "param": "id",
        "type": "invalid_request_error"
    }
}
-----------------------------
Validate (using jsonObject) that service reponse has "id" as a field
]]></system-out>
  </testcase>
  <testcase name="validateDeleteCustomerAPI" classname="com.learning.testcases.DeleteCustomerTest" time="0.032">
    <failure message="Response doesn&apos;t have ID as a field expected [true] but found [false]" type="java.lang.AssertionError">java.lang.AssertionError: Response doesn't have ID as a field expected [true] but found [false]
	at com.learning.testcases.DeleteCustomerTest.doValidationUsingJSONObject(DeleteCustomerTest.java:51)
	at com.learning.testcases.DeleteCustomerTest.validateDeleteCustomerAPI(DeleteCustomerTest.java:37)
</failure>
    <system-out><![CDATA[{
    "error": {
        "code": "resource_missing",
        "doc_url": "https://stripe.com/docs/error-codes/resource-missing",
        "message": "No such customer: 'email'",
        "param": "id",
        "type": "invalid_request_error"
    }
}
-----------------------------
Validate (using jsonObject) that service reponse has "id" as a field
]]></system-out>
  </testcase>
  <testcase name="validateDeleteCustomerAPI" classname="com.learning.testcases.DeleteCustomerTest" time="0.019">
    <failure message="Response doesn&apos;t have ID as a field expected [true] but found [false]" type="java.lang.AssertionError">java.lang.AssertionError: Response doesn't have ID as a field expected [true] but found [false]
	at com.learning.testcases.DeleteCustomerTest.doValidationUsingJSONObject(DeleteCustomerTest.java:51)
	at com.learning.testcases.DeleteCustomerTest.validateDeleteCustomerAPI(DeleteCustomerTest.java:37)
</failure>
    <system-out><![CDATA[{
    "error": {
        "code": "resource_missing",
        "doc_url": "https://stripe.com/docs/error-codes/resource-missing",
        "message": "No such customer: 'description'",
        "param": "id",
        "type": "invalid_request_error"
    }
}
-----------------------------
Validate (using jsonObject) that service reponse has "id" as a field
]]></system-out>
  </testcase>
  <testcase name="validateDeleteCustomerAPI" classname="com.learning.testcases.DeleteCustomerTest" time="0.022">
    <failure message="Response doesn&apos;t have ID as a field expected [true] but found [false]" type="java.lang.AssertionError">java.lang.AssertionError: Response doesn't have ID as a field expected [true] but found [false]
	at com.learning.testcases.DeleteCustomerTest.doValidationUsingJSONObject(DeleteCustomerTest.java:51)
	at com.learning.testcases.DeleteCustomerTest.validateDeleteCustomerAPI(DeleteCustomerTest.java:37)
</failure>
    <system-out><![CDATA[{
    "error": {
        "code": "resource_missing",
        "doc_url": "https://stripe.com/docs/error-codes/resource-missing",
        "message": "No such customer: 'email'",
        "param": "id",
        "type": "invalid_request_error"
    }
}
-----------------------------
Validate (using jsonObject) that service reponse has "id" as a field
]]></system-out>
  </testcase>
  <testcase name="validateDeleteCustomerAPI" classname="com.learning.testcases.DeleteCustomerTest" time="0.002">
    <failure message="Response doesn&apos;t have ID as a field expected [true] but found [false]" type="java.lang.AssertionError">java.lang.AssertionError: Response doesn't have ID as a field expected [true] but found [false]
	at com.learning.testcases.DeleteCustomerTest.doValidationUsingJSONObject(DeleteCustomerTest.java:51)
	at com.learning.testcases.DeleteCustomerTest.validateDeleteCustomerAPI(DeleteCustomerTest.java:37)
</failure>
    <system-out><![CDATA[{
    "error": {
        "code": "resource_missing",
        "doc_url": "https://stripe.com/docs/error-codes/resource-missing",
        "message": "No such customer: 'cus_IiVPpfWpKoOOhB'",
        "param": "id",
        "type": "invalid_request_error"
    }
}
-----------------------------
Validate (using jsonObject) that service reponse has "id" as a field
]]></system-out>
  </testcase>
  <testcase name="validateDeleteCustomerAPI" classname="com.learning.testcases.DeleteCustomerTest" time="0.048">
    <failure message="Response doesn&apos;t have ID as a field expected [true] but found [false]" type="java.lang.AssertionError">java.lang.AssertionError: Response doesn't have ID as a field expected [true] but found [false]
	at com.learning.testcases.DeleteCustomerTest.doValidationUsingJSONObject(DeleteCustomerTest.java:51)
	at com.learning.testcases.DeleteCustomerTest.validateDeleteCustomerAPI(DeleteCustomerTest.java:37)
</failure>
    <system-out><![CDATA[{
    "error": {
        "code": "resource_missing",
        "doc_url": "https://stripe.com/docs/error-codes/resource-missing",
        "message": "No such customer: 'null'",
        "param": "id",
        "type": "invalid_request_error"
    }
}
-----------------------------
Validate (using jsonObject) that service reponse has "id" as a field
]]></system-out>
  </testcase>
  <testcase name="validateDeleteCustomerAPI" classname="com.learning.testcases.DeleteCustomerTest" time="0.061">
    <failure message="Response doesn&apos;t have ID as a field expected [true] but found [false]" type="java.lang.AssertionError">java.lang.AssertionError: Response doesn't have ID as a field expected [true] but found [false]
	at com.learning.testcases.DeleteCustomerTest.doValidationUsingJSONObject(DeleteCustomerTest.java:51)
	at com.learning.testcases.DeleteCustomerTest.validateDeleteCustomerAPI(DeleteCustomerTest.java:37)
</failure>
    <system-out><![CDATA[{
    "error": {
        "code": "resource_missing",
        "doc_url": "https://stripe.com/docs/error-codes/resource-missing",
        "message": "No such customer: 'cus_IiVPg3auU15zuQ'",
        "param": "id",
        "type": "invalid_request_error"
    }
}
-----------------------------
Validate (using jsonObject) that service reponse has "id" as a field
]]></system-out>
  </testcase>
  <testcase name="validateDeleteCustomerAPI" classname="com.learning.testcases.DeleteCustomerTest" time="0.043">
    <failure message="Response doesn&apos;t have ID as a field expected [true] but found [false]" type="java.lang.AssertionError">java.lang.AssertionError: Response doesn't have ID as a field expected [true] but found [false]
	at com.learning.testcases.DeleteCustomerTest.doValidationUsingJSONObject(DeleteCustomerTest.java:51)
	at com.learning.testcases.DeleteCustomerTest.validateDeleteCustomerAPI(DeleteCustomerTest.java:37)
</failure>
    <system-out><![CDATA[{
    "error": {
        "code": "resource_missing",
        "doc_url": "https://stripe.com/docs/error-codes/resource-missing",
        "message": "No such customer: 'Ritika - Adding the fourth Customer in framework'",
        "param": "id",
        "type": "invalid_request_error"
    }
}
-----------------------------
Validate (using jsonObject) that service reponse has "id" as a field
]]></system-out>
  </testcase>
  <testcase name="validateDeleteCustomerAPI" classname="com.learning.testcases.DeleteCustomerTest" time="0.012">
    <failure message="Response doesn&apos;t have ID as a field expected [true] but found [false]" type="java.lang.AssertionError">java.lang.AssertionError: Response doesn't have ID as a field expected [true] but found [false]
	at com.learning.testcases.DeleteCustomerTest.doValidationUsingJSONObject(DeleteCustomerTest.java:51)
	at com.learning.testcases.DeleteCustomerTest.validateDeleteCustomerAPI(DeleteCustomerTest.java:37)
</failure>
    <system-out><![CDATA[{
    "error": {
        "code": "resource_missing",
        "doc_url": "https://stripe.com/docs/error-codes/resource-missing",
        "message": "No such customer: 'cus_IiVPi6BfkkPtJW'",
        "param": "id",
        "type": "invalid_request_error"
    }
}
-----------------------------
Validate (using jsonObject) that service reponse has "id" as a field
]]></system-out>
  </testcase>
  <testcase name="validateDeleteCustomerAPI" classname="com.learning.testcases.DeleteCustomerTest" time="0.022">
    <failure message="Response doesn&apos;t have ID as a field expected [true] but found [false]" type="java.lang.AssertionError">java.lang.AssertionError: Response doesn't have ID as a field expected [true] but found [false]
	at com.learning.testcases.DeleteCustomerTest.doValidationUsingJSONObject(DeleteCustomerTest.java:51)
	at com.learning.testcases.DeleteCustomerTest.validateDeleteCustomerAPI(DeleteCustomerTest.java:37)
</failure>
    <system-out><![CDATA[{
    "error": {
        "code": "resource_missing",
        "doc_url": "https://stripe.com/docs/error-codes/resource-missing",
        "message": "No such customer: 'email'",
        "param": "id",
        "type": "invalid_request_error"
    }
}
-----------------------------
Validate (using jsonObject) that service reponse has "id" as a field
]]></system-out>
  </testcase>
  <testcase name="validateDeleteCustomerAPI" classname="com.learning.testcases.DeleteCustomerTest" time="0.018">
    <failure message="Response doesn&apos;t have ID as a field expected [true] but found [false]" type="java.lang.AssertionError">java.lang.AssertionError: Response doesn't have ID as a field expected [true] but found [false]
	at com.learning.testcases.DeleteCustomerTest.doValidationUsingJSONObject(DeleteCustomerTest.java:51)
	at com.learning.testcases.DeleteCustomerTest.validateDeleteCustomerAPI(DeleteCustomerTest.java:37)
</failure>
    <system-out><![CDATA[{
    "error": {
        "code": "resource_missing",
        "doc_url": "https://stripe.com/docs/error-codes/resource-missing",
        "message": "No such customer: 'cus_IiVPq5DAKPpRu2'",
        "param": "id",
        "type": "invalid_request_error"
    }
}
-----------------------------
Validate (using jsonObject) that service reponse has "id" as a field
{
    "error": {
        "code": "resource_missing",
        "doc_url": "https://stripe.com/docs/error-codes/resource-missing",
        "message": "No such customer: 'cus_IiVPK2x84l9I0y'",
        "param": "id",
        "type": "invalid_request_error"
    }
}
-----------------------------
Validate (using jsonObject) that service reponse has "id" as a field
]]></system-out>
  </testcase>
  <testcase name="validateDeleteCustomerAPI" classname="com.learning.testcases.DeleteCustomerTest" time="0.018">
    <failure message="Response doesn&apos;t have ID as a field expected [true] but found [false]" type="java.lang.AssertionError">java.lang.AssertionError: Response doesn't have ID as a field expected [true] but found [false]
	at com.learning.testcases.DeleteCustomerTest.doValidationUsingJSONObject(DeleteCustomerTest.java:51)
	at com.learning.testcases.DeleteCustomerTest.validateDeleteCustomerAPI(DeleteCustomerTest.java:37)
</failure>
  </testcase>
  <testcase name="validateDeleteCustomerAPI" classname="com.learning.testcases.DeleteCustomerTest" time="0.002">
    <failure message="Response doesn&apos;t have ID as a field expected [true] but found [false]" type="java.lang.AssertionError">java.lang.AssertionError: Response doesn't have ID as a field expected [true] but found [false]
	at com.learning.testcases.DeleteCustomerTest.doValidationUsingJSONObject(DeleteCustomerTest.java:51)
	at com.learning.testcases.DeleteCustomerTest.validateDeleteCustomerAPI(DeleteCustomerTest.java:37)
</failure>
    <system-out><![CDATA[{
    "error": {
        "code": "resource_missing",
        "doc_url": "https://stripe.com/docs/error-codes/resource-missing",
        "message": "No such customer: 'cus_IiVP66k3AUbw9E'",
        "param": "id",
        "type": "invalid_request_error"
    }
}
-----------------------------
Validate (using jsonObject) that service reponse has "id" as a field
]]></system-out>
  </testcase>
  <testcase name="validateDeleteCustomerAPI" classname="com.learning.testcases.DeleteCustomerTest" time="0.049">
    <failure message="Response doesn&apos;t have ID as a field expected [true] but found [false]" type="java.lang.AssertionError">java.lang.AssertionError: Response doesn't have ID as a field expected [true] but found [false]
	at com.learning.testcases.DeleteCustomerTest.doValidationUsingJSONObject(DeleteCustomerTest.java:51)
	at com.learning.testcases.DeleteCustomerTest.validateDeleteCustomerAPI(DeleteCustomerTest.java:37)
</failure>
    <system-out><![CDATA[{
    "error": {
        "code": "resource_missing",
        "doc_url": "https://stripe.com/docs/error-codes/resource-missing",
        "message": "No such customer: 'cus_IiVPDrpxYmjLo1'",
        "param": "id",
        "type": "invalid_request_error"
    }
}
-----------------------------
Validate (using jsonObject) that service reponse has "id" as a field
]]></system-out>
  </testcase>
  <testcase name="validateDeleteCustomerAPI" classname="com.learning.testcases.DeleteCustomerTest" time="0.087">
    <failure message="Response doesn&apos;t have ID as a field expected [true] but found [false]" type="java.lang.AssertionError">java.lang.AssertionError: Response doesn't have ID as a field expected [true] but found [false]
	at com.learning.testcases.DeleteCustomerTest.doValidationUsingJSONObject(DeleteCustomerTest.java:51)
	at com.learning.testcases.DeleteCustomerTest.validateDeleteCustomerAPI(DeleteCustomerTest.java:37)
</failure>
    <system-out><![CDATA[{
    "error": {
        "code": "resource_missing",
        "doc_url": "https://stripe.com/docs/error-codes/resource-missing",
        "message": "No such customer: 'cus_IiVP36HVZ5XQ5n'",
        "param": "id",
        "type": "invalid_request_error"
    }
}
-----------------------------
Validate (using jsonObject) that service reponse has "id" as a field
]]></system-out>
  </testcase>
  <testcase name="validateDeleteCustomerAPI" classname="com.learning.testcases.DeleteCustomerTest" time="0.086">
    <failure message="Response doesn&apos;t have ID as a field expected [true] but found [false]" type="java.lang.AssertionError">java.lang.AssertionError: Response doesn't have ID as a field expected [true] but found [false]
	at com.learning.testcases.DeleteCustomerTest.doValidationUsingJSONObject(DeleteCustomerTest.java:51)
	at com.learning.testcases.DeleteCustomerTest.validateDeleteCustomerAPI(DeleteCustomerTest.java:37)
</failure>
    <system-out><![CDATA[{
    "error": {
        "code": "resource_missing",
        "doc_url": "https://stripe.com/docs/error-codes/resource-missing",
        "message": "No such customer: 'cus_IiVP5ikTCcHEwh'",
        "param": "id",
        "type": "invalid_request_error"
    }
}
-----------------------------
Validate (using jsonObject) that service reponse has "id" as a field
]]></system-out>
  </testcase>
  <testcase name="validateDeleteCustomerAPI" classname="com.learning.testcases.DeleteCustomerTest" time="0.107">
    <failure message="Response doesn&apos;t have ID as a field expected [true] but found [false]" type="java.lang.AssertionError">java.lang.AssertionError: Response doesn't have ID as a field expected [true] but found [false]
	at com.learning.testcases.DeleteCustomerTest.doValidationUsingJSONObject(DeleteCustomerTest.java:51)
	at com.learning.testcases.DeleteCustomerTest.validateDeleteCustomerAPI(DeleteCustomerTest.java:37)
</failure>
    <system-out><![CDATA[{
    "error": {
        "code": "resource_missing",
        "doc_url": "https://stripe.com/docs/error-codes/resource-missing",
        "message": "No such customer: 'cus_IiVPHHtZDs8EaZ'",
        "param": "id",
        "type": "invalid_request_error"
    }
}
-----------------------------
Validate (using jsonObject) that service reponse has "id" as a field
]]></system-out>
  </testcase>
  <testcase name="validateDeleteCustomerAPI" classname="com.learning.testcases.DeleteCustomerTest" time="0.006">
    <failure message="Response doesn&apos;t have ID as a field expected [true] but found [false]" type="java.lang.AssertionError">java.lang.AssertionError: Response doesn't have ID as a field expected [true] but found [false]
	at com.learning.testcases.DeleteCustomerTest.doValidationUsingJSONObject(DeleteCustomerTest.java:51)
	at com.learning.testcases.DeleteCustomerTest.validateDeleteCustomerAPI(DeleteCustomerTest.java:37)
</failure>
    <system-out><![CDATA[{
    "error": {
        "code": "resource_missing",
        "doc_url": "https://stripe.com/docs/error-codes/resource-missing",
        "message": "No such customer: 'cus_IiVPQVHBlGlQ62'",
        "param": "id",
        "type": "invalid_request_error"
    }
}
-----------------------------
Validate (using jsonObject) that service reponse has "id" as a field
]]></system-out>
  </testcase>
  <testcase name="validateDeleteCustomerAPI" classname="com.learning.testcases.DeleteCustomerTest" time="0.004">
    <failure message="Response doesn&apos;t have ID as a field expected [true] but found [false]" type="java.lang.AssertionError">java.lang.AssertionError: Response doesn't have ID as a field expected [true] but found [false]
	at com.learning.testcases.DeleteCustomerTest.doValidationUsingJSONObject(DeleteCustomerTest.java:51)
	at com.learning.testcases.DeleteCustomerTest.validateDeleteCustomerAPI(DeleteCustomerTest.java:37)
</failure>
    <system-out><![CDATA[{
    "error": {
        "code": "resource_missing",
        "doc_url": "https://stripe.com/docs/error-codes/resource-missing",
        "message": "No such customer: 'cus_IiVP7IqUnDRu5m'",
        "param": "id",
        "type": "invalid_request_error"
    }
}
-----------------------------
Validate (using jsonObject) that service reponse has "id" as a field
]]></system-out>
  </testcase>
  <testcase name="validateDeleteCustomerAPI" classname="com.learning.testcases.DeleteCustomerTest" time="0.003">
    <failure message="Response doesn&apos;t have ID as a field expected [true] but found [false]" type="java.lang.AssertionError">java.lang.AssertionError: Response doesn't have ID as a field expected [true] but found [false]
	at com.learning.testcases.DeleteCustomerTest.doValidationUsingJSONObject(DeleteCustomerTest.java:51)
	at com.learning.testcases.DeleteCustomerTest.validateDeleteCustomerAPI(DeleteCustomerTest.java:37)
</failure>
    <system-out><![CDATA[{
    "error": {
        "code": "resource_missing",
        "doc_url": "https://stripe.com/docs/error-codes/resource-missing",
        "message": "No such customer: 'cus_IiVPZ3kqkrtMt9'",
        "param": "id",
        "type": "invalid_request_error"
    }
}
-----------------------------
Validate (using jsonObject) that service reponse has "id" as a field
]]></system-out>
  </testcase>
  <testcase name="validateDeleteCustomerAPI" classname="com.learning.testcases.DeleteCustomerTest" time="0.011">
    <failure message="Response doesn&apos;t have ID as a field expected [true] but found [false]" type="java.lang.AssertionError">java.lang.AssertionError: Response doesn't have ID as a field expected [true] but found [false]
	at com.learning.testcases.DeleteCustomerTest.doValidationUsingJSONObject(DeleteCustomerTest.java:51)
	at com.learning.testcases.DeleteCustomerTest.validateDeleteCustomerAPI(DeleteCustomerTest.java:37)
</failure>
    <system-out><![CDATA[{
    "error": {
        "code": "resource_missing",
        "doc_url": "https://stripe.com/docs/error-codes/resource-missing",
        "message": "No such customer: 'cus_IiVPYaGpBpY2BU'",
        "param": "id",
        "type": "invalid_request_error"
    }
}
-----------------------------
Validate (using jsonObject) that service reponse has "id" as a field
]]></system-out>
  </testcase>
  <testcase name="validateDeleteCustomerAPI" classname="com.learning.testcases.DeleteCustomerTest" time="0.028">
    <failure message="Response doesn&apos;t have ID as a field expected [true] but found [false]" type="java.lang.AssertionError">java.lang.AssertionError: Response doesn't have ID as a field expected [true] but found [false]
	at com.learning.testcases.DeleteCustomerTest.doValidationUsingJSONObject(DeleteCustomerTest.java:51)
	at com.learning.testcases.DeleteCustomerTest.validateDeleteCustomerAPI(DeleteCustomerTest.java:37)
</failure>
    <system-out><![CDATA[{
    "error": {
        "code": "resource_missing",
        "doc_url": "https://stripe.com/docs/error-codes/resource-missing",
        "message": "No such customer: 'cus_IiVP1QpfiCRgAu'",
        "param": "id",
        "type": "invalid_request_error"
    }
}
-----------------------------
Validate (using jsonObject) that service reponse has "id" as a field
]]></system-out>
  </testcase>
  <testcase name="validateDeleteCustomerAPI" classname="com.learning.testcases.DeleteCustomerTest" time="0.016">
    <failure message="Response doesn&apos;t have ID as a field expected [true] but found [false]" type="java.lang.AssertionError">java.lang.AssertionError: Response doesn't have ID as a field expected [true] but found [false]
	at com.learning.testcases.DeleteCustomerTest.doValidationUsingJSONObject(DeleteCustomerTest.java:51)
	at com.learning.testcases.DeleteCustomerTest.validateDeleteCustomerAPI(DeleteCustomerTest.java:37)
</failure>
    <system-out><![CDATA[{
    "error": {
        "code": "resource_missing",
        "doc_url": "https://stripe.com/docs/error-codes/resource-missing",
        "message": "No such customer: 'cus_IiVPLsVaJAPvXr'",
        "param": "id",
        "type": "invalid_request_error"
    }
}
-----------------------------
Validate (using jsonObject) that service reponse has "id" as a field
]]></system-out>
  </testcase>
  <testcase name="validateDeleteCustomerAPI" classname="com.learning.testcases.DeleteCustomerTest" time="0.075">
    <failure message="Response doesn&apos;t have ID as a field expected [true] but found [false]" type="java.lang.AssertionError">java.lang.AssertionError: Response doesn't have ID as a field expected [true] but found [false]
	at com.learning.testcases.DeleteCustomerTest.doValidationUsingJSONObject(DeleteCustomerTest.java:51)
	at com.learning.testcases.DeleteCustomerTest.validateDeleteCustomerAPI(DeleteCustomerTest.java:37)
</failure>
    <system-out><![CDATA[{
    "error": {
        "code": "resource_missing",
        "doc_url": "https://stripe.com/docs/error-codes/resource-missing",
        "message": "No such customer: 'cus_IiVPb1TttfrCoj'",
        "param": "id",
        "type": "invalid_request_error"
    }
}
-----------------------------
Validate (using jsonObject) that service reponse has "id" as a field
]]></system-out>
  </testcase>
  <testcase name="validateDeleteCustomerAPI" classname="com.learning.testcases.DeleteCustomerTest" time="0.167">
    <failure message="Response doesn&apos;t have ID as a field expected [true] but found [false]" type="java.lang.AssertionError">java.lang.AssertionError: Response doesn't have ID as a field expected [true] but found [false]
	at com.learning.testcases.DeleteCustomerTest.doValidationUsingJSONObject(DeleteCustomerTest.java:51)
	at com.learning.testcases.DeleteCustomerTest.validateDeleteCustomerAPI(DeleteCustomerTest.java:37)
</failure>
    <system-out><![CDATA[{
    "error": {
        "code": "resource_missing",
        "doc_url": "https://stripe.com/docs/error-codes/resource-missing",
        "message": "No such customer: 'cus_IiVPUBfbJNqSMj'",
        "param": "id",
        "type": "invalid_request_error"
    }
}
-----------------------------
Validate (using jsonObject) that service reponse has "id" as a field
]]></system-out>
  </testcase>
  <testcase name="validateDeleteCustomerAPI" classname="com.learning.testcases.DeleteCustomerTest" time="0.07">
    <failure message="Response doesn&apos;t have ID as a field expected [true] but found [false]" type="java.lang.AssertionError">java.lang.AssertionError: Response doesn't have ID as a field expected [true] but found [false]
	at com.learning.testcases.DeleteCustomerTest.doValidationUsingJSONObject(DeleteCustomerTest.java:51)
	at com.learning.testcases.DeleteCustomerTest.validateDeleteCustomerAPI(DeleteCustomerTest.java:37)
</failure>
    <system-out><![CDATA[{
    "error": {
        "code": "resource_missing",
        "doc_url": "https://stripe.com/docs/error-codes/resource-missing",
        "message": "No such customer: 'cus_IiVP1fu6lPGEjJ'",
        "param": "id",
        "type": "invalid_request_error"
    }
}
-----------------------------
Validate (using jsonObject) that service reponse has "id" as a field
]]></system-out>
  </testcase>
  <testcase name="validateDeleteCustomerAPI" classname="com.learning.testcases.DeleteCustomerTest" time="0.104">
    <failure message="Response doesn&apos;t have ID as a field expected [true] but found [false]" type="java.lang.AssertionError">java.lang.AssertionError: Response doesn't have ID as a field expected [true] but found [false]
	at com.learning.testcases.DeleteCustomerTest.doValidationUsingJSONObject(DeleteCustomerTest.java:51)
	at com.learning.testcases.DeleteCustomerTest.validateDeleteCustomerAPI(DeleteCustomerTest.java:37)
</failure>
    <system-out><![CDATA[{
    "error": {
        "code": "resource_missing",
        "doc_url": "https://stripe.com/docs/error-codes/resource-missing",
        "message": "No such customer: 'cus_IiVPJOE29PwdTM'",
        "param": "id",
        "type": "invalid_request_error"
    }
}
-----------------------------
Validate (using jsonObject) that service reponse has "id" as a field
]]></system-out>
  </testcase>
  <testcase name="validateDeleteCustomerAPI" classname="com.learning.testcases.DeleteCustomerTest" time="0.033">
    <failure message="Response doesn&apos;t have ID as a field expected [true] but found [false]" type="java.lang.AssertionError">java.lang.AssertionError: Response doesn't have ID as a field expected [true] but found [false]
	at com.learning.testcases.DeleteCustomerTest.doValidationUsingJSONObject(DeleteCustomerTest.java:51)
	at com.learning.testcases.DeleteCustomerTest.validateDeleteCustomerAPI(DeleteCustomerTest.java:37)
</failure>
    <system-out><![CDATA[{
    "error": {
        "code": "resource_missing",
        "doc_url": "https://stripe.com/docs/error-codes/resource-missing",
        "message": "No such customer: 'cus_IiVPSc9jpYWPJN'",
        "param": "id",
        "type": "invalid_request_error"
    }
}
-----------------------------
Validate (using jsonObject) that service reponse has "id" as a field
]]></system-out>
  </testcase>
  <testcase name="validateDeleteCustomerAPI" classname="com.learning.testcases.DeleteCustomerTest" time="0.02">
    <failure message="Response doesn&apos;t have ID as a field expected [true] but found [false]" type="java.lang.AssertionError">java.lang.AssertionError: Response doesn't have ID as a field expected [true] but found [false]
	at com.learning.testcases.DeleteCustomerTest.doValidationUsingJSONObject(DeleteCustomerTest.java:51)
	at com.learning.testcases.DeleteCustomerTest.validateDeleteCustomerAPI(DeleteCustomerTest.java:37)
</failure>
    <system-out><![CDATA[{
    "error": {
        "code": "resource_missing",
        "doc_url": "https://stripe.com/docs/error-codes/resource-missing",
        "message": "No such customer: 'cus_IiVPEKNAG1R8pp'",
        "param": "id",
        "type": "invalid_request_error"
    }
}
-----------------------------
Validate (using jsonObject) that service reponse has "id" as a field
]]></system-out>
  </testcase>
  <testcase name="validateDeleteCustomerAPI" classname="com.learning.testcases.DeleteCustomerTest" time="0.033">
    <failure message="Response doesn&apos;t have ID as a field expected [true] but found [false]" type="java.lang.AssertionError">java.lang.AssertionError: Response doesn't have ID as a field expected [true] but found [false]
	at com.learning.testcases.DeleteCustomerTest.doValidationUsingJSONObject(DeleteCustomerTest.java:51)
	at com.learning.testcases.DeleteCustomerTest.validateDeleteCustomerAPI(DeleteCustomerTest.java:37)
</failure>
    <system-out><![CDATA[{
    "error": {
        "code": "resource_missing",
        "doc_url": "https://stripe.com/docs/error-codes/resource-missing",
        "message": "No such customer: 'cus_IiVPJS8FyXXmqq'",
        "param": "id",
        "type": "invalid_request_error"
    }
}
-----------------------------
Validate (using jsonObject) that service reponse has "id" as a field
]]></system-out>
  </testcase>
  <testcase name="validateDeleteCustomerAPI" classname="com.learning.testcases.DeleteCustomerTest" time="0.044">
    <failure message="Response doesn&apos;t have ID as a field expected [true] but found [false]" type="java.lang.AssertionError">java.lang.AssertionError: Response doesn't have ID as a field expected [true] but found [false]
	at com.learning.testcases.DeleteCustomerTest.doValidationUsingJSONObject(DeleteCustomerTest.java:51)
	at com.learning.testcases.DeleteCustomerTest.validateDeleteCustomerAPI(DeleteCustomerTest.java:37)
</failure>
    <system-out><![CDATA[{
    "error": {
        "code": "resource_missing",
        "doc_url": "https://stripe.com/docs/error-codes/resource-missing",
        "message": "No such customer: 'cus_IiVP2zraxD3v0E'",
        "param": "id",
        "type": "invalid_request_error"
    }
}
-----------------------------
Validate (using jsonObject) that service reponse has "id" as a field
]]></system-out>
  </testcase>
  <testcase name="validateDeleteCustomerAPI" classname="com.learning.testcases.DeleteCustomerTest" time="0.045">
    <failure message="Response doesn&apos;t have ID as a field expected [true] but found [false]" type="java.lang.AssertionError">java.lang.AssertionError: Response doesn't have ID as a field expected [true] but found [false]
	at com.learning.testcases.DeleteCustomerTest.doValidationUsingJSONObject(DeleteCustomerTest.java:51)
	at com.learning.testcases.DeleteCustomerTest.validateDeleteCustomerAPI(DeleteCustomerTest.java:37)
</failure>
    <system-out><![CDATA[{
    "error": {
        "code": "resource_missing",
        "doc_url": "https://stripe.com/docs/error-codes/resource-missing",
        "message": "No such customer: 'cus_IiVPTXIvUweE26'",
        "param": "id",
        "type": "invalid_request_error"
    }
}
-----------------------------
Validate (using jsonObject) that service reponse has "id" as a field
]]></system-out>
  </testcase>
  <testcase name="validateDeleteCustomerAPI" classname="com.learning.testcases.DeleteCustomerTest" time="0.008">
    <failure message="Response doesn&apos;t have ID as a field expected [true] but found [false]" type="java.lang.AssertionError">java.lang.AssertionError: Response doesn't have ID as a field expected [true] but found [false]
	at com.learning.testcases.DeleteCustomerTest.doValidationUsingJSONObject(DeleteCustomerTest.java:51)
	at com.learning.testcases.DeleteCustomerTest.validateDeleteCustomerAPI(DeleteCustomerTest.java:37)
</failure>
    <system-out><![CDATA[{
    "error": {
        "code": "resource_missing",
        "doc_url": "https://stripe.com/docs/error-codes/resource-missing",
        "message": "No such customer: 'cus_IiVPdjT2PB5sIV'",
        "param": "id",
        "type": "invalid_request_error"
    }
}
-----------------------------
Validate (using jsonObject) that service reponse has "id" as a field
]]></system-out>
  </testcase>
  <testcase name="validateDeleteCustomerAPI" classname="com.learning.testcases.DeleteCustomerTest" time="0.048">
    <failure message="Response doesn&apos;t have ID as a field expected [true] but found [false]" type="java.lang.AssertionError">java.lang.AssertionError: Response doesn't have ID as a field expected [true] but found [false]
	at com.learning.testcases.DeleteCustomerTest.doValidationUsingJSONObject(DeleteCustomerTest.java:51)
	at com.learning.testcases.DeleteCustomerTest.validateDeleteCustomerAPI(DeleteCustomerTest.java:37)
</failure>
    <system-out><![CDATA[{
    "error": {
        "code": "resource_missing",
        "doc_url": "https://stripe.com/docs/error-codes/resource-missing",
        "message": "No such customer: 'cus_IiVPpUlCtAnSRV'",
        "param": "id",
        "type": "invalid_request_error"
    }
}
-----------------------------
Validate (using jsonObject) that service reponse has "id" as a field
]]></system-out>
  </testcase>
  <testcase name="validateDeleteCustomerAPI" classname="com.learning.testcases.DeleteCustomerTest" time="0.151">
    <failure message="Response doesn&apos;t have ID as a field expected [true] but found [false]" type="java.lang.AssertionError">java.lang.AssertionError: Response doesn't have ID as a field expected [true] but found [false]
	at com.learning.testcases.DeleteCustomerTest.doValidationUsingJSONObject(DeleteCustomerTest.java:51)
	at com.learning.testcases.DeleteCustomerTest.validateDeleteCustomerAPI(DeleteCustomerTest.java:37)
</failure>
    <system-out><![CDATA[{
    "error": {
        "code": "resource_missing",
        "doc_url": "https://stripe.com/docs/error-codes/resource-missing",
        "message": "No such customer: 'cus_IiVPGoIXnWoh04'",
        "param": "id",
        "type": "invalid_request_error"
    }
}
-----------------------------
Validate (using jsonObject) that service reponse has "id" as a field
]]></system-out>
  </testcase>
  <testcase name="validateDeleteCustomerAPI" classname="com.learning.testcases.DeleteCustomerTest" time="0.1">
    <failure message="Response doesn&apos;t have ID as a field expected [true] but found [false]" type="java.lang.AssertionError">java.lang.AssertionError: Response doesn't have ID as a field expected [true] but found [false]
	at com.learning.testcases.DeleteCustomerTest.doValidationUsingJSONObject(DeleteCustomerTest.java:51)
	at com.learning.testcases.DeleteCustomerTest.validateDeleteCustomerAPI(DeleteCustomerTest.java:37)
</failure>
    <system-out><![CDATA[{
    "error": {
        "code": "resource_missing",
        "doc_url": "https://stripe.com/docs/error-codes/resource-missing",
        "message": "No such customer: 'cus_IiVPxKzFVqibTt'",
        "param": "id",
        "type": "invalid_request_error"
    }
}
-----------------------------
Validate (using jsonObject) that service reponse has "id" as a field
]]></system-out>
  </testcase>
  <testcase name="validateDeleteCustomerAPI" classname="com.learning.testcases.DeleteCustomerTest" time="0.307">
    <failure message="Response doesn&apos;t have ID as a field expected [true] but found [false]" type="java.lang.AssertionError">java.lang.AssertionError: Response doesn't have ID as a field expected [true] but found [false]
	at com.learning.testcases.DeleteCustomerTest.doValidationUsingJSONObject(DeleteCustomerTest.java:51)
	at com.learning.testcases.DeleteCustomerTest.validateDeleteCustomerAPI(DeleteCustomerTest.java:37)
</failure>
    <system-out><![CDATA[{
    "error": {
        "code": "resource_missing",
        "doc_url": "https://stripe.com/docs/error-codes/resource-missing",
        "message": "No such customer: 'cus_IiVPzas8vQUTjv'",
        "param": "id",
        "type": "invalid_request_error"
    }
}
-----------------------------
Validate (using jsonObject) that service reponse has "id" as a field
]]></system-out>
  </testcase>
  <testcase name="validateDeleteCustomerAPI" classname="com.learning.testcases.DeleteCustomerTest" time="0.03">
    <failure message="Response doesn&apos;t have ID as a field expected [true] but found [false]" type="java.lang.AssertionError">java.lang.AssertionError: Response doesn't have ID as a field expected [true] but found [false]
	at com.learning.testcases.DeleteCustomerTest.doValidationUsingJSONObject(DeleteCustomerTest.java:51)
	at com.learning.testcases.DeleteCustomerTest.validateDeleteCustomerAPI(DeleteCustomerTest.java:37)
</failure>
    <system-out><![CDATA[{
    "error": {
        "code": "resource_missing",
        "doc_url": "https://stripe.com/docs/error-codes/resource-missing",
        "message": "No such customer: 'cus_IiVPbmiiZLKNp6'",
        "param": "id",
        "type": "invalid_request_error"
    }
}
-----------------------------
Validate (using jsonObject) that service reponse has "id" as a field
]]></system-out>
  </testcase>
  <testcase name="validateDeleteCustomerAPI" classname="com.learning.testcases.DeleteCustomerTest" time="0.018">
    <failure message="Response doesn&apos;t have ID as a field expected [true] but found [false]" type="java.lang.AssertionError">java.lang.AssertionError: Response doesn't have ID as a field expected [true] but found [false]
	at com.learning.testcases.DeleteCustomerTest.doValidationUsingJSONObject(DeleteCustomerTest.java:51)
	at com.learning.testcases.DeleteCustomerTest.validateDeleteCustomerAPI(DeleteCustomerTest.java:37)
</failure>
    <system-out><![CDATA[{
    "error": {
        "code": "resource_missing",
        "doc_url": "https://stripe.com/docs/error-codes/resource-missing",
        "message": "No such customer: 'cus_IiVPJeedo2NjYq'",
        "param": "id",
        "type": "invalid_request_error"
    }
}
-----------------------------
Validate (using jsonObject) that service reponse has "id" as a field
]]></system-out>
  </testcase>
  <testcase name="validateDeleteCustomerAPI" classname="com.learning.testcases.DeleteCustomerTest" time="0.029">
    <failure message="Response doesn&apos;t have ID as a field expected [true] but found [false]" type="java.lang.AssertionError">java.lang.AssertionError: Response doesn't have ID as a field expected [true] but found [false]
	at com.learning.testcases.DeleteCustomerTest.doValidationUsingJSONObject(DeleteCustomerTest.java:51)
	at com.learning.testcases.DeleteCustomerTest.validateDeleteCustomerAPI(DeleteCustomerTest.java:37)
</failure>
    <system-out><![CDATA[{
    "error": {
        "code": "resource_missing",
        "doc_url": "https://stripe.com/docs/error-codes/resource-missing",
        "message": "No such customer: 'cus_IiVPPINCqdtGg7'",
        "param": "id",
        "type": "invalid_request_error"
    }
}
-----------------------------
Validate (using jsonObject) that service reponse has "id" as a field
]]></system-out>
  </testcase>
  <testcase name="validateDeleteCustomerAPI" classname="com.learning.testcases.DeleteCustomerTest" time="0.07">
    <failure message="Response doesn&apos;t have ID as a field expected [true] but found [false]" type="java.lang.AssertionError">java.lang.AssertionError: Response doesn't have ID as a field expected [true] but found [false]
	at com.learning.testcases.DeleteCustomerTest.doValidationUsingJSONObject(DeleteCustomerTest.java:51)
	at com.learning.testcases.DeleteCustomerTest.validateDeleteCustomerAPI(DeleteCustomerTest.java:37)
</failure>
    <system-out><![CDATA[{
    "error": {
        "code": "resource_missing",
        "doc_url": "https://stripe.com/docs/error-codes/resource-missing",
        "message": "No such customer: 'cus_IiVPFurxZiI02x'",
        "param": "id",
        "type": "invalid_request_error"
    }
}
-----------------------------
Validate (using jsonObject) that service reponse has "id" as a field
]]></system-out>
  </testcase>
  <testcase name="validateDeleteCustomerAPI" classname="com.learning.testcases.DeleteCustomerTest" time="0.025">
    <failure message="Response doesn&apos;t have ID as a field expected [true] but found [false]" type="java.lang.AssertionError">java.lang.AssertionError: Response doesn't have ID as a field expected [true] but found [false]
	at com.learning.testcases.DeleteCustomerTest.doValidationUsingJSONObject(DeleteCustomerTest.java:51)
	at com.learning.testcases.DeleteCustomerTest.validateDeleteCustomerAPI(DeleteCustomerTest.java:37)
</failure>
    <system-out><![CDATA[{
    "error": {
        "code": "resource_missing",
        "doc_url": "https://stripe.com/docs/error-codes/resource-missing",
        "message": "No such customer: 'cus_IiVPt190OS8ffG'",
        "param": "id",
        "type": "invalid_request_error"
    }
}
-----------------------------
Validate (using jsonObject) that service reponse has "id" as a field
]]></system-out>
  </testcase>
  <testcase name="validateDeleteCustomerAPI" classname="com.learning.testcases.DeleteCustomerTest" time="0.003">
    <failure message="Response doesn&apos;t have ID as a field expected [true] but found [false]" type="java.lang.AssertionError">java.lang.AssertionError: Response doesn't have ID as a field expected [true] but found [false]
	at com.learning.testcases.DeleteCustomerTest.doValidationUsingJSONObject(DeleteCustomerTest.java:51)
	at com.learning.testcases.DeleteCustomerTest.validateDeleteCustomerAPI(DeleteCustomerTest.java:37)
</failure>
    <system-out><![CDATA[{
    "error": {
        "code": "resource_missing",
        "doc_url": "https://stripe.com/docs/error-codes/resource-missing",
        "message": "No such customer: 'cus_IiVPHAlmbrKHN7'",
        "param": "id",
        "type": "invalid_request_error"
    }
}
-----------------------------
Validate (using jsonObject) that service reponse has "id" as a field
]]></system-out>
  </testcase>
  <testcase name="validateDeleteCustomerAPI" classname="com.learning.testcases.DeleteCustomerTest" time="0.039">
    <failure message="Response doesn&apos;t have ID as a field expected [true] but found [false]" type="java.lang.AssertionError">java.lang.AssertionError: Response doesn't have ID as a field expected [true] but found [false]
	at com.learning.testcases.DeleteCustomerTest.doValidationUsingJSONObject(DeleteCustomerTest.java:51)
	at com.learning.testcases.DeleteCustomerTest.validateDeleteCustomerAPI(DeleteCustomerTest.java:37)
</failure>
    <system-out><![CDATA[{
    "error": {
        "code": "resource_missing",
        "doc_url": "https://stripe.com/docs/error-codes/resource-missing",
        "message": "No such customer: 'cus_IiVP9qdWbzZ0Gu'",
        "param": "id",
        "type": "invalid_request_error"
    }
}
-----------------------------
Validate (using jsonObject) that service reponse has "id" as a field
]]></system-out>
  </testcase>
  <testcase name="validateDeleteCustomerAPI" classname="com.learning.testcases.DeleteCustomerTest" time="0.183">
    <failure message="Response doesn&apos;t have ID as a field expected [true] but found [false]" type="java.lang.AssertionError">java.lang.AssertionError: Response doesn't have ID as a field expected [true] but found [false]
	at com.learning.testcases.DeleteCustomerTest.doValidationUsingJSONObject(DeleteCustomerTest.java:51)
	at com.learning.testcases.DeleteCustomerTest.validateDeleteCustomerAPI(DeleteCustomerTest.java:37)
</failure>
    <system-out><![CDATA[{
    "error": {
        "code": "resource_missing",
        "doc_url": "https://stripe.com/docs/error-codes/resource-missing",
        "message": "No such customer: 'cus_IiVPcf4BOZrjPr'",
        "param": "id",
        "type": "invalid_request_error"
    }
}
-----------------------------
Validate (using jsonObject) that service reponse has "id" as a field
]]></system-out>
  </testcase>
  <testcase name="validateDeleteCustomerAPI" classname="com.learning.testcases.DeleteCustomerTest" time="0.065">
    <failure message="Response doesn&apos;t have ID as a field expected [true] but found [false]" type="java.lang.AssertionError">java.lang.AssertionError: Response doesn't have ID as a field expected [true] but found [false]
	at com.learning.testcases.DeleteCustomerTest.doValidationUsingJSONObject(DeleteCustomerTest.java:51)
	at com.learning.testcases.DeleteCustomerTest.validateDeleteCustomerAPI(DeleteCustomerTest.java:37)
</failure>
    <system-out><![CDATA[{
    "error": {
        "code": "resource_missing",
        "doc_url": "https://stripe.com/docs/error-codes/resource-missing",
        "message": "No such customer: 'cus_IiVPojxXhH8YdN'",
        "param": "id",
        "type": "invalid_request_error"
    }
}
-----------------------------
Validate (using jsonObject) that service reponse has "id" as a field
]]></system-out>
  </testcase>
  <testcase name="validateDeleteCustomerAPI" classname="com.learning.testcases.DeleteCustomerTest" time="0.517">
    <failure message="Response doesn&apos;t have ID as a field expected [true] but found [false]" type="java.lang.AssertionError">java.lang.AssertionError: Response doesn't have ID as a field expected [true] but found [false]
	at com.learning.testcases.DeleteCustomerTest.doValidationUsingJSONObject(DeleteCustomerTest.java:51)
	at com.learning.testcases.DeleteCustomerTest.validateDeleteCustomerAPI(DeleteCustomerTest.java:37)
</failure>
    <system-out><![CDATA[{
    "error": {
        "code": "resource_missing",
        "doc_url": "https://stripe.com/docs/error-codes/resource-missing",
        "message": "No such customer: 'cus_IiVPO5WbSWTFDT'",
        "param": "id",
        "type": "invalid_request_error"
    }
}
-----------------------------
Validate (using jsonObject) that service reponse has "id" as a field
]]></system-out>
  </testcase>
  <testcase name="validateDeleteCustomerAPI" classname="com.learning.testcases.DeleteCustomerTest" time="0.015">
    <failure message="Response doesn&apos;t have ID as a field expected [true] but found [false]" type="java.lang.AssertionError">java.lang.AssertionError: Response doesn't have ID as a field expected [true] but found [false]
	at com.learning.testcases.DeleteCustomerTest.doValidationUsingJSONObject(DeleteCustomerTest.java:51)
	at com.learning.testcases.DeleteCustomerTest.validateDeleteCustomerAPI(DeleteCustomerTest.java:37)
</failure>
    <system-out><![CDATA[{
    "error": {
        "code": "resource_missing",
        "doc_url": "https://stripe.com/docs/error-codes/resource-missing",
        "message": "No such customer: 'cus_IiVPawLxLy2SxH'",
        "param": "id",
        "type": "invalid_request_error"
    }
}
-----------------------------
Validate (using jsonObject) that service reponse has "id" as a field
]]></system-out>
  </testcase>
  <testcase name="validateDeleteCustomerAPI" classname="com.learning.testcases.DeleteCustomerTest" time="0.006">
    <failure message="Response doesn&apos;t have ID as a field expected [true] but found [false]" type="java.lang.AssertionError">java.lang.AssertionError: Response doesn't have ID as a field expected [true] but found [false]
	at com.learning.testcases.DeleteCustomerTest.doValidationUsingJSONObject(DeleteCustomerTest.java:51)
	at com.learning.testcases.DeleteCustomerTest.validateDeleteCustomerAPI(DeleteCustomerTest.java:37)
</failure>
    <system-out><![CDATA[{
    "error": {
        "code": "resource_missing",
        "doc_url": "https://stripe.com/docs/error-codes/resource-missing",
        "message": "No such customer: 'cus_IiVP7NwoAhGkQp'",
        "param": "id",
        "type": "invalid_request_error"
    }
}
-----------------------------
Validate (using jsonObject) that service reponse has "id" as a field
]]></system-out>
  </testcase>
  <testcase name="validateDeleteCustomerAPI" classname="com.learning.testcases.DeleteCustomerTest" time="0.051">
    <failure message="Response doesn&apos;t have ID as a field expected [true] but found [false]" type="java.lang.AssertionError">java.lang.AssertionError: Response doesn't have ID as a field expected [true] but found [false]
	at com.learning.testcases.DeleteCustomerTest.doValidationUsingJSONObject(DeleteCustomerTest.java:51)
	at com.learning.testcases.DeleteCustomerTest.validateDeleteCustomerAPI(DeleteCustomerTest.java:37)
</failure>
    <system-out><![CDATA[{
    "error": {
        "code": "resource_missing",
        "doc_url": "https://stripe.com/docs/error-codes/resource-missing",
        "message": "No such customer: 'cus_IiVPkPsnC9hX4l'",
        "param": "id",
        "type": "invalid_request_error"
    }
}
-----------------------------
Validate (using jsonObject) that service reponse has "id" as a field
]]></system-out>
  </testcase>
  <testcase name="validateDeleteCustomerAPI" classname="com.learning.testcases.DeleteCustomerTest" time="0.045">
    <failure message="Response doesn&apos;t have ID as a field expected [true] but found [false]" type="java.lang.AssertionError">java.lang.AssertionError: Response doesn't have ID as a field expected [true] but found [false]
	at com.learning.testcases.DeleteCustomerTest.doValidationUsingJSONObject(DeleteCustomerTest.java:51)
	at com.learning.testcases.DeleteCustomerTest.validateDeleteCustomerAPI(DeleteCustomerTest.java:37)
</failure>
    <system-out><![CDATA[{
    "error": {
        "code": "resource_missing",
        "doc_url": "https://stripe.com/docs/error-codes/resource-missing",
        "message": "No such customer: 'cus_IiVPcgKcKSrdUe'",
        "param": "id",
        "type": "invalid_request_error"
    }
}
-----------------------------
Validate (using jsonObject) that service reponse has "id" as a field
]]></system-out>
  </testcase>
  <testcase name="validateDeleteCustomerAPI" classname="com.learning.testcases.DeleteCustomerTest" time="0.055">
    <failure message="Response doesn&apos;t have ID as a field expected [true] but found [false]" type="java.lang.AssertionError">java.lang.AssertionError: Response doesn't have ID as a field expected [true] but found [false]
	at com.learning.testcases.DeleteCustomerTest.doValidationUsingJSONObject(DeleteCustomerTest.java:51)
	at com.learning.testcases.DeleteCustomerTest.validateDeleteCustomerAPI(DeleteCustomerTest.java:37)
</failure>
    <system-out><![CDATA[{
    "error": {
        "code": "resource_missing",
        "doc_url": "https://stripe.com/docs/error-codes/resource-missing",
        "message": "No such customer: 'cus_IiVP7gWeFYutCt'",
        "param": "id",
        "type": "invalid_request_error"
    }
}
-----------------------------
Validate (using jsonObject) that service reponse has "id" as a field
]]></system-out>
  </testcase>
  <testcase name="validateDeleteCustomerAPI" classname="com.learning.testcases.DeleteCustomerTest" time="0.005">
    <failure message="Response doesn&apos;t have ID as a field expected [true] but found [false]" type="java.lang.AssertionError">java.lang.AssertionError: Response doesn't have ID as a field expected [true] but found [false]
	at com.learning.testcases.DeleteCustomerTest.doValidationUsingJSONObject(DeleteCustomerTest.java:51)
	at com.learning.testcases.DeleteCustomerTest.validateDeleteCustomerAPI(DeleteCustomerTest.java:37)
</failure>
    <system-out><![CDATA[{
    "error": {
        "code": "resource_missing",
        "doc_url": "https://stripe.com/docs/error-codes/resource-missing",
        "message": "No such customer: 'cus_IiVP4ELLGs1Zmg'",
        "param": "id",
        "type": "invalid_request_error"
    }
}
-----------------------------
Validate (using jsonObject) that service reponse has "id" as a field
]]></system-out>
  </testcase>
  <testcase name="validateDeleteCustomerAPI" classname="com.learning.testcases.DeleteCustomerTest" time="0.033">
    <failure message="Response doesn&apos;t have ID as a field expected [true] but found [false]" type="java.lang.AssertionError">java.lang.AssertionError: Response doesn't have ID as a field expected [true] but found [false]
	at com.learning.testcases.DeleteCustomerTest.doValidationUsingJSONObject(DeleteCustomerTest.java:51)
	at com.learning.testcases.DeleteCustomerTest.validateDeleteCustomerAPI(DeleteCustomerTest.java:37)
</failure>
    <system-out><![CDATA[{
    "error": {
        "code": "resource_missing",
        "doc_url": "https://stripe.com/docs/error-codes/resource-missing",
        "message": "No such customer: 'cus_IiVPkwGC8p1GMv'",
        "param": "id",
        "type": "invalid_request_error"
    }
}
-----------------------------
Validate (using jsonObject) that service reponse has "id" as a field
]]></system-out>
  </testcase>
  <testcase name="validateDeleteCustomerAPI" classname="com.learning.testcases.DeleteCustomerTest" time="0.033">
    <failure message="Response doesn&apos;t have ID as a field expected [true] but found [false]" type="java.lang.AssertionError">java.lang.AssertionError: Response doesn't have ID as a field expected [true] but found [false]
	at com.learning.testcases.DeleteCustomerTest.doValidationUsingJSONObject(DeleteCustomerTest.java:51)
	at com.learning.testcases.DeleteCustomerTest.validateDeleteCustomerAPI(DeleteCustomerTest.java:37)
</failure>
    <system-out><![CDATA[{
    "error": {
        "code": "resource_missing",
        "doc_url": "https://stripe.com/docs/error-codes/resource-missing",
        "message": "No such customer: 'cus_IiVPd9A5iQ3nOw'",
        "param": "id",
        "type": "invalid_request_error"
    }
}
-----------------------------
Validate (using jsonObject) that service reponse has "id" as a field
]]></system-out>
  </testcase>
  <testcase name="validateDeleteCustomerAPI" classname="com.learning.testcases.DeleteCustomerTest" time="0.019">
    <failure message="Response doesn&apos;t have ID as a field expected [true] but found [false]" type="java.lang.AssertionError">java.lang.AssertionError: Response doesn't have ID as a field expected [true] but found [false]
	at com.learning.testcases.DeleteCustomerTest.doValidationUsingJSONObject(DeleteCustomerTest.java:51)
	at com.learning.testcases.DeleteCustomerTest.validateDeleteCustomerAPI(DeleteCustomerTest.java:37)
</failure>
    <system-out><![CDATA[{
    "error": {
        "code": "resource_missing",
        "doc_url": "https://stripe.com/docs/error-codes/resource-missing",
        "message": "No such customer: 'cus_IiVPYsgmop7srs'",
        "param": "id",
        "type": "invalid_request_error"
    }
}
-----------------------------
Validate (using jsonObject) that service reponse has "id" as a field
]]></system-out>
  </testcase>
  <testcase name="validateDeleteCustomerAPI" classname="com.learning.testcases.DeleteCustomerTest" time="0.703">
    <failure message="Response doesn&apos;t have ID as a field expected [true] but found [false]" type="java.lang.AssertionError">java.lang.AssertionError: Response doesn't have ID as a field expected [true] but found [false]
	at com.learning.testcases.DeleteCustomerTest.doValidationUsingJSONObject(DeleteCustomerTest.java:51)
	at com.learning.testcases.DeleteCustomerTest.validateDeleteCustomerAPI(DeleteCustomerTest.java:37)
</failure>
    <system-out><![CDATA[{
    "error": {
        "code": "resource_missing",
        "doc_url": "https://stripe.com/docs/error-codes/resource-missing",
        "message": "No such customer: 'cus_IiVP71VQ7Jd4rI'",
        "param": "id",
        "type": "invalid_request_error"
    }
}
-----------------------------
Validate (using jsonObject) that service reponse has "id" as a field
]]></system-out>
  </testcase>
  <testcase name="validateDeleteCustomerAPI" classname="com.learning.testcases.DeleteCustomerTest" time="0.024">
    <failure message="Response doesn&apos;t have ID as a field expected [true] but found [false]" type="java.lang.AssertionError">java.lang.AssertionError: Response doesn't have ID as a field expected [true] but found [false]
	at com.learning.testcases.DeleteCustomerTest.doValidationUsingJSONObject(DeleteCustomerTest.java:51)
	at com.learning.testcases.DeleteCustomerTest.validateDeleteCustomerAPI(DeleteCustomerTest.java:37)
</failure>
    <system-out><![CDATA[{
    "error": {
        "code": "resource_missing",
        "doc_url": "https://stripe.com/docs/error-codes/resource-missing",
        "message": "No such customer: 'cus_IiVPyuLWsWb3o8'",
        "param": "id",
        "type": "invalid_request_error"
    }
}
-----------------------------
Validate (using jsonObject) that service reponse has "id" as a field
{
    "error": {
        "code": "resource_missing",
        "doc_url": "https://stripe.com/docs/error-codes/resource-missing",
        "message": "No such customer: 'cus_IiVPFTOk2w2jHg'",
        "param": "id",
        "type": "invalid_request_error"
    }
}
-----------------------------
Validate (using jsonObject) that service reponse has "id" as a field
]]></system-out>
  </testcase>
  <testcase name="validateDeleteCustomerAPI" classname="com.learning.testcases.DeleteCustomerTest" time="0.024">
    <failure message="Response doesn&apos;t have ID as a field expected [true] but found [false]" type="java.lang.AssertionError">java.lang.AssertionError: Response doesn't have ID as a field expected [true] but found [false]
	at com.learning.testcases.DeleteCustomerTest.doValidationUsingJSONObject(DeleteCustomerTest.java:51)
	at com.learning.testcases.DeleteCustomerTest.validateDeleteCustomerAPI(DeleteCustomerTest.java:37)
</failure>
  </testcase>
  <testcase name="validateDeleteCustomerAPI" classname="com.learning.testcases.DeleteCustomerTest" time="0.023">
    <failure message="Response doesn&apos;t have ID as a field expected [true] but found [false]" type="java.lang.AssertionError">java.lang.AssertionError: Response doesn't have ID as a field expected [true] but found [false]
	at com.learning.testcases.DeleteCustomerTest.doValidationUsingJSONObject(DeleteCustomerTest.java:51)
	at com.learning.testcases.DeleteCustomerTest.validateDeleteCustomerAPI(DeleteCustomerTest.java:37)
</failure>
    <system-out><![CDATA[{
    "error": {
        "code": "resource_missing",
        "doc_url": "https://stripe.com/docs/error-codes/resource-missing",
        "message": "No such customer: 'cus_IiVPFyTU6fpTlz'",
        "param": "id",
        "type": "invalid_request_error"
    }
}
-----------------------------
Validate (using jsonObject) that service reponse has "id" as a field
]]></system-out>
  </testcase>
  <testcase name="validateDeleteCustomerAPI" classname="com.learning.testcases.DeleteCustomerTest" time="0.098">
    <failure message="Response doesn&apos;t have ID as a field expected [true] but found [false]" type="java.lang.AssertionError">java.lang.AssertionError: Response doesn't have ID as a field expected [true] but found [false]
	at com.learning.testcases.DeleteCustomerTest.doValidationUsingJSONObject(DeleteCustomerTest.java:51)
	at com.learning.testcases.DeleteCustomerTest.validateDeleteCustomerAPI(DeleteCustomerTest.java:37)
</failure>
    <system-out><![CDATA[{
    "error": {
        "code": "resource_missing",
        "doc_url": "https://stripe.com/docs/error-codes/resource-missing",
        "message": "No such customer: 'cus_IiVPqG2HBAO1E3'",
        "param": "id",
        "type": "invalid_request_error"
    }
}
-----------------------------
Validate (using jsonObject) that service reponse has "id" as a field
]]></system-out>
  </testcase>
  <testcase name="validateDeleteCustomerAPI" classname="com.learning.testcases.DeleteCustomerTest" time="0.01">
    <failure message="Response doesn&apos;t have ID as a field expected [true] but found [false]" type="java.lang.AssertionError">java.lang.AssertionError: Response doesn't have ID as a field expected [true] but found [false]
	at com.learning.testcases.DeleteCustomerTest.doValidationUsingJSONObject(DeleteCustomerTest.java:51)
	at com.learning.testcases.DeleteCustomerTest.validateDeleteCustomerAPI(DeleteCustomerTest.java:37)
</failure>
    <system-out><![CDATA[{
    "error": {
        "code": "resource_missing",
        "doc_url": "https://stripe.com/docs/error-codes/resource-missing",
        "message": "No such customer: 'cus_IiVPo6AKewRfK4'",
        "param": "id",
        "type": "invalid_request_error"
    }
}
-----------------------------
Validate (using jsonObject) that service reponse has "id" as a field
]]></system-out>
  </testcase>
  <testcase name="validateDeleteCustomerAPI" classname="com.learning.testcases.DeleteCustomerTest" time="0.03">
    <failure message="Response doesn&apos;t have ID as a field expected [true] but found [false]" type="java.lang.AssertionError">java.lang.AssertionError: Response doesn't have ID as a field expected [true] but found [false]
	at com.learning.testcases.DeleteCustomerTest.doValidationUsingJSONObject(DeleteCustomerTest.java:51)
	at com.learning.testcases.DeleteCustomerTest.validateDeleteCustomerAPI(DeleteCustomerTest.java:37)
</failure>
    <system-out><![CDATA[{
    "error": {
        "code": "resource_missing",
        "doc_url": "https://stripe.com/docs/error-codes/resource-missing",
        "message": "No such customer: 'cus_IiVPRAJI4DD18d'",
        "param": "id",
        "type": "invalid_request_error"
    }
}
-----------------------------
Validate (using jsonObject) that service reponse has "id" as a field
]]></system-out>
  </testcase>
  <testcase name="validateDeleteCustomerAPI" classname="com.learning.testcases.DeleteCustomerTest" time="0.007">
    <failure message="Response doesn&apos;t have ID as a field expected [true] but found [false]" type="java.lang.AssertionError">java.lang.AssertionError: Response doesn't have ID as a field expected [true] but found [false]
	at com.learning.testcases.DeleteCustomerTest.doValidationUsingJSONObject(DeleteCustomerTest.java:51)
	at com.learning.testcases.DeleteCustomerTest.validateDeleteCustomerAPI(DeleteCustomerTest.java:37)
</failure>
    <system-out><![CDATA[{
    "error": {
        "code": "resource_missing",
        "doc_url": "https://stripe.com/docs/error-codes/resource-missing",
        "message": "No such customer: 'cus_IiVPVE0P2IzZVK'",
        "param": "id",
        "type": "invalid_request_error"
    }
}
-----------------------------
Validate (using jsonObject) that service reponse has "id" as a field
]]></system-out>
  </testcase>
  <testcase name="validateDeleteCustomerAPI" classname="com.learning.testcases.DeleteCustomerTest" time="0.052">
    <failure message="Response doesn&apos;t have ID as a field expected [true] but found [false]" type="java.lang.AssertionError">java.lang.AssertionError: Response doesn't have ID as a field expected [true] but found [false]
	at com.learning.testcases.DeleteCustomerTest.doValidationUsingJSONObject(DeleteCustomerTest.java:51)
	at com.learning.testcases.DeleteCustomerTest.validateDeleteCustomerAPI(DeleteCustomerTest.java:37)
</failure>
    <system-out><![CDATA[{
    "error": {
        "code": "resource_missing",
        "doc_url": "https://stripe.com/docs/error-codes/resource-missing",
        "message": "No such customer: 'cus_IiVPYAO6dPgWCJ'",
        "param": "id",
        "type": "invalid_request_error"
    }
}
-----------------------------
Validate (using jsonObject) that service reponse has "id" as a field
]]></system-out>
  </testcase>
  <testcase name="validateDeleteCustomerAPI" classname="com.learning.testcases.DeleteCustomerTest" time="0.058">
    <failure message="Response doesn&apos;t have ID as a field expected [true] but found [false]" type="java.lang.AssertionError">java.lang.AssertionError: Response doesn't have ID as a field expected [true] but found [false]
	at com.learning.testcases.DeleteCustomerTest.doValidationUsingJSONObject(DeleteCustomerTest.java:51)
	at com.learning.testcases.DeleteCustomerTest.validateDeleteCustomerAPI(DeleteCustomerTest.java:37)
</failure>
    <system-out><![CDATA[{
    "error": {
        "code": "resource_missing",
        "doc_url": "https://stripe.com/docs/error-codes/resource-missing",
        "message": "No such customer: 'cus_IiVPgZp3zpRmvk'",
        "param": "id",
        "type": "invalid_request_error"
    }
}
-----------------------------
Validate (using jsonObject) that service reponse has "id" as a field
]]></system-out>
  </testcase>
  <testcase name="validateDeleteCustomerAPI" classname="com.learning.testcases.DeleteCustomerTest" time="0.658">
    <failure message="Response doesn&apos;t have ID as a field expected [true] but found [false]" type="java.lang.AssertionError">java.lang.AssertionError: Response doesn't have ID as a field expected [true] but found [false]
	at com.learning.testcases.DeleteCustomerTest.doValidationUsingJSONObject(DeleteCustomerTest.java:51)
	at com.learning.testcases.DeleteCustomerTest.validateDeleteCustomerAPI(DeleteCustomerTest.java:37)
</failure>
    <system-out><![CDATA[{
    "error": {
        "code": "resource_missing",
        "doc_url": "https://stripe.com/docs/error-codes/resource-missing",
        "message": "No such customer: 'cus_IiVPQnVLx4HE8b'",
        "param": "id",
        "type": "invalid_request_error"
    }
}
-----------------------------
Validate (using jsonObject) that service reponse has "id" as a field
]]></system-out>
  </testcase>
  <testcase name="validateDeleteCustomerAPI" classname="com.learning.testcases.DeleteCustomerTest" time="0.012">
    <failure message="Response doesn&apos;t have ID as a field expected [true] but found [false]" type="java.lang.AssertionError">java.lang.AssertionError: Response doesn't have ID as a field expected [true] but found [false]
	at com.learning.testcases.DeleteCustomerTest.doValidationUsingJSONObject(DeleteCustomerTest.java:51)
	at com.learning.testcases.DeleteCustomerTest.validateDeleteCustomerAPI(DeleteCustomerTest.java:37)
</failure>
    <system-out><![CDATA[{
    "error": {
        "code": "resource_missing",
        "doc_url": "https://stripe.com/docs/error-codes/resource-missing",
        "message": "No such customer: 'cus_IiVPDTGm8F65DW'",
        "param": "id",
        "type": "invalid_request_error"
    }
}
-----------------------------
Validate (using jsonObject) that service reponse has "id" as a field
{
    "error": {
        "code": "resource_missing",
        "doc_url": "https://stripe.com/docs/error-codes/resource-missing",
        "message": "No such customer: 'cus_IiVP1lYP9Ogsh9'",
        "param": "id",
        "type": "invalid_request_error"
    }
}
-----------------------------
Validate (using jsonObject) that service reponse has "id" as a field
]]></system-out>
  </testcase>
  <testcase name="validateDeleteCustomerAPI" classname="com.learning.testcases.DeleteCustomerTest" time="0.012">
    <failure message="Response doesn&apos;t have ID as a field expected [true] but found [false]" type="java.lang.AssertionError">java.lang.AssertionError: Response doesn't have ID as a field expected [true] but found [false]
	at com.learning.testcases.DeleteCustomerTest.doValidationUsingJSONObject(DeleteCustomerTest.java:51)
	at com.learning.testcases.DeleteCustomerTest.validateDeleteCustomerAPI(DeleteCustomerTest.java:37)
</failure>
  </testcase>
  <testcase name="validateDeleteCustomerAPI" classname="com.learning.testcases.DeleteCustomerTest" time="0.01">
    <failure message="Response doesn&apos;t have ID as a field expected [true] but found [false]" type="java.lang.AssertionError">java.lang.AssertionError: Response doesn't have ID as a field expected [true] but found [false]
	at com.learning.testcases.DeleteCustomerTest.doValidationUsingJSONObject(DeleteCustomerTest.java:51)
	at com.learning.testcases.DeleteCustomerTest.validateDeleteCustomerAPI(DeleteCustomerTest.java:37)
</failure>
    <system-out><![CDATA[{
    "error": {
        "code": "resource_missing",
        "doc_url": "https://stripe.com/docs/error-codes/resource-missing",
        "message": "No such customer: 'cus_IiVPOvqLV01rkx'",
        "param": "id",
        "type": "invalid_request_error"
    }
}
-----------------------------
Validate (using jsonObject) that service reponse has "id" as a field
]]></system-out>
  </testcase>
  <testcase name="validateDeleteCustomerAPI" classname="com.learning.testcases.DeleteCustomerTest" time="0.027">
    <failure message="Response doesn&apos;t have ID as a field expected [true] but found [false]" type="java.lang.AssertionError">java.lang.AssertionError: Response doesn't have ID as a field expected [true] but found [false]
	at com.learning.testcases.DeleteCustomerTest.doValidationUsingJSONObject(DeleteCustomerTest.java:51)
	at com.learning.testcases.DeleteCustomerTest.validateDeleteCustomerAPI(DeleteCustomerTest.java:37)
</failure>
    <system-out><![CDATA[{
    "error": {
        "code": "resource_missing",
        "doc_url": "https://stripe.com/docs/error-codes/resource-missing",
        "message": "No such customer: 'cus_IiVPRQDfP2pPK5'",
        "param": "id",
        "type": "invalid_request_error"
    }
}
-----------------------------
Validate (using jsonObject) that service reponse has "id" as a field
]]></system-out>
  </testcase>
  <testcase name="validateDeleteCustomerAPI" classname="com.learning.testcases.DeleteCustomerTest" time="0.011">
    <failure message="Response doesn&apos;t have ID as a field expected [true] but found [false]" type="java.lang.AssertionError">java.lang.AssertionError: Response doesn't have ID as a field expected [true] but found [false]
	at com.learning.testcases.DeleteCustomerTest.doValidationUsingJSONObject(DeleteCustomerTest.java:51)
	at com.learning.testcases.DeleteCustomerTest.validateDeleteCustomerAPI(DeleteCustomerTest.java:37)
</failure>
    <system-out><![CDATA[{
    "error": {
        "code": "resource_missing",
        "doc_url": "https://stripe.com/docs/error-codes/resource-missing",
        "message": "No such customer: 'cus_IiVP6Q7CtqI87f'",
        "param": "id",
        "type": "invalid_request_error"
    }
}
-----------------------------
Validate (using jsonObject) that service reponse has "id" as a field
]]></system-out>
  </testcase>
  <testcase name="validateDeleteCustomerAPI" classname="com.learning.testcases.DeleteCustomerTest" time="0.025">
    <failure message="Response doesn&apos;t have ID as a field expected [true] but found [false]" type="java.lang.AssertionError">java.lang.AssertionError: Response doesn't have ID as a field expected [true] but found [false]
	at com.learning.testcases.DeleteCustomerTest.doValidationUsingJSONObject(DeleteCustomerTest.java:51)
	at com.learning.testcases.DeleteCustomerTest.validateDeleteCustomerAPI(DeleteCustomerTest.java:37)
</failure>
    <system-out><![CDATA[{
    "error": {
        "code": "resource_missing",
        "doc_url": "https://stripe.com/docs/error-codes/resource-missing",
        "message": "No such customer: 'cus_IiVP2hSxgKMOJD'",
        "param": "id",
        "type": "invalid_request_error"
    }
}
-----------------------------
Validate (using jsonObject) that service reponse has "id" as a field
]]></system-out>
  </testcase>
  <testcase name="validateDeleteCustomerAPI" classname="com.learning.testcases.DeleteCustomerTest" time="0.04">
    <failure message="Response doesn&apos;t have ID as a field expected [true] but found [false]" type="java.lang.AssertionError">java.lang.AssertionError: Response doesn't have ID as a field expected [true] but found [false]
	at com.learning.testcases.DeleteCustomerTest.doValidationUsingJSONObject(DeleteCustomerTest.java:51)
	at com.learning.testcases.DeleteCustomerTest.validateDeleteCustomerAPI(DeleteCustomerTest.java:37)
</failure>
    <system-out><![CDATA[{
    "error": {
        "code": "resource_missing",
        "doc_url": "https://stripe.com/docs/error-codes/resource-missing",
        "message": "No such customer: 'cus_IiVPBOTHAivBOh'",
        "param": "id",
        "type": "invalid_request_error"
    }
}
-----------------------------
Validate (using jsonObject) that service reponse has "id" as a field
]]></system-out>
  </testcase>
  <testcase name="validateDeleteCustomerAPI" classname="com.learning.testcases.DeleteCustomerTest" time="0.015">
    <failure message="Response doesn&apos;t have ID as a field expected [true] but found [false]" type="java.lang.AssertionError">java.lang.AssertionError: Response doesn't have ID as a field expected [true] but found [false]
	at com.learning.testcases.DeleteCustomerTest.doValidationUsingJSONObject(DeleteCustomerTest.java:51)
	at com.learning.testcases.DeleteCustomerTest.validateDeleteCustomerAPI(DeleteCustomerTest.java:37)
</failure>
    <system-out><![CDATA[{
    "error": {
        "code": "resource_missing",
        "doc_url": "https://stripe.com/docs/error-codes/resource-missing",
        "message": "No such customer: 'cus_IiVP1nZ9vdReZL'",
        "param": "id",
        "type": "invalid_request_error"
    }
}
-----------------------------
Validate (using jsonObject) that service reponse has "id" as a field
]]></system-out>
  </testcase>
  <testcase name="validateDeleteCustomerAPI" classname="com.learning.testcases.DeleteCustomerTest" time="0.14">
    <failure message="Response doesn&apos;t have ID as a field expected [true] but found [false]" type="java.lang.AssertionError">java.lang.AssertionError: Response doesn't have ID as a field expected [true] but found [false]
	at com.learning.testcases.DeleteCustomerTest.doValidationUsingJSONObject(DeleteCustomerTest.java:51)
	at com.learning.testcases.DeleteCustomerTest.validateDeleteCustomerAPI(DeleteCustomerTest.java:37)
</failure>
    <system-out><![CDATA[{
    "error": {
        "code": "resource_missing",
        "doc_url": "https://stripe.com/docs/error-codes/resource-missing",
        "message": "No such customer: 'cus_IiVP5B1QnlpspH'",
        "param": "id",
        "type": "invalid_request_error"
    }
}
-----------------------------
Validate (using jsonObject) that service reponse has "id" as a field
]]></system-out>
  </testcase>
  <testcase name="validateDeleteCustomerAPI" classname="com.learning.testcases.DeleteCustomerTest" time="0.086">
    <failure message="Response doesn&apos;t have ID as a field expected [true] but found [false]" type="java.lang.AssertionError">java.lang.AssertionError: Response doesn't have ID as a field expected [true] but found [false]
	at com.learning.testcases.DeleteCustomerTest.doValidationUsingJSONObject(DeleteCustomerTest.java:51)
	at com.learning.testcases.DeleteCustomerTest.validateDeleteCustomerAPI(DeleteCustomerTest.java:37)
</failure>
    <system-out><![CDATA[{
    "error": {
        "code": "resource_missing",
        "doc_url": "https://stripe.com/docs/error-codes/resource-missing",
        "message": "No such customer: 'cus_IiVPvIKGOAzYZB'",
        "param": "id",
        "type": "invalid_request_error"
    }
}
-----------------------------
Validate (using jsonObject) that service reponse has "id" as a field
]]></system-out>
  </testcase>
  <testcase name="validateDeleteCustomerAPI" classname="com.learning.testcases.DeleteCustomerTest" time="0.048">
    <failure message="Response doesn&apos;t have ID as a field expected [true] but found [false]" type="java.lang.AssertionError">java.lang.AssertionError: Response doesn't have ID as a field expected [true] but found [false]
	at com.learning.testcases.DeleteCustomerTest.doValidationUsingJSONObject(DeleteCustomerTest.java:51)
	at com.learning.testcases.DeleteCustomerTest.validateDeleteCustomerAPI(DeleteCustomerTest.java:37)
</failure>
    <system-out><![CDATA[{
    "error": {
        "code": "resource_missing",
        "doc_url": "https://stripe.com/docs/error-codes/resource-missing",
        "message": "No such customer: 'cus_IiVPpDegVxowDI'",
        "param": "id",
        "type": "invalid_request_error"
    }
}
-----------------------------
Validate (using jsonObject) that service reponse has "id" as a field
]]></system-out>
  </testcase>
  <testcase name="validateDeleteCustomerAPI" classname="com.learning.testcases.DeleteCustomerTest" time="0.007">
    <failure message="Response doesn&apos;t have ID as a field expected [true] but found [false]" type="java.lang.AssertionError">java.lang.AssertionError: Response doesn't have ID as a field expected [true] but found [false]
	at com.learning.testcases.DeleteCustomerTest.doValidationUsingJSONObject(DeleteCustomerTest.java:51)
	at com.learning.testcases.DeleteCustomerTest.validateDeleteCustomerAPI(DeleteCustomerTest.java:37)
</failure>
    <system-out><![CDATA[{
    "error": {
        "code": "resource_missing",
        "doc_url": "https://stripe.com/docs/error-codes/resource-missing",
        "message": "No such customer: 'cus_IiVPcgZ21hGVes'",
        "param": "id",
        "type": "invalid_request_error"
    }
}
-----------------------------
Validate (using jsonObject) that service reponse has "id" as a field
]]></system-out>
  </testcase>
  <testcase name="validateDeleteCustomerAPI" classname="com.learning.testcases.DeleteCustomerTest" time="0.07">
    <failure message="Response doesn&apos;t have ID as a field expected [true] but found [false]" type="java.lang.AssertionError">java.lang.AssertionError: Response doesn't have ID as a field expected [true] but found [false]
	at com.learning.testcases.DeleteCustomerTest.doValidationUsingJSONObject(DeleteCustomerTest.java:51)
	at com.learning.testcases.DeleteCustomerTest.validateDeleteCustomerAPI(DeleteCustomerTest.java:37)
</failure>
    <system-out><![CDATA[{
    "error": {
        "code": "resource_missing",
        "doc_url": "https://stripe.com/docs/error-codes/resource-missing",
        "message": "No such customer: 'cus_IiVPhumMfoMpNZ'",
        "param": "id",
        "type": "invalid_request_error"
    }
}
-----------------------------
Validate (using jsonObject) that service reponse has "id" as a field
]]></system-out>
  </testcase>
  <testcase name="validateDeleteCustomerAPI" classname="com.learning.testcases.DeleteCustomerTest" time="0.061">
    <failure message="Response doesn&apos;t have ID as a field expected [true] but found [false]" type="java.lang.AssertionError">java.lang.AssertionError: Response doesn't have ID as a field expected [true] but found [false]
	at com.learning.testcases.DeleteCustomerTest.doValidationUsingJSONObject(DeleteCustomerTest.java:51)
	at com.learning.testcases.DeleteCustomerTest.validateDeleteCustomerAPI(DeleteCustomerTest.java:37)
</failure>
    <system-out><![CDATA[{
    "error": {
        "code": "resource_missing",
        "doc_url": "https://stripe.com/docs/error-codes/resource-missing",
        "message": "No such customer: 'cus_IiVPYcM8Ue9QZL'",
        "param": "id",
        "type": "invalid_request_error"
    }
}
-----------------------------
Validate (using jsonObject) that service reponse has "id" as a field
]]></system-out>
  </testcase>
  <testcase name="validateDeleteCustomerAPI" classname="com.learning.testcases.DeleteCustomerTest" time="0.063">
    <failure message="Response doesn&apos;t have ID as a field expected [true] but found [false]" type="java.lang.AssertionError">java.lang.AssertionError: Response doesn't have ID as a field expected [true] but found [false]
	at com.learning.testcases.DeleteCustomerTest.doValidationUsingJSONObject(DeleteCustomerTest.java:51)
	at com.learning.testcases.DeleteCustomerTest.validateDeleteCustomerAPI(DeleteCustomerTest.java:37)
</failure>
    <system-out><![CDATA[{
    "error": {
        "code": "resource_missing",
        "doc_url": "https://stripe.com/docs/error-codes/resource-missing",
        "message": "No such customer: 'cus_IiVPCiWYoavvu0'",
        "param": "id",
        "type": "invalid_request_error"
    }
}
-----------------------------
Validate (using jsonObject) that service reponse has "id" as a field
]]></system-out>
  </testcase>
  <testcase name="validateDeleteCustomerAPI" classname="com.learning.testcases.DeleteCustomerTest" time="0.063">
    <failure message="Response doesn&apos;t have ID as a field expected [true] but found [false]" type="java.lang.AssertionError">java.lang.AssertionError: Response doesn't have ID as a field expected [true] but found [false]
	at com.learning.testcases.DeleteCustomerTest.doValidationUsingJSONObject(DeleteCustomerTest.java:51)
	at com.learning.testcases.DeleteCustomerTest.validateDeleteCustomerAPI(DeleteCustomerTest.java:37)
</failure>
    <system-out><![CDATA[{
    "error": {
        "code": "resource_missing",
        "doc_url": "https://stripe.com/docs/error-codes/resource-missing",
        "message": "No such customer: 'cus_IiVPuinmGoRyBB'",
        "param": "id",
        "type": "invalid_request_error"
    }
}
-----------------------------
Validate (using jsonObject) that service reponse has "id" as a field
]]></system-out>
  </testcase>
  <testcase name="validateDeleteCustomerAPI" classname="com.learning.testcases.DeleteCustomerTest" time="0.053">
    <failure message="Response doesn&apos;t have ID as a field expected [true] but found [false]" type="java.lang.AssertionError">java.lang.AssertionError: Response doesn't have ID as a field expected [true] but found [false]
	at com.learning.testcases.DeleteCustomerTest.doValidationUsingJSONObject(DeleteCustomerTest.java:51)
	at com.learning.testcases.DeleteCustomerTest.validateDeleteCustomerAPI(DeleteCustomerTest.java:37)
</failure>
    <system-out><![CDATA[{
    "error": {
        "code": "resource_missing",
        "doc_url": "https://stripe.com/docs/error-codes/resource-missing",
        "message": "No such customer: 'cus_IiVPSGgOTsjBuJ'",
        "param": "id",
        "type": "invalid_request_error"
    }
}
-----------------------------
Validate (using jsonObject) that service reponse has "id" as a field
]]></system-out>
  </testcase>
  <testcase name="validateDeleteCustomerAPI" classname="com.learning.testcases.DeleteCustomerTest" time="0.125">
    <failure message="Response doesn&apos;t have ID as a field expected [true] but found [false]" type="java.lang.AssertionError">java.lang.AssertionError: Response doesn't have ID as a field expected [true] but found [false]
	at com.learning.testcases.DeleteCustomerTest.doValidationUsingJSONObject(DeleteCustomerTest.java:51)
	at com.learning.testcases.DeleteCustomerTest.validateDeleteCustomerAPI(DeleteCustomerTest.java:37)
</failure>
    <system-out><![CDATA[{
    "error": {
        "code": "resource_missing",
        "doc_url": "https://stripe.com/docs/error-codes/resource-missing",
        "message": "No such customer: 'cus_IiVP8Diwp4iWw2'",
        "param": "id",
        "type": "invalid_request_error"
    }
}
-----------------------------
Validate (using jsonObject) that service reponse has "id" as a field
]]></system-out>
  </testcase>
  <testcase name="validateDeleteCustomerAPI" classname="com.learning.testcases.DeleteCustomerTest" time="0.144">
    <failure message="Response doesn&apos;t have ID as a field expected [true] but found [false]" type="java.lang.AssertionError">java.lang.AssertionError: Response doesn't have ID as a field expected [true] but found [false]
	at com.learning.testcases.DeleteCustomerTest.doValidationUsingJSONObject(DeleteCustomerTest.java:51)
	at com.learning.testcases.DeleteCustomerTest.validateDeleteCustomerAPI(DeleteCustomerTest.java:37)
</failure>
    <system-out><![CDATA[{
    "error": {
        "code": "resource_missing",
        "doc_url": "https://stripe.com/docs/error-codes/resource-missing",
        "message": "No such customer: 'cus_IiVPiuWkRpI61z'",
        "param": "id",
        "type": "invalid_request_error"
    }
}
-----------------------------
Validate (using jsonObject) that service reponse has "id" as a field
]]></system-out>
  </testcase>
  <testcase name="validateDeleteCustomerAPI" classname="com.learning.testcases.DeleteCustomerTest" time="1.868">
    <failure message="Response doesn&apos;t have ID as a field expected [true] but found [false]" type="java.lang.AssertionError">java.lang.AssertionError: Response doesn't have ID as a field expected [true] but found [false]
	at com.learning.testcases.DeleteCustomerTest.doValidationUsingJSONObject(DeleteCustomerTest.java:51)
	at com.learning.testcases.DeleteCustomerTest.validateDeleteCustomerAPI(DeleteCustomerTest.java:37)
</failure>
    <system-out><![CDATA[{
    "error": {
        "code": "resource_missing",
        "doc_url": "https://stripe.com/docs/error-codes/resource-missing",
        "message": "No such customer: 'cus_IiVPMf8FRjAhha'",
        "param": "id",
        "type": "invalid_request_error"
    }
}
-----------------------------
Validate (using jsonObject) that service reponse has "id" as a field
{
    "error": {
        "code": "resource_missing",
        "doc_url": "https://stripe.com/docs/error-codes/resource-missing",
        "message": "No such customer: 'cus_IiVPbP4XHF8cos'",
        "param": "id",
        "type": "invalid_request_error"
    }
}
-----------------------------
Validate (using jsonObject) that service reponse has "id" as a field
{
    "id": "cus_IiVPcS2LbDfMtb",
    "object": "customer",
    "deleted": true
}
-----------------------------
Validate (using jsonObject) that service reponse has "id" as a field
{
    "id": "cus_IiVP7aQY5ZIRg8",
    "object": "customer",
    "deleted": true
}
-----------------------------
Validate (using jsonObject) that service reponse has "id" as a field
{
    "id": "cus_IiVPXVbbMKaIML",
    "object": "customer",
    "deleted": true
}
-----------------------------
Validate (using jsonObject) that service reponse has "id" as a field
ID: cus_IiVPXVbbMKaIML
{
    "error": {
        "code": "resource_missing",
        "doc_url": "https://stripe.com/docs/error-codes/resource-missing",
        "message": "No such customer: 'cus_IiVPnCiXMpiC3y'",
        "param": "id",
        "type": "invalid_request_error"
    }
}
-----------------------------
Validate (using jsonObject) that service reponse has "id" as a field
{
    "id": "cus_IiVPqgvOc2fmBY",
    "object": "customer",
    "deleted": true
}
-----------------------------
Validate (using jsonObject) that service reponse has "id" as a field
{
    "error": {
        "code": "resource_missing",
        "doc_url": "https://stripe.com/docs/error-codes/resource-missing",
        "message": "No such customer: 'cus_IiVPvFgCexk6jq'",
        "param": "id",
        "type": "invalid_request_error"
    }
}
-----------------------------
Validate (using jsonObject) that service reponse has "id" as a field
{
    "error": {
        "code": "resource_missing",
        "doc_url": "https://stripe.com/docs/error-codes/resource-missing",
        "message": "No such customer: 'cus_IiVPSvruf8pg1r'",
        "param": "id",
        "type": "invalid_request_error"
    }
}
-----------------------------
Validate (using jsonObject) that service reponse has "id" as a field
{
    "error": {
        "code": "resource_missing",
        "doc_url": "https://stripe.com/docs/error-codes/resource-missing",
        "message": "No such customer: 'cus_IiVP0qEMupnMJ4'",
        "param": "id",
        "type": "invalid_request_error"
    }
}
-----------------------------
Validate (using jsonObject) that service reponse has "id" as a field
]]></system-out>
  </testcase>
  <testcase name="validateDeleteCustomerAPI" classname="com.learning.testcases.DeleteCustomerTest" time="1.868">
    <failure message="Response doesn&apos;t have ID as a field expected [true] but found [false]" type="java.lang.AssertionError">java.lang.AssertionError: Response doesn't have ID as a field expected [true] but found [false]
	at com.learning.testcases.DeleteCustomerTest.doValidationUsingJSONObject(DeleteCustomerTest.java:51)
	at com.learning.testcases.DeleteCustomerTest.validateDeleteCustomerAPI(DeleteCustomerTest.java:37)
</failure>
  </testcase>
  <testcase name="validateDeleteCustomerAPI" classname="com.learning.testcases.DeleteCustomerTest" time="1.868">
    <failure message="Response doesn&apos;t have ID as a field expected [true] but found [false]" type="java.lang.AssertionError">java.lang.AssertionError: Response doesn't have ID as a field expected [true] but found [false]
	at com.learning.testcases.DeleteCustomerTest.doValidationUsingJSONObject(DeleteCustomerTest.java:51)
	at com.learning.testcases.DeleteCustomerTest.validateDeleteCustomerAPI(DeleteCustomerTest.java:37)
</failure>
  </testcase>
  <testcase name="validateDeleteCustomerAPI" classname="com.learning.testcases.DeleteCustomerTest" time="1.868">
    <failure message="Response doesn&apos;t have ID as a field expected [true] but found [false]" type="java.lang.AssertionError">java.lang.AssertionError: Response doesn't have ID as a field expected [true] but found [false]
	at com.learning.testcases.DeleteCustomerTest.doValidationUsingJSONObject(DeleteCustomerTest.java:51)
	at com.learning.testcases.DeleteCustomerTest.validateDeleteCustomerAPI(DeleteCustomerTest.java:37)
</failure>
    <system-out><![CDATA[Object key value: customer
]]></system-out>
  </testcase>
  <testcase name="validateDeleteCustomerAPI" classname="com.learning.testcases.DeleteCustomerTest" time="1.868">
    <failure message="Response doesn&apos;t have ID as a field expected [true] but found [false]" type="java.lang.AssertionError">java.lang.AssertionError: Response doesn't have ID as a field expected [true] but found [false]
	at com.learning.testcases.DeleteCustomerTest.doValidationUsingJSONObject(DeleteCustomerTest.java:51)
	at com.learning.testcases.DeleteCustomerTest.validateDeleteCustomerAPI(DeleteCustomerTest.java:37)
</failure>
  </testcase>
  <testcase name="validateDeleteCustomerAPI" classname="com.learning.testcases.DeleteCustomerTest" time="1.869"/>
  <testcase name="validateDeleteCustomerAPI" classname="com.learning.testcases.DeleteCustomerTest" time="0.004">
    <failure message="Response doesn&apos;t have ID as a field expected [true] but found [false]" type="java.lang.AssertionError">java.lang.AssertionError: Response doesn't have ID as a field expected [true] but found [false]
	at com.learning.testcases.DeleteCustomerTest.doValidationUsingJSONObject(DeleteCustomerTest.java:51)
	at com.learning.testcases.DeleteCustomerTest.validateDeleteCustomerAPI(DeleteCustomerTest.java:37)
</failure>
  </testcase>
  <testcase name="validateDeleteCustomerAPI" classname="com.learning.testcases.DeleteCustomerTest" time="0.002"/>
  <testcase name="validateDeleteCustomerAPI" classname="com.learning.testcases.DeleteCustomerTest" time="0.003"/>
  <testcase name="validateDeleteCustomerAPI" classname="com.learning.testcases.DeleteCustomerTest" time="0.003"/>
  <testcase name="validateDeleteCustomerAPI" classname="com.learning.testcases.DeleteCustomerTest" time="1.603">
    <failure message="Response doesn&apos;t have ID as a field expected [true] but found [false]" type="java.lang.AssertionError">java.lang.AssertionError: Response doesn't have ID as a field expected [true] but found [false]
	at com.learning.testcases.DeleteCustomerTest.doValidationUsingJSONObject(DeleteCustomerTest.java:51)
	at com.learning.testcases.DeleteCustomerTest.validateDeleteCustomerAPI(DeleteCustomerTest.java:37)
</failure>
    <system-out><![CDATA[{
    "error": {
        "code": "resource_missing",
        "doc_url": "https://stripe.com/docs/error-codes/resource-missing",
        "message": "No such customer: 'cus_IiVPJ5qZ19w5t6'",
        "param": "id",
        "type": "invalid_request_error"
    }
}
-----------------------------
Validate (using jsonObject) that service reponse has "id" as a field
{
    "error": {
        "code": "resource_missing",
        "doc_url": "https://stripe.com/docs/error-codes/resource-missing",
        "message": "No such customer: 'cus_IiVPBae3Di3glY'",
        "param": "id",
        "type": "invalid_request_error"
    }
}
-----------------------------
Validate (using jsonObject) that service reponse has "id" as a field
]]></system-out>
  </testcase>
  <testcase name="validateDeleteCustomerAPI" classname="com.learning.testcases.DeleteCustomerTest" time="1.607">
    <failure message="Response doesn&apos;t have ID as a field expected [true] but found [false]" type="java.lang.AssertionError">java.lang.AssertionError: Response doesn't have ID as a field expected [true] but found [false]
	at com.learning.testcases.DeleteCustomerTest.doValidationUsingJSONObject(DeleteCustomerTest.java:51)
	at com.learning.testcases.DeleteCustomerTest.validateDeleteCustomerAPI(DeleteCustomerTest.java:37)
</failure>
    <system-out><![CDATA[{
    "error": {
        "code": "resource_missing",
        "doc_url": "https://stripe.com/docs/error-codes/resource-missing",
        "message": "No such customer: 'cus_IiVP3u4HuF00Xq'",
        "param": "id",
        "type": "invalid_request_error"
    }
}
-----------------------------
Validate (using jsonObject) that service reponse has "id" as a field
]]></system-out>
  </testcase>
  <testcase name="validateDeleteCustomerAPI" classname="com.learning.testcases.DeleteCustomerTest" time="1.607">
    <failure message="Response doesn&apos;t have ID as a field expected [true] but found [false]" type="java.lang.AssertionError">java.lang.AssertionError: Response doesn't have ID as a field expected [true] but found [false]
	at com.learning.testcases.DeleteCustomerTest.doValidationUsingJSONObject(DeleteCustomerTest.java:51)
	at com.learning.testcases.DeleteCustomerTest.validateDeleteCustomerAPI(DeleteCustomerTest.java:37)
</failure>
  </testcase>
  <testcase name="validateDeleteCustomerAPI" classname="com.learning.testcases.DeleteCustomerTest" time="0.004">
    <failure message="Response doesn&apos;t have ID as a field expected [true] but found [false]" type="java.lang.AssertionError">java.lang.AssertionError: Response doesn't have ID as a field expected [true] but found [false]
	at com.learning.testcases.DeleteCustomerTest.doValidationUsingJSONObject(DeleteCustomerTest.java:51)
	at com.learning.testcases.DeleteCustomerTest.validateDeleteCustomerAPI(DeleteCustomerTest.java:37)
</failure>
    <system-out><![CDATA[{
    "id": "cus_IiVP2RekTLz6yR",
    "object": "customer",
    "deleted": true
}
-----------------------------
Validate (using jsonObject) that service reponse has "id" as a field
{
    "error": {
        "code": "resource_missing",
        "doc_url": "https://stripe.com/docs/error-codes/resource-missing",
        "message": "No such customer: 'cus_IiVPVnZmAhTVxR'",
        "param": "id",
        "type": "invalid_request_error"
    }
}
-----------------------------
Validate (using jsonObject) that service reponse has "id" as a field
{
    "id": "cus_IiVPJCdNJ9nlsa",
    "object": "customer",
    "deleted": true
}
-----------------------------
Validate (using jsonObject) that service reponse has "id" as a field
{
    "id": "cus_IiVPNKmKoWB795",
    "object": "customer",
    "deleted": true
}
-----------------------------
Validate (using jsonObject) that service reponse has "id" as a field
]]></system-out>
  </testcase>
  <testcase name="validateDeleteCustomerAPI" classname="com.learning.testcases.DeleteCustomerTest" time="0.009"/>
  <testcase name="validateDeleteCustomerAPI" classname="com.learning.testcases.DeleteCustomerTest" time="0">
    <failure message="Response doesn&apos;t have ID as a field expected [true] but found [false]" type="java.lang.AssertionError">java.lang.AssertionError: Response doesn't have ID as a field expected [true] but found [false]
	at com.learning.testcases.DeleteCustomerTest.doValidationUsingJSONObject(DeleteCustomerTest.java:51)
	at com.learning.testcases.DeleteCustomerTest.validateDeleteCustomerAPI(DeleteCustomerTest.java:37)
</failure>
  </testcase>
  <testcase name="validateDeleteCustomerAPI" classname="com.learning.testcases.DeleteCustomerTest" time="0.005"/>
  <testcase name="validateDeleteCustomerAPI" classname="com.learning.testcases.DeleteCustomerTest" time="0.004"/>
  <testcase name="validateDeleteCustomerAPI" classname="com.learning.testcases.DeleteCustomerTest" time="0.005"/>
  <testcase name="validateDeleteCustomerAPI" classname="com.learning.testcases.DeleteCustomerTest" time="0.001"/>
  <testcase name="validateDeleteCustomerAPI" classname="com.learning.testcases.DeleteCustomerTest" time="1.336">
    <failure message="Response doesn&apos;t have ID as a field expected [true] but found [false]" type="java.lang.AssertionError">java.lang.AssertionError: Response doesn't have ID as a field expected [true] but found [false]
	at com.learning.testcases.DeleteCustomerTest.doValidationUsingJSONObject(DeleteCustomerTest.java:51)
	at com.learning.testcases.DeleteCustomerTest.validateDeleteCustomerAPI(DeleteCustomerTest.java:37)
</failure>
    <system-out><![CDATA[{
    "error": {
        "code": "resource_missing",
        "doc_url": "https://stripe.com/docs/error-codes/resource-missing",
        "message": "No such customer: 'cus_IiVPaQUKm82nDh'",
        "param": "id",
        "type": "invalid_request_error"
    }
}
-----------------------------
Validate (using jsonObject) that service reponse has "id" as a field
]]></system-out>
  </testcase>
  <testcase name="validateDeleteCustomerAPI" classname="com.learning.testcases.DeleteCustomerTest" time="0.004">
    <failure message="Response doesn&apos;t have ID as a field expected [true] but found [false]" type="java.lang.AssertionError">java.lang.AssertionError: Response doesn't have ID as a field expected [true] but found [false]
	at com.learning.testcases.DeleteCustomerTest.doValidationUsingJSONObject(DeleteCustomerTest.java:51)
	at com.learning.testcases.DeleteCustomerTest.validateDeleteCustomerAPI(DeleteCustomerTest.java:37)
</failure>
    <system-out><![CDATA[{
    "error": {
        "code": "resource_missing",
        "doc_url": "https://stripe.com/docs/error-codes/resource-missing",
        "message": "No such customer: 'cus_IiVPGpNh0mHzv2'",
        "param": "id",
        "type": "invalid_request_error"
    }
}
-----------------------------
Validate (using jsonObject) that service reponse has "id" as a field
]]></system-out>
  </testcase>
  <testcase name="validateDeleteCustomerAPI" classname="com.learning.testcases.DeleteCustomerTest" time="0.005">
    <failure message="Response doesn&apos;t have ID as a field expected [true] but found [false]" type="java.lang.AssertionError">java.lang.AssertionError: Response doesn't have ID as a field expected [true] but found [false]
	at com.learning.testcases.DeleteCustomerTest.doValidationUsingJSONObject(DeleteCustomerTest.java:51)
	at com.learning.testcases.DeleteCustomerTest.validateDeleteCustomerAPI(DeleteCustomerTest.java:37)
</failure>
    <system-out><![CDATA[{
    "error": {
        "code": "resource_missing",
        "doc_url": "https://stripe.com/docs/error-codes/resource-missing",
        "message": "No such customer: 'cus_IiVPmn7WfDzgOM'",
        "param": "id",
        "type": "invalid_request_error"
    }
}
-----------------------------
Validate (using jsonObject) that service reponse has "id" as a field
]]></system-out>
  </testcase>
  <testcase name="validateDeleteCustomerAPI" classname="com.learning.testcases.DeleteCustomerTest" time="0.054">
    <failure message="Response doesn&apos;t have ID as a field expected [true] but found [false]" type="java.lang.AssertionError">java.lang.AssertionError: Response doesn't have ID as a field expected [true] but found [false]
	at com.learning.testcases.DeleteCustomerTest.doValidationUsingJSONObject(DeleteCustomerTest.java:51)
	at com.learning.testcases.DeleteCustomerTest.validateDeleteCustomerAPI(DeleteCustomerTest.java:37)
</failure>
    <system-out><![CDATA[{
    "error": {
        "code": "resource_missing",
        "doc_url": "https://stripe.com/docs/error-codes/resource-missing",
        "message": "No such customer: 'cus_IiVPblC6kK38Qf'",
        "param": "id",
        "type": "invalid_request_error"
    }
}
-----------------------------
Validate (using jsonObject) that service reponse has "id" as a field
]]></system-out>
  </testcase>
  <testcase name="validateDeleteCustomerAPI" classname="com.learning.testcases.DeleteCustomerTest" time="0.005">
    <failure message="Response doesn&apos;t have ID as a field expected [true] but found [false]" type="java.lang.AssertionError">java.lang.AssertionError: Response doesn't have ID as a field expected [true] but found [false]
	at com.learning.testcases.DeleteCustomerTest.doValidationUsingJSONObject(DeleteCustomerTest.java:51)
	at com.learning.testcases.DeleteCustomerTest.validateDeleteCustomerAPI(DeleteCustomerTest.java:37)
</failure>
    <system-out><![CDATA[{
    "error": {
        "code": "resource_missing",
        "doc_url": "https://stripe.com/docs/error-codes/resource-missing",
        "message": "No such customer: 'cus_IiVPAlaYgTlI5K'",
        "param": "id",
        "type": "invalid_request_error"
    }
}
-----------------------------
Validate (using jsonObject) that service reponse has "id" as a field
]]></system-out>
  </testcase>
  <testcase name="validateDeleteCustomerAPI" classname="com.learning.testcases.DeleteCustomerTest" time="0.025"/>
  <testcase name="validateDeleteCustomerAPI" classname="com.learning.testcases.DeleteCustomerTest" time="0.012"/>
  <testcase name="validateDeleteCustomerAPI" classname="com.learning.testcases.DeleteCustomerTest" time="0.023"/>
  <testcase name="validateDeleteCustomerAPI" classname="com.learning.testcases.DeleteCustomerTest" time="0.007"/>
  <testcase name="validateDeleteCustomerAPI" classname="com.learning.testcases.DeleteCustomerTest" time="0.016">
    <failure message="Response doesn&apos;t have ID as a field expected [true] but found [false]" type="java.lang.AssertionError">java.lang.AssertionError: Response doesn't have ID as a field expected [true] but found [false]
	at com.learning.testcases.DeleteCustomerTest.doValidationUsingJSONObject(DeleteCustomerTest.java:51)
	at com.learning.testcases.DeleteCustomerTest.validateDeleteCustomerAPI(DeleteCustomerTest.java:37)
</failure>
    <system-out><![CDATA[{
    "error": {
        "code": "resource_missing",
        "doc_url": "https://stripe.com/docs/error-codes/resource-missing",
        "message": "No such customer: 'cus_IiVPW8ZBvuP4RQ'",
        "param": "id",
        "type": "invalid_request_error"
    }
}
-----------------------------
Validate (using jsonObject) that service reponse has "id" as a field
]]></system-out>
  </testcase>
  <testcase name="validateDeleteCustomerAPI" classname="com.learning.testcases.DeleteCustomerTest" time="1.197">
    <failure message="Response doesn&apos;t have ID as a field expected [true] but found [false]" type="java.lang.AssertionError">java.lang.AssertionError: Response doesn't have ID as a field expected [true] but found [false]
	at com.learning.testcases.DeleteCustomerTest.doValidationUsingJSONObject(DeleteCustomerTest.java:51)
	at com.learning.testcases.DeleteCustomerTest.validateDeleteCustomerAPI(DeleteCustomerTest.java:37)
</failure>
    <system-out><![CDATA[{
    "error": {
        "code": "resource_missing",
        "doc_url": "https://stripe.com/docs/error-codes/resource-missing",
        "message": "No such customer: 'cus_IiVPXOaLuVI8jz'",
        "param": "id",
        "type": "invalid_request_error"
    }
}
-----------------------------
Validate (using jsonObject) that service reponse has "id" as a field
]]></system-out>
  </testcase>
  <testcase name="validateDeleteCustomerAPI" classname="com.learning.testcases.DeleteCustomerTest" time="0.018">
    <failure message="Response doesn&apos;t have ID as a field expected [true] but found [false]" type="java.lang.AssertionError">java.lang.AssertionError: Response doesn't have ID as a field expected [true] but found [false]
	at com.learning.testcases.DeleteCustomerTest.doValidationUsingJSONObject(DeleteCustomerTest.java:51)
	at com.learning.testcases.DeleteCustomerTest.validateDeleteCustomerAPI(DeleteCustomerTest.java:37)
</failure>
    <system-out><![CDATA[{
    "error": {
        "code": "resource_missing",
        "doc_url": "https://stripe.com/docs/error-codes/resource-missing",
        "message": "No such customer: 'cus_IiVP36F4ZxEpB7'",
        "param": "id",
        "type": "invalid_request_error"
    }
}
-----------------------------
Validate (using jsonObject) that service reponse has "id" as a field
]]></system-out>
  </testcase>
  <testcase name="validateDeleteCustomerAPI" classname="com.learning.testcases.DeleteCustomerTest" time="0.043"/>
  <testcase name="validateDeleteCustomerAPI" classname="com.learning.testcases.DeleteCustomerTest" time="0.03">
    <failure message="Response doesn&apos;t have ID as a field expected [true] but found [false]" type="java.lang.AssertionError">java.lang.AssertionError: Response doesn't have ID as a field expected [true] but found [false]
	at com.learning.testcases.DeleteCustomerTest.doValidationUsingJSONObject(DeleteCustomerTest.java:51)
	at com.learning.testcases.DeleteCustomerTest.validateDeleteCustomerAPI(DeleteCustomerTest.java:37)
</failure>
    <system-out><![CDATA[{
    "error": {
        "code": "resource_missing",
        "doc_url": "https://stripe.com/docs/error-codes/resource-missing",
        "message": "No such customer: 'cus_IiVP9DBvhB2vkY'",
        "param": "id",
        "type": "invalid_request_error"
    }
}
-----------------------------
Validate (using jsonObject) that service reponse has "id" as a field
]]></system-out>
  </testcase>
  <testcase name="validateDeleteCustomerAPI" classname="com.learning.testcases.DeleteCustomerTest" time="0.042">
    <failure message="Response doesn&apos;t have ID as a field expected [true] but found [false]" type="java.lang.AssertionError">java.lang.AssertionError: Response doesn't have ID as a field expected [true] but found [false]
	at com.learning.testcases.DeleteCustomerTest.doValidationUsingJSONObject(DeleteCustomerTest.java:51)
	at com.learning.testcases.DeleteCustomerTest.validateDeleteCustomerAPI(DeleteCustomerTest.java:37)
</failure>
    <system-out><![CDATA[{
    "error": {
        "code": "resource_missing",
        "doc_url": "https://stripe.com/docs/error-codes/resource-missing",
        "message": "No such customer: 'cus_IiVPS9yqQjRYV4'",
        "param": "id",
        "type": "invalid_request_error"
    }
}
-----------------------------
Validate (using jsonObject) that service reponse has "id" as a field
]]></system-out>
  </testcase>
  <testcase name="validateDeleteCustomerAPI" classname="com.learning.testcases.DeleteCustomerTest" time="0.006">
    <failure message="Response doesn&apos;t have ID as a field expected [true] but found [false]" type="java.lang.AssertionError">java.lang.AssertionError: Response doesn't have ID as a field expected [true] but found [false]
	at com.learning.testcases.DeleteCustomerTest.doValidationUsingJSONObject(DeleteCustomerTest.java:51)
	at com.learning.testcases.DeleteCustomerTest.validateDeleteCustomerAPI(DeleteCustomerTest.java:37)
</failure>
    <system-out><![CDATA[{
    "error": {
        "code": "resource_missing",
        "doc_url": "https://stripe.com/docs/error-codes/resource-missing",
        "message": "No such customer: 'cus_IiVP9v2ePkUkAp'",
        "param": "id",
        "type": "invalid_request_error"
    }
}
-----------------------------
Validate (using jsonObject) that service reponse has "id" as a field
]]></system-out>
  </testcase>
  <testcase name="validateDeleteCustomerAPI" classname="com.learning.testcases.DeleteCustomerTest" time="0.021"/>
  <testcase name="validateDeleteCustomerAPI" classname="com.learning.testcases.DeleteCustomerTest" time="0.019">
    <failure message="Response doesn&apos;t have ID as a field expected [true] but found [false]" type="java.lang.AssertionError">java.lang.AssertionError: Response doesn't have ID as a field expected [true] but found [false]
	at com.learning.testcases.DeleteCustomerTest.doValidationUsingJSONObject(DeleteCustomerTest.java:51)
	at com.learning.testcases.DeleteCustomerTest.validateDeleteCustomerAPI(DeleteCustomerTest.java:37)
</failure>
    <system-out><![CDATA[{
    "error": {
        "code": "resource_missing",
        "doc_url": "https://stripe.com/docs/error-codes/resource-missing",
        "message": "No such customer: 'cus_IiVP9mLT71BvuP'",
        "param": "id",
        "type": "invalid_request_error"
    }
}
-----------------------------
Validate (using jsonObject) that service reponse has "id" as a field
]]></system-out>
  </testcase>
  <testcase name="validateDeleteCustomerAPI" classname="com.learning.testcases.DeleteCustomerTest" time="0.036"/>
  <testcase name="validateDeleteCustomerAPI" classname="com.learning.testcases.DeleteCustomerTest" time="0.012"/>
  <testcase name="validateDeleteCustomerAPI" classname="com.learning.testcases.DeleteCustomerTest" time="1.15">
    <failure message="Response doesn&apos;t have ID as a field expected [true] but found [false]" type="java.lang.AssertionError">java.lang.AssertionError: Response doesn't have ID as a field expected [true] but found [false]
	at com.learning.testcases.DeleteCustomerTest.doValidationUsingJSONObject(DeleteCustomerTest.java:51)
	at com.learning.testcases.DeleteCustomerTest.validateDeleteCustomerAPI(DeleteCustomerTest.java:37)
</failure>
    <system-out><![CDATA[{
    "error": {
        "code": "resource_missing",
        "doc_url": "https://stripe.com/docs/error-codes/resource-missing",
        "message": "No such customer: 'cus_IiVPaWAhjojyiZ'",
        "param": "id",
        "type": "invalid_request_error"
    }
}
-----------------------------
Validate (using jsonObject) that service reponse has "id" as a field
]]></system-out>
  </testcase>
  <testcase name="validateDeleteCustomerAPI" classname="com.learning.testcases.DeleteCustomerTest" time="0.014">
    <failure message="Response doesn&apos;t have ID as a field expected [true] but found [false]" type="java.lang.AssertionError">java.lang.AssertionError: Response doesn't have ID as a field expected [true] but found [false]
	at com.learning.testcases.DeleteCustomerTest.doValidationUsingJSONObject(DeleteCustomerTest.java:51)
	at com.learning.testcases.DeleteCustomerTest.validateDeleteCustomerAPI(DeleteCustomerTest.java:37)
</failure>
    <system-out><![CDATA[{
    "error": {
        "code": "resource_missing",
        "doc_url": "https://stripe.com/docs/error-codes/resource-missing",
        "message": "No such customer: 'cus_IiVPRnRI0y75y2'",
        "param": "id",
        "type": "invalid_request_error"
    }
}
-----------------------------
Validate (using jsonObject) that service reponse has "id" as a field
]]></system-out>
  </testcase>
  <testcase name="validateDeleteCustomerAPI" classname="com.learning.testcases.DeleteCustomerTest" time="0.093">
    <failure message="Response doesn&apos;t have ID as a field expected [true] but found [false]" type="java.lang.AssertionError">java.lang.AssertionError: Response doesn't have ID as a field expected [true] but found [false]
	at com.learning.testcases.DeleteCustomerTest.doValidationUsingJSONObject(DeleteCustomerTest.java:51)
	at com.learning.testcases.DeleteCustomerTest.validateDeleteCustomerAPI(DeleteCustomerTest.java:37)
</failure>
    <system-out><![CDATA[{
    "error": {
        "code": "resource_missing",
        "doc_url": "https://stripe.com/docs/error-codes/resource-missing",
        "message": "No such customer: 'cus_IiVP88ANaFRvjK'",
        "param": "id",
        "type": "invalid_request_error"
    }
}
-----------------------------
Validate (using jsonObject) that service reponse has "id" as a field
]]></system-out>
  </testcase>
  <testcase name="validateDeleteCustomerAPI" classname="com.learning.testcases.DeleteCustomerTest" time="0.004">
    <failure message="Response doesn&apos;t have ID as a field expected [true] but found [false]" type="java.lang.AssertionError">java.lang.AssertionError: Response doesn't have ID as a field expected [true] but found [false]
	at com.learning.testcases.DeleteCustomerTest.doValidationUsingJSONObject(DeleteCustomerTest.java:51)
	at com.learning.testcases.DeleteCustomerTest.validateDeleteCustomerAPI(DeleteCustomerTest.java:37)
</failure>
    <system-out><![CDATA[{
    "error": {
        "code": "resource_missing",
        "doc_url": "https://stripe.com/docs/error-codes/resource-missing",
        "message": "No such customer: 'cus_IiVP7CEGdoDKPj'",
        "param": "id",
        "type": "invalid_request_error"
    }
}
-----------------------------
Validate (using jsonObject) that service reponse has "id" as a field
]]></system-out>
  </testcase>
  <testcase name="validateDeleteCustomerAPI" classname="com.learning.testcases.DeleteCustomerTest" time="0.004">
    <failure message="Response doesn&apos;t have ID as a field expected [true] but found [false]" type="java.lang.AssertionError">java.lang.AssertionError: Response doesn't have ID as a field expected [true] but found [false]
	at com.learning.testcases.DeleteCustomerTest.doValidationUsingJSONObject(DeleteCustomerTest.java:51)
	at com.learning.testcases.DeleteCustomerTest.validateDeleteCustomerAPI(DeleteCustomerTest.java:37)
</failure>
    <system-out><![CDATA[{
    "error": {
        "code": "resource_missing",
        "doc_url": "https://stripe.com/docs/error-codes/resource-missing",
        "message": "No such customer: 'cus_IiVPXhyx0ndd6i'",
        "param": "id",
        "type": "invalid_request_error"
    }
}
-----------------------------
Validate (using jsonObject) that service reponse has "id" as a field
]]></system-out>
  </testcase>
  <testcase name="validateDeleteCustomerAPI" classname="com.learning.testcases.DeleteCustomerTest" time="0.019">
    <failure message="Response doesn&apos;t have ID as a field expected [true] but found [false]" type="java.lang.AssertionError">java.lang.AssertionError: Response doesn't have ID as a field expected [true] but found [false]
	at com.learning.testcases.DeleteCustomerTest.doValidationUsingJSONObject(DeleteCustomerTest.java:51)
	at com.learning.testcases.DeleteCustomerTest.validateDeleteCustomerAPI(DeleteCustomerTest.java:37)
</failure>
    <system-out><![CDATA[{
    "error": {
        "code": "resource_missing",
        "doc_url": "https://stripe.com/docs/error-codes/resource-missing",
        "message": "No such customer: 'cus_IiVPX1pcLr4ky3'",
        "param": "id",
        "type": "invalid_request_error"
    }
}
-----------------------------
Validate (using jsonObject) that service reponse has "id" as a field
]]></system-out>
  </testcase>
  <testcase name="validateDeleteCustomerAPI" classname="com.learning.testcases.DeleteCustomerTest" time="0.005">
    <failure message="Response doesn&apos;t have ID as a field expected [true] but found [false]" type="java.lang.AssertionError">java.lang.AssertionError: Response doesn't have ID as a field expected [true] but found [false]
	at com.learning.testcases.DeleteCustomerTest.doValidationUsingJSONObject(DeleteCustomerTest.java:51)
	at com.learning.testcases.DeleteCustomerTest.validateDeleteCustomerAPI(DeleteCustomerTest.java:37)
</failure>
    <system-out><![CDATA[{
    "error": {
        "code": "resource_missing",
        "doc_url": "https://stripe.com/docs/error-codes/resource-missing",
        "message": "No such customer: 'cus_IiVPXzaDIgPhDR'",
        "param": "id",
        "type": "invalid_request_error"
    }
}
-----------------------------
Validate (using jsonObject) that service reponse has "id" as a field
]]></system-out>
  </testcase>
  <testcase name="validateDeleteCustomerAPI" classname="com.learning.testcases.DeleteCustomerTest" time="0.034">
    <failure message="Response doesn&apos;t have ID as a field expected [true] but found [false]" type="java.lang.AssertionError">java.lang.AssertionError: Response doesn't have ID as a field expected [true] but found [false]
	at com.learning.testcases.DeleteCustomerTest.doValidationUsingJSONObject(DeleteCustomerTest.java:51)
	at com.learning.testcases.DeleteCustomerTest.validateDeleteCustomerAPI(DeleteCustomerTest.java:37)
</failure>
    <system-out><![CDATA[{
    "error": {
        "code": "resource_missing",
        "doc_url": "https://stripe.com/docs/error-codes/resource-missing",
        "message": "No such customer: 'cus_IiVP6j033vN5G3'",
        "param": "id",
        "type": "invalid_request_error"
    }
}
-----------------------------
Validate (using jsonObject) that service reponse has "id" as a field
]]></system-out>
  </testcase>
  <testcase name="validateDeleteCustomerAPI" classname="com.learning.testcases.DeleteCustomerTest" time="0.029">
    <failure message="Response doesn&apos;t have ID as a field expected [true] but found [false]" type="java.lang.AssertionError">java.lang.AssertionError: Response doesn't have ID as a field expected [true] but found [false]
	at com.learning.testcases.DeleteCustomerTest.doValidationUsingJSONObject(DeleteCustomerTest.java:51)
	at com.learning.testcases.DeleteCustomerTest.validateDeleteCustomerAPI(DeleteCustomerTest.java:37)
</failure>
    <system-out><![CDATA[{
    "error": {
        "code": "resource_missing",
        "doc_url": "https://stripe.com/docs/error-codes/resource-missing",
        "message": "No such customer: 'cus_IiVPRQqoLzj3fh'",
        "param": "id",
        "type": "invalid_request_error"
    }
}
-----------------------------
Validate (using jsonObject) that service reponse has "id" as a field
]]></system-out>
  </testcase>
  <testcase name="validateDeleteCustomerAPI" classname="com.learning.testcases.DeleteCustomerTest" time="0.006">
    <failure message="Response doesn&apos;t have ID as a field expected [true] but found [false]" type="java.lang.AssertionError">java.lang.AssertionError: Response doesn't have ID as a field expected [true] but found [false]
	at com.learning.testcases.DeleteCustomerTest.doValidationUsingJSONObject(DeleteCustomerTest.java:51)
	at com.learning.testcases.DeleteCustomerTest.validateDeleteCustomerAPI(DeleteCustomerTest.java:37)
</failure>
    <system-out><![CDATA[{
    "error": {
        "code": "resource_missing",
        "doc_url": "https://stripe.com/docs/error-codes/resource-missing",
        "message": "No such customer: 'cus_IiVPGjBIEg8rPb'",
        "param": "id",
        "type": "invalid_request_error"
    }
}
-----------------------------
Validate (using jsonObject) that service reponse has "id" as a field
]]></system-out>
  </testcase>
  <testcase name="validateDeleteCustomerAPI" classname="com.learning.testcases.DeleteCustomerTest" time="1.24"/>
  <testcase name="validateDeleteCustomerAPI" classname="com.learning.testcases.DeleteCustomerTest" time="0.006"/>
  <testcase name="validateDeleteCustomerAPI" classname="com.learning.testcases.DeleteCustomerTest" time="0.033">
    <failure message="Response doesn&apos;t have ID as a field expected [true] but found [false]" type="java.lang.AssertionError">java.lang.AssertionError: Response doesn't have ID as a field expected [true] but found [false]
	at com.learning.testcases.DeleteCustomerTest.doValidationUsingJSONObject(DeleteCustomerTest.java:51)
	at com.learning.testcases.DeleteCustomerTest.validateDeleteCustomerAPI(DeleteCustomerTest.java:37)
</failure>
    <system-out><![CDATA[{
    "error": {
        "code": "resource_missing",
        "doc_url": "https://stripe.com/docs/error-codes/resource-missing",
        "message": "No such customer: 'cus_IiVPU1hkhRL4LY'",
        "param": "id",
        "type": "invalid_request_error"
    }
}
-----------------------------
Validate (using jsonObject) that service reponse has "id" as a field
]]></system-out>
  </testcase>
  <testcase name="validateDeleteCustomerAPI" classname="com.learning.testcases.DeleteCustomerTest" time="0.044">
    <failure message="Response doesn&apos;t have ID as a field expected [true] but found [false]" type="java.lang.AssertionError">java.lang.AssertionError: Response doesn't have ID as a field expected [true] but found [false]
	at com.learning.testcases.DeleteCustomerTest.doValidationUsingJSONObject(DeleteCustomerTest.java:51)
	at com.learning.testcases.DeleteCustomerTest.validateDeleteCustomerAPI(DeleteCustomerTest.java:37)
</failure>
    <system-out><![CDATA[{
    "error": {
        "code": "resource_missing",
        "doc_url": "https://stripe.com/docs/error-codes/resource-missing",
        "message": "No such customer: 'cus_IiVP53C1qaCJTe'",
        "param": "id",
        "type": "invalid_request_error"
    }
}
-----------------------------
Validate (using jsonObject) that service reponse has "id" as a field
]]></system-out>
  </testcase>
  <testcase name="validateDeleteCustomerAPI" classname="com.learning.testcases.DeleteCustomerTest" time="0.016">
    <failure message="Response doesn&apos;t have ID as a field expected [true] but found [false]" type="java.lang.AssertionError">java.lang.AssertionError: Response doesn't have ID as a field expected [true] but found [false]
	at com.learning.testcases.DeleteCustomerTest.doValidationUsingJSONObject(DeleteCustomerTest.java:51)
	at com.learning.testcases.DeleteCustomerTest.validateDeleteCustomerAPI(DeleteCustomerTest.java:37)
</failure>
    <system-out><![CDATA[{
    "error": {
        "code": "resource_missing",
        "doc_url": "https://stripe.com/docs/error-codes/resource-missing",
        "message": "No such customer: 'cus_IiVPddquxEtHMs'",
        "param": "id",
        "type": "invalid_request_error"
    }
}
-----------------------------
Validate (using jsonObject) that service reponse has "id" as a field
]]></system-out>
  </testcase>
  <testcase name="validateDeleteCustomerAPI" classname="com.learning.testcases.DeleteCustomerTest" time="0.005">
    <failure message="Response doesn&apos;t have ID as a field expected [true] but found [false]" type="java.lang.AssertionError">java.lang.AssertionError: Response doesn't have ID as a field expected [true] but found [false]
	at com.learning.testcases.DeleteCustomerTest.doValidationUsingJSONObject(DeleteCustomerTest.java:51)
	at com.learning.testcases.DeleteCustomerTest.validateDeleteCustomerAPI(DeleteCustomerTest.java:37)
</failure>
    <system-out><![CDATA[{
    "error": {
        "code": "resource_missing",
        "doc_url": "https://stripe.com/docs/error-codes/resource-missing",
        "message": "No such customer: 'cus_IiVPaLgdsJvyBS'",
        "param": "id",
        "type": "invalid_request_error"
    }
}
-----------------------------
Validate (using jsonObject) that service reponse has "id" as a field
]]></system-out>
  </testcase>
  <testcase name="validateDeleteCustomerAPI" classname="com.learning.testcases.DeleteCustomerTest" time="0.009">
    <failure message="Response doesn&apos;t have ID as a field expected [true] but found [false]" type="java.lang.AssertionError">java.lang.AssertionError: Response doesn't have ID as a field expected [true] but found [false]
	at com.learning.testcases.DeleteCustomerTest.doValidationUsingJSONObject(DeleteCustomerTest.java:51)
	at com.learning.testcases.DeleteCustomerTest.validateDeleteCustomerAPI(DeleteCustomerTest.java:37)
</failure>
    <system-out><![CDATA[{
    "error": {
        "code": "resource_missing",
        "doc_url": "https://stripe.com/docs/error-codes/resource-missing",
        "message": "No such customer: 'cus_IiVPOpNqNvlAfy'",
        "param": "id",
        "type": "invalid_request_error"
    }
}
-----------------------------
Validate (using jsonObject) that service reponse has "id" as a field
]]></system-out>
  </testcase>
  <testcase name="validateDeleteCustomerAPI" classname="com.learning.testcases.DeleteCustomerTest" time="0.021"/>
  <testcase name="validateDeleteCustomerAPI" classname="com.learning.testcases.DeleteCustomerTest" time="0.035"/>
  <testcase name="validateDeleteCustomerAPI" classname="com.learning.testcases.DeleteCustomerTest" time="0.05">
    <failure message="Response doesn&apos;t have ID as a field expected [true] but found [false]" type="java.lang.AssertionError">java.lang.AssertionError: Response doesn't have ID as a field expected [true] but found [false]
	at com.learning.testcases.DeleteCustomerTest.doValidationUsingJSONObject(DeleteCustomerTest.java:51)
	at com.learning.testcases.DeleteCustomerTest.validateDeleteCustomerAPI(DeleteCustomerTest.java:37)
</failure>
    <system-out><![CDATA[{
    "error": {
        "code": "resource_missing",
        "doc_url": "https://stripe.com/docs/error-codes/resource-missing",
        "message": "No such customer: 'cus_IiVPkWH5z3mAm5'",
        "param": "id",
        "type": "invalid_request_error"
    }
}
-----------------------------
Validate (using jsonObject) that service reponse has "id" as a field
]]></system-out>
  </testcase>
  <testcase name="validateDeleteCustomerAPI" classname="com.learning.testcases.DeleteCustomerTest" time="1.173">
    <failure message="Response doesn&apos;t have ID as a field expected [true] but found [false]" type="java.lang.AssertionError">java.lang.AssertionError: Response doesn't have ID as a field expected [true] but found [false]
	at com.learning.testcases.DeleteCustomerTest.doValidationUsingJSONObject(DeleteCustomerTest.java:51)
	at com.learning.testcases.DeleteCustomerTest.validateDeleteCustomerAPI(DeleteCustomerTest.java:37)
</failure>
    <system-out><![CDATA[{
    "error": {
        "code": "resource_missing",
        "doc_url": "https://stripe.com/docs/error-codes/resource-missing",
        "message": "No such customer: 'cus_IiVPydcoSXMYva'",
        "param": "id",
        "type": "invalid_request_error"
    }
}
-----------------------------
Validate (using jsonObject) that service reponse has "id" as a field
]]></system-out>
  </testcase>
  <testcase name="validateDeleteCustomerAPI" classname="com.learning.testcases.DeleteCustomerTest" time="0.055">
    <failure message="Response doesn&apos;t have ID as a field expected [true] but found [false]" type="java.lang.AssertionError">java.lang.AssertionError: Response doesn't have ID as a field expected [true] but found [false]
	at com.learning.testcases.DeleteCustomerTest.doValidationUsingJSONObject(DeleteCustomerTest.java:51)
	at com.learning.testcases.DeleteCustomerTest.validateDeleteCustomerAPI(DeleteCustomerTest.java:37)
</failure>
    <system-out><![CDATA[{
    "error": {
        "code": "resource_missing",
        "doc_url": "https://stripe.com/docs/error-codes/resource-missing",
        "message": "No such customer: 'cus_IiVPWFX4DYMJlo'",
        "param": "id",
        "type": "invalid_request_error"
    }
}
-----------------------------
Validate (using jsonObject) that service reponse has "id" as a field
]]></system-out>
  </testcase>
  <testcase name="validateDeleteCustomerAPI" classname="com.learning.testcases.DeleteCustomerTest" time="0.011">
    <failure message="Response doesn&apos;t have ID as a field expected [true] but found [false]" type="java.lang.AssertionError">java.lang.AssertionError: Response doesn't have ID as a field expected [true] but found [false]
	at com.learning.testcases.DeleteCustomerTest.doValidationUsingJSONObject(DeleteCustomerTest.java:51)
	at com.learning.testcases.DeleteCustomerTest.validateDeleteCustomerAPI(DeleteCustomerTest.java:37)
</failure>
    <system-out><![CDATA[{
    "error": {
        "code": "resource_missing",
        "doc_url": "https://stripe.com/docs/error-codes/resource-missing",
        "message": "No such customer: 'cus_IiVPo9I42wYj13'",
        "param": "id",
        "type": "invalid_request_error"
    }
}
-----------------------------
Validate (using jsonObject) that service reponse has "id" as a field
]]></system-out>
  </testcase>
  <testcase name="validateDeleteCustomerAPI" classname="com.learning.testcases.DeleteCustomerTest" time="0.009"/>
  <testcase name="validateDeleteCustomerAPI" classname="com.learning.testcases.DeleteCustomerTest" time="0.06">
    <failure message="Response doesn&apos;t have ID as a field expected [true] but found [false]" type="java.lang.AssertionError">java.lang.AssertionError: Response doesn't have ID as a field expected [true] but found [false]
	at com.learning.testcases.DeleteCustomerTest.doValidationUsingJSONObject(DeleteCustomerTest.java:51)
	at com.learning.testcases.DeleteCustomerTest.validateDeleteCustomerAPI(DeleteCustomerTest.java:37)
</failure>
    <system-out><![CDATA[{
    "error": {
        "code": "resource_missing",
        "doc_url": "https://stripe.com/docs/error-codes/resource-missing",
        "message": "No such customer: 'cus_IiVPpJixOM5AWz'",
        "param": "id",
        "type": "invalid_request_error"
    }
}
-----------------------------
Validate (using jsonObject) that service reponse has "id" as a field
]]></system-out>
  </testcase>
  <testcase name="validateDeleteCustomerAPI" classname="com.learning.testcases.DeleteCustomerTest" time="0.012">
    <failure message="Response doesn&apos;t have ID as a field expected [true] but found [false]" type="java.lang.AssertionError">java.lang.AssertionError: Response doesn't have ID as a field expected [true] but found [false]
	at com.learning.testcases.DeleteCustomerTest.doValidationUsingJSONObject(DeleteCustomerTest.java:51)
	at com.learning.testcases.DeleteCustomerTest.validateDeleteCustomerAPI(DeleteCustomerTest.java:37)
</failure>
    <system-out><![CDATA[{
    "error": {
        "code": "resource_missing",
        "doc_url": "https://stripe.com/docs/error-codes/resource-missing",
        "message": "No such customer: 'cus_IiVPdP6ZbGj0jU'",
        "param": "id",
        "type": "invalid_request_error"
    }
}
-----------------------------
Validate (using jsonObject) that service reponse has "id" as a field
]]></system-out>
  </testcase>
  <testcase name="validateDeleteCustomerAPI" classname="com.learning.testcases.DeleteCustomerTest" time="0.007">
    <failure message="Response doesn&apos;t have ID as a field expected [true] but found [false]" type="java.lang.AssertionError">java.lang.AssertionError: Response doesn't have ID as a field expected [true] but found [false]
	at com.learning.testcases.DeleteCustomerTest.doValidationUsingJSONObject(DeleteCustomerTest.java:51)
	at com.learning.testcases.DeleteCustomerTest.validateDeleteCustomerAPI(DeleteCustomerTest.java:37)
</failure>
    <system-out><![CDATA[{
    "error": {
        "code": "resource_missing",
        "doc_url": "https://stripe.com/docs/error-codes/resource-missing",
        "message": "No such customer: 'cus_IiVP7vOsgFKgm5'",
        "param": "id",
        "type": "invalid_request_error"
    }
}
-----------------------------
Validate (using jsonObject) that service reponse has "id" as a field
{
    "error": {
        "code": "resource_missing",
        "doc_url": "https://stripe.com/docs/error-codes/resource-missing",
        "message": "No such customer: 'cus_IiVPnmSQOOtevL'",
        "param": "id",
        "type": "invalid_request_error"
    }
}
-----------------------------
Validate (using jsonObject) that service reponse has "id" as a field
]]></system-out>
  </testcase>
  <testcase name="validateDeleteCustomerAPI" classname="com.learning.testcases.DeleteCustomerTest" time="0.007">
    <failure message="Response doesn&apos;t have ID as a field expected [true] but found [false]" type="java.lang.AssertionError">java.lang.AssertionError: Response doesn't have ID as a field expected [true] but found [false]
	at com.learning.testcases.DeleteCustomerTest.doValidationUsingJSONObject(DeleteCustomerTest.java:51)
	at com.learning.testcases.DeleteCustomerTest.validateDeleteCustomerAPI(DeleteCustomerTest.java:37)
</failure>
  </testcase>
  <testcase name="validateDeleteCustomerAPI" classname="com.learning.testcases.DeleteCustomerTest" time="0.005">
    <failure message="Response doesn&apos;t have ID as a field expected [true] but found [false]" type="java.lang.AssertionError">java.lang.AssertionError: Response doesn't have ID as a field expected [true] but found [false]
	at com.learning.testcases.DeleteCustomerTest.doValidationUsingJSONObject(DeleteCustomerTest.java:51)
	at com.learning.testcases.DeleteCustomerTest.validateDeleteCustomerAPI(DeleteCustomerTest.java:37)
</failure>
    <system-out><![CDATA[{
    "error": {
        "code": "resource_missing",
        "doc_url": "https://stripe.com/docs/error-codes/resource-missing",
        "message": "No such customer: 'cus_IiVPRUmwjynLMt'",
        "param": "id",
        "type": "invalid_request_error"
    }
}
-----------------------------
Validate (using jsonObject) that service reponse has "id" as a field
]]></system-out>
  </testcase>
  <testcase name="validateDeleteCustomerAPI" classname="com.learning.testcases.DeleteCustomerTest" time="0.048">
    <failure message="Response doesn&apos;t have ID as a field expected [true] but found [false]" type="java.lang.AssertionError">java.lang.AssertionError: Response doesn't have ID as a field expected [true] but found [false]
	at com.learning.testcases.DeleteCustomerTest.doValidationUsingJSONObject(DeleteCustomerTest.java:51)
	at com.learning.testcases.DeleteCustomerTest.validateDeleteCustomerAPI(DeleteCustomerTest.java:37)
</failure>
    <system-out><![CDATA[{
    "error": {
        "code": "resource_missing",
        "doc_url": "https://stripe.com/docs/error-codes/resource-missing",
        "message": "No such customer: 'cus_IiVPu66hJDqHam'",
        "param": "id",
        "type": "invalid_request_error"
    }
}
-----------------------------
Validate (using jsonObject) that service reponse has "id" as a field
]]></system-out>
  </testcase>
  <testcase name="validateDeleteCustomerAPI" classname="com.learning.testcases.DeleteCustomerTest" time="1.146">
    <failure message="Response doesn&apos;t have ID as a field expected [true] but found [false]" type="java.lang.AssertionError">java.lang.AssertionError: Response doesn't have ID as a field expected [true] but found [false]
	at com.learning.testcases.DeleteCustomerTest.doValidationUsingJSONObject(DeleteCustomerTest.java:51)
	at com.learning.testcases.DeleteCustomerTest.validateDeleteCustomerAPI(DeleteCustomerTest.java:37)
</failure>
    <system-out><![CDATA[{
    "error": {
        "code": "resource_missing",
        "doc_url": "https://stripe.com/docs/error-codes/resource-missing",
        "message": "No such customer: 'cus_IiVPQngnMn84Zo'",
        "param": "id",
        "type": "invalid_request_error"
    }
}
-----------------------------
Validate (using jsonObject) that service reponse has "id" as a field
]]></system-out>
  </testcase>
  <testcase name="validateDeleteCustomerAPI" classname="com.learning.testcases.DeleteCustomerTest" time="0.145">
    <failure message="Response doesn&apos;t have ID as a field expected [true] but found [false]" type="java.lang.AssertionError">java.lang.AssertionError: Response doesn't have ID as a field expected [true] but found [false]
	at com.learning.testcases.DeleteCustomerTest.doValidationUsingJSONObject(DeleteCustomerTest.java:51)
	at com.learning.testcases.DeleteCustomerTest.validateDeleteCustomerAPI(DeleteCustomerTest.java:37)
</failure>
    <system-out><![CDATA[{
    "error": {
        "code": "resource_missing",
        "doc_url": "https://stripe.com/docs/error-codes/resource-missing",
        "message": "No such customer: 'cus_IiVP6ldpkjAL9J'",
        "param": "id",
        "type": "invalid_request_error"
    }
}
-----------------------------
Validate (using jsonObject) that service reponse has "id" as a field
]]></system-out>
  </testcase>
  <testcase name="validateDeleteCustomerAPI" classname="com.learning.testcases.DeleteCustomerTest" time="0.005">
    <failure message="Response doesn&apos;t have ID as a field expected [true] but found [false]" type="java.lang.AssertionError">java.lang.AssertionError: Response doesn't have ID as a field expected [true] but found [false]
	at com.learning.testcases.DeleteCustomerTest.doValidationUsingJSONObject(DeleteCustomerTest.java:51)
	at com.learning.testcases.DeleteCustomerTest.validateDeleteCustomerAPI(DeleteCustomerTest.java:37)
</failure>
    <system-out><![CDATA[{
    "error": {
        "code": "resource_missing",
        "doc_url": "https://stripe.com/docs/error-codes/resource-missing",
        "message": "No such customer: 'cus_IiVPqR9LTT9zqT'",
        "param": "id",
        "type": "invalid_request_error"
    }
}
-----------------------------
Validate (using jsonObject) that service reponse has "id" as a field
]]></system-out>
  </testcase>
  <testcase name="validateDeleteCustomerAPI" classname="com.learning.testcases.DeleteCustomerTest" time="0.03">
    <failure message="Response doesn&apos;t have ID as a field expected [true] but found [false]" type="java.lang.AssertionError">java.lang.AssertionError: Response doesn't have ID as a field expected [true] but found [false]
	at com.learning.testcases.DeleteCustomerTest.doValidationUsingJSONObject(DeleteCustomerTest.java:51)
	at com.learning.testcases.DeleteCustomerTest.validateDeleteCustomerAPI(DeleteCustomerTest.java:37)
</failure>
    <system-out><![CDATA[{
    "error": {
        "code": "resource_missing",
        "doc_url": "https://stripe.com/docs/error-codes/resource-missing",
        "message": "No such customer: 'cus_IiVP1JYi98riIX'",
        "param": "id",
        "type": "invalid_request_error"
    }
}
-----------------------------
Validate (using jsonObject) that service reponse has "id" as a field
]]></system-out>
  </testcase>
  <testcase name="validateDeleteCustomerAPI" classname="com.learning.testcases.DeleteCustomerTest" time="0.023">
    <failure message="Response doesn&apos;t have ID as a field expected [true] but found [false]" type="java.lang.AssertionError">java.lang.AssertionError: Response doesn't have ID as a field expected [true] but found [false]
	at com.learning.testcases.DeleteCustomerTest.doValidationUsingJSONObject(DeleteCustomerTest.java:51)
	at com.learning.testcases.DeleteCustomerTest.validateDeleteCustomerAPI(DeleteCustomerTest.java:37)
</failure>
    <system-out><![CDATA[{
    "error": {
        "code": "resource_missing",
        "doc_url": "https://stripe.com/docs/error-codes/resource-missing",
        "message": "No such customer: 'cus_IiVPoMSmVhbw3Z'",
        "param": "id",
        "type": "invalid_request_error"
    }
}
-----------------------------
Validate (using jsonObject) that service reponse has "id" as a field
]]></system-out>
  </testcase>
  <testcase name="validateDeleteCustomerAPI" classname="com.learning.testcases.DeleteCustomerTest" time="0.007">
    <failure message="Response doesn&apos;t have ID as a field expected [true] but found [false]" type="java.lang.AssertionError">java.lang.AssertionError: Response doesn't have ID as a field expected [true] but found [false]
	at com.learning.testcases.DeleteCustomerTest.doValidationUsingJSONObject(DeleteCustomerTest.java:51)
	at com.learning.testcases.DeleteCustomerTest.validateDeleteCustomerAPI(DeleteCustomerTest.java:37)
</failure>
    <system-out><![CDATA[{
    "id": "cus_IiVPtXC3RJfi1M",
    "object": "customer",
    "deleted": true
}
-----------------------------
Validate (using jsonObject) that service reponse has "id" as a field
{
    "error": {
        "code": "resource_missing",
        "doc_url": "https://stripe.com/docs/error-codes/resource-missing",
        "message": "No such customer: 'cus_IiVPx43RJzisCw'",
        "param": "id",
        "type": "invalid_request_error"
    }
}
-----------------------------
Validate (using jsonObject) that service reponse has "id" as a field
]]></system-out>
  </testcase>
  <testcase name="validateDeleteCustomerAPI" classname="com.learning.testcases.DeleteCustomerTest" time="0.001"/>
  <testcase name="validateDeleteCustomerAPI" classname="com.learning.testcases.DeleteCustomerTest" time="0.018">
    <failure message="Response doesn&apos;t have ID as a field expected [true] but found [false]" type="java.lang.AssertionError">java.lang.AssertionError: Response doesn't have ID as a field expected [true] but found [false]
	at com.learning.testcases.DeleteCustomerTest.doValidationUsingJSONObject(DeleteCustomerTest.java:51)
	at com.learning.testcases.DeleteCustomerTest.validateDeleteCustomerAPI(DeleteCustomerTest.java:37)
</failure>
    <system-out><![CDATA[{
    "error": {
        "code": "resource_missing",
        "doc_url": "https://stripe.com/docs/error-codes/resource-missing",
        "message": "No such customer: 'cus_IiVPpHg7twSHjN'",
        "param": "id",
        "type": "invalid_request_error"
    }
}
-----------------------------
Validate (using jsonObject) that service reponse has "id" as a field
]]></system-out>
  </testcase>
  <testcase name="validateDeleteCustomerAPI" classname="com.learning.testcases.DeleteCustomerTest" time="0.107"/>
  <testcase name="validateDeleteCustomerAPI" classname="com.learning.testcases.DeleteCustomerTest" time="0.021"/>
  <testcase name="validateDeleteCustomerAPI" classname="com.learning.testcases.DeleteCustomerTest" time="1.119"/>
  <testcase name="validateDeleteCustomerAPI" classname="com.learning.testcases.DeleteCustomerTest" time="0.019">
    <failure message="Response doesn&apos;t have ID as a field expected [true] but found [false]" type="java.lang.AssertionError">java.lang.AssertionError: Response doesn't have ID as a field expected [true] but found [false]
	at com.learning.testcases.DeleteCustomerTest.doValidationUsingJSONObject(DeleteCustomerTest.java:51)
	at com.learning.testcases.DeleteCustomerTest.validateDeleteCustomerAPI(DeleteCustomerTest.java:37)
</failure>
    <system-out><![CDATA[{
    "error": {
        "code": "resource_missing",
        "doc_url": "https://stripe.com/docs/error-codes/resource-missing",
        "message": "No such customer: 'cus_IiVPoPiGfSgGx6'",
        "param": "id",
        "type": "invalid_request_error"
    }
}
-----------------------------
Validate (using jsonObject) that service reponse has "id" as a field
]]></system-out>
  </testcase>
  <testcase name="validateDeleteCustomerAPI" classname="com.learning.testcases.DeleteCustomerTest" time="0.033">
    <failure message="Response doesn&apos;t have ID as a field expected [true] but found [false]" type="java.lang.AssertionError">java.lang.AssertionError: Response doesn't have ID as a field expected [true] but found [false]
	at com.learning.testcases.DeleteCustomerTest.doValidationUsingJSONObject(DeleteCustomerTest.java:51)
	at com.learning.testcases.DeleteCustomerTest.validateDeleteCustomerAPI(DeleteCustomerTest.java:37)
</failure>
    <system-out><![CDATA[{
    "error": {
        "code": "resource_missing",
        "doc_url": "https://stripe.com/docs/error-codes/resource-missing",
        "message": "No such customer: 'cus_IiVPv5PNyDUX0e'",
        "param": "id",
        "type": "invalid_request_error"
    }
}
-----------------------------
Validate (using jsonObject) that service reponse has "id" as a field
]]></system-out>
  </testcase>
  <testcase name="validateDeleteCustomerAPI" classname="com.learning.testcases.DeleteCustomerTest" time="0.022"/>
  <testcase name="validateDeleteCustomerAPI" classname="com.learning.testcases.DeleteCustomerTest" time="0.034">
    <failure message="Response doesn&apos;t have ID as a field expected [true] but found [false]" type="java.lang.AssertionError">java.lang.AssertionError: Response doesn't have ID as a field expected [true] but found [false]
	at com.learning.testcases.DeleteCustomerTest.doValidationUsingJSONObject(DeleteCustomerTest.java:51)
	at com.learning.testcases.DeleteCustomerTest.validateDeleteCustomerAPI(DeleteCustomerTest.java:37)
</failure>
    <system-out><![CDATA[{
    "error": {
        "code": "resource_missing",
        "doc_url": "https://stripe.com/docs/error-codes/resource-missing",
        "message": "No such customer: 'cus_IiVPna7fQw0ElW'",
        "param": "id",
        "type": "invalid_request_error"
    }
}
-----------------------------
Validate (using jsonObject) that service reponse has "id" as a field
]]></system-out>
  </testcase>
  <testcase name="validateDeleteCustomerAPI" classname="com.learning.testcases.DeleteCustomerTest" time="0.08">
    <failure message="Response doesn&apos;t have ID as a field expected [true] but found [false]" type="java.lang.AssertionError">java.lang.AssertionError: Response doesn't have ID as a field expected [true] but found [false]
	at com.learning.testcases.DeleteCustomerTest.doValidationUsingJSONObject(DeleteCustomerTest.java:51)
	at com.learning.testcases.DeleteCustomerTest.validateDeleteCustomerAPI(DeleteCustomerTest.java:37)
</failure>
    <system-out><![CDATA[{
    "error": {
        "code": "resource_missing",
        "doc_url": "https://stripe.com/docs/error-codes/resource-missing",
        "message": "No such customer: 'cus_IiVPtJ0ZSS3HTv'",
        "param": "id",
        "type": "invalid_request_error"
    }
}
-----------------------------
Validate (using jsonObject) that service reponse has "id" as a field
]]></system-out>
  </testcase>
  <testcase name="validateDeleteCustomerAPI" classname="com.learning.testcases.DeleteCustomerTest" time="0.007"/>
  <testcase name="validateDeleteCustomerAPI" classname="com.learning.testcases.DeleteCustomerTest" time="0.044"/>
  <testcase name="validateDeleteCustomerAPI" classname="com.learning.testcases.DeleteCustomerTest" time="0.005">
    <failure message="Response doesn&apos;t have ID as a field expected [true] but found [false]" type="java.lang.AssertionError">java.lang.AssertionError: Response doesn't have ID as a field expected [true] but found [false]
	at com.learning.testcases.DeleteCustomerTest.doValidationUsingJSONObject(DeleteCustomerTest.java:51)
	at com.learning.testcases.DeleteCustomerTest.validateDeleteCustomerAPI(DeleteCustomerTest.java:37)
</failure>
    <system-out><![CDATA[{
    "error": {
        "code": "resource_missing",
        "doc_url": "https://stripe.com/docs/error-codes/resource-missing",
        "message": "No such customer: 'cus_IiVPVZJMhvZYxm'",
        "param": "id",
        "type": "invalid_request_error"
    }
}
-----------------------------
Validate (using jsonObject) that service reponse has "id" as a field
]]></system-out>
  </testcase>
  <testcase name="validateDeleteCustomerAPI" classname="com.learning.testcases.DeleteCustomerTest" time="0.007"/>
  <testcase name="validateDeleteCustomerAPI" classname="com.learning.testcases.DeleteCustomerTest" time="1.14">
    <failure message="Response doesn&apos;t have ID as a field expected [true] but found [false]" type="java.lang.AssertionError">java.lang.AssertionError: Response doesn't have ID as a field expected [true] but found [false]
	at com.learning.testcases.DeleteCustomerTest.doValidationUsingJSONObject(DeleteCustomerTest.java:51)
	at com.learning.testcases.DeleteCustomerTest.validateDeleteCustomerAPI(DeleteCustomerTest.java:37)
</failure>
    <system-out><![CDATA[{
    "error": {
        "code": "resource_missing",
        "doc_url": "https://stripe.com/docs/error-codes/resource-missing",
        "message": "No such customer: 'cus_IiVPJk0AYyyCkC'",
        "param": "id",
        "type": "invalid_request_error"
    }
}
-----------------------------
Validate (using jsonObject) that service reponse has "id" as a field
]]></system-out>
  </testcase>
  <testcase name="validateDeleteCustomerAPI" classname="com.learning.testcases.DeleteCustomerTest" time="0.071">
    <failure message="Response doesn&apos;t have ID as a field expected [true] but found [false]" type="java.lang.AssertionError">java.lang.AssertionError: Response doesn't have ID as a field expected [true] but found [false]
	at com.learning.testcases.DeleteCustomerTest.doValidationUsingJSONObject(DeleteCustomerTest.java:51)
	at com.learning.testcases.DeleteCustomerTest.validateDeleteCustomerAPI(DeleteCustomerTest.java:37)
</failure>
    <system-out><![CDATA[{
    "error": {
        "code": "resource_missing",
        "doc_url": "https://stripe.com/docs/error-codes/resource-missing",
        "message": "No such customer: 'cus_IiVPEjZppCXKs1'",
        "param": "id",
        "type": "invalid_request_error"
    }
}
-----------------------------
Validate (using jsonObject) that service reponse has "id" as a field
]]></system-out>
  </testcase>
  <testcase name="validateDeleteCustomerAPI" classname="com.learning.testcases.DeleteCustomerTest" time="0.013">
    <failure message="Response doesn&apos;t have ID as a field expected [true] but found [false]" type="java.lang.AssertionError">java.lang.AssertionError: Response doesn't have ID as a field expected [true] but found [false]
	at com.learning.testcases.DeleteCustomerTest.doValidationUsingJSONObject(DeleteCustomerTest.java:51)
	at com.learning.testcases.DeleteCustomerTest.validateDeleteCustomerAPI(DeleteCustomerTest.java:37)
</failure>
    <system-out><![CDATA[{
    "error": {
        "code": "resource_missing",
        "doc_url": "https://stripe.com/docs/error-codes/resource-missing",
        "message": "No such customer: 'cus_IiVP39cmxd3Aut'",
        "param": "id",
        "type": "invalid_request_error"
    }
}
-----------------------------
Validate (using jsonObject) that service reponse has "id" as a field
]]></system-out>
  </testcase>
  <testcase name="validateDeleteCustomerAPI" classname="com.learning.testcases.DeleteCustomerTest" time="0.012"/>
  <testcase name="validateDeleteCustomerAPI" classname="com.learning.testcases.DeleteCustomerTest" time="0.006"/>
  <testcase name="validateDeleteCustomerAPI" classname="com.learning.testcases.DeleteCustomerTest" time="0.127">
    <failure message="Response doesn&apos;t have ID as a field expected [true] but found [false]" type="java.lang.AssertionError">java.lang.AssertionError: Response doesn't have ID as a field expected [true] but found [false]
	at com.learning.testcases.DeleteCustomerTest.doValidationUsingJSONObject(DeleteCustomerTest.java:51)
	at com.learning.testcases.DeleteCustomerTest.validateDeleteCustomerAPI(DeleteCustomerTest.java:37)
</failure>
    <system-out><![CDATA[{
    "error": {
        "code": "resource_missing",
        "doc_url": "https://stripe.com/docs/error-codes/resource-missing",
        "message": "No such customer: 'cus_IiVP37QN1p8wUJ'",
        "param": "id",
        "type": "invalid_request_error"
    }
}
-----------------------------
Validate (using jsonObject) that service reponse has "id" as a field
]]></system-out>
  </testcase>
  <testcase name="validateDeleteCustomerAPI" classname="com.learning.testcases.DeleteCustomerTest" time="0.013"/>
  <testcase name="validateDeleteCustomerAPI" classname="com.learning.testcases.DeleteCustomerTest" time="0.005"/>
  <testcase name="validateDeleteCustomerAPI" classname="com.learning.testcases.DeleteCustomerTest" time="0.004"/>
  <testcase name="validateDeleteCustomerAPI" classname="com.learning.testcases.DeleteCustomerTest" time="0.081"/>
  <testcase name="validateDeleteCustomerAPI" classname="com.learning.testcases.DeleteCustomerTest" time="1.138">
    <failure message="Response doesn&apos;t have ID as a field expected [true] but found [false]" type="java.lang.AssertionError">java.lang.AssertionError: Response doesn't have ID as a field expected [true] but found [false]
	at com.learning.testcases.DeleteCustomerTest.doValidationUsingJSONObject(DeleteCustomerTest.java:51)
	at com.learning.testcases.DeleteCustomerTest.validateDeleteCustomerAPI(DeleteCustomerTest.java:37)
</failure>
    <system-out><![CDATA[{
    "error": {
        "code": "resource_missing",
        "doc_url": "https://stripe.com/docs/error-codes/resource-missing",
        "message": "No such customer: 'cus_IiVPrnNJYAivTR'",
        "param": "id",
        "type": "invalid_request_error"
    }
}
-----------------------------
Validate (using jsonObject) that service reponse has "id" as a field
]]></system-out>
  </testcase>
  <testcase name="validateDeleteCustomerAPI" classname="com.learning.testcases.DeleteCustomerTest" time="0.007">
    <failure message="Response doesn&apos;t have ID as a field expected [true] but found [false]" type="java.lang.AssertionError">java.lang.AssertionError: Response doesn't have ID as a field expected [true] but found [false]
	at com.learning.testcases.DeleteCustomerTest.doValidationUsingJSONObject(DeleteCustomerTest.java:51)
	at com.learning.testcases.DeleteCustomerTest.validateDeleteCustomerAPI(DeleteCustomerTest.java:37)
</failure>
    <system-out><![CDATA[{
    "error": {
        "code": "resource_missing",
        "doc_url": "https://stripe.com/docs/error-codes/resource-missing",
        "message": "No such customer: 'cus_IiVPaxcnz4awIZ'",
        "param": "id",
        "type": "invalid_request_error"
    }
}
-----------------------------
Validate (using jsonObject) that service reponse has "id" as a field
]]></system-out>
  </testcase>
  <testcase name="validateDeleteCustomerAPI" classname="com.learning.testcases.DeleteCustomerTest" time="0.007">
    <failure message="Response doesn&apos;t have ID as a field expected [true] but found [false]" type="java.lang.AssertionError">java.lang.AssertionError: Response doesn't have ID as a field expected [true] but found [false]
	at com.learning.testcases.DeleteCustomerTest.doValidationUsingJSONObject(DeleteCustomerTest.java:51)
	at com.learning.testcases.DeleteCustomerTest.validateDeleteCustomerAPI(DeleteCustomerTest.java:37)
</failure>
    <system-out><![CDATA[{
    "error": {
        "code": "resource_missing",
        "doc_url": "https://stripe.com/docs/error-codes/resource-missing",
        "message": "No such customer: 'cus_IiVPf5f3xUQBHk'",
        "param": "id",
        "type": "invalid_request_error"
    }
}
-----------------------------
Validate (using jsonObject) that service reponse has "id" as a field
]]></system-out>
  </testcase>
  <testcase name="validateDeleteCustomerAPI" classname="com.learning.testcases.DeleteCustomerTest" time="0.013"/>
  <testcase name="validateDeleteCustomerAPI" classname="com.learning.testcases.DeleteCustomerTest" time="0.013"/>
  <testcase name="validateDeleteCustomerAPI" classname="com.learning.testcases.DeleteCustomerTest" time="0.139">
    <failure message="Response doesn&apos;t have ID as a field expected [true] but found [false]" type="java.lang.AssertionError">java.lang.AssertionError: Response doesn't have ID as a field expected [true] but found [false]
	at com.learning.testcases.DeleteCustomerTest.doValidationUsingJSONObject(DeleteCustomerTest.java:51)
	at com.learning.testcases.DeleteCustomerTest.validateDeleteCustomerAPI(DeleteCustomerTest.java:37)
</failure>
    <system-out><![CDATA[{
    "error": {
        "code": "resource_missing",
        "doc_url": "https://stripe.com/docs/error-codes/resource-missing",
        "message": "No such customer: 'cus_IiVPuUjyXPmie9'",
        "param": "id",
        "type": "invalid_request_error"
    }
}
-----------------------------
Validate (using jsonObject) that service reponse has "id" as a field
]]></system-out>
  </testcase>
  <testcase name="validateDeleteCustomerAPI" classname="com.learning.testcases.DeleteCustomerTest" time="0.031">
    <failure message="Response doesn&apos;t have ID as a field expected [true] but found [false]" type="java.lang.AssertionError">java.lang.AssertionError: Response doesn't have ID as a field expected [true] but found [false]
	at com.learning.testcases.DeleteCustomerTest.doValidationUsingJSONObject(DeleteCustomerTest.java:51)
	at com.learning.testcases.DeleteCustomerTest.validateDeleteCustomerAPI(DeleteCustomerTest.java:37)
</failure>
    <system-out><![CDATA[{
    "error": {
        "code": "resource_missing",
        "doc_url": "https://stripe.com/docs/error-codes/resource-missing",
        "message": "No such customer: 'cus_IiVPdRpwStEops'",
        "param": "id",
        "type": "invalid_request_error"
    }
}
-----------------------------
Validate (using jsonObject) that service reponse has "id" as a field
]]></system-out>
  </testcase>
  <testcase name="validateDeleteCustomerAPI" classname="com.learning.testcases.DeleteCustomerTest" time="0.051"/>
  <testcase name="validateDeleteCustomerAPI" classname="com.learning.testcases.DeleteCustomerTest" time="0"/>
  <testcase name="validateDeleteCustomerAPI" classname="com.learning.testcases.DeleteCustomerTest" time="0.031"/>
  <testcase name="validateDeleteCustomerAPI" classname="com.learning.testcases.DeleteCustomerTest" time="1.329">
    <failure message="Response doesn&apos;t have ID as a field expected [true] but found [false]" type="java.lang.AssertionError">java.lang.AssertionError: Response doesn't have ID as a field expected [true] but found [false]
	at com.learning.testcases.DeleteCustomerTest.doValidationUsingJSONObject(DeleteCustomerTest.java:51)
	at com.learning.testcases.DeleteCustomerTest.validateDeleteCustomerAPI(DeleteCustomerTest.java:37)
</failure>
    <system-out><![CDATA[{
    "error": {
        "code": "resource_missing",
        "doc_url": "https://stripe.com/docs/error-codes/resource-missing",
        "message": "No such customer: 'cus_IiVP5fk3Kt57BJ'",
        "param": "id",
        "type": "invalid_request_error"
    }
}
-----------------------------
Validate (using jsonObject) that service reponse has "id" as a field
]]></system-out>
  </testcase>
  <testcase name="validateDeleteCustomerAPI" classname="com.learning.testcases.DeleteCustomerTest" time="0.035">
    <failure message="Response doesn&apos;t have ID as a field expected [true] but found [false]" type="java.lang.AssertionError">java.lang.AssertionError: Response doesn't have ID as a field expected [true] but found [false]
	at com.learning.testcases.DeleteCustomerTest.doValidationUsingJSONObject(DeleteCustomerTest.java:51)
	at com.learning.testcases.DeleteCustomerTest.validateDeleteCustomerAPI(DeleteCustomerTest.java:37)
</failure>
    <system-out><![CDATA[{
    "error": {
        "code": "resource_missing",
        "doc_url": "https://stripe.com/docs/error-codes/resource-missing",
        "message": "No such customer: 'cus_IiVP5XIxWlXnrn'",
        "param": "id",
        "type": "invalid_request_error"
    }
}
-----------------------------
Validate (using jsonObject) that service reponse has "id" as a field
]]></system-out>
  </testcase>
  <testcase name="validateDeleteCustomerAPI" classname="com.learning.testcases.DeleteCustomerTest" time="0.005">
    <failure message="Response doesn&apos;t have ID as a field expected [true] but found [false]" type="java.lang.AssertionError">java.lang.AssertionError: Response doesn't have ID as a field expected [true] but found [false]
	at com.learning.testcases.DeleteCustomerTest.doValidationUsingJSONObject(DeleteCustomerTest.java:51)
	at com.learning.testcases.DeleteCustomerTest.validateDeleteCustomerAPI(DeleteCustomerTest.java:37)
</failure>
    <system-out><![CDATA[{
    "error": {
        "code": "resource_missing",
        "doc_url": "https://stripe.com/docs/error-codes/resource-missing",
        "message": "No such customer: 'cus_IiVP0fLJTLSqHv'",
        "param": "id",
        "type": "invalid_request_error"
    }
}
-----------------------------
Validate (using jsonObject) that service reponse has "id" as a field
]]></system-out>
  </testcase>
  <testcase name="validateDeleteCustomerAPI" classname="com.learning.testcases.DeleteCustomerTest" time="0.01">
    <failure message="Response doesn&apos;t have ID as a field expected [true] but found [false]" type="java.lang.AssertionError">java.lang.AssertionError: Response doesn't have ID as a field expected [true] but found [false]
	at com.learning.testcases.DeleteCustomerTest.doValidationUsingJSONObject(DeleteCustomerTest.java:51)
	at com.learning.testcases.DeleteCustomerTest.validateDeleteCustomerAPI(DeleteCustomerTest.java:37)
</failure>
    <system-out><![CDATA[{
    "error": {
        "code": "resource_missing",
        "doc_url": "https://stripe.com/docs/error-codes/resource-missing",
        "message": "No such customer: 'cus_IiVPn3tnSEpMQq'",
        "param": "id",
        "type": "invalid_request_error"
    }
}
-----------------------------
Validate (using jsonObject) that service reponse has "id" as a field
]]></system-out>
  </testcase>
  <testcase name="validateDeleteCustomerAPI" classname="com.learning.testcases.DeleteCustomerTest" time="0.058"/>
  <testcase name="validateDeleteCustomerAPI" classname="com.learning.testcases.DeleteCustomerTest" time="0.059"/>
  <testcase name="validateDeleteCustomerAPI" classname="com.learning.testcases.DeleteCustomerTest" time="0.001"/>
  <testcase name="validateDeleteCustomerAPI" classname="com.learning.testcases.DeleteCustomerTest" time="0.005"/>
  <testcase name="validateDeleteCustomerAPI" classname="com.learning.testcases.DeleteCustomerTest" time="0.017"/>
  <testcase name="validateDeleteCustomerAPI" classname="com.learning.testcases.DeleteCustomerTest" time="0.097">
    <failure message="Response doesn&apos;t have ID as a field expected [true] but found [false]" type="java.lang.AssertionError">java.lang.AssertionError: Response doesn't have ID as a field expected [true] but found [false]
	at com.learning.testcases.DeleteCustomerTest.doValidationUsingJSONObject(DeleteCustomerTest.java:51)
	at com.learning.testcases.DeleteCustomerTest.validateDeleteCustomerAPI(DeleteCustomerTest.java:37)
</failure>
    <system-out><![CDATA[{
    "error": {
        "code": "resource_missing",
        "doc_url": "https://stripe.com/docs/error-codes/resource-missing",
        "message": "No such customer: 'cus_IiVP4xSKJlCdYO'",
        "param": "id",
        "type": "invalid_request_error"
    }
}
-----------------------------
Validate (using jsonObject) that service reponse has "id" as a field
]]></system-out>
  </testcase>
  <testcase name="validateDeleteCustomerAPI" classname="com.learning.testcases.DeleteCustomerTest" time="1.232">
    <failure message="Response doesn&apos;t have ID as a field expected [true] but found [false]" type="java.lang.AssertionError">java.lang.AssertionError: Response doesn't have ID as a field expected [true] but found [false]
	at com.learning.testcases.DeleteCustomerTest.doValidationUsingJSONObject(DeleteCustomerTest.java:51)
	at com.learning.testcases.DeleteCustomerTest.validateDeleteCustomerAPI(DeleteCustomerTest.java:37)
</failure>
    <system-out><![CDATA[{
    "error": {
        "code": "resource_missing",
        "doc_url": "https://stripe.com/docs/error-codes/resource-missing",
        "message": "No such customer: 'cus_IiVP6nVfaumsVa'",
        "param": "id",
        "type": "invalid_request_error"
    }
}
-----------------------------
Validate (using jsonObject) that service reponse has "id" as a field
]]></system-out>
  </testcase>
  <testcase name="validateDeleteCustomerAPI" classname="com.learning.testcases.DeleteCustomerTest" time="0.008">
    <failure message="Response doesn&apos;t have ID as a field expected [true] but found [false]" type="java.lang.AssertionError">java.lang.AssertionError: Response doesn't have ID as a field expected [true] but found [false]
	at com.learning.testcases.DeleteCustomerTest.doValidationUsingJSONObject(DeleteCustomerTest.java:51)
	at com.learning.testcases.DeleteCustomerTest.validateDeleteCustomerAPI(DeleteCustomerTest.java:37)
</failure>
    <system-out><![CDATA[{
    "error": {
        "code": "resource_missing",
        "doc_url": "https://stripe.com/docs/error-codes/resource-missing",
        "message": "No such customer: 'cus_IiVPdsrmBuQLZC'",
        "param": "id",
        "type": "invalid_request_error"
    }
}
-----------------------------
Validate (using jsonObject) that service reponse has "id" as a field
]]></system-out>
  </testcase>
  <testcase name="validateDeleteCustomerAPI" classname="com.learning.testcases.DeleteCustomerTest" time="0.027"/>
  <testcase name="validateDeleteCustomerAPI" classname="com.learning.testcases.DeleteCustomerTest" time="0.067">
    <failure message="Response doesn&apos;t have ID as a field expected [true] but found [false]" type="java.lang.AssertionError">java.lang.AssertionError: Response doesn't have ID as a field expected [true] but found [false]
	at com.learning.testcases.DeleteCustomerTest.doValidationUsingJSONObject(DeleteCustomerTest.java:51)
	at com.learning.testcases.DeleteCustomerTest.validateDeleteCustomerAPI(DeleteCustomerTest.java:37)
</failure>
    <system-out><![CDATA[{
    "error": {
        "code": "resource_missing",
        "doc_url": "https://stripe.com/docs/error-codes/resource-missing",
        "message": "No such customer: 'cus_IiVPb7WNng8kEH'",
        "param": "id",
        "type": "invalid_request_error"
    }
}
-----------------------------
Validate (using jsonObject) that service reponse has "id" as a field
{
    "error": {
        "code": "resource_missing",
        "doc_url": "https://stripe.com/docs/error-codes/resource-missing",
        "message": "No such customer: 'cus_IiVPBMAjeSbMeV'",
        "param": "id",
        "type": "invalid_request_error"
    }
}
-----------------------------
Validate (using jsonObject) that service reponse has "id" as a field
]]></system-out>
  </testcase>
  <testcase name="validateDeleteCustomerAPI" classname="com.learning.testcases.DeleteCustomerTest" time="0.067">
    <failure message="Response doesn&apos;t have ID as a field expected [true] but found [false]" type="java.lang.AssertionError">java.lang.AssertionError: Response doesn't have ID as a field expected [true] but found [false]
	at com.learning.testcases.DeleteCustomerTest.doValidationUsingJSONObject(DeleteCustomerTest.java:51)
	at com.learning.testcases.DeleteCustomerTest.validateDeleteCustomerAPI(DeleteCustomerTest.java:37)
</failure>
  </testcase>
  <testcase name="validateDeleteCustomerAPI" classname="com.learning.testcases.DeleteCustomerTest" time="0.072">
    <failure message="Response doesn&apos;t have ID as a field expected [true] but found [false]" type="java.lang.AssertionError">java.lang.AssertionError: Response doesn't have ID as a field expected [true] but found [false]
	at com.learning.testcases.DeleteCustomerTest.doValidationUsingJSONObject(DeleteCustomerTest.java:51)
	at com.learning.testcases.DeleteCustomerTest.validateDeleteCustomerAPI(DeleteCustomerTest.java:37)
</failure>
    <system-out><![CDATA[{
    "id": "cus_IiVPSRpt06MS4o",
    "object": "customer",
    "deleted": true
}
-----------------------------
Validate (using jsonObject) that service reponse has "id" as a field
{
    "error": {
        "code": "resource_missing",
        "doc_url": "https://stripe.com/docs/error-codes/resource-missing",
        "message": "No such customer: 'cus_IiVPFl81kSI82I'",
        "param": "id",
        "type": "invalid_request_error"
    }
}
-----------------------------
Validate (using jsonObject) that service reponse has "id" as a field
{
    "error": {
        "code": "resource_missing",
        "doc_url": "https://stripe.com/docs/error-codes/resource-missing",
        "message": "No such customer: 'cus_IiVP5Tk9cc0RNE'",
        "param": "id",
        "type": "invalid_request_error"
    }
}
-----------------------------
Validate (using jsonObject) that service reponse has "id" as a field
{
    "error": {
        "code": "resource_missing",
        "doc_url": "https://stripe.com/docs/error-codes/resource-missing",
        "message": "No such customer: 'cus_IiVP4sBtnMn5eg'",
        "param": "id",
        "type": "invalid_request_error"
    }
}
-----------------------------
Validate (using jsonObject) that service reponse has "id" as a field
]]></system-out>
  </testcase>
  <testcase name="validateDeleteCustomerAPI" classname="com.learning.testcases.DeleteCustomerTest" time="0.072">
    <failure message="Response doesn&apos;t have ID as a field expected [true] but found [false]" type="java.lang.AssertionError">java.lang.AssertionError: Response doesn't have ID as a field expected [true] but found [false]
	at com.learning.testcases.DeleteCustomerTest.doValidationUsingJSONObject(DeleteCustomerTest.java:51)
	at com.learning.testcases.DeleteCustomerTest.validateDeleteCustomerAPI(DeleteCustomerTest.java:37)
</failure>
  </testcase>
  <testcase name="validateDeleteCustomerAPI" classname="com.learning.testcases.DeleteCustomerTest" time="0.072">
    <failure message="Response doesn&apos;t have ID as a field expected [true] but found [false]" type="java.lang.AssertionError">java.lang.AssertionError: Response doesn't have ID as a field expected [true] but found [false]
	at com.learning.testcases.DeleteCustomerTest.doValidationUsingJSONObject(DeleteCustomerTest.java:51)
	at com.learning.testcases.DeleteCustomerTest.validateDeleteCustomerAPI(DeleteCustomerTest.java:37)
</failure>
  </testcase>
  <testcase name="validateDeleteCustomerAPI" classname="com.learning.testcases.DeleteCustomerTest" time="0.002"/>
  <testcase name="validateDeleteCustomerAPI" classname="com.learning.testcases.DeleteCustomerTest" time="0.194"/>
  <testcase name="validateDeleteCustomerAPI" classname="com.learning.testcases.DeleteCustomerTest" time="1.083">
    <failure message="Response doesn&apos;t have ID as a field expected [true] but found [false]" type="java.lang.AssertionError">java.lang.AssertionError: Response doesn't have ID as a field expected [true] but found [false]
	at com.learning.testcases.DeleteCustomerTest.doValidationUsingJSONObject(DeleteCustomerTest.java:51)
	at com.learning.testcases.DeleteCustomerTest.validateDeleteCustomerAPI(DeleteCustomerTest.java:37)
</failure>
    <system-out><![CDATA[{
    "error": {
        "code": "resource_missing",
        "doc_url": "https://stripe.com/docs/error-codes/resource-missing",
        "message": "No such customer: 'cus_IiVPBBeNPtVAlk'",
        "param": "id",
        "type": "invalid_request_error"
    }
}
-----------------------------
Validate (using jsonObject) that service reponse has "id" as a field
]]></system-out>
  </testcase>
  <testcase name="validateDeleteCustomerAPI" classname="com.learning.testcases.DeleteCustomerTest" time="0.017">
    <failure message="Response doesn&apos;t have ID as a field expected [true] but found [false]" type="java.lang.AssertionError">java.lang.AssertionError: Response doesn't have ID as a field expected [true] but found [false]
	at com.learning.testcases.DeleteCustomerTest.doValidationUsingJSONObject(DeleteCustomerTest.java:51)
	at com.learning.testcases.DeleteCustomerTest.validateDeleteCustomerAPI(DeleteCustomerTest.java:37)
</failure>
    <system-out><![CDATA[{
    "error": {
        "code": "resource_missing",
        "doc_url": "https://stripe.com/docs/error-codes/resource-missing",
        "message": "No such customer: 'cus_IiVPx5amcNG8cd'",
        "param": "id",
        "type": "invalid_request_error"
    }
}
-----------------------------
Validate (using jsonObject) that service reponse has "id" as a field
]]></system-out>
  </testcase>
  <testcase name="validateDeleteCustomerAPI" classname="com.learning.testcases.DeleteCustomerTest" time="0.03"/>
  <testcase name="validateDeleteCustomerAPI" classname="com.learning.testcases.DeleteCustomerTest" time="0.041">
    <failure message="Response doesn&apos;t have ID as a field expected [true] but found [false]" type="java.lang.AssertionError">java.lang.AssertionError: Response doesn't have ID as a field expected [true] but found [false]
	at com.learning.testcases.DeleteCustomerTest.doValidationUsingJSONObject(DeleteCustomerTest.java:51)
	at com.learning.testcases.DeleteCustomerTest.validateDeleteCustomerAPI(DeleteCustomerTest.java:37)
</failure>
    <system-out><![CDATA[{
    "error": {
        "code": "resource_missing",
        "doc_url": "https://stripe.com/docs/error-codes/resource-missing",
        "message": "No such customer: 'cus_IiVPmPNEQNYocV'",
        "param": "id",
        "type": "invalid_request_error"
    }
}
-----------------------------
Validate (using jsonObject) that service reponse has "id" as a field
]]></system-out>
  </testcase>
  <testcase name="validateDeleteCustomerAPI" classname="com.learning.testcases.DeleteCustomerTest" time="0.015">
    <failure message="Response doesn&apos;t have ID as a field expected [true] but found [false]" type="java.lang.AssertionError">java.lang.AssertionError: Response doesn't have ID as a field expected [true] but found [false]
	at com.learning.testcases.DeleteCustomerTest.doValidationUsingJSONObject(DeleteCustomerTest.java:51)
	at com.learning.testcases.DeleteCustomerTest.validateDeleteCustomerAPI(DeleteCustomerTest.java:37)
</failure>
    <system-out><![CDATA[{
    "error": {
        "code": "resource_missing",
        "doc_url": "https://stripe.com/docs/error-codes/resource-missing",
        "message": "No such customer: 'cus_IiVPUa581H3Anp'",
        "param": "id",
        "type": "invalid_request_error"
    }
}
-----------------------------
Validate (using jsonObject) that service reponse has "id" as a field
]]></system-out>
  </testcase>
  <testcase name="validateDeleteCustomerAPI" classname="com.learning.testcases.DeleteCustomerTest" time="0.006">
    <failure message="Response doesn&apos;t have ID as a field expected [true] but found [false]" type="java.lang.AssertionError">java.lang.AssertionError: Response doesn't have ID as a field expected [true] but found [false]
	at com.learning.testcases.DeleteCustomerTest.doValidationUsingJSONObject(DeleteCustomerTest.java:51)
	at com.learning.testcases.DeleteCustomerTest.validateDeleteCustomerAPI(DeleteCustomerTest.java:37)
</failure>
    <system-out><![CDATA[{
    "error": {
        "code": "resource_missing",
        "doc_url": "https://stripe.com/docs/error-codes/resource-missing",
        "message": "No such customer: 'cus_IiVP8KdOWN7RUj'",
        "param": "id",
        "type": "invalid_request_error"
    }
}
-----------------------------
Validate (using jsonObject) that service reponse has "id" as a field
]]></system-out>
  </testcase>
  <testcase name="validateDeleteCustomerAPI" classname="com.learning.testcases.DeleteCustomerTest" time="0.055"/>
  <testcase name="validateDeleteCustomerAPI" classname="com.learning.testcases.DeleteCustomerTest" time="0.008"/>
  <testcase name="validateDeleteCustomerAPI" classname="com.learning.testcases.DeleteCustomerTest" time="0.049"/>
  <testcase name="validateDeleteCustomerAPI" classname="com.learning.testcases.DeleteCustomerTest" time="0.039">
    <failure message="Response doesn&apos;t have ID as a field expected [true] but found [false]" type="java.lang.AssertionError">java.lang.AssertionError: Response doesn't have ID as a field expected [true] but found [false]
	at com.learning.testcases.DeleteCustomerTest.doValidationUsingJSONObject(DeleteCustomerTest.java:51)
	at com.learning.testcases.DeleteCustomerTest.validateDeleteCustomerAPI(DeleteCustomerTest.java:37)
</failure>
    <system-out><![CDATA[{
    "error": {
        "code": "resource_missing",
        "doc_url": "https://stripe.com/docs/error-codes/resource-missing",
        "message": "No such customer: 'cus_IiVPysFZOB0JkE'",
        "param": "id",
        "type": "invalid_request_error"
    }
}
-----------------------------
Validate (using jsonObject) that service reponse has "id" as a field
]]></system-out>
  </testcase>
  <testcase name="validateDeleteCustomerAPI" classname="com.learning.testcases.DeleteCustomerTest" time="1.141">
    <failure message="Response doesn&apos;t have ID as a field expected [true] but found [false]" type="java.lang.AssertionError">java.lang.AssertionError: Response doesn't have ID as a field expected [true] but found [false]
	at com.learning.testcases.DeleteCustomerTest.doValidationUsingJSONObject(DeleteCustomerTest.java:51)
	at com.learning.testcases.DeleteCustomerTest.validateDeleteCustomerAPI(DeleteCustomerTest.java:37)
</failure>
    <system-out><![CDATA[{
    "error": {
        "code": "resource_missing",
        "doc_url": "https://stripe.com/docs/error-codes/resource-missing",
        "message": "No such customer: 'cus_IiVPYddlelVZlV'",
        "param": "id",
        "type": "invalid_request_error"
    }
}
-----------------------------
Validate (using jsonObject) that service reponse has "id" as a field
]]></system-out>
  </testcase>
  <testcase name="validateDeleteCustomerAPI" classname="com.learning.testcases.DeleteCustomerTest" time="0.005">
    <failure message="Response doesn&apos;t have ID as a field expected [true] but found [false]" type="java.lang.AssertionError">java.lang.AssertionError: Response doesn't have ID as a field expected [true] but found [false]
	at com.learning.testcases.DeleteCustomerTest.doValidationUsingJSONObject(DeleteCustomerTest.java:51)
	at com.learning.testcases.DeleteCustomerTest.validateDeleteCustomerAPI(DeleteCustomerTest.java:37)
</failure>
    <system-out><![CDATA[{
    "error": {
        "code": "resource_missing",
        "doc_url": "https://stripe.com/docs/error-codes/resource-missing",
        "message": "No such customer: 'cus_IiVPChvLnAWQAu'",
        "param": "id",
        "type": "invalid_request_error"
    }
}
-----------------------------
Validate (using jsonObject) that service reponse has "id" as a field
]]></system-out>
  </testcase>
  <testcase name="validateDeleteCustomerAPI" classname="com.learning.testcases.DeleteCustomerTest" time="0.037"/>
  <testcase name="validateDeleteCustomerAPI" classname="com.learning.testcases.DeleteCustomerTest" time="0.046">
    <failure message="Response doesn&apos;t have ID as a field expected [true] but found [false]" type="java.lang.AssertionError">java.lang.AssertionError: Response doesn't have ID as a field expected [true] but found [false]
	at com.learning.testcases.DeleteCustomerTest.doValidationUsingJSONObject(DeleteCustomerTest.java:51)
	at com.learning.testcases.DeleteCustomerTest.validateDeleteCustomerAPI(DeleteCustomerTest.java:37)
</failure>
    <system-out><![CDATA[{
    "error": {
        "code": "resource_missing",
        "doc_url": "https://stripe.com/docs/error-codes/resource-missing",
        "message": "No such customer: 'cus_IiVPTsNuLJjkYk'",
        "param": "id",
        "type": "invalid_request_error"
    }
}
-----------------------------
Validate (using jsonObject) that service reponse has "id" as a field
]]></system-out>
  </testcase>
  <testcase name="validateDeleteCustomerAPI" classname="com.learning.testcases.DeleteCustomerTest" time="0.017">
    <failure message="Response doesn&apos;t have ID as a field expected [true] but found [false]" type="java.lang.AssertionError">java.lang.AssertionError: Response doesn't have ID as a field expected [true] but found [false]
	at com.learning.testcases.DeleteCustomerTest.doValidationUsingJSONObject(DeleteCustomerTest.java:51)
	at com.learning.testcases.DeleteCustomerTest.validateDeleteCustomerAPI(DeleteCustomerTest.java:37)
</failure>
    <system-out><![CDATA[{
    "error": {
        "code": "resource_missing",
        "doc_url": "https://stripe.com/docs/error-codes/resource-missing",
        "message": "No such customer: 'cus_IiVPwrs7l69KKr'",
        "param": "id",
        "type": "invalid_request_error"
    }
}
-----------------------------
Validate (using jsonObject) that service reponse has "id" as a field
]]></system-out>
  </testcase>
  <testcase name="validateDeleteCustomerAPI" classname="com.learning.testcases.DeleteCustomerTest" time="0.022"/>
  <testcase name="validateDeleteCustomerAPI" classname="com.learning.testcases.DeleteCustomerTest" time="0.028"/>
  <testcase name="validateDeleteCustomerAPI" classname="com.learning.testcases.DeleteCustomerTest" time="0.061"/>
  <testcase name="validateDeleteCustomerAPI" classname="com.learning.testcases.DeleteCustomerTest" time="0.076"/>
  <testcase name="validateDeleteCustomerAPI" classname="com.learning.testcases.DeleteCustomerTest" time="0.005"/>
  <testcase name="validateDeleteCustomerAPI" classname="com.learning.testcases.DeleteCustomerTest" time="1.071">
    <failure message="Response doesn&apos;t have ID as a field expected [true] but found [false]" type="java.lang.AssertionError">java.lang.AssertionError: Response doesn't have ID as a field expected [true] but found [false]
	at com.learning.testcases.DeleteCustomerTest.doValidationUsingJSONObject(DeleteCustomerTest.java:51)
	at com.learning.testcases.DeleteCustomerTest.validateDeleteCustomerAPI(DeleteCustomerTest.java:37)
</failure>
    <system-out><![CDATA[{
    "error": {
        "code": "resource_missing",
        "doc_url": "https://stripe.com/docs/error-codes/resource-missing",
        "message": "No such customer: 'cus_IiVPdAlrf7agMg'",
        "param": "id",
        "type": "invalid_request_error"
    }
}
-----------------------------
Validate (using jsonObject) that service reponse has "id" as a field
]]></system-out>
  </testcase>
  <testcase name="validateDeleteCustomerAPI" classname="com.learning.testcases.DeleteCustomerTest" time="0.077"/>
  <testcase name="validateDeleteCustomerAPI" classname="com.learning.testcases.DeleteCustomerTest" time="0.066"/>
  <testcase name="validateDeleteCustomerAPI" classname="com.learning.testcases.DeleteCustomerTest" time="0.013">
    <failure message="Response doesn&apos;t have ID as a field expected [true] but found [false]" type="java.lang.AssertionError">java.lang.AssertionError: Response doesn't have ID as a field expected [true] but found [false]
	at com.learning.testcases.DeleteCustomerTest.doValidationUsingJSONObject(DeleteCustomerTest.java:51)
	at com.learning.testcases.DeleteCustomerTest.validateDeleteCustomerAPI(DeleteCustomerTest.java:37)
</failure>
    <system-out><![CDATA[{
    "error": {
        "code": "resource_missing",
        "doc_url": "https://stripe.com/docs/error-codes/resource-missing",
        "message": "No such customer: 'cus_IiVPYQOZUoVhj0'",
        "param": "id",
        "type": "invalid_request_error"
    }
}
-----------------------------
Validate (using jsonObject) that service reponse has "id" as a field
]]></system-out>
  </testcase>
  <testcase name="validateDeleteCustomerAPI" classname="com.learning.testcases.DeleteCustomerTest" time="0.005">
    <failure message="Response doesn&apos;t have ID as a field expected [true] but found [false]" type="java.lang.AssertionError">java.lang.AssertionError: Response doesn't have ID as a field expected [true] but found [false]
	at com.learning.testcases.DeleteCustomerTest.doValidationUsingJSONObject(DeleteCustomerTest.java:51)
	at com.learning.testcases.DeleteCustomerTest.validateDeleteCustomerAPI(DeleteCustomerTest.java:37)
</failure>
    <system-out><![CDATA[{
    "error": {
        "code": "resource_missing",
        "doc_url": "https://stripe.com/docs/error-codes/resource-missing",
        "message": "No such customer: 'cus_IiVPtEzJ51H1y1'",
        "param": "id",
        "type": "invalid_request_error"
    }
}
-----------------------------
Validate (using jsonObject) that service reponse has "id" as a field
]]></system-out>
  </testcase>
  <testcase name="validateDeleteCustomerAPI" classname="com.learning.testcases.DeleteCustomerTest" time="0.009">
    <failure message="Response doesn&apos;t have ID as a field expected [true] but found [false]" type="java.lang.AssertionError">java.lang.AssertionError: Response doesn't have ID as a field expected [true] but found [false]
	at com.learning.testcases.DeleteCustomerTest.doValidationUsingJSONObject(DeleteCustomerTest.java:51)
	at com.learning.testcases.DeleteCustomerTest.validateDeleteCustomerAPI(DeleteCustomerTest.java:37)
</failure>
    <system-out><![CDATA[{
    "error": {
        "code": "resource_missing",
        "doc_url": "https://stripe.com/docs/error-codes/resource-missing",
        "message": "No such customer: 'cus_IiVPIizjc478fT'",
        "param": "id",
        "type": "invalid_request_error"
    }
}
-----------------------------
Validate (using jsonObject) that service reponse has "id" as a field
]]></system-out>
  </testcase>
  <testcase name="validateDeleteCustomerAPI" classname="com.learning.testcases.DeleteCustomerTest" time="0.029">
    <failure message="Response doesn&apos;t have ID as a field expected [true] but found [false]" type="java.lang.AssertionError">java.lang.AssertionError: Response doesn't have ID as a field expected [true] but found [false]
	at com.learning.testcases.DeleteCustomerTest.doValidationUsingJSONObject(DeleteCustomerTest.java:51)
	at com.learning.testcases.DeleteCustomerTest.validateDeleteCustomerAPI(DeleteCustomerTest.java:37)
</failure>
    <system-out><![CDATA[{
    "error": {
        "code": "resource_missing",
        "doc_url": "https://stripe.com/docs/error-codes/resource-missing",
        "message": "No such customer: 'cus_IiVPfjdViQpV5G'",
        "param": "id",
        "type": "invalid_request_error"
    }
}
-----------------------------
Validate (using jsonObject) that service reponse has "id" as a field
]]></system-out>
  </testcase>
  <testcase name="validateDeleteCustomerAPI" classname="com.learning.testcases.DeleteCustomerTest" time="0.088">
    <failure message="Response doesn&apos;t have ID as a field expected [true] but found [false]" type="java.lang.AssertionError">java.lang.AssertionError: Response doesn't have ID as a field expected [true] but found [false]
	at com.learning.testcases.DeleteCustomerTest.doValidationUsingJSONObject(DeleteCustomerTest.java:51)
	at com.learning.testcases.DeleteCustomerTest.validateDeleteCustomerAPI(DeleteCustomerTest.java:37)
</failure>
    <system-out><![CDATA[{
    "error": {
        "code": "resource_missing",
        "doc_url": "https://stripe.com/docs/error-codes/resource-missing",
        "message": "No such customer: 'cus_IiVPflCETkYgf3'",
        "param": "id",
        "type": "invalid_request_error"
    }
}
-----------------------------
Validate (using jsonObject) that service reponse has "id" as a field
]]></system-out>
  </testcase>
  <testcase name="validateDeleteCustomerAPI" classname="com.learning.testcases.DeleteCustomerTest" time="0.049">
    <failure message="Response doesn&apos;t have ID as a field expected [true] but found [false]" type="java.lang.AssertionError">java.lang.AssertionError: Response doesn't have ID as a field expected [true] but found [false]
	at com.learning.testcases.DeleteCustomerTest.doValidationUsingJSONObject(DeleteCustomerTest.java:51)
	at com.learning.testcases.DeleteCustomerTest.validateDeleteCustomerAPI(DeleteCustomerTest.java:37)
</failure>
    <system-out><![CDATA[{
    "error": {
        "code": "resource_missing",
        "doc_url": "https://stripe.com/docs/error-codes/resource-missing",
        "message": "No such customer: 'cus_IiVPvV9uBfpBeQ'",
        "param": "id",
        "type": "invalid_request_error"
    }
}
-----------------------------
Validate (using jsonObject) that service reponse has "id" as a field
]]></system-out>
  </testcase>
  <testcase name="validateDeleteCustomerAPI" classname="com.learning.testcases.DeleteCustomerTest" time="0.08"/>
  <testcase name="validateDeleteCustomerAPI" classname="com.learning.testcases.DeleteCustomerTest" time="1.024"/>
  <testcase name="validateDeleteCustomerAPI" classname="com.learning.testcases.DeleteCustomerTest" time="0.045"/>
  <testcase name="validateDeleteCustomerAPI" classname="com.learning.testcases.DeleteCustomerTest" time="0.013">
    <failure message="Response doesn&apos;t have ID as a field expected [true] but found [false]" type="java.lang.AssertionError">java.lang.AssertionError: Response doesn't have ID as a field expected [true] but found [false]
	at com.learning.testcases.DeleteCustomerTest.doValidationUsingJSONObject(DeleteCustomerTest.java:51)
	at com.learning.testcases.DeleteCustomerTest.validateDeleteCustomerAPI(DeleteCustomerTest.java:37)
</failure>
    <system-out><![CDATA[{
    "error": {
        "code": "resource_missing",
        "doc_url": "https://stripe.com/docs/error-codes/resource-missing",
        "message": "No such customer: 'cus_IiVOXpAMqZ6PSm'",
        "param": "id",
        "type": "invalid_request_error"
    }
}
-----------------------------
Validate (using jsonObject) that service reponse has "id" as a field
]]></system-out>
  </testcase>
  <testcase name="validateDeleteCustomerAPI" classname="com.learning.testcases.DeleteCustomerTest" time="0.006">
    <failure message="Response doesn&apos;t have ID as a field expected [true] but found [false]" type="java.lang.AssertionError">java.lang.AssertionError: Response doesn't have ID as a field expected [true] but found [false]
	at com.learning.testcases.DeleteCustomerTest.doValidationUsingJSONObject(DeleteCustomerTest.java:51)
	at com.learning.testcases.DeleteCustomerTest.validateDeleteCustomerAPI(DeleteCustomerTest.java:37)
</failure>
    <system-out><![CDATA[{
    "error": {
        "code": "resource_missing",
        "doc_url": "https://stripe.com/docs/error-codes/resource-missing",
        "message": "No such customer: 'cus_IiVPFIpDJMTzzU'",
        "param": "id",
        "type": "invalid_request_error"
    }
}
-----------------------------
Validate (using jsonObject) that service reponse has "id" as a field
]]></system-out>
  </testcase>
  <testcase name="validateDeleteCustomerAPI" classname="com.learning.testcases.DeleteCustomerTest" time="0.037">
    <failure message="Response doesn&apos;t have ID as a field expected [true] but found [false]" type="java.lang.AssertionError">java.lang.AssertionError: Response doesn't have ID as a field expected [true] but found [false]
	at com.learning.testcases.DeleteCustomerTest.doValidationUsingJSONObject(DeleteCustomerTest.java:51)
	at com.learning.testcases.DeleteCustomerTest.validateDeleteCustomerAPI(DeleteCustomerTest.java:37)
</failure>
    <system-out><![CDATA[{
    "error": {
        "code": "resource_missing",
        "doc_url": "https://stripe.com/docs/error-codes/resource-missing",
        "message": "No such customer: 'cus_IiVOfngNJR4ABl'",
        "param": "id",
        "type": "invalid_request_error"
    }
}
-----------------------------
Validate (using jsonObject) that service reponse has "id" as a field
]]></system-out>
  </testcase>
  <testcase name="validateDeleteCustomerAPI" classname="com.learning.testcases.DeleteCustomerTest" time="0.042"/>
  <testcase name="validateDeleteCustomerAPI" classname="com.learning.testcases.DeleteCustomerTest" time="0.078"/>
  <testcase name="validateDeleteCustomerAPI" classname="com.learning.testcases.DeleteCustomerTest" time="0.016">
    <failure message="Response doesn&apos;t have ID as a field expected [true] but found [false]" type="java.lang.AssertionError">java.lang.AssertionError: Response doesn't have ID as a field expected [true] but found [false]
	at com.learning.testcases.DeleteCustomerTest.doValidationUsingJSONObject(DeleteCustomerTest.java:51)
	at com.learning.testcases.DeleteCustomerTest.validateDeleteCustomerAPI(DeleteCustomerTest.java:37)
</failure>
    <system-out><![CDATA[{
    "error": {
        "code": "resource_missing",
        "doc_url": "https://stripe.com/docs/error-codes/resource-missing",
        "message": "No such customer: 'cus_IiVO5dM9nACy0q'",
        "param": "id",
        "type": "invalid_request_error"
    }
}
-----------------------------
Validate (using jsonObject) that service reponse has "id" as a field
]]></system-out>
  </testcase>
  <testcase name="validateDeleteCustomerAPI" classname="com.learning.testcases.DeleteCustomerTest" time="0.084"/>
  <testcase name="validateDeleteCustomerAPI" classname="com.learning.testcases.DeleteCustomerTest" time="0.196"/>
  <testcase name="validateDeleteCustomerAPI" classname="com.learning.testcases.DeleteCustomerTest" time="0.922">
    <failure message="Response doesn&apos;t have ID as a field expected [true] but found [false]" type="java.lang.AssertionError">java.lang.AssertionError: Response doesn't have ID as a field expected [true] but found [false]
	at com.learning.testcases.DeleteCustomerTest.doValidationUsingJSONObject(DeleteCustomerTest.java:51)
	at com.learning.testcases.DeleteCustomerTest.validateDeleteCustomerAPI(DeleteCustomerTest.java:37)
</failure>
    <system-out><![CDATA[{
    "error": {
        "code": "resource_missing",
        "doc_url": "https://stripe.com/docs/error-codes/resource-missing",
        "message": "No such customer: 'cus_IiVOXSXCGNrjaD'",
        "param": "id",
        "type": "invalid_request_error"
    }
}
-----------------------------
Validate (using jsonObject) that service reponse has "id" as a field
]]></system-out>
  </testcase>
  <testcase name="validateDeleteCustomerAPI" classname="com.learning.testcases.DeleteCustomerTest" time="0.011">
    <failure message="Response doesn&apos;t have ID as a field expected [true] but found [false]" type="java.lang.AssertionError">java.lang.AssertionError: Response doesn't have ID as a field expected [true] but found [false]
	at com.learning.testcases.DeleteCustomerTest.doValidationUsingJSONObject(DeleteCustomerTest.java:51)
	at com.learning.testcases.DeleteCustomerTest.validateDeleteCustomerAPI(DeleteCustomerTest.java:37)
</failure>
    <system-out><![CDATA[{
    "error": {
        "code": "resource_missing",
        "doc_url": "https://stripe.com/docs/error-codes/resource-missing",
        "message": "No such customer: 'cus_IiVOBMYZl9xGFt'",
        "param": "id",
        "type": "invalid_request_error"
    }
}
-----------------------------
Validate (using jsonObject) that service reponse has "id" as a field
]]></system-out>
  </testcase>
  <testcase name="validateDeleteCustomerAPI" classname="com.learning.testcases.DeleteCustomerTest" time="0.007"/>
  <testcase name="validateDeleteCustomerAPI" classname="com.learning.testcases.DeleteCustomerTest" time="0.063"/>
  <testcase name="validateDeleteCustomerAPI" classname="com.learning.testcases.DeleteCustomerTest" time="0.005">
    <failure message="Response doesn&apos;t have ID as a field expected [true] but found [false]" type="java.lang.AssertionError">java.lang.AssertionError: Response doesn't have ID as a field expected [true] but found [false]
	at com.learning.testcases.DeleteCustomerTest.doValidationUsingJSONObject(DeleteCustomerTest.java:51)
	at com.learning.testcases.DeleteCustomerTest.validateDeleteCustomerAPI(DeleteCustomerTest.java:37)
</failure>
    <system-out><![CDATA[{
    "id": "cus_IiVOYQ69ZObuIz",
    "object": "customer",
    "deleted": true
}
-----------------------------
Validate (using jsonObject) that service reponse has "id" as a field
{
    "error": {
        "code": "resource_missing",
        "doc_url": "https://stripe.com/docs/error-codes/resource-missing",
        "message": "No such customer: 'cus_IiVOUpXMUlMbXR'",
        "param": "id",
        "type": "invalid_request_error"
    }
}
-----------------------------
Validate (using jsonObject) that service reponse has "id" as a field
]]></system-out>
  </testcase>
  <testcase name="validateDeleteCustomerAPI" classname="com.learning.testcases.DeleteCustomerTest" time="0.007"/>
  <testcase name="validateDeleteCustomerAPI" classname="com.learning.testcases.DeleteCustomerTest" time="0.063">
    <failure message="Response doesn&apos;t have ID as a field expected [true] but found [false]" type="java.lang.AssertionError">java.lang.AssertionError: Response doesn't have ID as a field expected [true] but found [false]
	at com.learning.testcases.DeleteCustomerTest.doValidationUsingJSONObject(DeleteCustomerTest.java:51)
	at com.learning.testcases.DeleteCustomerTest.validateDeleteCustomerAPI(DeleteCustomerTest.java:37)
</failure>
    <system-out><![CDATA[{
    "error": {
        "code": "resource_missing",
        "doc_url": "https://stripe.com/docs/error-codes/resource-missing",
        "message": "No such customer: 'cus_IiVO3NsnDIzmgG'",
        "param": "id",
        "type": "invalid_request_error"
    }
}
-----------------------------
Validate (using jsonObject) that service reponse has "id" as a field
]]></system-out>
  </testcase>
  <testcase name="validateDeleteCustomerAPI" classname="com.learning.testcases.DeleteCustomerTest" time="0.065"/>
  <testcase name="validateDeleteCustomerAPI" classname="com.learning.testcases.DeleteCustomerTest" time="0.137"/>
  <testcase name="validateDeleteCustomerAPI" classname="com.learning.testcases.DeleteCustomerTest" time="0.165"/>
  <testcase name="validateDeleteCustomerAPI" classname="com.learning.testcases.DeleteCustomerTest" time="0.953">
    <failure message="Response doesn&apos;t have ID as a field expected [true] but found [false]" type="java.lang.AssertionError">java.lang.AssertionError: Response doesn't have ID as a field expected [true] but found [false]
	at com.learning.testcases.DeleteCustomerTest.doValidationUsingJSONObject(DeleteCustomerTest.java:51)
	at com.learning.testcases.DeleteCustomerTest.validateDeleteCustomerAPI(DeleteCustomerTest.java:37)
</failure>
    <system-out><![CDATA[{
    "error": {
        "code": "resource_missing",
        "doc_url": "https://stripe.com/docs/error-codes/resource-missing",
        "message": "No such customer: 'cus_IiVOLehhHMjXLz'",
        "param": "id",
        "type": "invalid_request_error"
    }
}
-----------------------------
Validate (using jsonObject) that service reponse has "id" as a field
{
    "error": {
        "code": "resource_missing",
        "doc_url": "https://stripe.com/docs/error-codes/resource-missing",
        "message": "No such customer: 'cus_IiVOq9NBw9kNbf'",
        "param": "id",
        "type": "invalid_request_error"
    }
}
-----------------------------
Validate (using jsonObject) that service reponse has "id" as a field
]]></system-out>
  </testcase>
  <testcase name="validateDeleteCustomerAPI" classname="com.learning.testcases.DeleteCustomerTest" time="0.953">
    <failure message="Response doesn&apos;t have ID as a field expected [true] but found [false]" type="java.lang.AssertionError">java.lang.AssertionError: Response doesn't have ID as a field expected [true] but found [false]
	at com.learning.testcases.DeleteCustomerTest.doValidationUsingJSONObject(DeleteCustomerTest.java:51)
	at com.learning.testcases.DeleteCustomerTest.validateDeleteCustomerAPI(DeleteCustomerTest.java:37)
</failure>
  </testcase>
  <testcase name="validateDeleteCustomerAPI" classname="com.learning.testcases.DeleteCustomerTest" time="0.014">
    <failure message="Response doesn&apos;t have ID as a field expected [true] but found [false]" type="java.lang.AssertionError">java.lang.AssertionError: Response doesn't have ID as a field expected [true] but found [false]
	at com.learning.testcases.DeleteCustomerTest.doValidationUsingJSONObject(DeleteCustomerTest.java:51)
	at com.learning.testcases.DeleteCustomerTest.validateDeleteCustomerAPI(DeleteCustomerTest.java:37)
</failure>
    <system-out><![CDATA[{
    "id": "cus_IiVOSCITPtS6Pn",
    "object": "customer",
    "deleted": true
}
-----------------------------
Validate (using jsonObject) that service reponse has "id" as a field
{
    "error": {
        "code": "resource_missing",
        "doc_url": "https://stripe.com/docs/error-codes/resource-missing",
        "message": "No such customer: 'cus_IiVO1DkfuV9POa'",
        "param": "id",
        "type": "invalid_request_error"
    }
}
-----------------------------
Validate (using jsonObject) that service reponse has "id" as a field
]]></system-out>
  </testcase>
  <testcase name="validateDeleteCustomerAPI" classname="com.learning.testcases.DeleteCustomerTest" time="0.002"/>
  <testcase name="validateDeleteCustomerAPI" classname="com.learning.testcases.DeleteCustomerTest" time="0.028"/>
  <testcase name="validateDeleteCustomerAPI" classname="com.learning.testcases.DeleteCustomerTest" time="0.018"/>
  <testcase name="validateDeleteCustomerAPI" classname="com.learning.testcases.DeleteCustomerTest" time="0.031">
    <failure message="Response doesn&apos;t have ID as a field expected [true] but found [false]" type="java.lang.AssertionError">java.lang.AssertionError: Response doesn't have ID as a field expected [true] but found [false]
	at com.learning.testcases.DeleteCustomerTest.doValidationUsingJSONObject(DeleteCustomerTest.java:51)
	at com.learning.testcases.DeleteCustomerTest.validateDeleteCustomerAPI(DeleteCustomerTest.java:37)
</failure>
    <system-out><![CDATA[{
    "error": {
        "code": "resource_missing",
        "doc_url": "https://stripe.com/docs/error-codes/resource-missing",
        "message": "No such customer: 'cus_IiVOkujy1hC2hD'",
        "param": "id",
        "type": "invalid_request_error"
    }
}
-----------------------------
Validate (using jsonObject) that service reponse has "id" as a field
]]></system-out>
  </testcase>
  <testcase name="validateDeleteCustomerAPI" classname="com.learning.testcases.DeleteCustomerTest" time="0.005">
    <failure message="Response doesn&apos;t have ID as a field expected [true] but found [false]" type="java.lang.AssertionError">java.lang.AssertionError: Response doesn't have ID as a field expected [true] but found [false]
	at com.learning.testcases.DeleteCustomerTest.doValidationUsingJSONObject(DeleteCustomerTest.java:51)
	at com.learning.testcases.DeleteCustomerTest.validateDeleteCustomerAPI(DeleteCustomerTest.java:37)
</failure>
    <system-out><![CDATA[{
    "error": {
        "code": "resource_missing",
        "doc_url": "https://stripe.com/docs/error-codes/resource-missing",
        "message": "No such customer: 'cus_IiVOQIxF6cMogj'",
        "param": "id",
        "type": "invalid_request_error"
    }
}
-----------------------------
Validate (using jsonObject) that service reponse has "id" as a field
]]></system-out>
  </testcase>
  <testcase name="validateDeleteCustomerAPI" classname="com.learning.testcases.DeleteCustomerTest" time="0.245"/>
  <testcase name="validateDeleteCustomerAPI" classname="com.learning.testcases.DeleteCustomerTest" time="0.197"/>
  <testcase name="validateDeleteCustomerAPI" classname="com.learning.testcases.DeleteCustomerTest" time="0.905">
    <failure message="Response doesn&apos;t have ID as a field expected [true] but found [false]" type="java.lang.AssertionError">java.lang.AssertionError: Response doesn't have ID as a field expected [true] but found [false]
	at com.learning.testcases.DeleteCustomerTest.doValidationUsingJSONObject(DeleteCustomerTest.java:51)
	at com.learning.testcases.DeleteCustomerTest.validateDeleteCustomerAPI(DeleteCustomerTest.java:37)
</failure>
    <system-out><![CDATA[{
    "error": {
        "code": "resource_missing",
        "doc_url": "https://stripe.com/docs/error-codes/resource-missing",
        "message": "No such customer: 'cus_IiVOvrs1XKIJpf'",
        "param": "id",
        "type": "invalid_request_error"
    }
}
-----------------------------
Validate (using jsonObject) that service reponse has "id" as a field
]]></system-out>
  </testcase>
  <testcase name="validateDeleteCustomerAPI" classname="com.learning.testcases.DeleteCustomerTest" time="0.03">
    <failure message="Response doesn&apos;t have ID as a field expected [true] but found [false]" type="java.lang.AssertionError">java.lang.AssertionError: Response doesn't have ID as a field expected [true] but found [false]
	at com.learning.testcases.DeleteCustomerTest.doValidationUsingJSONObject(DeleteCustomerTest.java:51)
	at com.learning.testcases.DeleteCustomerTest.validateDeleteCustomerAPI(DeleteCustomerTest.java:37)
</failure>
    <system-out><![CDATA[{
    "error": {
        "code": "resource_missing",
        "doc_url": "https://stripe.com/docs/error-codes/resource-missing",
        "message": "No such customer: 'cus_IiURMJxTgubMs6'",
        "param": "id",
        "type": "invalid_request_error"
    }
}
-----------------------------
Validate (using jsonObject) that service reponse has "id" as a field
]]></system-out>
  </testcase>
  <testcase name="validateDeleteCustomerAPI" classname="com.learning.testcases.DeleteCustomerTest" time="0.007">
    <failure message="Response doesn&apos;t have ID as a field expected [true] but found [false]" type="java.lang.AssertionError">java.lang.AssertionError: Response doesn't have ID as a field expected [true] but found [false]
	at com.learning.testcases.DeleteCustomerTest.doValidationUsingJSONObject(DeleteCustomerTest.java:51)
	at com.learning.testcases.DeleteCustomerTest.validateDeleteCustomerAPI(DeleteCustomerTest.java:37)
</failure>
    <system-out><![CDATA[{
    "error": {
        "code": "resource_missing",
        "doc_url": "https://stripe.com/docs/error-codes/resource-missing",
        "message": "No such customer: 'cus_IiVOYunsceziGJ'",
        "param": "id",
        "type": "invalid_request_error"
    }
}
-----------------------------
Validate (using jsonObject) that service reponse has "id" as a field
]]></system-out>
  </testcase>
  <testcase name="validateDeleteCustomerAPI" classname="com.learning.testcases.DeleteCustomerTest" time="0.038"/>
  <testcase name="validateDeleteCustomerAPI" classname="com.learning.testcases.DeleteCustomerTest" time="0.022"/>
  <testcase name="validateDeleteCustomerAPI" classname="com.learning.testcases.DeleteCustomerTest" time="0.018"/>
  <testcase name="validateDeleteCustomerAPI" classname="com.learning.testcases.DeleteCustomerTest" time="0.023"/>
  <testcase name="validateDeleteCustomerAPI" classname="com.learning.testcases.DeleteCustomerTest" time="0.126">
    <failure message="Response doesn&apos;t have ID as a field expected [true] but found [false]" type="java.lang.AssertionError">java.lang.AssertionError: Response doesn't have ID as a field expected [true] but found [false]
	at com.learning.testcases.DeleteCustomerTest.doValidationUsingJSONObject(DeleteCustomerTest.java:51)
	at com.learning.testcases.DeleteCustomerTest.validateDeleteCustomerAPI(DeleteCustomerTest.java:37)
</failure>
    <system-out><![CDATA[{
    "error": {
        "code": "resource_missing",
        "doc_url": "https://stripe.com/docs/error-codes/resource-missing",
        "message": "No such customer: 'cus_IiUJePhOivraIO'",
        "param": "id",
        "type": "invalid_request_error"
    }
}
-----------------------------
Validate (using jsonObject) that service reponse has "id" as a field
]]></system-out>
  </testcase>
  <testcase name="validateDeleteCustomerAPI" classname="com.learning.testcases.DeleteCustomerTest" time="0.238"/>
  <testcase name="validateDeleteCustomerAPI" classname="com.learning.testcases.DeleteCustomerTest" time="0.483">
    <failure message="Response doesn&apos;t have ID as a field expected [true] but found [false]" type="java.lang.AssertionError">java.lang.AssertionError: Response doesn't have ID as a field expected [true] but found [false]
	at com.learning.testcases.DeleteCustomerTest.doValidationUsingJSONObject(DeleteCustomerTest.java:51)
	at com.learning.testcases.DeleteCustomerTest.validateDeleteCustomerAPI(DeleteCustomerTest.java:37)
</failure>
    <system-out><![CDATA[{
    "error": {
        "code": "resource_missing",
        "doc_url": "https://stripe.com/docs/error-codes/resource-missing",
        "message": "No such customer: 'cus_IiUJRvaiUdTdSW'",
        "param": "id",
        "type": "invalid_request_error"
    }
}
-----------------------------
Validate (using jsonObject) that service reponse has "id" as a field
]]></system-out>
  </testcase>
  <testcase name="validateDeleteCustomerAPI" classname="com.learning.testcases.DeleteCustomerTest" time="1.377">
    <failure message="Response doesn&apos;t have ID as a field expected [true] but found [false]" type="java.lang.AssertionError">java.lang.AssertionError: Response doesn't have ID as a field expected [true] but found [false]
	at com.learning.testcases.DeleteCustomerTest.doValidationUsingJSONObject(DeleteCustomerTest.java:51)
	at com.learning.testcases.DeleteCustomerTest.validateDeleteCustomerAPI(DeleteCustomerTest.java:37)
</failure>
    <system-out><![CDATA[{
    "error": {
        "code": "resource_missing",
        "doc_url": "https://stripe.com/docs/error-codes/resource-missing",
        "message": "No such customer: 'cus_IiUHVUVZLvapNG'",
        "param": "id",
        "type": "invalid_request_error"
    }
}
-----------------------------
Validate (using jsonObject) that service reponse has "id" as a field
{
    "error": {
        "code": "resource_missing",
        "doc_url": "https://stripe.com/docs/error-codes/resource-missing",
        "message": "No such customer: 'cus_IiUJGr2vOpFP8L'",
        "param": "id",
        "type": "invalid_request_error"
    }
}
-----------------------------
Validate (using jsonObject) that service reponse has "id" as a field
]]></system-out>
  </testcase>
  <testcase name="validateDeleteCustomerAPI" classname="com.learning.testcases.DeleteCustomerTest" time="1.377">
    <failure message="Response doesn&apos;t have ID as a field expected [true] but found [false]" type="java.lang.AssertionError">java.lang.AssertionError: Response doesn't have ID as a field expected [true] but found [false]
	at com.learning.testcases.DeleteCustomerTest.doValidationUsingJSONObject(DeleteCustomerTest.java:51)
	at com.learning.testcases.DeleteCustomerTest.validateDeleteCustomerAPI(DeleteCustomerTest.java:37)
</failure>
  </testcase>
  <testcase name="validateDeleteCustomerAPI" classname="com.learning.testcases.DeleteCustomerTest" time="1.396">
    <failure message="Response doesn&apos;t have ID as a field expected [true] but found [false]" type="java.lang.AssertionError">java.lang.AssertionError: Response doesn't have ID as a field expected [true] but found [false]
	at com.learning.testcases.DeleteCustomerTest.doValidationUsingJSONObject(DeleteCustomerTest.java:51)
	at com.learning.testcases.DeleteCustomerTest.validateDeleteCustomerAPI(DeleteCustomerTest.java:37)
</failure>
    <system-out><![CDATA[{
    "error": {
        "code": "resource_missing",
        "doc_url": "https://stripe.com/docs/error-codes/resource-missing",
        "message": "No such customer: 'cus_IiUHOuB66RZaG3'",
        "param": "id",
        "type": "invalid_request_error"
    }
}
-----------------------------
Validate (using jsonObject) that service reponse has "id" as a field
]]></system-out>
  </testcase>
  <testcase name="validateDeleteCustomerAPI" classname="com.learning.testcases.DeleteCustomerTest" time="1.403"/>
  <testcase name="validateDeleteCustomerAPI" classname="com.learning.testcases.DeleteCustomerTest" time="1.453">
    <failure message="Response doesn&apos;t have ID as a field expected [true] but found [false]" type="java.lang.AssertionError">java.lang.AssertionError: Response doesn't have ID as a field expected [true] but found [false]
	at com.learning.testcases.DeleteCustomerTest.doValidationUsingJSONObject(DeleteCustomerTest.java:51)
	at com.learning.testcases.DeleteCustomerTest.validateDeleteCustomerAPI(DeleteCustomerTest.java:37)
</failure>
    <system-out><![CDATA[{
    "error": {
        "code": "resource_missing",
        "doc_url": "https://stripe.com/docs/error-codes/resource-missing",
        "message": "No such customer: 'cus_IiUH2jQlYGZSTf'",
        "param": "id",
        "type": "invalid_request_error"
    }
}
-----------------------------
Validate (using jsonObject) that service reponse has "id" as a field
]]></system-out>
  </testcase>
</testsuite>