<?xml version="1.0" encoding="UTF-8"?>
<!-- Generated by org.testng.reporters.JUnitReportReporter -->
<testsuite skipped="0" hostname="ATMECSINLT-647" name="com.learning.rough.TestPaypal" tests="3" failures="0" timestamp="2021-01-08T13:05:24 IST" time="9.244" errors="0">
  <testcase name="getAuthKey" time="4.622" classname="com.learning.rough.TestPaypal"/>
  <system-out/>
  <testcase name="createOrder" time="2.933" classname="com.learning.rough.TestPaypal"/>
  <system-out/>
  <testcase name="getOrderDetails" time="1.689" classname="com.learning.rough.TestPaypal"/>
  <system-out/>
</testsuite> <!-- com.learning.rough.TestPaypal -->
