<?xml version="1.0" encoding="UTF-8"?>
<!-- Generated by org.testng.reporters.JUnitReportReporter -->
<testsuite skipped="0" hostname="ATMECSINLT-647" name="com.learning.testcases.CreateCustomerTest" tests="3" failures="0" timestamp="2021-01-07T16:34:28 IST" time="9.099" errors="0">
  <testcase name="validateCreateCustomerAPI" time="3.033" classname="com.learning.testcases.CreateCustomerTest"/>
  <system-out/>
  <testcase name="validateCreateCustomerAPI" time="3.033" classname="com.learning.testcases.CreateCustomerTest"/>
  <system-out/>
  <testcase name="validateCreateCustomerAPI" time="3.033" classname="com.learning.testcases.CreateCustomerTest"/>
  <system-out/>
</testsuite> <!-- com.learning.testcases.CreateCustomerTest -->
