<?xml version="1.0" encoding="UTF-8"?>
<!-- Generated by org.testng.reporters.JUnitReportReporter -->
<testsuite skipped="0" hostname="ATMECSINLT-647" name="com.learning.testcases.paypal.CreateOrderTest" tests="1" failures="0" timestamp="2021-01-08T14:43:23 IST" time="7.798" errors="0">
  <testcase name="createOrder" time="7.798" classname="com.learning.testcases.paypal.CreateOrderTest"/>
  <system-out/>
</testsuite> <!-- com.learning.testcases.paypal.CreateOrderTest -->
