<?xml version="1.0" encoding="UTF-8"?>
<!-- Generated by org.testng.reporters.JUnitReportReporter -->
<testsuite skipped="0" hostname="ATMECSINLT-647" name="com.learning.testcases.CreateCustomerTest" tests="3" failures="0" timestamp="2021-01-07T16:40:41 IST" time="16.757" errors="0">
  <testcase name="validateCreateCustomerAPI" time="6.437" classname="com.learning.testcases.CreateCustomerTest"/>
  <system-out/>
  <testcase name="validateCreateCustomerAPI" time="4.946" classname="com.learning.testcases.CreateCustomerTest"/>
  <system-out/>
  <testcase name="validateCreateCustomerAPI" time="5.374" classname="com.learning.testcases.CreateCustomerTest"/>
  <system-out/>
</testsuite> <!-- com.learning.testcases.CreateCustomerTest -->
