<?xml version="1.0" encoding="UTF-8"?>
<!-- Generated by org.testng.reporters.JUnitReportReporter -->
<testsuite skipped="1" hostname="ATMECSINLT-647" name="com.learning.testcases.CreateCustomerTest" tests="262" failures="4" timestamp="2021-01-08T01:32:14 IST" time="352.384" errors="0">
  <testcase name="validateCreateCustomerAPI" time="1.262" classname="com.learning.testcases.CreateCustomerTest"/>
  <system-out/>
  <testcase name="validateCreateCustomerAPI" time="1.340" classname="com.learning.testcases.CreateCustomerTest"/>
  <system-out/>
  <testcase name="validateCreateCustomerAPI" time="1.240" classname="com.learning.testcases.CreateCustomerTest"/>
  <system-out/>
  <testcase name="validateCreateCustomerAPI" time="1.229" classname="com.learning.testcases.CreateCustomerTest"/>
  <system-out/>
  <testcase name="validateCreateCustomerAPI" time="1.245" classname="com.learning.testcases.CreateCustomerTest"/>
  <system-out/>
  <testcase name="validateCreateCustomerAPI" time="4.174" classname="com.learning.testcases.CreateCustomerTest">
    <failure type="java.lang.AssertionError" message="expected [200] but found [400]">
      <![CDATA[java.lang.AssertionError: expected [200] but found [400]
at org.testng.Assert.fail(Assert.java:99)
at org.testng.Assert.failNotEquals(Assert.java:1037)
at org.testng.Assert.assertEqualsImpl(Assert.java:140)
at org.testng.Assert.assertEquals(Assert.java:122)
at org.testng.Assert.assertEquals(Assert.java:907)
at org.testng.Assert.assertEquals(Assert.java:917)
at com.learning.testcases.CreateCustomerTest.validateCreateCustomerAPI(CreateCustomerTest.java:30)
at sun.reflect.NativeMethodAccessorImpl.invoke0(Native Method)
at sun.reflect.NativeMethodAccessorImpl.invoke(NativeMethodAccessorImpl.java:62)
at sun.reflect.DelegatingMethodAccessorImpl.invoke(DelegatingMethodAccessorImpl.java:43)
at java.lang.reflect.Method.invoke(Method.java:498)
at org.testng.internal.MethodInvocationHelper.invokeMethod(MethodInvocationHelper.java:132)
at org.testng.internal.TestInvoker.invokeMethod(TestInvoker.java:599)
at org.testng.internal.TestInvoker.invokeTestMethod(TestInvoker.java:174)
at org.testng.internal.TestMethodWithDataProviderMethodWorker.call(TestMethodWithDataProviderMethodWorker.java:77)
at org.testng.internal.TestMethodWithDataProviderMethodWorker.call(TestMethodWithDataProviderMethodWorker.java:15)
at java.util.concurrent.FutureTask.run(FutureTask.java:266)
at java.util.concurrent.Executors$RunnableAdapter.call(Executors.java:511)
at java.util.concurrent.FutureTask.run(FutureTask.java:266)
at java.util.concurrent.ThreadPoolExecutor.runWorker(ThreadPoolExecutor.java:1149)
at java.util.concurrent.ThreadPoolExecutor$Worker.run(ThreadPoolExecutor.java:624)
at java.lang.Thread.run(Thread.java:748)
]]>
    </failure>
  </testcase> <!-- validateCreateCustomerAPI -->
  <system-out/>
  <testcase name="validateCreateCustomerAPI" time="1.266" classname="com.learning.testcases.CreateCustomerTest"/>
  <system-out/>
  <testcase name="validateCreateCustomerAPI" time="4.277" classname="com.learning.testcases.CreateCustomerTest"/>
  <system-out/>
  <testcase name="validateCreateCustomerAPI" time="1.214" classname="com.learning.testcases.CreateCustomerTest"/>
  <system-out/>
  <testcase name="validateCreateCustomerAPI" time="1.249" classname="com.learning.testcases.CreateCustomerTest"/>
  <system-out/>
  <testcase name="validateCreateCustomerAPI" time="1.243" classname="com.learning.testcases.CreateCustomerTest"/>
  <system-out/>
  <testcase name="validateCreateCustomerAPI" time="1.242" classname="com.learning.testcases.CreateCustomerTest"/>
  <system-out/>
  <testcase name="validateCreateCustomerAPI" time="1.214" classname="com.learning.testcases.CreateCustomerTest"/>
  <system-out/>
  <testcase name="validateCreateCustomerAPI" time="1.196" classname="com.learning.testcases.CreateCustomerTest"/>
  <system-out/>
  <testcase name="validateCreateCustomerAPI" time="1.277" classname="com.learning.testcases.CreateCustomerTest"/>
  <system-out/>
  <testcase name="validateCreateCustomerAPI" time="1.301" classname="com.learning.testcases.CreateCustomerTest"/>
  <system-out/>
  <testcase name="validateCreateCustomerAPI" time="1.230" classname="com.learning.testcases.CreateCustomerTest"/>
  <system-out/>
  <testcase name="validateCreateCustomerAPI" time="1.212" classname="com.learning.testcases.CreateCustomerTest"/>
  <system-out/>
  <testcase name="validateCreateCustomerAPI" time="1.223" classname="com.learning.testcases.CreateCustomerTest"/>
  <system-out/>
  <testcase name="validateCreateCustomerAPI" time="1.226" classname="com.learning.testcases.CreateCustomerTest"/>
  <system-out/>
  <testcase name="validateCreateCustomerAPI" time="1.218" classname="com.learning.testcases.CreateCustomerTest"/>
  <system-out/>
  <testcase name="validateCreateCustomerAPI" time="1.283" classname="com.learning.testcases.CreateCustomerTest"/>
  <system-out/>
  <testcase name="validateCreateCustomerAPI" time="1.176" classname="com.learning.testcases.CreateCustomerTest"/>
  <system-out/>
  <testcase name="validateCreateCustomerAPI" time="1.201" classname="com.learning.testcases.CreateCustomerTest"/>
  <system-out/>
  <testcase name="validateCreateCustomerAPI" time="1.295" classname="com.learning.testcases.CreateCustomerTest"/>
  <system-out/>
  <testcase name="validateCreateCustomerAPI" time="1.179" classname="com.learning.testcases.CreateCustomerTest"/>
  <system-out/>
  <testcase name="validateCreateCustomerAPI" time="1.206" classname="com.learning.testcases.CreateCustomerTest"/>
  <system-out/>
  <testcase name="validateCreateCustomerAPI" time="1.238" classname="com.learning.testcases.CreateCustomerTest"/>
  <system-out/>
  <testcase name="validateCreateCustomerAPI" time="1.204" classname="com.learning.testcases.CreateCustomerTest"/>
  <system-out/>
  <testcase name="validateCreateCustomerAPI" time="1.211" classname="com.learning.testcases.CreateCustomerTest"/>
  <system-out/>
  <testcase name="validateCreateCustomerAPI" time="1.245" classname="com.learning.testcases.CreateCustomerTest"/>
  <system-out/>
  <testcase name="validateCreateCustomerAPI" time="1.221" classname="com.learning.testcases.CreateCustomerTest"/>
  <system-out/>
  <testcase name="validateCreateCustomerAPI" time="1.199" classname="com.learning.testcases.CreateCustomerTest"/>
  <system-out/>
  <testcase name="validateCreateCustomerAPI" time="1.239" classname="com.learning.testcases.CreateCustomerTest"/>
  <system-out/>
  <testcase name="validateCreateCustomerAPI" time="1.183" classname="com.learning.testcases.CreateCustomerTest"/>
  <system-out/>
  <testcase name="validateCreateCustomerAPI" time="1.262" classname="com.learning.testcases.CreateCustomerTest"/>
  <system-out/>
  <testcase name="validateCreateCustomerAPI" time="1.253" classname="com.learning.testcases.CreateCustomerTest"/>
  <system-out/>
  <testcase name="validateCreateCustomerAPI" time="1.207" classname="com.learning.testcases.CreateCustomerTest"/>
  <system-out/>
  <testcase name="validateCreateCustomerAPI" time="1.220" classname="com.learning.testcases.CreateCustomerTest"/>
  <system-out/>
  <testcase name="validateCreateCustomerAPI" time="1.297" classname="com.learning.testcases.CreateCustomerTest"/>
  <system-out/>
  <testcase name="validateCreateCustomerAPI" time="1.272" classname="com.learning.testcases.CreateCustomerTest"/>
  <system-out/>
  <testcase name="validateCreateCustomerAPI" time="1.271" classname="com.learning.testcases.CreateCustomerTest"/>
  <system-out/>
  <testcase name="validateCreateCustomerAPI" time="1.323" classname="com.learning.testcases.CreateCustomerTest"/>
  <system-out/>
  <testcase name="validateCreateCustomerAPI" time="1.267" classname="com.learning.testcases.CreateCustomerTest"/>
  <system-out/>
  <testcase name="validateCreateCustomerAPI" time="1.219" classname="com.learning.testcases.CreateCustomerTest"/>
  <system-out/>
  <testcase name="validateCreateCustomerAPI" time="1.183" classname="com.learning.testcases.CreateCustomerTest"/>
  <system-out/>
  <testcase name="validateCreateCustomerAPI" time="1.207" classname="com.learning.testcases.CreateCustomerTest"/>
  <system-out/>
  <testcase name="validateCreateCustomerAPI" time="1.173" classname="com.learning.testcases.CreateCustomerTest"/>
  <system-out/>
  <testcase name="validateCreateCustomerAPI" time="1.217" classname="com.learning.testcases.CreateCustomerTest"/>
  <system-out/>
  <testcase name="validateCreateCustomerAPI" time="1.240" classname="com.learning.testcases.CreateCustomerTest"/>
  <system-out/>
  <testcase name="validateCreateCustomerAPI" time="1.212" classname="com.learning.testcases.CreateCustomerTest"/>
  <system-out/>
  <testcase name="validateCreateCustomerAPI" time="1.237" classname="com.learning.testcases.CreateCustomerTest"/>
  <system-out/>
  <testcase name="validateCreateCustomerAPI" time="1.298" classname="com.learning.testcases.CreateCustomerTest"/>
  <system-out/>
  <testcase name="validateCreateCustomerAPI" time="1.255" classname="com.learning.testcases.CreateCustomerTest"/>
  <system-out/>
  <testcase name="validateCreateCustomerAPI" time="1.205" classname="com.learning.testcases.CreateCustomerTest"/>
  <system-out/>
  <testcase name="validateCreateCustomerAPI" time="1.277" classname="com.learning.testcases.CreateCustomerTest"/>
  <system-out/>
  <testcase name="validateCreateCustomerAPI" time="1.219" classname="com.learning.testcases.CreateCustomerTest"/>
  <system-out/>
  <testcase name="validateCreateCustomerAPI" time="1.202" classname="com.learning.testcases.CreateCustomerTest"/>
  <system-out/>
  <testcase name="validateCreateCustomerAPI" time="1.227" classname="com.learning.testcases.CreateCustomerTest"/>
  <system-out/>
  <testcase name="validateCreateCustomerAPI" time="1.256" classname="com.learning.testcases.CreateCustomerTest"/>
  <system-out/>
  <testcase name="validateCreateCustomerAPI" time="1.257" classname="com.learning.testcases.CreateCustomerTest"/>
  <system-out/>
  <testcase name="validateCreateCustomerAPI" time="1.455" classname="com.learning.testcases.CreateCustomerTest"/>
  <system-out/>
  <testcase name="validateCreateCustomerAPI" time="1.183" classname="com.learning.testcases.CreateCustomerTest"/>
  <system-out/>
  <testcase name="validateCreateCustomerAPI" time="1.193" classname="com.learning.testcases.CreateCustomerTest"/>
  <system-out/>
  <testcase name="validateCreateCustomerAPI" time="1.227" classname="com.learning.testcases.CreateCustomerTest"/>
  <system-out/>
  <testcase name="validateCreateCustomerAPI" time="1.202" classname="com.learning.testcases.CreateCustomerTest"/>
  <system-out/>
  <testcase name="validateCreateCustomerAPI" time="1.248" classname="com.learning.testcases.CreateCustomerTest"/>
  <system-out/>
  <testcase name="validateCreateCustomerAPI" time="1.236" classname="com.learning.testcases.CreateCustomerTest"/>
  <system-out/>
  <testcase name="validateCreateCustomerAPI" time="1.249" classname="com.learning.testcases.CreateCustomerTest"/>
  <system-out/>
  <testcase name="validateCreateCustomerAPI" time="1.256" classname="com.learning.testcases.CreateCustomerTest"/>
  <system-out/>
  <testcase name="validateCreateCustomerAPI" time="1.199" classname="com.learning.testcases.CreateCustomerTest"/>
  <system-out/>
  <testcase name="validateCreateCustomerAPI" time="1.259" classname="com.learning.testcases.CreateCustomerTest"/>
  <system-out/>
  <testcase name="validateCreateCustomerAPI" time="1.262" classname="com.learning.testcases.CreateCustomerTest"/>
  <system-out/>
  <testcase name="validateCreateCustomerAPI" time="1.305" classname="com.learning.testcases.CreateCustomerTest"/>
  <system-out/>
  <testcase name="validateCreateCustomerAPI" time="1.189" classname="com.learning.testcases.CreateCustomerTest"/>
  <system-out/>
  <testcase name="validateCreateCustomerAPI" time="1.247" classname="com.learning.testcases.CreateCustomerTest"/>
  <system-out/>
  <testcase name="validateCreateCustomerAPI" time="1.236" classname="com.learning.testcases.CreateCustomerTest"/>
  <system-out/>
  <testcase name="validateCreateCustomerAPI" time="1.225" classname="com.learning.testcases.CreateCustomerTest"/>
  <system-out/>
  <testcase name="validateCreateCustomerAPI" time="1.266" classname="com.learning.testcases.CreateCustomerTest"/>
  <system-out/>
  <testcase name="validateCreateCustomerAPI" time="1.249" classname="com.learning.testcases.CreateCustomerTest"/>
  <system-out/>
  <testcase name="validateCreateCustomerAPI" time="1.257" classname="com.learning.testcases.CreateCustomerTest"/>
  <system-out/>
  <testcase name="validateCreateCustomerAPI" time="1.332" classname="com.learning.testcases.CreateCustomerTest"/>
  <system-out/>
  <testcase name="validateCreateCustomerAPI" time="1.218" classname="com.learning.testcases.CreateCustomerTest"/>
  <system-out/>
  <testcase name="validateCreateCustomerAPI" time="1.240" classname="com.learning.testcases.CreateCustomerTest"/>
  <system-out/>
  <testcase name="validateCreateCustomerAPI" time="1.310" classname="com.learning.testcases.CreateCustomerTest"/>
  <system-out/>
  <testcase name="validateCreateCustomerAPI" time="1.242" classname="com.learning.testcases.CreateCustomerTest"/>
  <system-out/>
  <testcase name="validateCreateCustomerAPI" time="1.247" classname="com.learning.testcases.CreateCustomerTest"/>
  <system-out/>
  <testcase name="validateCreateCustomerAPI" time="1.261" classname="com.learning.testcases.CreateCustomerTest"/>
  <system-out/>
  <testcase name="validateCreateCustomerAPI" time="1.242" classname="com.learning.testcases.CreateCustomerTest"/>
  <system-out/>
  <testcase name="validateCreateCustomerAPI" time="1.531" classname="com.learning.testcases.CreateCustomerTest"/>
  <system-out/>
  <testcase name="validateCreateCustomerAPI" time="1.205" classname="com.learning.testcases.CreateCustomerTest"/>
  <system-out/>
  <testcase name="validateCreateCustomerAPI" time="1.222" classname="com.learning.testcases.CreateCustomerTest"/>
  <system-out/>
  <testcase name="validateCreateCustomerAPI" time="1.251" classname="com.learning.testcases.CreateCustomerTest"/>
  <system-out/>
  <testcase name="validateCreateCustomerAPI" time="4.180" classname="com.learning.testcases.CreateCustomerTest"/>
  <system-out/>
  <testcase name="validateCreateCustomerAPI" time="1.217" classname="com.learning.testcases.CreateCustomerTest"/>
  <system-out/>
  <testcase name="validateCreateCustomerAPI" time="1.219" classname="com.learning.testcases.CreateCustomerTest"/>
  <system-out/>
  <testcase name="validateCreateCustomerAPI" time="1.243" classname="com.learning.testcases.CreateCustomerTest"/>
  <system-out/>
  <testcase name="validateCreateCustomerAPI" time="1.233" classname="com.learning.testcases.CreateCustomerTest"/>
  <system-out/>
  <testcase name="validateCreateCustomerAPI" time="1.203" classname="com.learning.testcases.CreateCustomerTest"/>
  <system-out/>
  <testcase name="validateCreateCustomerAPI" time="1.240" classname="com.learning.testcases.CreateCustomerTest"/>
  <system-out/>
  <testcase name="validateCreateCustomerAPI" time="1.290" classname="com.learning.testcases.CreateCustomerTest"/>
  <system-out/>
  <testcase name="validateCreateCustomerAPI" time="1.234" classname="com.learning.testcases.CreateCustomerTest"/>
  <system-out/>
  <testcase name="validateCreateCustomerAPI" time="1.246" classname="com.learning.testcases.CreateCustomerTest"/>
  <system-out/>
  <testcase name="validateCreateCustomerAPI" time="1.233" classname="com.learning.testcases.CreateCustomerTest"/>
  <system-out/>
  <testcase name="validateCreateCustomerAPI" time="1.233" classname="com.learning.testcases.CreateCustomerTest"/>
  <system-out/>
  <testcase name="validateCreateCustomerAPI" time="1.238" classname="com.learning.testcases.CreateCustomerTest"/>
  <system-out/>
  <testcase name="validateCreateCustomerAPI" time="1.198" classname="com.learning.testcases.CreateCustomerTest"/>
  <system-out/>
  <testcase name="validateCreateCustomerAPI" time="1.251" classname="com.learning.testcases.CreateCustomerTest"/>
  <system-out/>
  <testcase name="validateCreateCustomerAPI" time="1.214" classname="com.learning.testcases.CreateCustomerTest"/>
  <system-out/>
  <testcase name="validateCreateCustomerAPI" time="1.297" classname="com.learning.testcases.CreateCustomerTest"/>
  <system-out/>
  <testcase name="validateCreateCustomerAPI" time="1.196" classname="com.learning.testcases.CreateCustomerTest"/>
  <system-out/>
  <testcase name="validateCreateCustomerAPI" time="1.211" classname="com.learning.testcases.CreateCustomerTest"/>
  <system-out/>
  <testcase name="validateCreateCustomerAPI" time="1.223" classname="com.learning.testcases.CreateCustomerTest"/>
  <system-out/>
  <testcase name="validateCreateCustomerAPI" time="1.239" classname="com.learning.testcases.CreateCustomerTest"/>
  <system-out/>
  <testcase name="validateCreateCustomerAPI" time="1.192" classname="com.learning.testcases.CreateCustomerTest"/>
  <system-out/>
  <testcase name="validateCreateCustomerAPI" time="1.212" classname="com.learning.testcases.CreateCustomerTest"/>
  <system-out/>
  <testcase name="validateCreateCustomerAPI" time="1.222" classname="com.learning.testcases.CreateCustomerTest"/>
  <system-out/>
  <testcase name="validateCreateCustomerAPI" time="1.192" classname="com.learning.testcases.CreateCustomerTest"/>
  <system-out/>
  <testcase name="validateCreateCustomerAPI" time="1.193" classname="com.learning.testcases.CreateCustomerTest"/>
  <system-out/>
  <testcase name="validateCreateCustomerAPI" time="1.208" classname="com.learning.testcases.CreateCustomerTest"/>
  <system-out/>
  <testcase name="validateCreateCustomerAPI" time="1.163" classname="com.learning.testcases.CreateCustomerTest"/>
  <system-out/>
  <testcase name="validateCreateCustomerAPI" time="1.274" classname="com.learning.testcases.CreateCustomerTest"/>
  <system-out/>
  <testcase name="validateCreateCustomerAPI" time="1.253" classname="com.learning.testcases.CreateCustomerTest"/>
  <system-out/>
  <testcase name="validateCreateCustomerAPI" time="1.213" classname="com.learning.testcases.CreateCustomerTest"/>
  <system-out/>
  <testcase name="validateCreateCustomerAPI" time="1.206" classname="com.learning.testcases.CreateCustomerTest"/>
  <system-out/>
  <testcase name="validateCreateCustomerAPI" time="1.176" classname="com.learning.testcases.CreateCustomerTest"/>
  <system-out/>
  <testcase name="validateCreateCustomerAPI" time="1.209" classname="com.learning.testcases.CreateCustomerTest"/>
  <system-out/>
  <testcase name="validateCreateCustomerAPI" time="1.223" classname="com.learning.testcases.CreateCustomerTest"/>
  <system-out/>
  <testcase name="validateCreateCustomerAPI" time="1.231" classname="com.learning.testcases.CreateCustomerTest"/>
  <system-out/>
  <testcase name="validateCreateCustomerAPI" time="1.263" classname="com.learning.testcases.CreateCustomerTest"/>
  <system-out/>
  <testcase name="validateCreateCustomerAPI" time="1.211" classname="com.learning.testcases.CreateCustomerTest"/>
  <system-out/>
  <testcase name="validateCreateCustomerAPI" time="1.275" classname="com.learning.testcases.CreateCustomerTest"/>
  <system-out/>
  <testcase name="validateCreateCustomerAPI" time="1.276" classname="com.learning.testcases.CreateCustomerTest"/>
  <system-out/>
  <testcase name="validateCreateCustomerAPI" time="1.262" classname="com.learning.testcases.CreateCustomerTest"/>
  <system-out/>
  <testcase name="validateCreateCustomerAPI" time="1.307" classname="com.learning.testcases.CreateCustomerTest"/>
  <system-out/>
  <testcase name="validateCreateCustomerAPI" time="1.194" classname="com.learning.testcases.CreateCustomerTest"/>
  <system-out/>
  <testcase name="validateCreateCustomerAPI" time="1.174" classname="com.learning.testcases.CreateCustomerTest"/>
  <system-out/>
  <testcase name="validateCreateCustomerAPI" time="1.269" classname="com.learning.testcases.CreateCustomerTest"/>
  <system-out/>
  <testcase name="validateCreateCustomerAPI" time="1.299" classname="com.learning.testcases.CreateCustomerTest"/>
  <system-out/>
  <testcase name="validateCreateCustomerAPI" time="1.229" classname="com.learning.testcases.CreateCustomerTest"/>
  <system-out/>
  <testcase name="validateCreateCustomerAPI" time="1.231" classname="com.learning.testcases.CreateCustomerTest"/>
  <system-out/>
  <testcase name="validateCreateCustomerAPI" time="1.256" classname="com.learning.testcases.CreateCustomerTest"/>
  <system-out/>
  <testcase name="validateCreateCustomerAPI" time="1.174" classname="com.learning.testcases.CreateCustomerTest"/>
  <system-out/>
  <testcase name="validateCreateCustomerAPI" time="1.286" classname="com.learning.testcases.CreateCustomerTest"/>
  <system-out/>
  <testcase name="validateCreateCustomerAPI" time="1.234" classname="com.learning.testcases.CreateCustomerTest"/>
  <system-out/>
  <testcase name="validateCreateCustomerAPI" time="1.179" classname="com.learning.testcases.CreateCustomerTest"/>
  <system-out/>
  <testcase name="validateCreateCustomerAPI" time="1.217" classname="com.learning.testcases.CreateCustomerTest"/>
  <system-out/>
  <testcase name="validateCreateCustomerAPI" time="1.244" classname="com.learning.testcases.CreateCustomerTest"/>
  <system-out/>
  <testcase name="validateCreateCustomerAPI" time="1.337" classname="com.learning.testcases.CreateCustomerTest"/>
  <system-out/>
  <testcase name="validateCreateCustomerAPI" time="1.253" classname="com.learning.testcases.CreateCustomerTest"/>
  <system-out/>
  <testcase name="validateCreateCustomerAPI" time="4.156" classname="com.learning.testcases.CreateCustomerTest">
    <failure type="java.lang.AssertionError" message="expected [200] but found [400]">
      <![CDATA[java.lang.AssertionError: expected [200] but found [400]
at org.testng.Assert.fail(Assert.java:99)
at org.testng.Assert.failNotEquals(Assert.java:1037)
at org.testng.Assert.assertEqualsImpl(Assert.java:140)
at org.testng.Assert.assertEquals(Assert.java:122)
at org.testng.Assert.assertEquals(Assert.java:907)
at org.testng.Assert.assertEquals(Assert.java:917)
at com.learning.testcases.CreateCustomerTest.validateCreateCustomerAPI(CreateCustomerTest.java:30)
at sun.reflect.NativeMethodAccessorImpl.invoke0(Native Method)
at sun.reflect.NativeMethodAccessorImpl.invoke(NativeMethodAccessorImpl.java:62)
at sun.reflect.DelegatingMethodAccessorImpl.invoke(DelegatingMethodAccessorImpl.java:43)
at java.lang.reflect.Method.invoke(Method.java:498)
at org.testng.internal.MethodInvocationHelper.invokeMethod(MethodInvocationHelper.java:132)
at org.testng.internal.TestInvoker.invokeMethod(TestInvoker.java:599)
at org.testng.internal.TestInvoker.invokeTestMethod(TestInvoker.java:174)
at org.testng.internal.TestMethodWithDataProviderMethodWorker.call(TestMethodWithDataProviderMethodWorker.java:77)
at org.testng.internal.TestMethodWithDataProviderMethodWorker.call(TestMethodWithDataProviderMethodWorker.java:15)
at java.util.concurrent.FutureTask.run(FutureTask.java:266)
at java.util.concurrent.Executors$RunnableAdapter.call(Executors.java:511)
at java.util.concurrent.FutureTask.run(FutureTask.java:266)
at java.util.concurrent.ThreadPoolExecutor.runWorker(ThreadPoolExecutor.java:1149)
at java.util.concurrent.ThreadPoolExecutor$Worker.run(ThreadPoolExecutor.java:624)
at java.lang.Thread.run(Thread.java:748)
]]>
    </failure>
  </testcase> <!-- validateCreateCustomerAPI -->
  <system-out/>
  <testcase name="validateCreateCustomerAPI" time="1.209" classname="com.learning.testcases.CreateCustomerTest"/>
  <system-out/>
  <testcase name="validateCreateCustomerAPI" time="1.191" classname="com.learning.testcases.CreateCustomerTest"/>
  <system-out/>
  <testcase name="validateCreateCustomerAPI" time="1.252" classname="com.learning.testcases.CreateCustomerTest"/>
  <system-out/>
  <testcase name="validateCreateCustomerAPI" time="1.236" classname="com.learning.testcases.CreateCustomerTest"/>
  <system-out/>
  <testcase name="validateCreateCustomerAPI" time="1.238" classname="com.learning.testcases.CreateCustomerTest"/>
  <system-out/>
  <testcase name="validateCreateCustomerAPI" time="1.225" classname="com.learning.testcases.CreateCustomerTest"/>
  <system-out/>
  <testcase name="validateCreateCustomerAPI" time="1.208" classname="com.learning.testcases.CreateCustomerTest"/>
  <system-out/>
  <testcase name="validateCreateCustomerAPI" time="1.296" classname="com.learning.testcases.CreateCustomerTest"/>
  <system-out/>
  <testcase name="validateCreateCustomerAPI" time="1.178" classname="com.learning.testcases.CreateCustomerTest"/>
  <system-out/>
  <testcase name="validateCreateCustomerAPI" time="1.188" classname="com.learning.testcases.CreateCustomerTest"/>
  <system-out/>
  <testcase name="validateCreateCustomerAPI" time="1.221" classname="com.learning.testcases.CreateCustomerTest"/>
  <system-out/>
  <testcase name="validateCreateCustomerAPI" time="1.217" classname="com.learning.testcases.CreateCustomerTest"/>
  <system-out/>
  <testcase name="validateCreateCustomerAPI" time="1.287" classname="com.learning.testcases.CreateCustomerTest"/>
  <system-out/>
  <testcase name="validateCreateCustomerAPI" time="1.278" classname="com.learning.testcases.CreateCustomerTest"/>
  <system-out/>
  <testcase name="validateCreateCustomerAPI" time="1.232" classname="com.learning.testcases.CreateCustomerTest"/>
  <system-out/>
  <testcase name="validateCreateCustomerAPI" time="1.247" classname="com.learning.testcases.CreateCustomerTest"/>
  <system-out/>
  <testcase name="validateCreateCustomerAPI" time="1.273" classname="com.learning.testcases.CreateCustomerTest"/>
  <system-out/>
  <testcase name="validateCreateCustomerAPI" time="1.252" classname="com.learning.testcases.CreateCustomerTest"/>
  <system-out/>
  <testcase name="validateCreateCustomerAPI" time="1.245" classname="com.learning.testcases.CreateCustomerTest"/>
  <system-out/>
  <testcase name="validateCreateCustomerAPI" time="1.243" classname="com.learning.testcases.CreateCustomerTest"/>
  <system-out/>
  <testcase name="validateCreateCustomerAPI" time="1.214" classname="com.learning.testcases.CreateCustomerTest"/>
  <system-out/>
  <testcase name="validateCreateCustomerAPI" time="1.225" classname="com.learning.testcases.CreateCustomerTest"/>
  <system-out/>
  <testcase name="validateCreateCustomerAPI" time="1.274" classname="com.learning.testcases.CreateCustomerTest"/>
  <system-out/>
  <testcase name="validateCreateCustomerAPI" time="1.177" classname="com.learning.testcases.CreateCustomerTest"/>
  <system-out/>
  <testcase name="validateCreateCustomerAPI" time="1.225" classname="com.learning.testcases.CreateCustomerTest"/>
  <system-out/>
  <testcase name="validateCreateCustomerAPI" time="1.239" classname="com.learning.testcases.CreateCustomerTest"/>
  <system-out/>
  <testcase name="validateCreateCustomerAPI" time="1.254" classname="com.learning.testcases.CreateCustomerTest"/>
  <system-out/>
  <testcase name="validateCreateCustomerAPI" time="1.251" classname="com.learning.testcases.CreateCustomerTest"/>
  <system-out/>
  <testcase name="validateCreateCustomerAPI" time="1.207" classname="com.learning.testcases.CreateCustomerTest"/>
  <system-out/>
  <testcase name="validateCreateCustomerAPI" time="1.180" classname="com.learning.testcases.CreateCustomerTest"/>
  <system-out/>
  <testcase name="validateCreateCustomerAPI" time="1.301" classname="com.learning.testcases.CreateCustomerTest"/>
  <system-out/>
  <testcase name="validateCreateCustomerAPI" time="4.187" classname="com.learning.testcases.CreateCustomerTest"/>
  <system-out/>
  <testcase name="validateCreateCustomerAPI" time="1.209" classname="com.learning.testcases.CreateCustomerTest"/>
  <system-out/>
  <testcase name="validateCreateCustomerAPI" time="1.351" classname="com.learning.testcases.CreateCustomerTest"/>
  <system-out/>
  <testcase name="validateCreateCustomerAPI" time="1.187" classname="com.learning.testcases.CreateCustomerTest"/>
  <system-out/>
  <testcase name="skipTestIntentionally" time="0.009" classname="com.learning.testcases.CreateCustomerTest">
    <skipped/>
  </testcase> <!-- skipTestIntentionally -->
  <system-out/>
  <testcase name="validateCreateCustomerAPI" time="1.232" classname="com.learning.testcases.CreateCustomerTest"/>
  <system-out/>
  <testcase name="validateCreateCustomerAPI" time="1.205" classname="com.learning.testcases.CreateCustomerTest"/>
  <system-out/>
  <testcase name="validateCreateCustomerAPI" time="1.235" classname="com.learning.testcases.CreateCustomerTest"/>
  <system-out/>
  <testcase name="validateCreateCustomerAPI" time="1.270" classname="com.learning.testcases.CreateCustomerTest"/>
  <system-out/>
  <testcase name="validateCreateCustomerAPI" time="1.263" classname="com.learning.testcases.CreateCustomerTest"/>
  <system-out/>
  <testcase name="validateCreateCustomerAPI" time="1.224" classname="com.learning.testcases.CreateCustomerTest"/>
  <system-out/>
  <testcase name="validateCreateCustomerAPI" time="1.179" classname="com.learning.testcases.CreateCustomerTest"/>
  <system-out/>
  <testcase name="validateCreateCustomerAPI" time="1.220" classname="com.learning.testcases.CreateCustomerTest"/>
  <system-out/>
  <testcase name="validateCreateCustomerAPI" time="1.242" classname="com.learning.testcases.CreateCustomerTest"/>
  <system-out/>
  <testcase name="validateCreateCustomerAPI" time="1.275" classname="com.learning.testcases.CreateCustomerTest"/>
  <system-out/>
  <testcase name="validateCreateCustomerAPI" time="1.226" classname="com.learning.testcases.CreateCustomerTest"/>
  <system-out/>
  <testcase name="validateCreateCustomerAPI" time="1.244" classname="com.learning.testcases.CreateCustomerTest"/>
  <system-out/>
  <testcase name="validateCreateCustomerAPI" time="1.243" classname="com.learning.testcases.CreateCustomerTest"/>
  <system-out/>
  <testcase name="validateCreateCustomerAPI" time="1.256" classname="com.learning.testcases.CreateCustomerTest"/>
  <system-out/>
  <testcase name="validateCreateCustomerAPI" time="1.208" classname="com.learning.testcases.CreateCustomerTest"/>
  <system-out/>
  <testcase name="validateCreateCustomerAPI" time="1.151" classname="com.learning.testcases.CreateCustomerTest"/>
  <system-out/>
  <testcase name="validateCreateCustomerAPI" time="1.207" classname="com.learning.testcases.CreateCustomerTest"/>
  <system-out/>
  <testcase name="validateCreateCustomerAPI" time="1.297" classname="com.learning.testcases.CreateCustomerTest"/>
  <system-out/>
  <testcase name="validateCreateCustomerAPI" time="1.195" classname="com.learning.testcases.CreateCustomerTest"/>
  <system-out/>
  <testcase name="validateCreateCustomerAPI" time="1.217" classname="com.learning.testcases.CreateCustomerTest">
    <failure type="java.lang.AssertionError" message="expected [200] but found [400]">
      <![CDATA[java.lang.AssertionError: expected [200] but found [400]
at org.testng.Assert.fail(Assert.java:99)
at org.testng.Assert.failNotEquals(Assert.java:1037)
at org.testng.Assert.assertEqualsImpl(Assert.java:140)
at org.testng.Assert.assertEquals(Assert.java:122)
at org.testng.Assert.assertEquals(Assert.java:907)
at org.testng.Assert.assertEquals(Assert.java:917)
at com.learning.testcases.CreateCustomerTest.validateCreateCustomerAPI(CreateCustomerTest.java:30)
at sun.reflect.NativeMethodAccessorImpl.invoke0(Native Method)
at sun.reflect.NativeMethodAccessorImpl.invoke(NativeMethodAccessorImpl.java:62)
at sun.reflect.DelegatingMethodAccessorImpl.invoke(DelegatingMethodAccessorImpl.java:43)
at java.lang.reflect.Method.invoke(Method.java:498)
at org.testng.internal.MethodInvocationHelper.invokeMethod(MethodInvocationHelper.java:132)
at org.testng.internal.TestInvoker.invokeMethod(TestInvoker.java:599)
at org.testng.internal.TestInvoker.invokeTestMethod(TestInvoker.java:174)
at org.testng.internal.TestMethodWithDataProviderMethodWorker.call(TestMethodWithDataProviderMethodWorker.java:77)
at org.testng.internal.TestMethodWithDataProviderMethodWorker.call(TestMethodWithDataProviderMethodWorker.java:15)
at java.util.concurrent.FutureTask.run(FutureTask.java:266)
at java.util.concurrent.Executors$RunnableAdapter.call(Executors.java:511)
at java.util.concurrent.FutureTask.run(FutureTask.java:266)
at java.util.concurrent.ThreadPoolExecutor.runWorker(ThreadPoolExecutor.java:1149)
at java.util.concurrent.ThreadPoolExecutor$Worker.run(ThreadPoolExecutor.java:624)
at java.lang.Thread.run(Thread.java:748)
]]>
    </failure>
  </testcase> <!-- validateCreateCustomerAPI -->
  <system-out/>
  <testcase name="validateCreateCustomerAPI" time="4.146" classname="com.learning.testcases.CreateCustomerTest"/>
  <system-out/>
  <testcase name="validateCreateCustomerAPI" time="1.220" classname="com.learning.testcases.CreateCustomerTest"/>
  <system-out/>
  <testcase name="validateCreateCustomerAPI" time="1.230" classname="com.learning.testcases.CreateCustomerTest"/>
  <system-out/>
  <testcase name="validateCreateCustomerAPI" time="1.187" classname="com.learning.testcases.CreateCustomerTest"/>
  <system-out/>
  <testcase name="validateCreateCustomerAPI" time="1.287" classname="com.learning.testcases.CreateCustomerTest"/>
  <system-out/>
  <testcase name="validateCreateCustomerAPI" time="1.225" classname="com.learning.testcases.CreateCustomerTest"/>
  <system-out/>
  <testcase name="validateCreateCustomerAPI" time="1.157" classname="com.learning.testcases.CreateCustomerTest"/>
  <system-out/>
  <testcase name="validateCreateCustomerAPI" time="1.172" classname="com.learning.testcases.CreateCustomerTest"/>
  <system-out/>
  <testcase name="validateCreateCustomerAPI" time="1.227" classname="com.learning.testcases.CreateCustomerTest"/>
  <system-out/>
  <testcase name="validateCreateCustomerAPI" time="1.238" classname="com.learning.testcases.CreateCustomerTest"/>
  <system-out/>
  <testcase name="validateCreateCustomerAPI" time="1.240" classname="com.learning.testcases.CreateCustomerTest"/>
  <system-out/>
  <testcase name="validateCreateCustomerAPI" time="1.273" classname="com.learning.testcases.CreateCustomerTest"/>
  <system-out/>
  <testcase name="validateCreateCustomerAPI" time="1.192" classname="com.learning.testcases.CreateCustomerTest"/>
  <system-out/>
  <testcase name="validateCreateCustomerAPI" time="1.201" classname="com.learning.testcases.CreateCustomerTest"/>
  <system-out/>
  <testcase name="validateCreateCustomerAPI" time="1.279" classname="com.learning.testcases.CreateCustomerTest"/>
  <system-out/>
  <testcase name="validateCreateCustomerAPI" time="1.273" classname="com.learning.testcases.CreateCustomerTest"/>
  <system-out/>
  <testcase name="validateCreateCustomerAPI" time="1.236" classname="com.learning.testcases.CreateCustomerTest"/>
  <system-out/>
  <testcase name="validateCreateCustomerAPI" time="1.192" classname="com.learning.testcases.CreateCustomerTest"/>
  <system-out/>
  <testcase name="validateCreateCustomerAPI" time="4.155" classname="com.learning.testcases.CreateCustomerTest"/>
  <system-out/>
  <testcase name="validateCreateCustomerAPI" time="1.208" classname="com.learning.testcases.CreateCustomerTest"/>
  <system-out/>
  <testcase name="validateCreateCustomerAPI" time="1.213" classname="com.learning.testcases.CreateCustomerTest"/>
  <system-out/>
  <testcase name="validateCreateCustomerAPI" time="1.240" classname="com.learning.testcases.CreateCustomerTest"/>
  <system-out/>
  <testcase name="validateCreateCustomerAPI" time="1.217" classname="com.learning.testcases.CreateCustomerTest"/>
  <system-out/>
  <testcase name="validateCreateCustomerAPI" time="1.160" classname="com.learning.testcases.CreateCustomerTest"/>
  <system-out/>
  <testcase name="validateCreateCustomerAPI" time="1.255" classname="com.learning.testcases.CreateCustomerTest"/>
  <system-out/>
  <testcase name="validateCreateCustomerAPI" time="1.283" classname="com.learning.testcases.CreateCustomerTest"/>
  <system-out/>
  <testcase name="validateCreateCustomerAPI" time="1.275" classname="com.learning.testcases.CreateCustomerTest"/>
  <system-out/>
  <testcase name="validateCreateCustomerAPI" time="1.268" classname="com.learning.testcases.CreateCustomerTest"/>
  <system-out/>
  <testcase name="validateCreateCustomerAPI" time="1.269" classname="com.learning.testcases.CreateCustomerTest"/>
  <system-out/>
  <testcase name="validateCreateCustomerAPI" time="1.201" classname="com.learning.testcases.CreateCustomerTest"/>
  <system-out/>
  <testcase name="validateCreateCustomerAPI" time="1.233" classname="com.learning.testcases.CreateCustomerTest"/>
  <system-out/>
  <testcase name="validateCreateCustomerAPI" time="1.249" classname="com.learning.testcases.CreateCustomerTest"/>
  <system-out/>
  <testcase name="validateCreateCustomerAPI" time="1.214" classname="com.learning.testcases.CreateCustomerTest"/>
  <system-out/>
  <testcase name="validateCreateCustomerAPI" time="4.176" classname="com.learning.testcases.CreateCustomerTest">
    <failure type="java.lang.AssertionError" message="expected [200] but found [400]">
      <![CDATA[java.lang.AssertionError: expected [200] but found [400]
at org.testng.Assert.fail(Assert.java:99)
at org.testng.Assert.failNotEquals(Assert.java:1037)
at org.testng.Assert.assertEqualsImpl(Assert.java:140)
at org.testng.Assert.assertEquals(Assert.java:122)
at org.testng.Assert.assertEquals(Assert.java:907)
at org.testng.Assert.assertEquals(Assert.java:917)
at com.learning.testcases.CreateCustomerTest.validateCreateCustomerAPI(CreateCustomerTest.java:30)
at sun.reflect.NativeMethodAccessorImpl.invoke0(Native Method)
at sun.reflect.NativeMethodAccessorImpl.invoke(NativeMethodAccessorImpl.java:62)
at sun.reflect.DelegatingMethodAccessorImpl.invoke(DelegatingMethodAccessorImpl.java:43)
at java.lang.reflect.Method.invoke(Method.java:498)
at org.testng.internal.MethodInvocationHelper.invokeMethod(MethodInvocationHelper.java:132)
at org.testng.internal.TestInvoker.invokeMethod(TestInvoker.java:599)
at org.testng.internal.TestInvoker.invokeTestMethod(TestInvoker.java:174)
at org.testng.internal.TestMethodWithDataProviderMethodWorker.call(TestMethodWithDataProviderMethodWorker.java:77)
at org.testng.internal.TestMethodWithDataProviderMethodWorker.call(TestMethodWithDataProviderMethodWorker.java:15)
at java.util.concurrent.FutureTask.run(FutureTask.java:266)
at java.util.concurrent.Executors$RunnableAdapter.call(Executors.java:511)
at java.util.concurrent.FutureTask.run(FutureTask.java:266)
at java.util.concurrent.ThreadPoolExecutor.runWorker(ThreadPoolExecutor.java:1149)
at java.util.concurrent.ThreadPoolExecutor$Worker.run(ThreadPoolExecutor.java:624)
at java.lang.Thread.run(Thread.java:748)
]]>
    </failure>
  </testcase> <!-- validateCreateCustomerAPI -->
  <system-out/>
  <testcase name="validateCreateCustomerAPI" time="1.189" classname="com.learning.testcases.CreateCustomerTest"/>
  <system-out/>
  <testcase name="validateCreateCustomerAPI" time="1.312" classname="com.learning.testcases.CreateCustomerTest"/>
  <system-out/>
  <testcase name="validateCreateCustomerAPI" time="1.215" classname="com.learning.testcases.CreateCustomerTest"/>
  <system-out/>
  <testcase name="validateCreateCustomerAPI" time="4.183" classname="com.learning.testcases.CreateCustomerTest"/>
  <system-out/>
  <testcase name="validateCreateCustomerAPI" time="1.247" classname="com.learning.testcases.CreateCustomerTest"/>
  <system-out/>
  <testcase name="validateCreateCustomerAPI" time="1.212" classname="com.learning.testcases.CreateCustomerTest"/>
  <system-out/>
  <testcase name="validateCreateCustomerAPI" time="1.299" classname="com.learning.testcases.CreateCustomerTest"/>
  <system-out/>
  <testcase name="validateCreateCustomerAPI" time="1.198" classname="com.learning.testcases.CreateCustomerTest"/>
  <system-out/>
  <testcase name="validateCreateCustomerAPI" time="1.241" classname="com.learning.testcases.CreateCustomerTest"/>
  <system-out/>
  <testcase name="validateCreateCustomerAPI" time="1.412" classname="com.learning.testcases.CreateCustomerTest"/>
  <system-out/>
  <testcase name="validateCreateCustomerAPI" time="1.222" classname="com.learning.testcases.CreateCustomerTest"/>
  <system-out/>
  <testcase name="validateCreateCustomerAPI" time="1.247" classname="com.learning.testcases.CreateCustomerTest"/>
  <system-out/>
  <testcase name="validateCreateCustomerAPI" time="1.256" classname="com.learning.testcases.CreateCustomerTest"/>
  <system-out/>
  <testcase name="validateCreateCustomerAPI" time="4.164" classname="com.learning.testcases.CreateCustomerTest"/>
  <system-out/>
  <testcase name="validateCreateCustomerAPI" time="1.245" classname="com.learning.testcases.CreateCustomerTest"/>
  <system-out/>
  <testcase name="validateCreateCustomerAPI" time="1.280" classname="com.learning.testcases.CreateCustomerTest"/>
  <system-out/>
  <testcase name="validateCreateCustomerAPI" time="1.216" classname="com.learning.testcases.CreateCustomerTest"/>
  <system-out/>
  <testcase name="validateCreateCustomerAPI" time="1.186" classname="com.learning.testcases.CreateCustomerTest"/>
  <system-out/>
  <testcase name="validateCreateCustomerAPI" time="1.278" classname="com.learning.testcases.CreateCustomerTest"/>
  <system-out/>
  <testcase name="validateCreateCustomerAPI" time="1.221" classname="com.learning.testcases.CreateCustomerTest"/>
  <system-out/>
  <testcase name="validateCreateCustomerAPI" time="1.186" classname="com.learning.testcases.CreateCustomerTest"/>
  <system-out/>
</testsuite> <!-- com.learning.testcases.CreateCustomerTest -->
