<?xml version="1.0" encoding="UTF-8"?>
<!-- Generated by org.testng.reporters.JUnitReportReporter -->
<testsuite skipped="0" hostname="ATMECSINLT-647" name="com.learning.testcases.DeleteCustomerTest" tests="435" failures="350" timestamp="2021-01-08T01:32:14 IST" time="656.214" errors="0">
  <testcase name="validateDeleteCustomerAPI" time="1.366" classname="com.learning.testcases.DeleteCustomerTest">
    <failure type="java.lang.AssertionError" message="Response doesn&#039;t have ID as a field expected [true] but found [false]">
      <![CDATA[java.lang.AssertionError: Response doesn't have ID as a field expected [true] but found [false]
at org.testng.Assert.fail(Assert.java:99)
at org.testng.Assert.failNotEquals(Assert.java:1037)
at org.testng.Assert.assertTrue(Assert.java:45)
at com.learning.testcases.DeleteCustomerTest.doValidationUsingJSONObject(DeleteCustomerTest.java:51)
at com.learning.testcases.DeleteCustomerTest.validateDeleteCustomerAPI(DeleteCustomerTest.java:37)
at sun.reflect.GeneratedMethodAccessor250.invoke(Unknown Source)
at sun.reflect.DelegatingMethodAccessorImpl.invoke(DelegatingMethodAccessorImpl.java:43)
at java.lang.reflect.Method.invoke(Method.java:498)
at org.testng.internal.MethodInvocationHelper.invokeMethod(MethodInvocationHelper.java:132)
at org.testng.internal.TestInvoker.invokeMethod(TestInvoker.java:599)
at org.testng.internal.TestInvoker.invokeTestMethod(TestInvoker.java:174)
at org.testng.internal.TestMethodWithDataProviderMethodWorker.call(TestMethodWithDataProviderMethodWorker.java:77)
at org.testng.internal.TestMethodWithDataProviderMethodWorker.call(TestMethodWithDataProviderMethodWorker.java:15)
at java.util.concurrent.FutureTask.run(FutureTask.java:266)
at java.util.concurrent.Executors$RunnableAdapter.call(Executors.java:511)
at java.util.concurrent.FutureTask.run(FutureTask.java:266)
at java.util.concurrent.ThreadPoolExecutor.runWorker(ThreadPoolExecutor.java:1149)
at java.util.concurrent.ThreadPoolExecutor$Worker.run(ThreadPoolExecutor.java:624)
at java.lang.Thread.run(Thread.java:748)
]]>
    </failure>
  </testcase> <!-- validateDeleteCustomerAPI -->
  <system-out/>
  <testcase name="validateDeleteCustomerAPI" time="1.369" classname="com.learning.testcases.DeleteCustomerTest">
    <failure type="java.lang.AssertionError" message="Response doesn&#039;t have ID as a field expected [true] but found [false]">
      <![CDATA[java.lang.AssertionError: Response doesn't have ID as a field expected [true] but found [false]
at org.testng.Assert.fail(Assert.java:99)
at org.testng.Assert.failNotEquals(Assert.java:1037)
at org.testng.Assert.assertTrue(Assert.java:45)
at com.learning.testcases.DeleteCustomerTest.doValidationUsingJSONObject(DeleteCustomerTest.java:51)
at com.learning.testcases.DeleteCustomerTest.validateDeleteCustomerAPI(DeleteCustomerTest.java:37)
at sun.reflect.GeneratedMethodAccessor250.invoke(Unknown Source)
at sun.reflect.DelegatingMethodAccessorImpl.invoke(DelegatingMethodAccessorImpl.java:43)
at java.lang.reflect.Method.invoke(Method.java:498)
at org.testng.internal.MethodInvocationHelper.invokeMethod(MethodInvocationHelper.java:132)
at org.testng.internal.TestInvoker.invokeMethod(TestInvoker.java:599)
at org.testng.internal.TestInvoker.invokeTestMethod(TestInvoker.java:174)
at org.testng.internal.TestMethodWithDataProviderMethodWorker.call(TestMethodWithDataProviderMethodWorker.java:77)
at org.testng.internal.TestMethodWithDataProviderMethodWorker.call(TestMethodWithDataProviderMethodWorker.java:15)
at java.util.concurrent.FutureTask.run(FutureTask.java:266)
at java.util.concurrent.Executors$RunnableAdapter.call(Executors.java:511)
at java.util.concurrent.FutureTask.run(FutureTask.java:266)
at java.util.concurrent.ThreadPoolExecutor.runWorker(ThreadPoolExecutor.java:1149)
at java.util.concurrent.ThreadPoolExecutor$Worker.run(ThreadPoolExecutor.java:624)
at java.lang.Thread.run(Thread.java:748)
]]>
    </failure>
  </testcase> <!-- validateDeleteCustomerAPI -->
  <system-out/>
  <testcase name="validateDeleteCustomerAPI" time="1.478" classname="com.learning.testcases.DeleteCustomerTest"/>
  <system-out/>
  <testcase name="validateDeleteCustomerAPI" time="1.387" classname="com.learning.testcases.DeleteCustomerTest">
    <failure type="java.lang.AssertionError" message="Response doesn&#039;t have ID as a field expected [true] but found [false]">
      <![CDATA[java.lang.AssertionError: Response doesn't have ID as a field expected [true] but found [false]
at org.testng.Assert.fail(Assert.java:99)
at org.testng.Assert.failNotEquals(Assert.java:1037)
at org.testng.Assert.assertTrue(Assert.java:45)
at com.learning.testcases.DeleteCustomerTest.doValidationUsingJSONObject(DeleteCustomerTest.java:51)
at com.learning.testcases.DeleteCustomerTest.validateDeleteCustomerAPI(DeleteCustomerTest.java:37)
at sun.reflect.GeneratedMethodAccessor250.invoke(Unknown Source)
at sun.reflect.DelegatingMethodAccessorImpl.invoke(DelegatingMethodAccessorImpl.java:43)
at java.lang.reflect.Method.invoke(Method.java:498)
at org.testng.internal.MethodInvocationHelper.invokeMethod(MethodInvocationHelper.java:132)
at org.testng.internal.TestInvoker.invokeMethod(TestInvoker.java:599)
at org.testng.internal.TestInvoker.invokeTestMethod(TestInvoker.java:174)
at org.testng.internal.TestMethodWithDataProviderMethodWorker.call(TestMethodWithDataProviderMethodWorker.java:77)
at org.testng.internal.TestMethodWithDataProviderMethodWorker.call(TestMethodWithDataProviderMethodWorker.java:15)
at java.util.concurrent.FutureTask.run(FutureTask.java:266)
at java.util.concurrent.Executors$RunnableAdapter.call(Executors.java:511)
at java.util.concurrent.FutureTask.run(FutureTask.java:266)
at java.util.concurrent.ThreadPoolExecutor.runWorker(ThreadPoolExecutor.java:1149)
at java.util.concurrent.ThreadPoolExecutor$Worker.run(ThreadPoolExecutor.java:624)
at java.lang.Thread.run(Thread.java:748)
]]>
    </failure>
  </testcase> <!-- validateDeleteCustomerAPI -->
  <system-out/>
  <testcase name="validateDeleteCustomerAPI" time="1.473" classname="com.learning.testcases.DeleteCustomerTest"/>
  <system-out/>
  <testcase name="validateDeleteCustomerAPI" time="1.366" classname="com.learning.testcases.DeleteCustomerTest">
    <failure type="java.lang.AssertionError" message="Response doesn&#039;t have ID as a field expected [true] but found [false]">
      <![CDATA[java.lang.AssertionError: Response doesn't have ID as a field expected [true] but found [false]
at org.testng.Assert.fail(Assert.java:99)
at org.testng.Assert.failNotEquals(Assert.java:1037)
at org.testng.Assert.assertTrue(Assert.java:45)
at com.learning.testcases.DeleteCustomerTest.doValidationUsingJSONObject(DeleteCustomerTest.java:51)
at com.learning.testcases.DeleteCustomerTest.validateDeleteCustomerAPI(DeleteCustomerTest.java:37)
at sun.reflect.GeneratedMethodAccessor250.invoke(Unknown Source)
at sun.reflect.DelegatingMethodAccessorImpl.invoke(DelegatingMethodAccessorImpl.java:43)
at java.lang.reflect.Method.invoke(Method.java:498)
at org.testng.internal.MethodInvocationHelper.invokeMethod(MethodInvocationHelper.java:132)
at org.testng.internal.TestInvoker.invokeMethod(TestInvoker.java:599)
at org.testng.internal.TestInvoker.invokeTestMethod(TestInvoker.java:174)
at org.testng.internal.TestMethodWithDataProviderMethodWorker.call(TestMethodWithDataProviderMethodWorker.java:77)
at org.testng.internal.TestMethodWithDataProviderMethodWorker.call(TestMethodWithDataProviderMethodWorker.java:15)
at java.util.concurrent.FutureTask.run(FutureTask.java:266)
at java.util.concurrent.Executors$RunnableAdapter.call(Executors.java:511)
at java.util.concurrent.FutureTask.run(FutureTask.java:266)
at java.util.concurrent.ThreadPoolExecutor.runWorker(ThreadPoolExecutor.java:1149)
at java.util.concurrent.ThreadPoolExecutor$Worker.run(ThreadPoolExecutor.java:624)
at java.lang.Thread.run(Thread.java:748)
]]>
    </failure>
  </testcase> <!-- validateDeleteCustomerAPI -->
  <system-out/>
  <testcase name="validateDeleteCustomerAPI" time="1.423" classname="com.learning.testcases.DeleteCustomerTest">
    <failure type="java.lang.AssertionError" message="Response doesn&#039;t have ID as a field expected [true] but found [false]">
      <![CDATA[java.lang.AssertionError: Response doesn't have ID as a field expected [true] but found [false]
at org.testng.Assert.fail(Assert.java:99)
at org.testng.Assert.failNotEquals(Assert.java:1037)
at org.testng.Assert.assertTrue(Assert.java:45)
at com.learning.testcases.DeleteCustomerTest.doValidationUsingJSONObject(DeleteCustomerTest.java:51)
at com.learning.testcases.DeleteCustomerTest.validateDeleteCustomerAPI(DeleteCustomerTest.java:37)
at sun.reflect.GeneratedMethodAccessor250.invoke(Unknown Source)
at sun.reflect.DelegatingMethodAccessorImpl.invoke(DelegatingMethodAccessorImpl.java:43)
at java.lang.reflect.Method.invoke(Method.java:498)
at org.testng.internal.MethodInvocationHelper.invokeMethod(MethodInvocationHelper.java:132)
at org.testng.internal.TestInvoker.invokeMethod(TestInvoker.java:599)
at org.testng.internal.TestInvoker.invokeTestMethod(TestInvoker.java:174)
at org.testng.internal.TestMethodWithDataProviderMethodWorker.call(TestMethodWithDataProviderMethodWorker.java:77)
at org.testng.internal.TestMethodWithDataProviderMethodWorker.call(TestMethodWithDataProviderMethodWorker.java:15)
at java.util.concurrent.FutureTask.run(FutureTask.java:266)
at java.util.concurrent.Executors$RunnableAdapter.call(Executors.java:511)
at java.util.concurrent.FutureTask.run(FutureTask.java:266)
at java.util.concurrent.ThreadPoolExecutor.runWorker(ThreadPoolExecutor.java:1149)
at java.util.concurrent.ThreadPoolExecutor$Worker.run(ThreadPoolExecutor.java:624)
at java.lang.Thread.run(Thread.java:748)
]]>
    </failure>
  </testcase> <!-- validateDeleteCustomerAPI -->
  <system-out/>
  <testcase name="validateDeleteCustomerAPI" time="1.452" classname="com.learning.testcases.DeleteCustomerTest"/>
  <system-out/>
  <testcase name="validateDeleteCustomerAPI" time="1.434" classname="com.learning.testcases.DeleteCustomerTest">
    <failure type="java.lang.AssertionError" message="Response doesn&#039;t have ID as a field expected [true] but found [false]">
      <![CDATA[java.lang.AssertionError: Response doesn't have ID as a field expected [true] but found [false]
at org.testng.Assert.fail(Assert.java:99)
at org.testng.Assert.failNotEquals(Assert.java:1037)
at org.testng.Assert.assertTrue(Assert.java:45)
at com.learning.testcases.DeleteCustomerTest.doValidationUsingJSONObject(DeleteCustomerTest.java:51)
at com.learning.testcases.DeleteCustomerTest.validateDeleteCustomerAPI(DeleteCustomerTest.java:37)
at sun.reflect.GeneratedMethodAccessor250.invoke(Unknown Source)
at sun.reflect.DelegatingMethodAccessorImpl.invoke(DelegatingMethodAccessorImpl.java:43)
at java.lang.reflect.Method.invoke(Method.java:498)
at org.testng.internal.MethodInvocationHelper.invokeMethod(MethodInvocationHelper.java:132)
at org.testng.internal.TestInvoker.invokeMethod(TestInvoker.java:599)
at org.testng.internal.TestInvoker.invokeTestMethod(TestInvoker.java:174)
at org.testng.internal.TestMethodWithDataProviderMethodWorker.call(TestMethodWithDataProviderMethodWorker.java:77)
at org.testng.internal.TestMethodWithDataProviderMethodWorker.call(TestMethodWithDataProviderMethodWorker.java:15)
at java.util.concurrent.FutureTask.run(FutureTask.java:266)
at java.util.concurrent.Executors$RunnableAdapter.call(Executors.java:511)
at java.util.concurrent.FutureTask.run(FutureTask.java:266)
at java.util.concurrent.ThreadPoolExecutor.runWorker(ThreadPoolExecutor.java:1149)
at java.util.concurrent.ThreadPoolExecutor$Worker.run(ThreadPoolExecutor.java:624)
at java.lang.Thread.run(Thread.java:748)
]]>
    </failure>
  </testcase> <!-- validateDeleteCustomerAPI -->
  <system-out/>
  <testcase name="validateDeleteCustomerAPI" time="1.391" classname="com.learning.testcases.DeleteCustomerTest">
    <failure type="java.lang.AssertionError" message="Response doesn&#039;t have ID as a field expected [true] but found [false]">
      <![CDATA[java.lang.AssertionError: Response doesn't have ID as a field expected [true] but found [false]
at org.testng.Assert.fail(Assert.java:99)
at org.testng.Assert.failNotEquals(Assert.java:1037)
at org.testng.Assert.assertTrue(Assert.java:45)
at com.learning.testcases.DeleteCustomerTest.doValidationUsingJSONObject(DeleteCustomerTest.java:51)
at com.learning.testcases.DeleteCustomerTest.validateDeleteCustomerAPI(DeleteCustomerTest.java:37)
at sun.reflect.GeneratedMethodAccessor250.invoke(Unknown Source)
at sun.reflect.DelegatingMethodAccessorImpl.invoke(DelegatingMethodAccessorImpl.java:43)
at java.lang.reflect.Method.invoke(Method.java:498)
at org.testng.internal.MethodInvocationHelper.invokeMethod(MethodInvocationHelper.java:132)
at org.testng.internal.TestInvoker.invokeMethod(TestInvoker.java:599)
at org.testng.internal.TestInvoker.invokeTestMethod(TestInvoker.java:174)
at org.testng.internal.TestMethodWithDataProviderMethodWorker.call(TestMethodWithDataProviderMethodWorker.java:77)
at org.testng.internal.TestMethodWithDataProviderMethodWorker.call(TestMethodWithDataProviderMethodWorker.java:15)
at java.util.concurrent.FutureTask.run(FutureTask.java:266)
at java.util.concurrent.Executors$RunnableAdapter.call(Executors.java:511)
at java.util.concurrent.FutureTask.run(FutureTask.java:266)
at java.util.concurrent.ThreadPoolExecutor.runWorker(ThreadPoolExecutor.java:1149)
at java.util.concurrent.ThreadPoolExecutor$Worker.run(ThreadPoolExecutor.java:624)
at java.lang.Thread.run(Thread.java:748)
]]>
    </failure>
  </testcase> <!-- validateDeleteCustomerAPI -->
  <system-out/>
  <testcase name="validateDeleteCustomerAPI" time="1.357" classname="com.learning.testcases.DeleteCustomerTest">
    <failure type="java.lang.AssertionError" message="Response doesn&#039;t have ID as a field expected [true] but found [false]">
      <![CDATA[java.lang.AssertionError: Response doesn't have ID as a field expected [true] but found [false]
at org.testng.Assert.fail(Assert.java:99)
at org.testng.Assert.failNotEquals(Assert.java:1037)
at org.testng.Assert.assertTrue(Assert.java:45)
at com.learning.testcases.DeleteCustomerTest.doValidationUsingJSONObject(DeleteCustomerTest.java:51)
at com.learning.testcases.DeleteCustomerTest.validateDeleteCustomerAPI(DeleteCustomerTest.java:37)
at sun.reflect.GeneratedMethodAccessor250.invoke(Unknown Source)
at sun.reflect.DelegatingMethodAccessorImpl.invoke(DelegatingMethodAccessorImpl.java:43)
at java.lang.reflect.Method.invoke(Method.java:498)
at org.testng.internal.MethodInvocationHelper.invokeMethod(MethodInvocationHelper.java:132)
at org.testng.internal.TestInvoker.invokeMethod(TestInvoker.java:599)
at org.testng.internal.TestInvoker.invokeTestMethod(TestInvoker.java:174)
at org.testng.internal.TestMethodWithDataProviderMethodWorker.call(TestMethodWithDataProviderMethodWorker.java:77)
at org.testng.internal.TestMethodWithDataProviderMethodWorker.call(TestMethodWithDataProviderMethodWorker.java:15)
at java.util.concurrent.FutureTask.run(FutureTask.java:266)
at java.util.concurrent.Executors$RunnableAdapter.call(Executors.java:511)
at java.util.concurrent.FutureTask.run(FutureTask.java:266)
at java.util.concurrent.ThreadPoolExecutor.runWorker(ThreadPoolExecutor.java:1149)
at java.util.concurrent.ThreadPoolExecutor$Worker.run(ThreadPoolExecutor.java:624)
at java.lang.Thread.run(Thread.java:748)
]]>
    </failure>
  </testcase> <!-- validateDeleteCustomerAPI -->
  <system-out/>
  <testcase name="validateDeleteCustomerAPI" time="1.414" classname="com.learning.testcases.DeleteCustomerTest">
    <failure type="java.lang.AssertionError" message="Response doesn&#039;t have ID as a field expected [true] but found [false]">
      <![CDATA[java.lang.AssertionError: Response doesn't have ID as a field expected [true] but found [false]
at org.testng.Assert.fail(Assert.java:99)
at org.testng.Assert.failNotEquals(Assert.java:1037)
at org.testng.Assert.assertTrue(Assert.java:45)
at com.learning.testcases.DeleteCustomerTest.doValidationUsingJSONObject(DeleteCustomerTest.java:51)
at com.learning.testcases.DeleteCustomerTest.validateDeleteCustomerAPI(DeleteCustomerTest.java:37)
at sun.reflect.GeneratedMethodAccessor250.invoke(Unknown Source)
at sun.reflect.DelegatingMethodAccessorImpl.invoke(DelegatingMethodAccessorImpl.java:43)
at java.lang.reflect.Method.invoke(Method.java:498)
at org.testng.internal.MethodInvocationHelper.invokeMethod(MethodInvocationHelper.java:132)
at org.testng.internal.TestInvoker.invokeMethod(TestInvoker.java:599)
at org.testng.internal.TestInvoker.invokeTestMethod(TestInvoker.java:174)
at org.testng.internal.TestMethodWithDataProviderMethodWorker.call(TestMethodWithDataProviderMethodWorker.java:77)
at org.testng.internal.TestMethodWithDataProviderMethodWorker.call(TestMethodWithDataProviderMethodWorker.java:15)
at java.util.concurrent.FutureTask.run(FutureTask.java:266)
at java.util.concurrent.Executors$RunnableAdapter.call(Executors.java:511)
at java.util.concurrent.FutureTask.run(FutureTask.java:266)
at java.util.concurrent.ThreadPoolExecutor.runWorker(ThreadPoolExecutor.java:1149)
at java.util.concurrent.ThreadPoolExecutor$Worker.run(ThreadPoolExecutor.java:624)
at java.lang.Thread.run(Thread.java:748)
]]>
    </failure>
  </testcase> <!-- validateDeleteCustomerAPI -->
  <system-out/>
  <testcase name="validateDeleteCustomerAPI" time="1.460" classname="com.learning.testcases.DeleteCustomerTest">
    <failure type="java.lang.AssertionError" message="Response doesn&#039;t have ID as a field expected [true] but found [false]">
      <![CDATA[java.lang.AssertionError: Response doesn't have ID as a field expected [true] but found [false]
at org.testng.Assert.fail(Assert.java:99)
at org.testng.Assert.failNotEquals(Assert.java:1037)
at org.testng.Assert.assertTrue(Assert.java:45)
at com.learning.testcases.DeleteCustomerTest.doValidationUsingJSONObject(DeleteCustomerTest.java:51)
at com.learning.testcases.DeleteCustomerTest.validateDeleteCustomerAPI(DeleteCustomerTest.java:37)
at sun.reflect.GeneratedMethodAccessor250.invoke(Unknown Source)
at sun.reflect.DelegatingMethodAccessorImpl.invoke(DelegatingMethodAccessorImpl.java:43)
at java.lang.reflect.Method.invoke(Method.java:498)
at org.testng.internal.MethodInvocationHelper.invokeMethod(MethodInvocationHelper.java:132)
at org.testng.internal.TestInvoker.invokeMethod(TestInvoker.java:599)
at org.testng.internal.TestInvoker.invokeTestMethod(TestInvoker.java:174)
at org.testng.internal.TestMethodWithDataProviderMethodWorker.call(TestMethodWithDataProviderMethodWorker.java:77)
at org.testng.internal.TestMethodWithDataProviderMethodWorker.call(TestMethodWithDataProviderMethodWorker.java:15)
at java.util.concurrent.FutureTask.run(FutureTask.java:266)
at java.util.concurrent.Executors$RunnableAdapter.call(Executors.java:511)
at java.util.concurrent.FutureTask.run(FutureTask.java:266)
at java.util.concurrent.ThreadPoolExecutor.runWorker(ThreadPoolExecutor.java:1149)
at java.util.concurrent.ThreadPoolExecutor$Worker.run(ThreadPoolExecutor.java:624)
at java.lang.Thread.run(Thread.java:748)
]]>
    </failure>
  </testcase> <!-- validateDeleteCustomerAPI -->
  <system-out/>
  <testcase name="validateDeleteCustomerAPI" time="1.375" classname="com.learning.testcases.DeleteCustomerTest">
    <failure type="java.lang.AssertionError" message="Response doesn&#039;t have ID as a field expected [true] but found [false]">
      <![CDATA[java.lang.AssertionError: Response doesn't have ID as a field expected [true] but found [false]
at org.testng.Assert.fail(Assert.java:99)
at org.testng.Assert.failNotEquals(Assert.java:1037)
at org.testng.Assert.assertTrue(Assert.java:45)
at com.learning.testcases.DeleteCustomerTest.doValidationUsingJSONObject(DeleteCustomerTest.java:51)
at com.learning.testcases.DeleteCustomerTest.validateDeleteCustomerAPI(DeleteCustomerTest.java:37)
at sun.reflect.GeneratedMethodAccessor250.invoke(Unknown Source)
at sun.reflect.DelegatingMethodAccessorImpl.invoke(DelegatingMethodAccessorImpl.java:43)
at java.lang.reflect.Method.invoke(Method.java:498)
at org.testng.internal.MethodInvocationHelper.invokeMethod(MethodInvocationHelper.java:132)
at org.testng.internal.TestInvoker.invokeMethod(TestInvoker.java:599)
at org.testng.internal.TestInvoker.invokeTestMethod(TestInvoker.java:174)
at org.testng.internal.TestMethodWithDataProviderMethodWorker.call(TestMethodWithDataProviderMethodWorker.java:77)
at org.testng.internal.TestMethodWithDataProviderMethodWorker.call(TestMethodWithDataProviderMethodWorker.java:15)
at java.util.concurrent.FutureTask.run(FutureTask.java:266)
at java.util.concurrent.Executors$RunnableAdapter.call(Executors.java:511)
at java.util.concurrent.FutureTask.run(FutureTask.java:266)
at java.util.concurrent.ThreadPoolExecutor.runWorker(ThreadPoolExecutor.java:1149)
at java.util.concurrent.ThreadPoolExecutor$Worker.run(ThreadPoolExecutor.java:624)
at java.lang.Thread.run(Thread.java:748)
]]>
    </failure>
  </testcase> <!-- validateDeleteCustomerAPI -->
  <system-out/>
  <testcase name="validateDeleteCustomerAPI" time="1.394" classname="com.learning.testcases.DeleteCustomerTest">
    <failure type="java.lang.AssertionError" message="Response doesn&#039;t have ID as a field expected [true] but found [false]">
      <![CDATA[java.lang.AssertionError: Response doesn't have ID as a field expected [true] but found [false]
at org.testng.Assert.fail(Assert.java:99)
at org.testng.Assert.failNotEquals(Assert.java:1037)
at org.testng.Assert.assertTrue(Assert.java:45)
at com.learning.testcases.DeleteCustomerTest.doValidationUsingJSONObject(DeleteCustomerTest.java:51)
at com.learning.testcases.DeleteCustomerTest.validateDeleteCustomerAPI(DeleteCustomerTest.java:37)
at sun.reflect.GeneratedMethodAccessor250.invoke(Unknown Source)
at sun.reflect.DelegatingMethodAccessorImpl.invoke(DelegatingMethodAccessorImpl.java:43)
at java.lang.reflect.Method.invoke(Method.java:498)
at org.testng.internal.MethodInvocationHelper.invokeMethod(MethodInvocationHelper.java:132)
at org.testng.internal.TestInvoker.invokeMethod(TestInvoker.java:599)
at org.testng.internal.TestInvoker.invokeTestMethod(TestInvoker.java:174)
at org.testng.internal.TestMethodWithDataProviderMethodWorker.call(TestMethodWithDataProviderMethodWorker.java:77)
at org.testng.internal.TestMethodWithDataProviderMethodWorker.call(TestMethodWithDataProviderMethodWorker.java:15)
at java.util.concurrent.FutureTask.run(FutureTask.java:266)
at java.util.concurrent.Executors$RunnableAdapter.call(Executors.java:511)
at java.util.concurrent.FutureTask.run(FutureTask.java:266)
at java.util.concurrent.ThreadPoolExecutor.runWorker(ThreadPoolExecutor.java:1149)
at java.util.concurrent.ThreadPoolExecutor$Worker.run(ThreadPoolExecutor.java:624)
at java.lang.Thread.run(Thread.java:748)
]]>
    </failure>
  </testcase> <!-- validateDeleteCustomerAPI -->
  <system-out/>
  <testcase name="validateDeleteCustomerAPI" time="1.437" classname="com.learning.testcases.DeleteCustomerTest">
    <failure type="java.lang.AssertionError" message="Response doesn&#039;t have ID as a field expected [true] but found [false]">
      <![CDATA[java.lang.AssertionError: Response doesn't have ID as a field expected [true] but found [false]
at org.testng.Assert.fail(Assert.java:99)
at org.testng.Assert.failNotEquals(Assert.java:1037)
at org.testng.Assert.assertTrue(Assert.java:45)
at com.learning.testcases.DeleteCustomerTest.doValidationUsingJSONObject(DeleteCustomerTest.java:51)
at com.learning.testcases.DeleteCustomerTest.validateDeleteCustomerAPI(DeleteCustomerTest.java:37)
at sun.reflect.GeneratedMethodAccessor250.invoke(Unknown Source)
at sun.reflect.DelegatingMethodAccessorImpl.invoke(DelegatingMethodAccessorImpl.java:43)
at java.lang.reflect.Method.invoke(Method.java:498)
at org.testng.internal.MethodInvocationHelper.invokeMethod(MethodInvocationHelper.java:132)
at org.testng.internal.TestInvoker.invokeMethod(TestInvoker.java:599)
at org.testng.internal.TestInvoker.invokeTestMethod(TestInvoker.java:174)
at org.testng.internal.TestMethodWithDataProviderMethodWorker.call(TestMethodWithDataProviderMethodWorker.java:77)
at org.testng.internal.TestMethodWithDataProviderMethodWorker.call(TestMethodWithDataProviderMethodWorker.java:15)
at java.util.concurrent.FutureTask.run(FutureTask.java:266)
at java.util.concurrent.Executors$RunnableAdapter.call(Executors.java:511)
at java.util.concurrent.FutureTask.run(FutureTask.java:266)
at java.util.concurrent.ThreadPoolExecutor.runWorker(ThreadPoolExecutor.java:1149)
at java.util.concurrent.ThreadPoolExecutor$Worker.run(ThreadPoolExecutor.java:624)
at java.lang.Thread.run(Thread.java:748)
]]>
    </failure>
  </testcase> <!-- validateDeleteCustomerAPI -->
  <system-out/>
  <testcase name="validateDeleteCustomerAPI" time="1.341" classname="com.learning.testcases.DeleteCustomerTest">
    <failure type="java.lang.AssertionError" message="Response doesn&#039;t have ID as a field expected [true] but found [false]">
      <![CDATA[java.lang.AssertionError: Response doesn't have ID as a field expected [true] but found [false]
at org.testng.Assert.fail(Assert.java:99)
at org.testng.Assert.failNotEquals(Assert.java:1037)
at org.testng.Assert.assertTrue(Assert.java:45)
at com.learning.testcases.DeleteCustomerTest.doValidationUsingJSONObject(DeleteCustomerTest.java:51)
at com.learning.testcases.DeleteCustomerTest.validateDeleteCustomerAPI(DeleteCustomerTest.java:37)
at sun.reflect.GeneratedMethodAccessor250.invoke(Unknown Source)
at sun.reflect.DelegatingMethodAccessorImpl.invoke(DelegatingMethodAccessorImpl.java:43)
at java.lang.reflect.Method.invoke(Method.java:498)
at org.testng.internal.MethodInvocationHelper.invokeMethod(MethodInvocationHelper.java:132)
at org.testng.internal.TestInvoker.invokeMethod(TestInvoker.java:599)
at org.testng.internal.TestInvoker.invokeTestMethod(TestInvoker.java:174)
at org.testng.internal.TestMethodWithDataProviderMethodWorker.call(TestMethodWithDataProviderMethodWorker.java:77)
at org.testng.internal.TestMethodWithDataProviderMethodWorker.call(TestMethodWithDataProviderMethodWorker.java:15)
at java.util.concurrent.FutureTask.run(FutureTask.java:266)
at java.util.concurrent.Executors$RunnableAdapter.call(Executors.java:511)
at java.util.concurrent.FutureTask.run(FutureTask.java:266)
at java.util.concurrent.ThreadPoolExecutor.runWorker(ThreadPoolExecutor.java:1149)
at java.util.concurrent.ThreadPoolExecutor$Worker.run(ThreadPoolExecutor.java:624)
at java.lang.Thread.run(Thread.java:748)
]]>
    </failure>
  </testcase> <!-- validateDeleteCustomerAPI -->
  <system-out/>
  <testcase name="validateDeleteCustomerAPI" time="1.372" classname="com.learning.testcases.DeleteCustomerTest">
    <failure type="java.lang.AssertionError" message="Response doesn&#039;t have ID as a field expected [true] but found [false]">
      <![CDATA[java.lang.AssertionError: Response doesn't have ID as a field expected [true] but found [false]
at org.testng.Assert.fail(Assert.java:99)
at org.testng.Assert.failNotEquals(Assert.java:1037)
at org.testng.Assert.assertTrue(Assert.java:45)
at com.learning.testcases.DeleteCustomerTest.doValidationUsingJSONObject(DeleteCustomerTest.java:51)
at com.learning.testcases.DeleteCustomerTest.validateDeleteCustomerAPI(DeleteCustomerTest.java:37)
at sun.reflect.GeneratedMethodAccessor250.invoke(Unknown Source)
at sun.reflect.DelegatingMethodAccessorImpl.invoke(DelegatingMethodAccessorImpl.java:43)
at java.lang.reflect.Method.invoke(Method.java:498)
at org.testng.internal.MethodInvocationHelper.invokeMethod(MethodInvocationHelper.java:132)
at org.testng.internal.TestInvoker.invokeMethod(TestInvoker.java:599)
at org.testng.internal.TestInvoker.invokeTestMethod(TestInvoker.java:174)
at org.testng.internal.TestMethodWithDataProviderMethodWorker.call(TestMethodWithDataProviderMethodWorker.java:77)
at org.testng.internal.TestMethodWithDataProviderMethodWorker.call(TestMethodWithDataProviderMethodWorker.java:15)
at java.util.concurrent.FutureTask.run(FutureTask.java:266)
at java.util.concurrent.Executors$RunnableAdapter.call(Executors.java:511)
at java.util.concurrent.FutureTask.run(FutureTask.java:266)
at java.util.concurrent.ThreadPoolExecutor.runWorker(ThreadPoolExecutor.java:1149)
at java.util.concurrent.ThreadPoolExecutor$Worker.run(ThreadPoolExecutor.java:624)
at java.lang.Thread.run(Thread.java:748)
]]>
    </failure>
  </testcase> <!-- validateDeleteCustomerAPI -->
  <system-out/>
  <testcase name="validateDeleteCustomerAPI" time="1.397" classname="com.learning.testcases.DeleteCustomerTest">
    <failure type="java.lang.AssertionError" message="Response doesn&#039;t have ID as a field expected [true] but found [false]">
      <![CDATA[java.lang.AssertionError: Response doesn't have ID as a field expected [true] but found [false]
at org.testng.Assert.fail(Assert.java:99)
at org.testng.Assert.failNotEquals(Assert.java:1037)
at org.testng.Assert.assertTrue(Assert.java:45)
at com.learning.testcases.DeleteCustomerTest.doValidationUsingJSONObject(DeleteCustomerTest.java:51)
at com.learning.testcases.DeleteCustomerTest.validateDeleteCustomerAPI(DeleteCustomerTest.java:37)
at sun.reflect.GeneratedMethodAccessor250.invoke(Unknown Source)
at sun.reflect.DelegatingMethodAccessorImpl.invoke(DelegatingMethodAccessorImpl.java:43)
at java.lang.reflect.Method.invoke(Method.java:498)
at org.testng.internal.MethodInvocationHelper.invokeMethod(MethodInvocationHelper.java:132)
at org.testng.internal.TestInvoker.invokeMethod(TestInvoker.java:599)
at org.testng.internal.TestInvoker.invokeTestMethod(TestInvoker.java:174)
at org.testng.internal.TestMethodWithDataProviderMethodWorker.call(TestMethodWithDataProviderMethodWorker.java:77)
at org.testng.internal.TestMethodWithDataProviderMethodWorker.call(TestMethodWithDataProviderMethodWorker.java:15)
at java.util.concurrent.FutureTask.run(FutureTask.java:266)
at java.util.concurrent.Executors$RunnableAdapter.call(Executors.java:511)
at java.util.concurrent.FutureTask.run(FutureTask.java:266)
at java.util.concurrent.ThreadPoolExecutor.runWorker(ThreadPoolExecutor.java:1149)
at java.util.concurrent.ThreadPoolExecutor$Worker.run(ThreadPoolExecutor.java:624)
at java.lang.Thread.run(Thread.java:748)
]]>
    </failure>
  </testcase> <!-- validateDeleteCustomerAPI -->
  <system-out/>
  <testcase name="validateDeleteCustomerAPI" time="1.523" classname="com.learning.testcases.DeleteCustomerTest">
    <failure type="java.lang.AssertionError" message="Response doesn&#039;t have ID as a field expected [true] but found [false]">
      <![CDATA[java.lang.AssertionError: Response doesn't have ID as a field expected [true] but found [false]
at org.testng.Assert.fail(Assert.java:99)
at org.testng.Assert.failNotEquals(Assert.java:1037)
at org.testng.Assert.assertTrue(Assert.java:45)
at com.learning.testcases.DeleteCustomerTest.doValidationUsingJSONObject(DeleteCustomerTest.java:51)
at com.learning.testcases.DeleteCustomerTest.validateDeleteCustomerAPI(DeleteCustomerTest.java:37)
at sun.reflect.GeneratedMethodAccessor250.invoke(Unknown Source)
at sun.reflect.DelegatingMethodAccessorImpl.invoke(DelegatingMethodAccessorImpl.java:43)
at java.lang.reflect.Method.invoke(Method.java:498)
at org.testng.internal.MethodInvocationHelper.invokeMethod(MethodInvocationHelper.java:132)
at org.testng.internal.TestInvoker.invokeMethod(TestInvoker.java:599)
at org.testng.internal.TestInvoker.invokeTestMethod(TestInvoker.java:174)
at org.testng.internal.TestMethodWithDataProviderMethodWorker.call(TestMethodWithDataProviderMethodWorker.java:77)
at org.testng.internal.TestMethodWithDataProviderMethodWorker.call(TestMethodWithDataProviderMethodWorker.java:15)
at java.util.concurrent.FutureTask.run(FutureTask.java:266)
at java.util.concurrent.Executors$RunnableAdapter.call(Executors.java:511)
at java.util.concurrent.FutureTask.run(FutureTask.java:266)
at java.util.concurrent.ThreadPoolExecutor.runWorker(ThreadPoolExecutor.java:1149)
at java.util.concurrent.ThreadPoolExecutor$Worker.run(ThreadPoolExecutor.java:624)
at java.lang.Thread.run(Thread.java:748)
]]>
    </failure>
  </testcase> <!-- validateDeleteCustomerAPI -->
  <system-out/>
  <testcase name="validateDeleteCustomerAPI" time="1.397" classname="com.learning.testcases.DeleteCustomerTest">
    <failure type="java.lang.AssertionError" message="Response doesn&#039;t have ID as a field expected [true] but found [false]">
      <![CDATA[java.lang.AssertionError: Response doesn't have ID as a field expected [true] but found [false]
at org.testng.Assert.fail(Assert.java:99)
at org.testng.Assert.failNotEquals(Assert.java:1037)
at org.testng.Assert.assertTrue(Assert.java:45)
at com.learning.testcases.DeleteCustomerTest.doValidationUsingJSONObject(DeleteCustomerTest.java:51)
at com.learning.testcases.DeleteCustomerTest.validateDeleteCustomerAPI(DeleteCustomerTest.java:37)
at sun.reflect.GeneratedMethodAccessor250.invoke(Unknown Source)
at sun.reflect.DelegatingMethodAccessorImpl.invoke(DelegatingMethodAccessorImpl.java:43)
at java.lang.reflect.Method.invoke(Method.java:498)
at org.testng.internal.MethodInvocationHelper.invokeMethod(MethodInvocationHelper.java:132)
at org.testng.internal.TestInvoker.invokeMethod(TestInvoker.java:599)
at org.testng.internal.TestInvoker.invokeTestMethod(TestInvoker.java:174)
at org.testng.internal.TestMethodWithDataProviderMethodWorker.call(TestMethodWithDataProviderMethodWorker.java:77)
at org.testng.internal.TestMethodWithDataProviderMethodWorker.call(TestMethodWithDataProviderMethodWorker.java:15)
at java.util.concurrent.FutureTask.run(FutureTask.java:266)
at java.util.concurrent.Executors$RunnableAdapter.call(Executors.java:511)
at java.util.concurrent.FutureTask.run(FutureTask.java:266)
at java.util.concurrent.ThreadPoolExecutor.runWorker(ThreadPoolExecutor.java:1149)
at java.util.concurrent.ThreadPoolExecutor$Worker.run(ThreadPoolExecutor.java:624)
at java.lang.Thread.run(Thread.java:748)
]]>
    </failure>
  </testcase> <!-- validateDeleteCustomerAPI -->
  <system-out/>
  <testcase name="validateDeleteCustomerAPI" time="1.417" classname="com.learning.testcases.DeleteCustomerTest">
    <failure type="java.lang.AssertionError" message="Response doesn&#039;t have ID as a field expected [true] but found [false]">
      <![CDATA[java.lang.AssertionError: Response doesn't have ID as a field expected [true] but found [false]
at org.testng.Assert.fail(Assert.java:99)
at org.testng.Assert.failNotEquals(Assert.java:1037)
at org.testng.Assert.assertTrue(Assert.java:45)
at com.learning.testcases.DeleteCustomerTest.doValidationUsingJSONObject(DeleteCustomerTest.java:51)
at com.learning.testcases.DeleteCustomerTest.validateDeleteCustomerAPI(DeleteCustomerTest.java:37)
at sun.reflect.GeneratedMethodAccessor250.invoke(Unknown Source)
at sun.reflect.DelegatingMethodAccessorImpl.invoke(DelegatingMethodAccessorImpl.java:43)
at java.lang.reflect.Method.invoke(Method.java:498)
at org.testng.internal.MethodInvocationHelper.invokeMethod(MethodInvocationHelper.java:132)
at org.testng.internal.TestInvoker.invokeMethod(TestInvoker.java:599)
at org.testng.internal.TestInvoker.invokeTestMethod(TestInvoker.java:174)
at org.testng.internal.TestMethodWithDataProviderMethodWorker.call(TestMethodWithDataProviderMethodWorker.java:77)
at org.testng.internal.TestMethodWithDataProviderMethodWorker.call(TestMethodWithDataProviderMethodWorker.java:15)
at java.util.concurrent.FutureTask.run(FutureTask.java:266)
at java.util.concurrent.Executors$RunnableAdapter.call(Executors.java:511)
at java.util.concurrent.FutureTask.run(FutureTask.java:266)
at java.util.concurrent.ThreadPoolExecutor.runWorker(ThreadPoolExecutor.java:1149)
at java.util.concurrent.ThreadPoolExecutor$Worker.run(ThreadPoolExecutor.java:624)
at java.lang.Thread.run(Thread.java:748)
]]>
    </failure>
  </testcase> <!-- validateDeleteCustomerAPI -->
  <system-out/>
  <testcase name="validateDeleteCustomerAPI" time="1.431" classname="com.learning.testcases.DeleteCustomerTest">
    <failure type="java.lang.AssertionError" message="Response doesn&#039;t have ID as a field expected [true] but found [false]">
      <![CDATA[java.lang.AssertionError: Response doesn't have ID as a field expected [true] but found [false]
at org.testng.Assert.fail(Assert.java:99)
at org.testng.Assert.failNotEquals(Assert.java:1037)
at org.testng.Assert.assertTrue(Assert.java:45)
at com.learning.testcases.DeleteCustomerTest.doValidationUsingJSONObject(DeleteCustomerTest.java:51)
at com.learning.testcases.DeleteCustomerTest.validateDeleteCustomerAPI(DeleteCustomerTest.java:37)
at sun.reflect.GeneratedMethodAccessor250.invoke(Unknown Source)
at sun.reflect.DelegatingMethodAccessorImpl.invoke(DelegatingMethodAccessorImpl.java:43)
at java.lang.reflect.Method.invoke(Method.java:498)
at org.testng.internal.MethodInvocationHelper.invokeMethod(MethodInvocationHelper.java:132)
at org.testng.internal.TestInvoker.invokeMethod(TestInvoker.java:599)
at org.testng.internal.TestInvoker.invokeTestMethod(TestInvoker.java:174)
at org.testng.internal.TestMethodWithDataProviderMethodWorker.call(TestMethodWithDataProviderMethodWorker.java:77)
at org.testng.internal.TestMethodWithDataProviderMethodWorker.call(TestMethodWithDataProviderMethodWorker.java:15)
at java.util.concurrent.FutureTask.run(FutureTask.java:266)
at java.util.concurrent.Executors$RunnableAdapter.call(Executors.java:511)
at java.util.concurrent.FutureTask.run(FutureTask.java:266)
at java.util.concurrent.ThreadPoolExecutor.runWorker(ThreadPoolExecutor.java:1149)
at java.util.concurrent.ThreadPoolExecutor$Worker.run(ThreadPoolExecutor.java:624)
at java.lang.Thread.run(Thread.java:748)
]]>
    </failure>
  </testcase> <!-- validateDeleteCustomerAPI -->
  <system-out/>
  <testcase name="validateDeleteCustomerAPI" time="1.460" classname="com.learning.testcases.DeleteCustomerTest">
    <failure type="java.lang.AssertionError" message="Response doesn&#039;t have ID as a field expected [true] but found [false]">
      <![CDATA[java.lang.AssertionError: Response doesn't have ID as a field expected [true] but found [false]
at org.testng.Assert.fail(Assert.java:99)
at org.testng.Assert.failNotEquals(Assert.java:1037)
at org.testng.Assert.assertTrue(Assert.java:45)
at com.learning.testcases.DeleteCustomerTest.doValidationUsingJSONObject(DeleteCustomerTest.java:51)
at com.learning.testcases.DeleteCustomerTest.validateDeleteCustomerAPI(DeleteCustomerTest.java:37)
at sun.reflect.GeneratedMethodAccessor250.invoke(Unknown Source)
at sun.reflect.DelegatingMethodAccessorImpl.invoke(DelegatingMethodAccessorImpl.java:43)
at java.lang.reflect.Method.invoke(Method.java:498)
at org.testng.internal.MethodInvocationHelper.invokeMethod(MethodInvocationHelper.java:132)
at org.testng.internal.TestInvoker.invokeMethod(TestInvoker.java:599)
at org.testng.internal.TestInvoker.invokeTestMethod(TestInvoker.java:174)
at org.testng.internal.TestMethodWithDataProviderMethodWorker.call(TestMethodWithDataProviderMethodWorker.java:77)
at org.testng.internal.TestMethodWithDataProviderMethodWorker.call(TestMethodWithDataProviderMethodWorker.java:15)
at java.util.concurrent.FutureTask.run(FutureTask.java:266)
at java.util.concurrent.Executors$RunnableAdapter.call(Executors.java:511)
at java.util.concurrent.FutureTask.run(FutureTask.java:266)
at java.util.concurrent.ThreadPoolExecutor.runWorker(ThreadPoolExecutor.java:1149)
at java.util.concurrent.ThreadPoolExecutor$Worker.run(ThreadPoolExecutor.java:624)
at java.lang.Thread.run(Thread.java:748)
]]>
    </failure>
  </testcase> <!-- validateDeleteCustomerAPI -->
  <system-out/>
  <testcase name="validateDeleteCustomerAPI" time="1.427" classname="com.learning.testcases.DeleteCustomerTest">
    <failure type="java.lang.AssertionError" message="Response doesn&#039;t have ID as a field expected [true] but found [false]">
      <![CDATA[java.lang.AssertionError: Response doesn't have ID as a field expected [true] but found [false]
at org.testng.Assert.fail(Assert.java:99)
at org.testng.Assert.failNotEquals(Assert.java:1037)
at org.testng.Assert.assertTrue(Assert.java:45)
at com.learning.testcases.DeleteCustomerTest.doValidationUsingJSONObject(DeleteCustomerTest.java:51)
at com.learning.testcases.DeleteCustomerTest.validateDeleteCustomerAPI(DeleteCustomerTest.java:37)
at sun.reflect.GeneratedMethodAccessor250.invoke(Unknown Source)
at sun.reflect.DelegatingMethodAccessorImpl.invoke(DelegatingMethodAccessorImpl.java:43)
at java.lang.reflect.Method.invoke(Method.java:498)
at org.testng.internal.MethodInvocationHelper.invokeMethod(MethodInvocationHelper.java:132)
at org.testng.internal.TestInvoker.invokeMethod(TestInvoker.java:599)
at org.testng.internal.TestInvoker.invokeTestMethod(TestInvoker.java:174)
at org.testng.internal.TestMethodWithDataProviderMethodWorker.call(TestMethodWithDataProviderMethodWorker.java:77)
at org.testng.internal.TestMethodWithDataProviderMethodWorker.call(TestMethodWithDataProviderMethodWorker.java:15)
at java.util.concurrent.FutureTask.run(FutureTask.java:266)
at java.util.concurrent.Executors$RunnableAdapter.call(Executors.java:511)
at java.util.concurrent.FutureTask.run(FutureTask.java:266)
at java.util.concurrent.ThreadPoolExecutor.runWorker(ThreadPoolExecutor.java:1149)
at java.util.concurrent.ThreadPoolExecutor$Worker.run(ThreadPoolExecutor.java:624)
at java.lang.Thread.run(Thread.java:748)
]]>
    </failure>
  </testcase> <!-- validateDeleteCustomerAPI -->
  <system-out/>
  <testcase name="validateDeleteCustomerAPI" time="1.482" classname="com.learning.testcases.DeleteCustomerTest">
    <failure type="java.lang.AssertionError" message="Response doesn&#039;t have ID as a field expected [true] but found [false]">
      <![CDATA[java.lang.AssertionError: Response doesn't have ID as a field expected [true] but found [false]
at org.testng.Assert.fail(Assert.java:99)
at org.testng.Assert.failNotEquals(Assert.java:1037)
at org.testng.Assert.assertTrue(Assert.java:45)
at com.learning.testcases.DeleteCustomerTest.doValidationUsingJSONObject(DeleteCustomerTest.java:51)
at com.learning.testcases.DeleteCustomerTest.validateDeleteCustomerAPI(DeleteCustomerTest.java:37)
at sun.reflect.GeneratedMethodAccessor250.invoke(Unknown Source)
at sun.reflect.DelegatingMethodAccessorImpl.invoke(DelegatingMethodAccessorImpl.java:43)
at java.lang.reflect.Method.invoke(Method.java:498)
at org.testng.internal.MethodInvocationHelper.invokeMethod(MethodInvocationHelper.java:132)
at org.testng.internal.TestInvoker.invokeMethod(TestInvoker.java:599)
at org.testng.internal.TestInvoker.invokeTestMethod(TestInvoker.java:174)
at org.testng.internal.TestMethodWithDataProviderMethodWorker.call(TestMethodWithDataProviderMethodWorker.java:77)
at org.testng.internal.TestMethodWithDataProviderMethodWorker.call(TestMethodWithDataProviderMethodWorker.java:15)
at java.util.concurrent.FutureTask.run(FutureTask.java:266)
at java.util.concurrent.Executors$RunnableAdapter.call(Executors.java:511)
at java.util.concurrent.FutureTask.run(FutureTask.java:266)
at java.util.concurrent.ThreadPoolExecutor.runWorker(ThreadPoolExecutor.java:1149)
at java.util.concurrent.ThreadPoolExecutor$Worker.run(ThreadPoolExecutor.java:624)
at java.lang.Thread.run(Thread.java:748)
]]>
    </failure>
  </testcase> <!-- validateDeleteCustomerAPI -->
  <system-out/>
  <testcase name="validateDeleteCustomerAPI" time="1.403" classname="com.learning.testcases.DeleteCustomerTest">
    <failure type="java.lang.AssertionError" message="Response doesn&#039;t have ID as a field expected [true] but found [false]">
      <![CDATA[java.lang.AssertionError: Response doesn't have ID as a field expected [true] but found [false]
at org.testng.Assert.fail(Assert.java:99)
at org.testng.Assert.failNotEquals(Assert.java:1037)
at org.testng.Assert.assertTrue(Assert.java:45)
at com.learning.testcases.DeleteCustomerTest.doValidationUsingJSONObject(DeleteCustomerTest.java:51)
at com.learning.testcases.DeleteCustomerTest.validateDeleteCustomerAPI(DeleteCustomerTest.java:37)
at sun.reflect.GeneratedMethodAccessor250.invoke(Unknown Source)
at sun.reflect.DelegatingMethodAccessorImpl.invoke(DelegatingMethodAccessorImpl.java:43)
at java.lang.reflect.Method.invoke(Method.java:498)
at org.testng.internal.MethodInvocationHelper.invokeMethod(MethodInvocationHelper.java:132)
at org.testng.internal.TestInvoker.invokeMethod(TestInvoker.java:599)
at org.testng.internal.TestInvoker.invokeTestMethod(TestInvoker.java:174)
at org.testng.internal.TestMethodWithDataProviderMethodWorker.call(TestMethodWithDataProviderMethodWorker.java:77)
at org.testng.internal.TestMethodWithDataProviderMethodWorker.call(TestMethodWithDataProviderMethodWorker.java:15)
at java.util.concurrent.FutureTask.run(FutureTask.java:266)
at java.util.concurrent.Executors$RunnableAdapter.call(Executors.java:511)
at java.util.concurrent.FutureTask.run(FutureTask.java:266)
at java.util.concurrent.ThreadPoolExecutor.runWorker(ThreadPoolExecutor.java:1149)
at java.util.concurrent.ThreadPoolExecutor$Worker.run(ThreadPoolExecutor.java:624)
at java.lang.Thread.run(Thread.java:748)
]]>
    </failure>
  </testcase> <!-- validateDeleteCustomerAPI -->
  <system-out/>
  <testcase name="validateDeleteCustomerAPI" time="1.477" classname="com.learning.testcases.DeleteCustomerTest">
    <failure type="java.lang.AssertionError" message="Response doesn&#039;t have ID as a field expected [true] but found [false]">
      <![CDATA[java.lang.AssertionError: Response doesn't have ID as a field expected [true] but found [false]
at org.testng.Assert.fail(Assert.java:99)
at org.testng.Assert.failNotEquals(Assert.java:1037)
at org.testng.Assert.assertTrue(Assert.java:45)
at com.learning.testcases.DeleteCustomerTest.doValidationUsingJSONObject(DeleteCustomerTest.java:51)
at com.learning.testcases.DeleteCustomerTest.validateDeleteCustomerAPI(DeleteCustomerTest.java:37)
at sun.reflect.GeneratedMethodAccessor250.invoke(Unknown Source)
at sun.reflect.DelegatingMethodAccessorImpl.invoke(DelegatingMethodAccessorImpl.java:43)
at java.lang.reflect.Method.invoke(Method.java:498)
at org.testng.internal.MethodInvocationHelper.invokeMethod(MethodInvocationHelper.java:132)
at org.testng.internal.TestInvoker.invokeMethod(TestInvoker.java:599)
at org.testng.internal.TestInvoker.invokeTestMethod(TestInvoker.java:174)
at org.testng.internal.TestMethodWithDataProviderMethodWorker.call(TestMethodWithDataProviderMethodWorker.java:77)
at org.testng.internal.TestMethodWithDataProviderMethodWorker.call(TestMethodWithDataProviderMethodWorker.java:15)
at java.util.concurrent.FutureTask.run(FutureTask.java:266)
at java.util.concurrent.Executors$RunnableAdapter.call(Executors.java:511)
at java.util.concurrent.FutureTask.run(FutureTask.java:266)
at java.util.concurrent.ThreadPoolExecutor.runWorker(ThreadPoolExecutor.java:1149)
at java.util.concurrent.ThreadPoolExecutor$Worker.run(ThreadPoolExecutor.java:624)
at java.lang.Thread.run(Thread.java:748)
]]>
    </failure>
  </testcase> <!-- validateDeleteCustomerAPI -->
  <system-out/>
  <testcase name="validateDeleteCustomerAPI" time="1.459" classname="com.learning.testcases.DeleteCustomerTest">
    <failure type="java.lang.AssertionError" message="Response doesn&#039;t have ID as a field expected [true] but found [false]">
      <![CDATA[java.lang.AssertionError: Response doesn't have ID as a field expected [true] but found [false]
at org.testng.Assert.fail(Assert.java:99)
at org.testng.Assert.failNotEquals(Assert.java:1037)
at org.testng.Assert.assertTrue(Assert.java:45)
at com.learning.testcases.DeleteCustomerTest.doValidationUsingJSONObject(DeleteCustomerTest.java:51)
at com.learning.testcases.DeleteCustomerTest.validateDeleteCustomerAPI(DeleteCustomerTest.java:37)
at sun.reflect.GeneratedMethodAccessor250.invoke(Unknown Source)
at sun.reflect.DelegatingMethodAccessorImpl.invoke(DelegatingMethodAccessorImpl.java:43)
at java.lang.reflect.Method.invoke(Method.java:498)
at org.testng.internal.MethodInvocationHelper.invokeMethod(MethodInvocationHelper.java:132)
at org.testng.internal.TestInvoker.invokeMethod(TestInvoker.java:599)
at org.testng.internal.TestInvoker.invokeTestMethod(TestInvoker.java:174)
at org.testng.internal.TestMethodWithDataProviderMethodWorker.call(TestMethodWithDataProviderMethodWorker.java:77)
at org.testng.internal.TestMethodWithDataProviderMethodWorker.call(TestMethodWithDataProviderMethodWorker.java:15)
at java.util.concurrent.FutureTask.run(FutureTask.java:266)
at java.util.concurrent.Executors$RunnableAdapter.call(Executors.java:511)
at java.util.concurrent.FutureTask.run(FutureTask.java:266)
at java.util.concurrent.ThreadPoolExecutor.runWorker(ThreadPoolExecutor.java:1149)
at java.util.concurrent.ThreadPoolExecutor$Worker.run(ThreadPoolExecutor.java:624)
at java.lang.Thread.run(Thread.java:748)
]]>
    </failure>
  </testcase> <!-- validateDeleteCustomerAPI -->
  <system-out/>
  <testcase name="validateDeleteCustomerAPI" time="1.380" classname="com.learning.testcases.DeleteCustomerTest">
    <failure type="java.lang.AssertionError" message="Response doesn&#039;t have ID as a field expected [true] but found [false]">
      <![CDATA[java.lang.AssertionError: Response doesn't have ID as a field expected [true] but found [false]
at org.testng.Assert.fail(Assert.java:99)
at org.testng.Assert.failNotEquals(Assert.java:1037)
at org.testng.Assert.assertTrue(Assert.java:45)
at com.learning.testcases.DeleteCustomerTest.doValidationUsingJSONObject(DeleteCustomerTest.java:51)
at com.learning.testcases.DeleteCustomerTest.validateDeleteCustomerAPI(DeleteCustomerTest.java:37)
at sun.reflect.GeneratedMethodAccessor250.invoke(Unknown Source)
at sun.reflect.DelegatingMethodAccessorImpl.invoke(DelegatingMethodAccessorImpl.java:43)
at java.lang.reflect.Method.invoke(Method.java:498)
at org.testng.internal.MethodInvocationHelper.invokeMethod(MethodInvocationHelper.java:132)
at org.testng.internal.TestInvoker.invokeMethod(TestInvoker.java:599)
at org.testng.internal.TestInvoker.invokeTestMethod(TestInvoker.java:174)
at org.testng.internal.TestMethodWithDataProviderMethodWorker.call(TestMethodWithDataProviderMethodWorker.java:77)
at org.testng.internal.TestMethodWithDataProviderMethodWorker.call(TestMethodWithDataProviderMethodWorker.java:15)
at java.util.concurrent.FutureTask.run(FutureTask.java:266)
at java.util.concurrent.Executors$RunnableAdapter.call(Executors.java:511)
at java.util.concurrent.FutureTask.run(FutureTask.java:266)
at java.util.concurrent.ThreadPoolExecutor.runWorker(ThreadPoolExecutor.java:1149)
at java.util.concurrent.ThreadPoolExecutor$Worker.run(ThreadPoolExecutor.java:624)
at java.lang.Thread.run(Thread.java:748)
]]>
    </failure>
  </testcase> <!-- validateDeleteCustomerAPI -->
  <system-out/>
  <testcase name="validateDeleteCustomerAPI" time="1.404" classname="com.learning.testcases.DeleteCustomerTest">
    <failure type="java.lang.AssertionError" message="Response doesn&#039;t have ID as a field expected [true] but found [false]">
      <![CDATA[java.lang.AssertionError: Response doesn't have ID as a field expected [true] but found [false]
at org.testng.Assert.fail(Assert.java:99)
at org.testng.Assert.failNotEquals(Assert.java:1037)
at org.testng.Assert.assertTrue(Assert.java:45)
at com.learning.testcases.DeleteCustomerTest.doValidationUsingJSONObject(DeleteCustomerTest.java:51)
at com.learning.testcases.DeleteCustomerTest.validateDeleteCustomerAPI(DeleteCustomerTest.java:37)
at sun.reflect.GeneratedMethodAccessor250.invoke(Unknown Source)
at sun.reflect.DelegatingMethodAccessorImpl.invoke(DelegatingMethodAccessorImpl.java:43)
at java.lang.reflect.Method.invoke(Method.java:498)
at org.testng.internal.MethodInvocationHelper.invokeMethod(MethodInvocationHelper.java:132)
at org.testng.internal.TestInvoker.invokeMethod(TestInvoker.java:599)
at org.testng.internal.TestInvoker.invokeTestMethod(TestInvoker.java:174)
at org.testng.internal.TestMethodWithDataProviderMethodWorker.call(TestMethodWithDataProviderMethodWorker.java:77)
at org.testng.internal.TestMethodWithDataProviderMethodWorker.call(TestMethodWithDataProviderMethodWorker.java:15)
at java.util.concurrent.FutureTask.run(FutureTask.java:266)
at java.util.concurrent.Executors$RunnableAdapter.call(Executors.java:511)
at java.util.concurrent.FutureTask.run(FutureTask.java:266)
at java.util.concurrent.ThreadPoolExecutor.runWorker(ThreadPoolExecutor.java:1149)
at java.util.concurrent.ThreadPoolExecutor$Worker.run(ThreadPoolExecutor.java:624)
at java.lang.Thread.run(Thread.java:748)
]]>
    </failure>
  </testcase> <!-- validateDeleteCustomerAPI -->
  <system-out/>
  <testcase name="validateDeleteCustomerAPI" time="1.427" classname="com.learning.testcases.DeleteCustomerTest">
    <failure type="java.lang.AssertionError" message="Response doesn&#039;t have ID as a field expected [true] but found [false]">
      <![CDATA[java.lang.AssertionError: Response doesn't have ID as a field expected [true] but found [false]
at org.testng.Assert.fail(Assert.java:99)
at org.testng.Assert.failNotEquals(Assert.java:1037)
at org.testng.Assert.assertTrue(Assert.java:45)
at com.learning.testcases.DeleteCustomerTest.doValidationUsingJSONObject(DeleteCustomerTest.java:51)
at com.learning.testcases.DeleteCustomerTest.validateDeleteCustomerAPI(DeleteCustomerTest.java:37)
at sun.reflect.GeneratedMethodAccessor250.invoke(Unknown Source)
at sun.reflect.DelegatingMethodAccessorImpl.invoke(DelegatingMethodAccessorImpl.java:43)
at java.lang.reflect.Method.invoke(Method.java:498)
at org.testng.internal.MethodInvocationHelper.invokeMethod(MethodInvocationHelper.java:132)
at org.testng.internal.TestInvoker.invokeMethod(TestInvoker.java:599)
at org.testng.internal.TestInvoker.invokeTestMethod(TestInvoker.java:174)
at org.testng.internal.TestMethodWithDataProviderMethodWorker.call(TestMethodWithDataProviderMethodWorker.java:77)
at org.testng.internal.TestMethodWithDataProviderMethodWorker.call(TestMethodWithDataProviderMethodWorker.java:15)
at java.util.concurrent.FutureTask.run(FutureTask.java:266)
at java.util.concurrent.Executors$RunnableAdapter.call(Executors.java:511)
at java.util.concurrent.FutureTask.run(FutureTask.java:266)
at java.util.concurrent.ThreadPoolExecutor.runWorker(ThreadPoolExecutor.java:1149)
at java.util.concurrent.ThreadPoolExecutor$Worker.run(ThreadPoolExecutor.java:624)
at java.lang.Thread.run(Thread.java:748)
]]>
    </failure>
  </testcase> <!-- validateDeleteCustomerAPI -->
  <system-out/>
  <testcase name="validateDeleteCustomerAPI" time="1.476" classname="com.learning.testcases.DeleteCustomerTest"/>
  <system-out/>
  <testcase name="validateDeleteCustomerAPI" time="1.390" classname="com.learning.testcases.DeleteCustomerTest">
    <failure type="java.lang.AssertionError" message="Response doesn&#039;t have ID as a field expected [true] but found [false]">
      <![CDATA[java.lang.AssertionError: Response doesn't have ID as a field expected [true] but found [false]
at org.testng.Assert.fail(Assert.java:99)
at org.testng.Assert.failNotEquals(Assert.java:1037)
at org.testng.Assert.assertTrue(Assert.java:45)
at com.learning.testcases.DeleteCustomerTest.doValidationUsingJSONObject(DeleteCustomerTest.java:51)
at com.learning.testcases.DeleteCustomerTest.validateDeleteCustomerAPI(DeleteCustomerTest.java:37)
at sun.reflect.GeneratedMethodAccessor250.invoke(Unknown Source)
at sun.reflect.DelegatingMethodAccessorImpl.invoke(DelegatingMethodAccessorImpl.java:43)
at java.lang.reflect.Method.invoke(Method.java:498)
at org.testng.internal.MethodInvocationHelper.invokeMethod(MethodInvocationHelper.java:132)
at org.testng.internal.TestInvoker.invokeMethod(TestInvoker.java:599)
at org.testng.internal.TestInvoker.invokeTestMethod(TestInvoker.java:174)
at org.testng.internal.TestMethodWithDataProviderMethodWorker.call(TestMethodWithDataProviderMethodWorker.java:77)
at org.testng.internal.TestMethodWithDataProviderMethodWorker.call(TestMethodWithDataProviderMethodWorker.java:15)
at java.util.concurrent.FutureTask.run(FutureTask.java:266)
at java.util.concurrent.Executors$RunnableAdapter.call(Executors.java:511)
at java.util.concurrent.FutureTask.run(FutureTask.java:266)
at java.util.concurrent.ThreadPoolExecutor.runWorker(ThreadPoolExecutor.java:1149)
at java.util.concurrent.ThreadPoolExecutor$Worker.run(ThreadPoolExecutor.java:624)
at java.lang.Thread.run(Thread.java:748)
]]>
    </failure>
  </testcase> <!-- validateDeleteCustomerAPI -->
  <system-out/>
  <testcase name="validateDeleteCustomerAPI" time="1.391" classname="com.learning.testcases.DeleteCustomerTest">
    <failure type="java.lang.AssertionError" message="Response doesn&#039;t have ID as a field expected [true] but found [false]">
      <![CDATA[java.lang.AssertionError: Response doesn't have ID as a field expected [true] but found [false]
at org.testng.Assert.fail(Assert.java:99)
at org.testng.Assert.failNotEquals(Assert.java:1037)
at org.testng.Assert.assertTrue(Assert.java:45)
at com.learning.testcases.DeleteCustomerTest.doValidationUsingJSONObject(DeleteCustomerTest.java:51)
at com.learning.testcases.DeleteCustomerTest.validateDeleteCustomerAPI(DeleteCustomerTest.java:37)
at sun.reflect.GeneratedMethodAccessor250.invoke(Unknown Source)
at sun.reflect.DelegatingMethodAccessorImpl.invoke(DelegatingMethodAccessorImpl.java:43)
at java.lang.reflect.Method.invoke(Method.java:498)
at org.testng.internal.MethodInvocationHelper.invokeMethod(MethodInvocationHelper.java:132)
at org.testng.internal.TestInvoker.invokeMethod(TestInvoker.java:599)
at org.testng.internal.TestInvoker.invokeTestMethod(TestInvoker.java:174)
at org.testng.internal.TestMethodWithDataProviderMethodWorker.call(TestMethodWithDataProviderMethodWorker.java:77)
at org.testng.internal.TestMethodWithDataProviderMethodWorker.call(TestMethodWithDataProviderMethodWorker.java:15)
at java.util.concurrent.FutureTask.run(FutureTask.java:266)
at java.util.concurrent.Executors$RunnableAdapter.call(Executors.java:511)
at java.util.concurrent.FutureTask.run(FutureTask.java:266)
at java.util.concurrent.ThreadPoolExecutor.runWorker(ThreadPoolExecutor.java:1149)
at java.util.concurrent.ThreadPoolExecutor$Worker.run(ThreadPoolExecutor.java:624)
at java.lang.Thread.run(Thread.java:748)
]]>
    </failure>
  </testcase> <!-- validateDeleteCustomerAPI -->
  <system-out/>
  <testcase name="validateDeleteCustomerAPI" time="1.396" classname="com.learning.testcases.DeleteCustomerTest">
    <failure type="java.lang.AssertionError" message="Response doesn&#039;t have ID as a field expected [true] but found [false]">
      <![CDATA[java.lang.AssertionError: Response doesn't have ID as a field expected [true] but found [false]
at org.testng.Assert.fail(Assert.java:99)
at org.testng.Assert.failNotEquals(Assert.java:1037)
at org.testng.Assert.assertTrue(Assert.java:45)
at com.learning.testcases.DeleteCustomerTest.doValidationUsingJSONObject(DeleteCustomerTest.java:51)
at com.learning.testcases.DeleteCustomerTest.validateDeleteCustomerAPI(DeleteCustomerTest.java:37)
at sun.reflect.GeneratedMethodAccessor250.invoke(Unknown Source)
at sun.reflect.DelegatingMethodAccessorImpl.invoke(DelegatingMethodAccessorImpl.java:43)
at java.lang.reflect.Method.invoke(Method.java:498)
at org.testng.internal.MethodInvocationHelper.invokeMethod(MethodInvocationHelper.java:132)
at org.testng.internal.TestInvoker.invokeMethod(TestInvoker.java:599)
at org.testng.internal.TestInvoker.invokeTestMethod(TestInvoker.java:174)
at org.testng.internal.TestMethodWithDataProviderMethodWorker.call(TestMethodWithDataProviderMethodWorker.java:77)
at org.testng.internal.TestMethodWithDataProviderMethodWorker.call(TestMethodWithDataProviderMethodWorker.java:15)
at java.util.concurrent.FutureTask.run(FutureTask.java:266)
at java.util.concurrent.Executors$RunnableAdapter.call(Executors.java:511)
at java.util.concurrent.FutureTask.run(FutureTask.java:266)
at java.util.concurrent.ThreadPoolExecutor.runWorker(ThreadPoolExecutor.java:1149)
at java.util.concurrent.ThreadPoolExecutor$Worker.run(ThreadPoolExecutor.java:624)
at java.lang.Thread.run(Thread.java:748)
]]>
    </failure>
  </testcase> <!-- validateDeleteCustomerAPI -->
  <system-out/>
  <testcase name="validateDeleteCustomerAPI" time="1.463" classname="com.learning.testcases.DeleteCustomerTest">
    <failure type="java.lang.AssertionError" message="Response doesn&#039;t have ID as a field expected [true] but found [false]">
      <![CDATA[java.lang.AssertionError: Response doesn't have ID as a field expected [true] but found [false]
at org.testng.Assert.fail(Assert.java:99)
at org.testng.Assert.failNotEquals(Assert.java:1037)
at org.testng.Assert.assertTrue(Assert.java:45)
at com.learning.testcases.DeleteCustomerTest.doValidationUsingJSONObject(DeleteCustomerTest.java:51)
at com.learning.testcases.DeleteCustomerTest.validateDeleteCustomerAPI(DeleteCustomerTest.java:37)
at sun.reflect.NativeMethodAccessorImpl.invoke0(Native Method)
at sun.reflect.NativeMethodAccessorImpl.invoke(NativeMethodAccessorImpl.java:62)
at sun.reflect.DelegatingMethodAccessorImpl.invoke(DelegatingMethodAccessorImpl.java:43)
at java.lang.reflect.Method.invoke(Method.java:498)
at org.testng.internal.MethodInvocationHelper.invokeMethod(MethodInvocationHelper.java:132)
at org.testng.internal.TestInvoker.invokeMethod(TestInvoker.java:599)
at org.testng.internal.TestInvoker.invokeTestMethod(TestInvoker.java:174)
at org.testng.internal.TestMethodWithDataProviderMethodWorker.call(TestMethodWithDataProviderMethodWorker.java:77)
at org.testng.internal.TestMethodWithDataProviderMethodWorker.call(TestMethodWithDataProviderMethodWorker.java:15)
at java.util.concurrent.FutureTask.run(FutureTask.java:266)
at java.util.concurrent.Executors$RunnableAdapter.call(Executors.java:511)
at java.util.concurrent.FutureTask.run(FutureTask.java:266)
at java.util.concurrent.ThreadPoolExecutor.runWorker(ThreadPoolExecutor.java:1149)
at java.util.concurrent.ThreadPoolExecutor$Worker.run(ThreadPoolExecutor.java:624)
at java.lang.Thread.run(Thread.java:748)
]]>
    </failure>
  </testcase> <!-- validateDeleteCustomerAPI -->
  <system-out/>
  <testcase name="validateDeleteCustomerAPI" time="1.429" classname="com.learning.testcases.DeleteCustomerTest"/>
  <system-out/>
  <testcase name="validateDeleteCustomerAPI" time="1.428" classname="com.learning.testcases.DeleteCustomerTest">
    <failure type="java.lang.AssertionError" message="Response doesn&#039;t have ID as a field expected [true] but found [false]">
      <![CDATA[java.lang.AssertionError: Response doesn't have ID as a field expected [true] but found [false]
at org.testng.Assert.fail(Assert.java:99)
at org.testng.Assert.failNotEquals(Assert.java:1037)
at org.testng.Assert.assertTrue(Assert.java:45)
at com.learning.testcases.DeleteCustomerTest.doValidationUsingJSONObject(DeleteCustomerTest.java:51)
at com.learning.testcases.DeleteCustomerTest.validateDeleteCustomerAPI(DeleteCustomerTest.java:37)
at sun.reflect.GeneratedMethodAccessor250.invoke(Unknown Source)
at sun.reflect.DelegatingMethodAccessorImpl.invoke(DelegatingMethodAccessorImpl.java:43)
at java.lang.reflect.Method.invoke(Method.java:498)
at org.testng.internal.MethodInvocationHelper.invokeMethod(MethodInvocationHelper.java:132)
at org.testng.internal.TestInvoker.invokeMethod(TestInvoker.java:599)
at org.testng.internal.TestInvoker.invokeTestMethod(TestInvoker.java:174)
at org.testng.internal.TestMethodWithDataProviderMethodWorker.call(TestMethodWithDataProviderMethodWorker.java:77)
at org.testng.internal.TestMethodWithDataProviderMethodWorker.call(TestMethodWithDataProviderMethodWorker.java:15)
at java.util.concurrent.FutureTask.run(FutureTask.java:266)
at java.util.concurrent.Executors$RunnableAdapter.call(Executors.java:511)
at java.util.concurrent.FutureTask.run(FutureTask.java:266)
at java.util.concurrent.ThreadPoolExecutor.runWorker(ThreadPoolExecutor.java:1149)
at java.util.concurrent.ThreadPoolExecutor$Worker.run(ThreadPoolExecutor.java:624)
at java.lang.Thread.run(Thread.java:748)
]]>
    </failure>
  </testcase> <!-- validateDeleteCustomerAPI -->
  <system-out/>
  <testcase name="validateDeleteCustomerAPI" time="1.560" classname="com.learning.testcases.DeleteCustomerTest">
    <failure type="java.lang.AssertionError" message="Response doesn&#039;t have ID as a field expected [true] but found [false]">
      <![CDATA[java.lang.AssertionError: Response doesn't have ID as a field expected [true] but found [false]
at org.testng.Assert.fail(Assert.java:99)
at org.testng.Assert.failNotEquals(Assert.java:1037)
at org.testng.Assert.assertTrue(Assert.java:45)
at com.learning.testcases.DeleteCustomerTest.doValidationUsingJSONObject(DeleteCustomerTest.java:51)
at com.learning.testcases.DeleteCustomerTest.validateDeleteCustomerAPI(DeleteCustomerTest.java:37)
at sun.reflect.GeneratedMethodAccessor250.invoke(Unknown Source)
at sun.reflect.DelegatingMethodAccessorImpl.invoke(DelegatingMethodAccessorImpl.java:43)
at java.lang.reflect.Method.invoke(Method.java:498)
at org.testng.internal.MethodInvocationHelper.invokeMethod(MethodInvocationHelper.java:132)
at org.testng.internal.TestInvoker.invokeMethod(TestInvoker.java:599)
at org.testng.internal.TestInvoker.invokeTestMethod(TestInvoker.java:174)
at org.testng.internal.TestMethodWithDataProviderMethodWorker.call(TestMethodWithDataProviderMethodWorker.java:77)
at org.testng.internal.TestMethodWithDataProviderMethodWorker.call(TestMethodWithDataProviderMethodWorker.java:15)
at java.util.concurrent.FutureTask.run(FutureTask.java:266)
at java.util.concurrent.Executors$RunnableAdapter.call(Executors.java:511)
at java.util.concurrent.FutureTask.run(FutureTask.java:266)
at java.util.concurrent.ThreadPoolExecutor.runWorker(ThreadPoolExecutor.java:1149)
at java.util.concurrent.ThreadPoolExecutor$Worker.run(ThreadPoolExecutor.java:624)
at java.lang.Thread.run(Thread.java:748)
]]>
    </failure>
  </testcase> <!-- validateDeleteCustomerAPI -->
  <system-out/>
  <testcase name="validateDeleteCustomerAPI" time="1.448" classname="com.learning.testcases.DeleteCustomerTest">
    <failure type="java.lang.AssertionError" message="Response doesn&#039;t have ID as a field expected [true] but found [false]">
      <![CDATA[java.lang.AssertionError: Response doesn't have ID as a field expected [true] but found [false]
at org.testng.Assert.fail(Assert.java:99)
at org.testng.Assert.failNotEquals(Assert.java:1037)
at org.testng.Assert.assertTrue(Assert.java:45)
at com.learning.testcases.DeleteCustomerTest.doValidationUsingJSONObject(DeleteCustomerTest.java:51)
at com.learning.testcases.DeleteCustomerTest.validateDeleteCustomerAPI(DeleteCustomerTest.java:37)
at sun.reflect.GeneratedMethodAccessor250.invoke(Unknown Source)
at sun.reflect.DelegatingMethodAccessorImpl.invoke(DelegatingMethodAccessorImpl.java:43)
at java.lang.reflect.Method.invoke(Method.java:498)
at org.testng.internal.MethodInvocationHelper.invokeMethod(MethodInvocationHelper.java:132)
at org.testng.internal.TestInvoker.invokeMethod(TestInvoker.java:599)
at org.testng.internal.TestInvoker.invokeTestMethod(TestInvoker.java:174)
at org.testng.internal.TestMethodWithDataProviderMethodWorker.call(TestMethodWithDataProviderMethodWorker.java:77)
at org.testng.internal.TestMethodWithDataProviderMethodWorker.call(TestMethodWithDataProviderMethodWorker.java:15)
at java.util.concurrent.FutureTask.run(FutureTask.java:266)
at java.util.concurrent.Executors$RunnableAdapter.call(Executors.java:511)
at java.util.concurrent.FutureTask.run(FutureTask.java:266)
at java.util.concurrent.ThreadPoolExecutor.runWorker(ThreadPoolExecutor.java:1149)
at java.util.concurrent.ThreadPoolExecutor$Worker.run(ThreadPoolExecutor.java:624)
at java.lang.Thread.run(Thread.java:748)
]]>
    </failure>
  </testcase> <!-- validateDeleteCustomerAPI -->
  <system-out/>
  <testcase name="validateDeleteCustomerAPI" time="1.463" classname="com.learning.testcases.DeleteCustomerTest">
    <failure type="java.lang.AssertionError" message="Response doesn&#039;t have ID as a field expected [true] but found [false]">
      <![CDATA[java.lang.AssertionError: Response doesn't have ID as a field expected [true] but found [false]
at org.testng.Assert.fail(Assert.java:99)
at org.testng.Assert.failNotEquals(Assert.java:1037)
at org.testng.Assert.assertTrue(Assert.java:45)
at com.learning.testcases.DeleteCustomerTest.doValidationUsingJSONObject(DeleteCustomerTest.java:51)
at com.learning.testcases.DeleteCustomerTest.validateDeleteCustomerAPI(DeleteCustomerTest.java:37)
at sun.reflect.GeneratedMethodAccessor250.invoke(Unknown Source)
at sun.reflect.DelegatingMethodAccessorImpl.invoke(DelegatingMethodAccessorImpl.java:43)
at java.lang.reflect.Method.invoke(Method.java:498)
at org.testng.internal.MethodInvocationHelper.invokeMethod(MethodInvocationHelper.java:132)
at org.testng.internal.TestInvoker.invokeMethod(TestInvoker.java:599)
at org.testng.internal.TestInvoker.invokeTestMethod(TestInvoker.java:174)
at org.testng.internal.TestMethodWithDataProviderMethodWorker.call(TestMethodWithDataProviderMethodWorker.java:77)
at org.testng.internal.TestMethodWithDataProviderMethodWorker.call(TestMethodWithDataProviderMethodWorker.java:15)
at java.util.concurrent.FutureTask.run(FutureTask.java:266)
at java.util.concurrent.Executors$RunnableAdapter.call(Executors.java:511)
at java.util.concurrent.FutureTask.run(FutureTask.java:266)
at java.util.concurrent.ThreadPoolExecutor.runWorker(ThreadPoolExecutor.java:1149)
at java.util.concurrent.ThreadPoolExecutor$Worker.run(ThreadPoolExecutor.java:624)
at java.lang.Thread.run(Thread.java:748)
]]>
    </failure>
  </testcase> <!-- validateDeleteCustomerAPI -->
  <system-out/>
  <testcase name="validateDeleteCustomerAPI" time="1.390" classname="com.learning.testcases.DeleteCustomerTest">
    <failure type="java.lang.AssertionError" message="Response doesn&#039;t have ID as a field expected [true] but found [false]">
      <![CDATA[java.lang.AssertionError: Response doesn't have ID as a field expected [true] but found [false]
at org.testng.Assert.fail(Assert.java:99)
at org.testng.Assert.failNotEquals(Assert.java:1037)
at org.testng.Assert.assertTrue(Assert.java:45)
at com.learning.testcases.DeleteCustomerTest.doValidationUsingJSONObject(DeleteCustomerTest.java:51)
at com.learning.testcases.DeleteCustomerTest.validateDeleteCustomerAPI(DeleteCustomerTest.java:37)
at sun.reflect.GeneratedMethodAccessor250.invoke(Unknown Source)
at sun.reflect.DelegatingMethodAccessorImpl.invoke(DelegatingMethodAccessorImpl.java:43)
at java.lang.reflect.Method.invoke(Method.java:498)
at org.testng.internal.MethodInvocationHelper.invokeMethod(MethodInvocationHelper.java:132)
at org.testng.internal.TestInvoker.invokeMethod(TestInvoker.java:599)
at org.testng.internal.TestInvoker.invokeTestMethod(TestInvoker.java:174)
at org.testng.internal.TestMethodWithDataProviderMethodWorker.call(TestMethodWithDataProviderMethodWorker.java:77)
at org.testng.internal.TestMethodWithDataProviderMethodWorker.call(TestMethodWithDataProviderMethodWorker.java:15)
at java.util.concurrent.FutureTask.run(FutureTask.java:266)
at java.util.concurrent.Executors$RunnableAdapter.call(Executors.java:511)
at java.util.concurrent.FutureTask.run(FutureTask.java:266)
at java.util.concurrent.ThreadPoolExecutor.runWorker(ThreadPoolExecutor.java:1149)
at java.util.concurrent.ThreadPoolExecutor$Worker.run(ThreadPoolExecutor.java:624)
at java.lang.Thread.run(Thread.java:748)
]]>
    </failure>
  </testcase> <!-- validateDeleteCustomerAPI -->
  <system-out/>
  <testcase name="validateDeleteCustomerAPI" time="1.527" classname="com.learning.testcases.DeleteCustomerTest"/>
  <system-out/>
  <testcase name="validateDeleteCustomerAPI" time="1.348" classname="com.learning.testcases.DeleteCustomerTest">
    <failure type="java.lang.AssertionError" message="Response doesn&#039;t have ID as a field expected [true] but found [false]">
      <![CDATA[java.lang.AssertionError: Response doesn't have ID as a field expected [true] but found [false]
at org.testng.Assert.fail(Assert.java:99)
at org.testng.Assert.failNotEquals(Assert.java:1037)
at org.testng.Assert.assertTrue(Assert.java:45)
at com.learning.testcases.DeleteCustomerTest.doValidationUsingJSONObject(DeleteCustomerTest.java:51)
at com.learning.testcases.DeleteCustomerTest.validateDeleteCustomerAPI(DeleteCustomerTest.java:37)
at sun.reflect.GeneratedMethodAccessor250.invoke(Unknown Source)
at sun.reflect.DelegatingMethodAccessorImpl.invoke(DelegatingMethodAccessorImpl.java:43)
at java.lang.reflect.Method.invoke(Method.java:498)
at org.testng.internal.MethodInvocationHelper.invokeMethod(MethodInvocationHelper.java:132)
at org.testng.internal.TestInvoker.invokeMethod(TestInvoker.java:599)
at org.testng.internal.TestInvoker.invokeTestMethod(TestInvoker.java:174)
at org.testng.internal.TestMethodWithDataProviderMethodWorker.call(TestMethodWithDataProviderMethodWorker.java:77)
at org.testng.internal.TestMethodWithDataProviderMethodWorker.call(TestMethodWithDataProviderMethodWorker.java:15)
at java.util.concurrent.FutureTask.run(FutureTask.java:266)
at java.util.concurrent.Executors$RunnableAdapter.call(Executors.java:511)
at java.util.concurrent.FutureTask.run(FutureTask.java:266)
at java.util.concurrent.ThreadPoolExecutor.runWorker(ThreadPoolExecutor.java:1149)
at java.util.concurrent.ThreadPoolExecutor$Worker.run(ThreadPoolExecutor.java:624)
at java.lang.Thread.run(Thread.java:748)
]]>
    </failure>
  </testcase> <!-- validateDeleteCustomerAPI -->
  <system-out/>
  <testcase name="validateDeleteCustomerAPI" time="1.638" classname="com.learning.testcases.DeleteCustomerTest"/>
  <system-out/>
  <testcase name="validateDeleteCustomerAPI" time="4.529" classname="com.learning.testcases.DeleteCustomerTest">
    <failure type="java.lang.AssertionError" message="Response doesn&#039;t have ID as a field expected [true] but found [false]">
      <![CDATA[java.lang.AssertionError: Response doesn't have ID as a field expected [true] but found [false]
at org.testng.Assert.fail(Assert.java:99)
at org.testng.Assert.failNotEquals(Assert.java:1037)
at org.testng.Assert.assertTrue(Assert.java:45)
at com.learning.testcases.DeleteCustomerTest.doValidationUsingJSONObject(DeleteCustomerTest.java:51)
at com.learning.testcases.DeleteCustomerTest.validateDeleteCustomerAPI(DeleteCustomerTest.java:37)
at sun.reflect.NativeMethodAccessorImpl.invoke0(Native Method)
at sun.reflect.NativeMethodAccessorImpl.invoke(NativeMethodAccessorImpl.java:62)
at sun.reflect.DelegatingMethodAccessorImpl.invoke(DelegatingMethodAccessorImpl.java:43)
at java.lang.reflect.Method.invoke(Method.java:498)
at org.testng.internal.MethodInvocationHelper.invokeMethod(MethodInvocationHelper.java:132)
at org.testng.internal.TestInvoker.invokeMethod(TestInvoker.java:599)
at org.testng.internal.TestInvoker.invokeTestMethod(TestInvoker.java:174)
at org.testng.internal.TestMethodWithDataProviderMethodWorker.call(TestMethodWithDataProviderMethodWorker.java:77)
at org.testng.internal.TestMethodWithDataProviderMethodWorker.call(TestMethodWithDataProviderMethodWorker.java:15)
at java.util.concurrent.FutureTask.run(FutureTask.java:266)
at java.util.concurrent.Executors$RunnableAdapter.call(Executors.java:511)
at java.util.concurrent.FutureTask.run(FutureTask.java:266)
at java.util.concurrent.ThreadPoolExecutor.runWorker(ThreadPoolExecutor.java:1149)
at java.util.concurrent.ThreadPoolExecutor$Worker.run(ThreadPoolExecutor.java:624)
at java.lang.Thread.run(Thread.java:748)
]]>
    </failure>
  </testcase> <!-- validateDeleteCustomerAPI -->
  <system-out/>
  <testcase name="validateDeleteCustomerAPI" time="1.411" classname="com.learning.testcases.DeleteCustomerTest">
    <failure type="java.lang.AssertionError" message="Response doesn&#039;t have ID as a field expected [true] but found [false]">
      <![CDATA[java.lang.AssertionError: Response doesn't have ID as a field expected [true] but found [false]
at org.testng.Assert.fail(Assert.java:99)
at org.testng.Assert.failNotEquals(Assert.java:1037)
at org.testng.Assert.assertTrue(Assert.java:45)
at com.learning.testcases.DeleteCustomerTest.doValidationUsingJSONObject(DeleteCustomerTest.java:51)
at com.learning.testcases.DeleteCustomerTest.validateDeleteCustomerAPI(DeleteCustomerTest.java:37)
at sun.reflect.GeneratedMethodAccessor250.invoke(Unknown Source)
at sun.reflect.DelegatingMethodAccessorImpl.invoke(DelegatingMethodAccessorImpl.java:43)
at java.lang.reflect.Method.invoke(Method.java:498)
at org.testng.internal.MethodInvocationHelper.invokeMethod(MethodInvocationHelper.java:132)
at org.testng.internal.TestInvoker.invokeMethod(TestInvoker.java:599)
at org.testng.internal.TestInvoker.invokeTestMethod(TestInvoker.java:174)
at org.testng.internal.TestMethodWithDataProviderMethodWorker.call(TestMethodWithDataProviderMethodWorker.java:77)
at org.testng.internal.TestMethodWithDataProviderMethodWorker.call(TestMethodWithDataProviderMethodWorker.java:15)
at java.util.concurrent.FutureTask.run(FutureTask.java:266)
at java.util.concurrent.Executors$RunnableAdapter.call(Executors.java:511)
at java.util.concurrent.FutureTask.run(FutureTask.java:266)
at java.util.concurrent.ThreadPoolExecutor.runWorker(ThreadPoolExecutor.java:1149)
at java.util.concurrent.ThreadPoolExecutor$Worker.run(ThreadPoolExecutor.java:624)
at java.lang.Thread.run(Thread.java:748)
]]>
    </failure>
  </testcase> <!-- validateDeleteCustomerAPI -->
  <system-out/>
  <testcase name="validateDeleteCustomerAPI" time="1.386" classname="com.learning.testcases.DeleteCustomerTest">
    <failure type="java.lang.AssertionError" message="Response doesn&#039;t have ID as a field expected [true] but found [false]">
      <![CDATA[java.lang.AssertionError: Response doesn't have ID as a field expected [true] but found [false]
at org.testng.Assert.fail(Assert.java:99)
at org.testng.Assert.failNotEquals(Assert.java:1037)
at org.testng.Assert.assertTrue(Assert.java:45)
at com.learning.testcases.DeleteCustomerTest.doValidationUsingJSONObject(DeleteCustomerTest.java:51)
at com.learning.testcases.DeleteCustomerTest.validateDeleteCustomerAPI(DeleteCustomerTest.java:37)
at sun.reflect.GeneratedMethodAccessor250.invoke(Unknown Source)
at sun.reflect.DelegatingMethodAccessorImpl.invoke(DelegatingMethodAccessorImpl.java:43)
at java.lang.reflect.Method.invoke(Method.java:498)
at org.testng.internal.MethodInvocationHelper.invokeMethod(MethodInvocationHelper.java:132)
at org.testng.internal.TestInvoker.invokeMethod(TestInvoker.java:599)
at org.testng.internal.TestInvoker.invokeTestMethod(TestInvoker.java:174)
at org.testng.internal.TestMethodWithDataProviderMethodWorker.call(TestMethodWithDataProviderMethodWorker.java:77)
at org.testng.internal.TestMethodWithDataProviderMethodWorker.call(TestMethodWithDataProviderMethodWorker.java:15)
at java.util.concurrent.FutureTask.run(FutureTask.java:266)
at java.util.concurrent.Executors$RunnableAdapter.call(Executors.java:511)
at java.util.concurrent.FutureTask.run(FutureTask.java:266)
at java.util.concurrent.ThreadPoolExecutor.runWorker(ThreadPoolExecutor.java:1149)
at java.util.concurrent.ThreadPoolExecutor$Worker.run(ThreadPoolExecutor.java:624)
at java.lang.Thread.run(Thread.java:748)
]]>
    </failure>
  </testcase> <!-- validateDeleteCustomerAPI -->
  <system-out/>
  <testcase name="validateDeleteCustomerAPI" time="1.405" classname="com.learning.testcases.DeleteCustomerTest">
    <failure type="java.lang.AssertionError" message="Response doesn&#039;t have ID as a field expected [true] but found [false]">
      <![CDATA[java.lang.AssertionError: Response doesn't have ID as a field expected [true] but found [false]
at org.testng.Assert.fail(Assert.java:99)
at org.testng.Assert.failNotEquals(Assert.java:1037)
at org.testng.Assert.assertTrue(Assert.java:45)
at com.learning.testcases.DeleteCustomerTest.doValidationUsingJSONObject(DeleteCustomerTest.java:51)
at com.learning.testcases.DeleteCustomerTest.validateDeleteCustomerAPI(DeleteCustomerTest.java:37)
at sun.reflect.GeneratedMethodAccessor250.invoke(Unknown Source)
at sun.reflect.DelegatingMethodAccessorImpl.invoke(DelegatingMethodAccessorImpl.java:43)
at java.lang.reflect.Method.invoke(Method.java:498)
at org.testng.internal.MethodInvocationHelper.invokeMethod(MethodInvocationHelper.java:132)
at org.testng.internal.TestInvoker.invokeMethod(TestInvoker.java:599)
at org.testng.internal.TestInvoker.invokeTestMethod(TestInvoker.java:174)
at org.testng.internal.TestMethodWithDataProviderMethodWorker.call(TestMethodWithDataProviderMethodWorker.java:77)
at org.testng.internal.TestMethodWithDataProviderMethodWorker.call(TestMethodWithDataProviderMethodWorker.java:15)
at java.util.concurrent.FutureTask.run(FutureTask.java:266)
at java.util.concurrent.Executors$RunnableAdapter.call(Executors.java:511)
at java.util.concurrent.FutureTask.run(FutureTask.java:266)
at java.util.concurrent.ThreadPoolExecutor.runWorker(ThreadPoolExecutor.java:1149)
at java.util.concurrent.ThreadPoolExecutor$Worker.run(ThreadPoolExecutor.java:624)
at java.lang.Thread.run(Thread.java:748)
]]>
    </failure>
  </testcase> <!-- validateDeleteCustomerAPI -->
  <system-out/>
  <testcase name="validateDeleteCustomerAPI" time="1.380" classname="com.learning.testcases.DeleteCustomerTest">
    <failure type="java.lang.AssertionError" message="Response doesn&#039;t have ID as a field expected [true] but found [false]">
      <![CDATA[java.lang.AssertionError: Response doesn't have ID as a field expected [true] but found [false]
at org.testng.Assert.fail(Assert.java:99)
at org.testng.Assert.failNotEquals(Assert.java:1037)
at org.testng.Assert.assertTrue(Assert.java:45)
at com.learning.testcases.DeleteCustomerTest.doValidationUsingJSONObject(DeleteCustomerTest.java:51)
at com.learning.testcases.DeleteCustomerTest.validateDeleteCustomerAPI(DeleteCustomerTest.java:37)
at sun.reflect.GeneratedMethodAccessor250.invoke(Unknown Source)
at sun.reflect.DelegatingMethodAccessorImpl.invoke(DelegatingMethodAccessorImpl.java:43)
at java.lang.reflect.Method.invoke(Method.java:498)
at org.testng.internal.MethodInvocationHelper.invokeMethod(MethodInvocationHelper.java:132)
at org.testng.internal.TestInvoker.invokeMethod(TestInvoker.java:599)
at org.testng.internal.TestInvoker.invokeTestMethod(TestInvoker.java:174)
at org.testng.internal.TestMethodWithDataProviderMethodWorker.call(TestMethodWithDataProviderMethodWorker.java:77)
at org.testng.internal.TestMethodWithDataProviderMethodWorker.call(TestMethodWithDataProviderMethodWorker.java:15)
at java.util.concurrent.FutureTask.run(FutureTask.java:266)
at java.util.concurrent.Executors$RunnableAdapter.call(Executors.java:511)
at java.util.concurrent.FutureTask.run(FutureTask.java:266)
at java.util.concurrent.ThreadPoolExecutor.runWorker(ThreadPoolExecutor.java:1149)
at java.util.concurrent.ThreadPoolExecutor$Worker.run(ThreadPoolExecutor.java:624)
at java.lang.Thread.run(Thread.java:748)
]]>
    </failure>
  </testcase> <!-- validateDeleteCustomerAPI -->
  <system-out/>
  <testcase name="validateDeleteCustomerAPI" time="1.411" classname="com.learning.testcases.DeleteCustomerTest">
    <failure type="java.lang.AssertionError" message="Response doesn&#039;t have ID as a field expected [true] but found [false]">
      <![CDATA[java.lang.AssertionError: Response doesn't have ID as a field expected [true] but found [false]
at org.testng.Assert.fail(Assert.java:99)
at org.testng.Assert.failNotEquals(Assert.java:1037)
at org.testng.Assert.assertTrue(Assert.java:45)
at com.learning.testcases.DeleteCustomerTest.doValidationUsingJSONObject(DeleteCustomerTest.java:51)
at com.learning.testcases.DeleteCustomerTest.validateDeleteCustomerAPI(DeleteCustomerTest.java:37)
at sun.reflect.GeneratedMethodAccessor250.invoke(Unknown Source)
at sun.reflect.DelegatingMethodAccessorImpl.invoke(DelegatingMethodAccessorImpl.java:43)
at java.lang.reflect.Method.invoke(Method.java:498)
at org.testng.internal.MethodInvocationHelper.invokeMethod(MethodInvocationHelper.java:132)
at org.testng.internal.TestInvoker.invokeMethod(TestInvoker.java:599)
at org.testng.internal.TestInvoker.invokeTestMethod(TestInvoker.java:174)
at org.testng.internal.TestMethodWithDataProviderMethodWorker.call(TestMethodWithDataProviderMethodWorker.java:77)
at org.testng.internal.TestMethodWithDataProviderMethodWorker.call(TestMethodWithDataProviderMethodWorker.java:15)
at java.util.concurrent.FutureTask.run(FutureTask.java:266)
at java.util.concurrent.Executors$RunnableAdapter.call(Executors.java:511)
at java.util.concurrent.FutureTask.run(FutureTask.java:266)
at java.util.concurrent.ThreadPoolExecutor.runWorker(ThreadPoolExecutor.java:1149)
at java.util.concurrent.ThreadPoolExecutor$Worker.run(ThreadPoolExecutor.java:624)
at java.lang.Thread.run(Thread.java:748)
]]>
    </failure>
  </testcase> <!-- validateDeleteCustomerAPI -->
  <system-out/>
  <testcase name="validateDeleteCustomerAPI" time="1.366" classname="com.learning.testcases.DeleteCustomerTest">
    <failure type="java.lang.AssertionError" message="Response doesn&#039;t have ID as a field expected [true] but found [false]">
      <![CDATA[java.lang.AssertionError: Response doesn't have ID as a field expected [true] but found [false]
at org.testng.Assert.fail(Assert.java:99)
at org.testng.Assert.failNotEquals(Assert.java:1037)
at org.testng.Assert.assertTrue(Assert.java:45)
at com.learning.testcases.DeleteCustomerTest.doValidationUsingJSONObject(DeleteCustomerTest.java:51)
at com.learning.testcases.DeleteCustomerTest.validateDeleteCustomerAPI(DeleteCustomerTest.java:37)
at sun.reflect.GeneratedMethodAccessor250.invoke(Unknown Source)
at sun.reflect.DelegatingMethodAccessorImpl.invoke(DelegatingMethodAccessorImpl.java:43)
at java.lang.reflect.Method.invoke(Method.java:498)
at org.testng.internal.MethodInvocationHelper.invokeMethod(MethodInvocationHelper.java:132)
at org.testng.internal.TestInvoker.invokeMethod(TestInvoker.java:599)
at org.testng.internal.TestInvoker.invokeTestMethod(TestInvoker.java:174)
at org.testng.internal.TestMethodWithDataProviderMethodWorker.call(TestMethodWithDataProviderMethodWorker.java:77)
at org.testng.internal.TestMethodWithDataProviderMethodWorker.call(TestMethodWithDataProviderMethodWorker.java:15)
at java.util.concurrent.FutureTask.run(FutureTask.java:266)
at java.util.concurrent.Executors$RunnableAdapter.call(Executors.java:511)
at java.util.concurrent.FutureTask.run(FutureTask.java:266)
at java.util.concurrent.ThreadPoolExecutor.runWorker(ThreadPoolExecutor.java:1149)
at java.util.concurrent.ThreadPoolExecutor$Worker.run(ThreadPoolExecutor.java:624)
at java.lang.Thread.run(Thread.java:748)
]]>
    </failure>
  </testcase> <!-- validateDeleteCustomerAPI -->
  <system-out/>
  <testcase name="validateDeleteCustomerAPI" time="1.467" classname="com.learning.testcases.DeleteCustomerTest">
    <failure type="java.lang.AssertionError" message="Response doesn&#039;t have ID as a field expected [true] but found [false]">
      <![CDATA[java.lang.AssertionError: Response doesn't have ID as a field expected [true] but found [false]
at org.testng.Assert.fail(Assert.java:99)
at org.testng.Assert.failNotEquals(Assert.java:1037)
at org.testng.Assert.assertTrue(Assert.java:45)
at com.learning.testcases.DeleteCustomerTest.doValidationUsingJSONObject(DeleteCustomerTest.java:51)
at com.learning.testcases.DeleteCustomerTest.validateDeleteCustomerAPI(DeleteCustomerTest.java:37)
at sun.reflect.GeneratedMethodAccessor250.invoke(Unknown Source)
at sun.reflect.DelegatingMethodAccessorImpl.invoke(DelegatingMethodAccessorImpl.java:43)
at java.lang.reflect.Method.invoke(Method.java:498)
at org.testng.internal.MethodInvocationHelper.invokeMethod(MethodInvocationHelper.java:132)
at org.testng.internal.TestInvoker.invokeMethod(TestInvoker.java:599)
at org.testng.internal.TestInvoker.invokeTestMethod(TestInvoker.java:174)
at org.testng.internal.TestMethodWithDataProviderMethodWorker.call(TestMethodWithDataProviderMethodWorker.java:77)
at org.testng.internal.TestMethodWithDataProviderMethodWorker.call(TestMethodWithDataProviderMethodWorker.java:15)
at java.util.concurrent.FutureTask.run(FutureTask.java:266)
at java.util.concurrent.Executors$RunnableAdapter.call(Executors.java:511)
at java.util.concurrent.FutureTask.run(FutureTask.java:266)
at java.util.concurrent.ThreadPoolExecutor.runWorker(ThreadPoolExecutor.java:1149)
at java.util.concurrent.ThreadPoolExecutor$Worker.run(ThreadPoolExecutor.java:624)
at java.lang.Thread.run(Thread.java:748)
]]>
    </failure>
  </testcase> <!-- validateDeleteCustomerAPI -->
  <system-out/>
  <testcase name="validateDeleteCustomerAPI" time="1.345" classname="com.learning.testcases.DeleteCustomerTest">
    <failure type="java.lang.AssertionError" message="Response doesn&#039;t have ID as a field expected [true] but found [false]">
      <![CDATA[java.lang.AssertionError: Response doesn't have ID as a field expected [true] but found [false]
at org.testng.Assert.fail(Assert.java:99)
at org.testng.Assert.failNotEquals(Assert.java:1037)
at org.testng.Assert.assertTrue(Assert.java:45)
at com.learning.testcases.DeleteCustomerTest.doValidationUsingJSONObject(DeleteCustomerTest.java:51)
at com.learning.testcases.DeleteCustomerTest.validateDeleteCustomerAPI(DeleteCustomerTest.java:37)
at sun.reflect.GeneratedMethodAccessor250.invoke(Unknown Source)
at sun.reflect.DelegatingMethodAccessorImpl.invoke(DelegatingMethodAccessorImpl.java:43)
at java.lang.reflect.Method.invoke(Method.java:498)
at org.testng.internal.MethodInvocationHelper.invokeMethod(MethodInvocationHelper.java:132)
at org.testng.internal.TestInvoker.invokeMethod(TestInvoker.java:599)
at org.testng.internal.TestInvoker.invokeTestMethod(TestInvoker.java:174)
at org.testng.internal.TestMethodWithDataProviderMethodWorker.call(TestMethodWithDataProviderMethodWorker.java:77)
at org.testng.internal.TestMethodWithDataProviderMethodWorker.call(TestMethodWithDataProviderMethodWorker.java:15)
at java.util.concurrent.FutureTask.run(FutureTask.java:266)
at java.util.concurrent.Executors$RunnableAdapter.call(Executors.java:511)
at java.util.concurrent.FutureTask.run(FutureTask.java:266)
at java.util.concurrent.ThreadPoolExecutor.runWorker(ThreadPoolExecutor.java:1149)
at java.util.concurrent.ThreadPoolExecutor$Worker.run(ThreadPoolExecutor.java:624)
at java.lang.Thread.run(Thread.java:748)
]]>
    </failure>
  </testcase> <!-- validateDeleteCustomerAPI -->
  <system-out/>
  <testcase name="validateDeleteCustomerAPI" time="1.444" classname="com.learning.testcases.DeleteCustomerTest">
    <failure type="java.lang.AssertionError" message="Response doesn&#039;t have ID as a field expected [true] but found [false]">
      <![CDATA[java.lang.AssertionError: Response doesn't have ID as a field expected [true] but found [false]
at org.testng.Assert.fail(Assert.java:99)
at org.testng.Assert.failNotEquals(Assert.java:1037)
at org.testng.Assert.assertTrue(Assert.java:45)
at com.learning.testcases.DeleteCustomerTest.doValidationUsingJSONObject(DeleteCustomerTest.java:51)
at com.learning.testcases.DeleteCustomerTest.validateDeleteCustomerAPI(DeleteCustomerTest.java:37)
at sun.reflect.GeneratedMethodAccessor250.invoke(Unknown Source)
at sun.reflect.DelegatingMethodAccessorImpl.invoke(DelegatingMethodAccessorImpl.java:43)
at java.lang.reflect.Method.invoke(Method.java:498)
at org.testng.internal.MethodInvocationHelper.invokeMethod(MethodInvocationHelper.java:132)
at org.testng.internal.TestInvoker.invokeMethod(TestInvoker.java:599)
at org.testng.internal.TestInvoker.invokeTestMethod(TestInvoker.java:174)
at org.testng.internal.TestMethodWithDataProviderMethodWorker.call(TestMethodWithDataProviderMethodWorker.java:77)
at org.testng.internal.TestMethodWithDataProviderMethodWorker.call(TestMethodWithDataProviderMethodWorker.java:15)
at java.util.concurrent.FutureTask.run(FutureTask.java:266)
at java.util.concurrent.Executors$RunnableAdapter.call(Executors.java:511)
at java.util.concurrent.FutureTask.run(FutureTask.java:266)
at java.util.concurrent.ThreadPoolExecutor.runWorker(ThreadPoolExecutor.java:1149)
at java.util.concurrent.ThreadPoolExecutor$Worker.run(ThreadPoolExecutor.java:624)
at java.lang.Thread.run(Thread.java:748)
]]>
    </failure>
  </testcase> <!-- validateDeleteCustomerAPI -->
  <system-out/>
  <testcase name="validateDeleteCustomerAPI" time="1.367" classname="com.learning.testcases.DeleteCustomerTest">
    <failure type="java.lang.AssertionError" message="Response doesn&#039;t have ID as a field expected [true] but found [false]">
      <![CDATA[java.lang.AssertionError: Response doesn't have ID as a field expected [true] but found [false]
at org.testng.Assert.fail(Assert.java:99)
at org.testng.Assert.failNotEquals(Assert.java:1037)
at org.testng.Assert.assertTrue(Assert.java:45)
at com.learning.testcases.DeleteCustomerTest.doValidationUsingJSONObject(DeleteCustomerTest.java:51)
at com.learning.testcases.DeleteCustomerTest.validateDeleteCustomerAPI(DeleteCustomerTest.java:37)
at sun.reflect.GeneratedMethodAccessor250.invoke(Unknown Source)
at sun.reflect.DelegatingMethodAccessorImpl.invoke(DelegatingMethodAccessorImpl.java:43)
at java.lang.reflect.Method.invoke(Method.java:498)
at org.testng.internal.MethodInvocationHelper.invokeMethod(MethodInvocationHelper.java:132)
at org.testng.internal.TestInvoker.invokeMethod(TestInvoker.java:599)
at org.testng.internal.TestInvoker.invokeTestMethod(TestInvoker.java:174)
at org.testng.internal.TestMethodWithDataProviderMethodWorker.call(TestMethodWithDataProviderMethodWorker.java:77)
at org.testng.internal.TestMethodWithDataProviderMethodWorker.call(TestMethodWithDataProviderMethodWorker.java:15)
at java.util.concurrent.FutureTask.run(FutureTask.java:266)
at java.util.concurrent.Executors$RunnableAdapter.call(Executors.java:511)
at java.util.concurrent.FutureTask.run(FutureTask.java:266)
at java.util.concurrent.ThreadPoolExecutor.runWorker(ThreadPoolExecutor.java:1149)
at java.util.concurrent.ThreadPoolExecutor$Worker.run(ThreadPoolExecutor.java:624)
at java.lang.Thread.run(Thread.java:748)
]]>
    </failure>
  </testcase> <!-- validateDeleteCustomerAPI -->
  <system-out/>
  <testcase name="validateDeleteCustomerAPI" time="1.356" classname="com.learning.testcases.DeleteCustomerTest">
    <failure type="java.lang.AssertionError" message="Response doesn&#039;t have ID as a field expected [true] but found [false]">
      <![CDATA[java.lang.AssertionError: Response doesn't have ID as a field expected [true] but found [false]
at org.testng.Assert.fail(Assert.java:99)
at org.testng.Assert.failNotEquals(Assert.java:1037)
at org.testng.Assert.assertTrue(Assert.java:45)
at com.learning.testcases.DeleteCustomerTest.doValidationUsingJSONObject(DeleteCustomerTest.java:51)
at com.learning.testcases.DeleteCustomerTest.validateDeleteCustomerAPI(DeleteCustomerTest.java:37)
at sun.reflect.GeneratedMethodAccessor250.invoke(Unknown Source)
at sun.reflect.DelegatingMethodAccessorImpl.invoke(DelegatingMethodAccessorImpl.java:43)
at java.lang.reflect.Method.invoke(Method.java:498)
at org.testng.internal.MethodInvocationHelper.invokeMethod(MethodInvocationHelper.java:132)
at org.testng.internal.TestInvoker.invokeMethod(TestInvoker.java:599)
at org.testng.internal.TestInvoker.invokeTestMethod(TestInvoker.java:174)
at org.testng.internal.TestMethodWithDataProviderMethodWorker.call(TestMethodWithDataProviderMethodWorker.java:77)
at org.testng.internal.TestMethodWithDataProviderMethodWorker.call(TestMethodWithDataProviderMethodWorker.java:15)
at java.util.concurrent.FutureTask.run(FutureTask.java:266)
at java.util.concurrent.Executors$RunnableAdapter.call(Executors.java:511)
at java.util.concurrent.FutureTask.run(FutureTask.java:266)
at java.util.concurrent.ThreadPoolExecutor.runWorker(ThreadPoolExecutor.java:1149)
at java.util.concurrent.ThreadPoolExecutor$Worker.run(ThreadPoolExecutor.java:624)
at java.lang.Thread.run(Thread.java:748)
]]>
    </failure>
  </testcase> <!-- validateDeleteCustomerAPI -->
  <system-out/>
  <testcase name="validateDeleteCustomerAPI" time="1.383" classname="com.learning.testcases.DeleteCustomerTest">
    <failure type="java.lang.AssertionError" message="Response doesn&#039;t have ID as a field expected [true] but found [false]">
      <![CDATA[java.lang.AssertionError: Response doesn't have ID as a field expected [true] but found [false]
at org.testng.Assert.fail(Assert.java:99)
at org.testng.Assert.failNotEquals(Assert.java:1037)
at org.testng.Assert.assertTrue(Assert.java:45)
at com.learning.testcases.DeleteCustomerTest.doValidationUsingJSONObject(DeleteCustomerTest.java:51)
at com.learning.testcases.DeleteCustomerTest.validateDeleteCustomerAPI(DeleteCustomerTest.java:37)
at sun.reflect.GeneratedMethodAccessor250.invoke(Unknown Source)
at sun.reflect.DelegatingMethodAccessorImpl.invoke(DelegatingMethodAccessorImpl.java:43)
at java.lang.reflect.Method.invoke(Method.java:498)
at org.testng.internal.MethodInvocationHelper.invokeMethod(MethodInvocationHelper.java:132)
at org.testng.internal.TestInvoker.invokeMethod(TestInvoker.java:599)
at org.testng.internal.TestInvoker.invokeTestMethod(TestInvoker.java:174)
at org.testng.internal.TestMethodWithDataProviderMethodWorker.call(TestMethodWithDataProviderMethodWorker.java:77)
at org.testng.internal.TestMethodWithDataProviderMethodWorker.call(TestMethodWithDataProviderMethodWorker.java:15)
at java.util.concurrent.FutureTask.run(FutureTask.java:266)
at java.util.concurrent.Executors$RunnableAdapter.call(Executors.java:511)
at java.util.concurrent.FutureTask.run(FutureTask.java:266)
at java.util.concurrent.ThreadPoolExecutor.runWorker(ThreadPoolExecutor.java:1149)
at java.util.concurrent.ThreadPoolExecutor$Worker.run(ThreadPoolExecutor.java:624)
at java.lang.Thread.run(Thread.java:748)
]]>
    </failure>
  </testcase> <!-- validateDeleteCustomerAPI -->
  <system-out/>
  <testcase name="validateDeleteCustomerAPI" time="2.384" classname="com.learning.testcases.DeleteCustomerTest">
    <failure type="java.lang.AssertionError" message="Response doesn&#039;t have ID as a field expected [true] but found [false]">
      <![CDATA[java.lang.AssertionError: Response doesn't have ID as a field expected [true] but found [false]
at org.testng.Assert.fail(Assert.java:99)
at org.testng.Assert.failNotEquals(Assert.java:1037)
at org.testng.Assert.assertTrue(Assert.java:45)
at com.learning.testcases.DeleteCustomerTest.doValidationUsingJSONObject(DeleteCustomerTest.java:51)
at com.learning.testcases.DeleteCustomerTest.validateDeleteCustomerAPI(DeleteCustomerTest.java:37)
at sun.reflect.GeneratedMethodAccessor250.invoke(Unknown Source)
at sun.reflect.DelegatingMethodAccessorImpl.invoke(DelegatingMethodAccessorImpl.java:43)
at java.lang.reflect.Method.invoke(Method.java:498)
at org.testng.internal.MethodInvocationHelper.invokeMethod(MethodInvocationHelper.java:132)
at org.testng.internal.TestInvoker.invokeMethod(TestInvoker.java:599)
at org.testng.internal.TestInvoker.invokeTestMethod(TestInvoker.java:174)
at org.testng.internal.TestMethodWithDataProviderMethodWorker.call(TestMethodWithDataProviderMethodWorker.java:77)
at org.testng.internal.TestMethodWithDataProviderMethodWorker.call(TestMethodWithDataProviderMethodWorker.java:15)
at java.util.concurrent.FutureTask.run(FutureTask.java:266)
at java.util.concurrent.Executors$RunnableAdapter.call(Executors.java:511)
at java.util.concurrent.FutureTask.run(FutureTask.java:266)
at java.util.concurrent.ThreadPoolExecutor.runWorker(ThreadPoolExecutor.java:1149)
at java.util.concurrent.ThreadPoolExecutor$Worker.run(ThreadPoolExecutor.java:624)
at java.lang.Thread.run(Thread.java:748)
]]>
    </failure>
  </testcase> <!-- validateDeleteCustomerAPI -->
  <system-out/>
  <testcase name="validateDeleteCustomerAPI" time="4.212" classname="com.learning.testcases.DeleteCustomerTest">
    <failure type="java.lang.AssertionError" message="Response doesn&#039;t have ID as a field expected [true] but found [false]">
      <![CDATA[java.lang.AssertionError: Response doesn't have ID as a field expected [true] but found [false]
at org.testng.Assert.fail(Assert.java:99)
at org.testng.Assert.failNotEquals(Assert.java:1037)
at org.testng.Assert.assertTrue(Assert.java:45)
at com.learning.testcases.DeleteCustomerTest.doValidationUsingJSONObject(DeleteCustomerTest.java:51)
at com.learning.testcases.DeleteCustomerTest.validateDeleteCustomerAPI(DeleteCustomerTest.java:37)
at sun.reflect.NativeMethodAccessorImpl.invoke0(Native Method)
at sun.reflect.NativeMethodAccessorImpl.invoke(NativeMethodAccessorImpl.java:62)
at sun.reflect.DelegatingMethodAccessorImpl.invoke(DelegatingMethodAccessorImpl.java:43)
at java.lang.reflect.Method.invoke(Method.java:498)
at org.testng.internal.MethodInvocationHelper.invokeMethod(MethodInvocationHelper.java:132)
at org.testng.internal.TestInvoker.invokeMethod(TestInvoker.java:599)
at org.testng.internal.TestInvoker.invokeTestMethod(TestInvoker.java:174)
at org.testng.internal.TestMethodWithDataProviderMethodWorker.call(TestMethodWithDataProviderMethodWorker.java:77)
at org.testng.internal.TestMethodWithDataProviderMethodWorker.call(TestMethodWithDataProviderMethodWorker.java:15)
at java.util.concurrent.FutureTask.run(FutureTask.java:266)
at java.util.concurrent.Executors$RunnableAdapter.call(Executors.java:511)
at java.util.concurrent.FutureTask.run(FutureTask.java:266)
at java.util.concurrent.ThreadPoolExecutor.runWorker(ThreadPoolExecutor.java:1149)
at java.util.concurrent.ThreadPoolExecutor$Worker.run(ThreadPoolExecutor.java:624)
at java.lang.Thread.run(Thread.java:748)
]]>
    </failure>
  </testcase> <!-- validateDeleteCustomerAPI -->
  <system-out/>
  <testcase name="validateDeleteCustomerAPI" time="1.413" classname="com.learning.testcases.DeleteCustomerTest">
    <failure type="java.lang.AssertionError" message="Response doesn&#039;t have ID as a field expected [true] but found [false]">
      <![CDATA[java.lang.AssertionError: Response doesn't have ID as a field expected [true] but found [false]
at org.testng.Assert.fail(Assert.java:99)
at org.testng.Assert.failNotEquals(Assert.java:1037)
at org.testng.Assert.assertTrue(Assert.java:45)
at com.learning.testcases.DeleteCustomerTest.doValidationUsingJSONObject(DeleteCustomerTest.java:51)
at com.learning.testcases.DeleteCustomerTest.validateDeleteCustomerAPI(DeleteCustomerTest.java:37)
at sun.reflect.GeneratedMethodAccessor250.invoke(Unknown Source)
at sun.reflect.DelegatingMethodAccessorImpl.invoke(DelegatingMethodAccessorImpl.java:43)
at java.lang.reflect.Method.invoke(Method.java:498)
at org.testng.internal.MethodInvocationHelper.invokeMethod(MethodInvocationHelper.java:132)
at org.testng.internal.TestInvoker.invokeMethod(TestInvoker.java:599)
at org.testng.internal.TestInvoker.invokeTestMethod(TestInvoker.java:174)
at org.testng.internal.TestMethodWithDataProviderMethodWorker.call(TestMethodWithDataProviderMethodWorker.java:77)
at org.testng.internal.TestMethodWithDataProviderMethodWorker.call(TestMethodWithDataProviderMethodWorker.java:15)
at java.util.concurrent.FutureTask.run(FutureTask.java:266)
at java.util.concurrent.Executors$RunnableAdapter.call(Executors.java:511)
at java.util.concurrent.FutureTask.run(FutureTask.java:266)
at java.util.concurrent.ThreadPoolExecutor.runWorker(ThreadPoolExecutor.java:1149)
at java.util.concurrent.ThreadPoolExecutor$Worker.run(ThreadPoolExecutor.java:624)
at java.lang.Thread.run(Thread.java:748)
]]>
    </failure>
  </testcase> <!-- validateDeleteCustomerAPI -->
  <system-out/>
  <testcase name="validateDeleteCustomerAPI" time="1.449" classname="com.learning.testcases.DeleteCustomerTest"/>
  <system-out/>
  <testcase name="validateDeleteCustomerAPI" time="4.400" classname="com.learning.testcases.DeleteCustomerTest">
    <failure type="java.lang.AssertionError" message="Response doesn&#039;t have ID as a field expected [true] but found [false]">
      <![CDATA[java.lang.AssertionError: Response doesn't have ID as a field expected [true] but found [false]
at org.testng.Assert.fail(Assert.java:99)
at org.testng.Assert.failNotEquals(Assert.java:1037)
at org.testng.Assert.assertTrue(Assert.java:45)
at com.learning.testcases.DeleteCustomerTest.doValidationUsingJSONObject(DeleteCustomerTest.java:51)
at com.learning.testcases.DeleteCustomerTest.validateDeleteCustomerAPI(DeleteCustomerTest.java:37)
at sun.reflect.NativeMethodAccessorImpl.invoke0(Native Method)
at sun.reflect.NativeMethodAccessorImpl.invoke(NativeMethodAccessorImpl.java:62)
at sun.reflect.DelegatingMethodAccessorImpl.invoke(DelegatingMethodAccessorImpl.java:43)
at java.lang.reflect.Method.invoke(Method.java:498)
at org.testng.internal.MethodInvocationHelper.invokeMethod(MethodInvocationHelper.java:132)
at org.testng.internal.TestInvoker.invokeMethod(TestInvoker.java:599)
at org.testng.internal.TestInvoker.invokeTestMethod(TestInvoker.java:174)
at org.testng.internal.TestMethodWithDataProviderMethodWorker.call(TestMethodWithDataProviderMethodWorker.java:77)
at org.testng.internal.TestMethodWithDataProviderMethodWorker.call(TestMethodWithDataProviderMethodWorker.java:15)
at java.util.concurrent.FutureTask.run(FutureTask.java:266)
at java.util.concurrent.Executors$RunnableAdapter.call(Executors.java:511)
at java.util.concurrent.FutureTask.run(FutureTask.java:266)
at java.util.concurrent.ThreadPoolExecutor.runWorker(ThreadPoolExecutor.java:1149)
at java.util.concurrent.ThreadPoolExecutor$Worker.run(ThreadPoolExecutor.java:624)
at java.lang.Thread.run(Thread.java:748)
]]>
    </failure>
  </testcase> <!-- validateDeleteCustomerAPI -->
  <system-out/>
  <testcase name="validateDeleteCustomerAPI" time="1.396" classname="com.learning.testcases.DeleteCustomerTest">
    <failure type="java.lang.AssertionError" message="Response doesn&#039;t have ID as a field expected [true] but found [false]">
      <![CDATA[java.lang.AssertionError: Response doesn't have ID as a field expected [true] but found [false]
at org.testng.Assert.fail(Assert.java:99)
at org.testng.Assert.failNotEquals(Assert.java:1037)
at org.testng.Assert.assertTrue(Assert.java:45)
at com.learning.testcases.DeleteCustomerTest.doValidationUsingJSONObject(DeleteCustomerTest.java:51)
at com.learning.testcases.DeleteCustomerTest.validateDeleteCustomerAPI(DeleteCustomerTest.java:37)
at sun.reflect.NativeMethodAccessorImpl.invoke0(Native Method)
at sun.reflect.NativeMethodAccessorImpl.invoke(NativeMethodAccessorImpl.java:62)
at sun.reflect.DelegatingMethodAccessorImpl.invoke(DelegatingMethodAccessorImpl.java:43)
at java.lang.reflect.Method.invoke(Method.java:498)
at org.testng.internal.MethodInvocationHelper.invokeMethod(MethodInvocationHelper.java:132)
at org.testng.internal.TestInvoker.invokeMethod(TestInvoker.java:599)
at org.testng.internal.TestInvoker.invokeTestMethod(TestInvoker.java:174)
at org.testng.internal.TestMethodWithDataProviderMethodWorker.call(TestMethodWithDataProviderMethodWorker.java:77)
at org.testng.internal.TestMethodWithDataProviderMethodWorker.call(TestMethodWithDataProviderMethodWorker.java:15)
at java.util.concurrent.FutureTask.run(FutureTask.java:266)
at java.util.concurrent.Executors$RunnableAdapter.call(Executors.java:511)
at java.util.concurrent.FutureTask.run(FutureTask.java:266)
at java.util.concurrent.ThreadPoolExecutor.runWorker(ThreadPoolExecutor.java:1149)
at java.util.concurrent.ThreadPoolExecutor$Worker.run(ThreadPoolExecutor.java:624)
at java.lang.Thread.run(Thread.java:748)
]]>
    </failure>
  </testcase> <!-- validateDeleteCustomerAPI -->
  <system-out/>
  <testcase name="validateDeleteCustomerAPI" time="1.497" classname="com.learning.testcases.DeleteCustomerTest"/>
  <system-out/>
  <testcase name="validateDeleteCustomerAPI" time="1.408" classname="com.learning.testcases.DeleteCustomerTest">
    <failure type="java.lang.AssertionError" message="Response doesn&#039;t have ID as a field expected [true] but found [false]">
      <![CDATA[java.lang.AssertionError: Response doesn't have ID as a field expected [true] but found [false]
at org.testng.Assert.fail(Assert.java:99)
at org.testng.Assert.failNotEquals(Assert.java:1037)
at org.testng.Assert.assertTrue(Assert.java:45)
at com.learning.testcases.DeleteCustomerTest.doValidationUsingJSONObject(DeleteCustomerTest.java:51)
at com.learning.testcases.DeleteCustomerTest.validateDeleteCustomerAPI(DeleteCustomerTest.java:37)
at sun.reflect.NativeMethodAccessorImpl.invoke0(Native Method)
at sun.reflect.NativeMethodAccessorImpl.invoke(NativeMethodAccessorImpl.java:62)
at sun.reflect.DelegatingMethodAccessorImpl.invoke(DelegatingMethodAccessorImpl.java:43)
at java.lang.reflect.Method.invoke(Method.java:498)
at org.testng.internal.MethodInvocationHelper.invokeMethod(MethodInvocationHelper.java:132)
at org.testng.internal.TestInvoker.invokeMethod(TestInvoker.java:599)
at org.testng.internal.TestInvoker.invokeTestMethod(TestInvoker.java:174)
at org.testng.internal.TestMethodWithDataProviderMethodWorker.call(TestMethodWithDataProviderMethodWorker.java:77)
at org.testng.internal.TestMethodWithDataProviderMethodWorker.call(TestMethodWithDataProviderMethodWorker.java:15)
at java.util.concurrent.FutureTask.run(FutureTask.java:266)
at java.util.concurrent.Executors$RunnableAdapter.call(Executors.java:511)
at java.util.concurrent.FutureTask.run(FutureTask.java:266)
at java.util.concurrent.ThreadPoolExecutor.runWorker(ThreadPoolExecutor.java:1149)
at java.util.concurrent.ThreadPoolExecutor$Worker.run(ThreadPoolExecutor.java:624)
at java.lang.Thread.run(Thread.java:748)
]]>
    </failure>
  </testcase> <!-- validateDeleteCustomerAPI -->
  <system-out/>
  <testcase name="validateDeleteCustomerAPI" time="1.423" classname="com.learning.testcases.DeleteCustomerTest">
    <failure type="java.lang.AssertionError" message="Response doesn&#039;t have ID as a field expected [true] but found [false]">
      <![CDATA[java.lang.AssertionError: Response doesn't have ID as a field expected [true] but found [false]
at org.testng.Assert.fail(Assert.java:99)
at org.testng.Assert.failNotEquals(Assert.java:1037)
at org.testng.Assert.assertTrue(Assert.java:45)
at com.learning.testcases.DeleteCustomerTest.doValidationUsingJSONObject(DeleteCustomerTest.java:51)
at com.learning.testcases.DeleteCustomerTest.validateDeleteCustomerAPI(DeleteCustomerTest.java:37)
at sun.reflect.GeneratedMethodAccessor250.invoke(Unknown Source)
at sun.reflect.DelegatingMethodAccessorImpl.invoke(DelegatingMethodAccessorImpl.java:43)
at java.lang.reflect.Method.invoke(Method.java:498)
at org.testng.internal.MethodInvocationHelper.invokeMethod(MethodInvocationHelper.java:132)
at org.testng.internal.TestInvoker.invokeMethod(TestInvoker.java:599)
at org.testng.internal.TestInvoker.invokeTestMethod(TestInvoker.java:174)
at org.testng.internal.TestMethodWithDataProviderMethodWorker.call(TestMethodWithDataProviderMethodWorker.java:77)
at org.testng.internal.TestMethodWithDataProviderMethodWorker.call(TestMethodWithDataProviderMethodWorker.java:15)
at java.util.concurrent.FutureTask.run(FutureTask.java:266)
at java.util.concurrent.Executors$RunnableAdapter.call(Executors.java:511)
at java.util.concurrent.FutureTask.run(FutureTask.java:266)
at java.util.concurrent.ThreadPoolExecutor.runWorker(ThreadPoolExecutor.java:1149)
at java.util.concurrent.ThreadPoolExecutor$Worker.run(ThreadPoolExecutor.java:624)
at java.lang.Thread.run(Thread.java:748)
]]>
    </failure>
  </testcase> <!-- validateDeleteCustomerAPI -->
  <system-out/>
  <testcase name="validateDeleteCustomerAPI" time="1.554" classname="com.learning.testcases.DeleteCustomerTest"/>
  <system-out/>
  <testcase name="validateDeleteCustomerAPI" time="1.441" classname="com.learning.testcases.DeleteCustomerTest">
    <failure type="java.lang.AssertionError" message="Response doesn&#039;t have ID as a field expected [true] but found [false]">
      <![CDATA[java.lang.AssertionError: Response doesn't have ID as a field expected [true] but found [false]
at org.testng.Assert.fail(Assert.java:99)
at org.testng.Assert.failNotEquals(Assert.java:1037)
at org.testng.Assert.assertTrue(Assert.java:45)
at com.learning.testcases.DeleteCustomerTest.doValidationUsingJSONObject(DeleteCustomerTest.java:51)
at com.learning.testcases.DeleteCustomerTest.validateDeleteCustomerAPI(DeleteCustomerTest.java:37)
at sun.reflect.GeneratedMethodAccessor250.invoke(Unknown Source)
at sun.reflect.DelegatingMethodAccessorImpl.invoke(DelegatingMethodAccessorImpl.java:43)
at java.lang.reflect.Method.invoke(Method.java:498)
at org.testng.internal.MethodInvocationHelper.invokeMethod(MethodInvocationHelper.java:132)
at org.testng.internal.TestInvoker.invokeMethod(TestInvoker.java:599)
at org.testng.internal.TestInvoker.invokeTestMethod(TestInvoker.java:174)
at org.testng.internal.TestMethodWithDataProviderMethodWorker.call(TestMethodWithDataProviderMethodWorker.java:77)
at org.testng.internal.TestMethodWithDataProviderMethodWorker.call(TestMethodWithDataProviderMethodWorker.java:15)
at java.util.concurrent.FutureTask.run(FutureTask.java:266)
at java.util.concurrent.Executors$RunnableAdapter.call(Executors.java:511)
at java.util.concurrent.FutureTask.run(FutureTask.java:266)
at java.util.concurrent.ThreadPoolExecutor.runWorker(ThreadPoolExecutor.java:1149)
at java.util.concurrent.ThreadPoolExecutor$Worker.run(ThreadPoolExecutor.java:624)
at java.lang.Thread.run(Thread.java:748)
]]>
    </failure>
  </testcase> <!-- validateDeleteCustomerAPI -->
  <system-out/>
  <testcase name="validateDeleteCustomerAPI" time="1.446" classname="com.learning.testcases.DeleteCustomerTest">
    <failure type="java.lang.AssertionError" message="Response doesn&#039;t have ID as a field expected [true] but found [false]">
      <![CDATA[java.lang.AssertionError: Response doesn't have ID as a field expected [true] but found [false]
at org.testng.Assert.fail(Assert.java:99)
at org.testng.Assert.failNotEquals(Assert.java:1037)
at org.testng.Assert.assertTrue(Assert.java:45)
at com.learning.testcases.DeleteCustomerTest.doValidationUsingJSONObject(DeleteCustomerTest.java:51)
at com.learning.testcases.DeleteCustomerTest.validateDeleteCustomerAPI(DeleteCustomerTest.java:37)
at sun.reflect.GeneratedMethodAccessor250.invoke(Unknown Source)
at sun.reflect.DelegatingMethodAccessorImpl.invoke(DelegatingMethodAccessorImpl.java:43)
at java.lang.reflect.Method.invoke(Method.java:498)
at org.testng.internal.MethodInvocationHelper.invokeMethod(MethodInvocationHelper.java:132)
at org.testng.internal.TestInvoker.invokeMethod(TestInvoker.java:599)
at org.testng.internal.TestInvoker.invokeTestMethod(TestInvoker.java:174)
at org.testng.internal.TestMethodWithDataProviderMethodWorker.call(TestMethodWithDataProviderMethodWorker.java:77)
at org.testng.internal.TestMethodWithDataProviderMethodWorker.call(TestMethodWithDataProviderMethodWorker.java:15)
at java.util.concurrent.FutureTask.run(FutureTask.java:266)
at java.util.concurrent.Executors$RunnableAdapter.call(Executors.java:511)
at java.util.concurrent.FutureTask.run(FutureTask.java:266)
at java.util.concurrent.ThreadPoolExecutor.runWorker(ThreadPoolExecutor.java:1149)
at java.util.concurrent.ThreadPoolExecutor$Worker.run(ThreadPoolExecutor.java:624)
at java.lang.Thread.run(Thread.java:748)
]]>
    </failure>
  </testcase> <!-- validateDeleteCustomerAPI -->
  <system-out/>
  <testcase name="validateDeleteCustomerAPI" time="1.448" classname="com.learning.testcases.DeleteCustomerTest"/>
  <system-out/>
  <testcase name="validateDeleteCustomerAPI" time="1.388" classname="com.learning.testcases.DeleteCustomerTest">
    <failure type="java.lang.AssertionError" message="Response doesn&#039;t have ID as a field expected [true] but found [false]">
      <![CDATA[java.lang.AssertionError: Response doesn't have ID as a field expected [true] but found [false]
at org.testng.Assert.fail(Assert.java:99)
at org.testng.Assert.failNotEquals(Assert.java:1037)
at org.testng.Assert.assertTrue(Assert.java:45)
at com.learning.testcases.DeleteCustomerTest.doValidationUsingJSONObject(DeleteCustomerTest.java:51)
at com.learning.testcases.DeleteCustomerTest.validateDeleteCustomerAPI(DeleteCustomerTest.java:37)
at sun.reflect.GeneratedMethodAccessor250.invoke(Unknown Source)
at sun.reflect.DelegatingMethodAccessorImpl.invoke(DelegatingMethodAccessorImpl.java:43)
at java.lang.reflect.Method.invoke(Method.java:498)
at org.testng.internal.MethodInvocationHelper.invokeMethod(MethodInvocationHelper.java:132)
at org.testng.internal.TestInvoker.invokeMethod(TestInvoker.java:599)
at org.testng.internal.TestInvoker.invokeTestMethod(TestInvoker.java:174)
at org.testng.internal.TestMethodWithDataProviderMethodWorker.call(TestMethodWithDataProviderMethodWorker.java:77)
at org.testng.internal.TestMethodWithDataProviderMethodWorker.call(TestMethodWithDataProviderMethodWorker.java:15)
at java.util.concurrent.FutureTask.run(FutureTask.java:266)
at java.util.concurrent.Executors$RunnableAdapter.call(Executors.java:511)
at java.util.concurrent.FutureTask.run(FutureTask.java:266)
at java.util.concurrent.ThreadPoolExecutor.runWorker(ThreadPoolExecutor.java:1149)
at java.util.concurrent.ThreadPoolExecutor$Worker.run(ThreadPoolExecutor.java:624)
at java.lang.Thread.run(Thread.java:748)
]]>
    </failure>
  </testcase> <!-- validateDeleteCustomerAPI -->
  <system-out/>
  <testcase name="validateDeleteCustomerAPI" time="1.607" classname="com.learning.testcases.DeleteCustomerTest">
    <failure type="java.lang.AssertionError" message="Response doesn&#039;t have ID as a field expected [true] but found [false]">
      <![CDATA[java.lang.AssertionError: Response doesn't have ID as a field expected [true] but found [false]
at org.testng.Assert.fail(Assert.java:99)
at org.testng.Assert.failNotEquals(Assert.java:1037)
at org.testng.Assert.assertTrue(Assert.java:45)
at com.learning.testcases.DeleteCustomerTest.doValidationUsingJSONObject(DeleteCustomerTest.java:51)
at com.learning.testcases.DeleteCustomerTest.validateDeleteCustomerAPI(DeleteCustomerTest.java:37)
at sun.reflect.GeneratedMethodAccessor250.invoke(Unknown Source)
at sun.reflect.DelegatingMethodAccessorImpl.invoke(DelegatingMethodAccessorImpl.java:43)
at java.lang.reflect.Method.invoke(Method.java:498)
at org.testng.internal.MethodInvocationHelper.invokeMethod(MethodInvocationHelper.java:132)
at org.testng.internal.TestInvoker.invokeMethod(TestInvoker.java:599)
at org.testng.internal.TestInvoker.invokeTestMethod(TestInvoker.java:174)
at org.testng.internal.TestMethodWithDataProviderMethodWorker.call(TestMethodWithDataProviderMethodWorker.java:77)
at org.testng.internal.TestMethodWithDataProviderMethodWorker.call(TestMethodWithDataProviderMethodWorker.java:15)
at java.util.concurrent.FutureTask.run(FutureTask.java:266)
at java.util.concurrent.Executors$RunnableAdapter.call(Executors.java:511)
at java.util.concurrent.FutureTask.run(FutureTask.java:266)
at java.util.concurrent.ThreadPoolExecutor.runWorker(ThreadPoolExecutor.java:1149)
at java.util.concurrent.ThreadPoolExecutor$Worker.run(ThreadPoolExecutor.java:624)
at java.lang.Thread.run(Thread.java:748)
]]>
    </failure>
  </testcase> <!-- validateDeleteCustomerAPI -->
  <system-out/>
  <testcase name="validateDeleteCustomerAPI" time="1.396" classname="com.learning.testcases.DeleteCustomerTest">
    <failure type="java.lang.AssertionError" message="Response doesn&#039;t have ID as a field expected [true] but found [false]">
      <![CDATA[java.lang.AssertionError: Response doesn't have ID as a field expected [true] but found [false]
at org.testng.Assert.fail(Assert.java:99)
at org.testng.Assert.failNotEquals(Assert.java:1037)
at org.testng.Assert.assertTrue(Assert.java:45)
at com.learning.testcases.DeleteCustomerTest.doValidationUsingJSONObject(DeleteCustomerTest.java:51)
at com.learning.testcases.DeleteCustomerTest.validateDeleteCustomerAPI(DeleteCustomerTest.java:37)
at sun.reflect.GeneratedMethodAccessor250.invoke(Unknown Source)
at sun.reflect.DelegatingMethodAccessorImpl.invoke(DelegatingMethodAccessorImpl.java:43)
at java.lang.reflect.Method.invoke(Method.java:498)
at org.testng.internal.MethodInvocationHelper.invokeMethod(MethodInvocationHelper.java:132)
at org.testng.internal.TestInvoker.invokeMethod(TestInvoker.java:599)
at org.testng.internal.TestInvoker.invokeTestMethod(TestInvoker.java:174)
at org.testng.internal.TestMethodWithDataProviderMethodWorker.call(TestMethodWithDataProviderMethodWorker.java:77)
at org.testng.internal.TestMethodWithDataProviderMethodWorker.call(TestMethodWithDataProviderMethodWorker.java:15)
at java.util.concurrent.FutureTask.run(FutureTask.java:266)
at java.util.concurrent.Executors$RunnableAdapter.call(Executors.java:511)
at java.util.concurrent.FutureTask.run(FutureTask.java:266)
at java.util.concurrent.ThreadPoolExecutor.runWorker(ThreadPoolExecutor.java:1149)
at java.util.concurrent.ThreadPoolExecutor$Worker.run(ThreadPoolExecutor.java:624)
at java.lang.Thread.run(Thread.java:748)
]]>
    </failure>
  </testcase> <!-- validateDeleteCustomerAPI -->
  <system-out/>
  <testcase name="validateDeleteCustomerAPI" time="1.431" classname="com.learning.testcases.DeleteCustomerTest">
    <failure type="java.lang.AssertionError" message="Response doesn&#039;t have ID as a field expected [true] but found [false]">
      <![CDATA[java.lang.AssertionError: Response doesn't have ID as a field expected [true] but found [false]
at org.testng.Assert.fail(Assert.java:99)
at org.testng.Assert.failNotEquals(Assert.java:1037)
at org.testng.Assert.assertTrue(Assert.java:45)
at com.learning.testcases.DeleteCustomerTest.doValidationUsingJSONObject(DeleteCustomerTest.java:51)
at com.learning.testcases.DeleteCustomerTest.validateDeleteCustomerAPI(DeleteCustomerTest.java:37)
at sun.reflect.GeneratedMethodAccessor250.invoke(Unknown Source)
at sun.reflect.DelegatingMethodAccessorImpl.invoke(DelegatingMethodAccessorImpl.java:43)
at java.lang.reflect.Method.invoke(Method.java:498)
at org.testng.internal.MethodInvocationHelper.invokeMethod(MethodInvocationHelper.java:132)
at org.testng.internal.TestInvoker.invokeMethod(TestInvoker.java:599)
at org.testng.internal.TestInvoker.invokeTestMethod(TestInvoker.java:174)
at org.testng.internal.TestMethodWithDataProviderMethodWorker.call(TestMethodWithDataProviderMethodWorker.java:77)
at org.testng.internal.TestMethodWithDataProviderMethodWorker.call(TestMethodWithDataProviderMethodWorker.java:15)
at java.util.concurrent.FutureTask.run(FutureTask.java:266)
at java.util.concurrent.Executors$RunnableAdapter.call(Executors.java:511)
at java.util.concurrent.FutureTask.run(FutureTask.java:266)
at java.util.concurrent.ThreadPoolExecutor.runWorker(ThreadPoolExecutor.java:1149)
at java.util.concurrent.ThreadPoolExecutor$Worker.run(ThreadPoolExecutor.java:624)
at java.lang.Thread.run(Thread.java:748)
]]>
    </failure>
  </testcase> <!-- validateDeleteCustomerAPI -->
  <system-out/>
  <testcase name="validateDeleteCustomerAPI" time="1.437" classname="com.learning.testcases.DeleteCustomerTest">
    <failure type="java.lang.AssertionError" message="Response doesn&#039;t have ID as a field expected [true] but found [false]">
      <![CDATA[java.lang.AssertionError: Response doesn't have ID as a field expected [true] but found [false]
at org.testng.Assert.fail(Assert.java:99)
at org.testng.Assert.failNotEquals(Assert.java:1037)
at org.testng.Assert.assertTrue(Assert.java:45)
at com.learning.testcases.DeleteCustomerTest.doValidationUsingJSONObject(DeleteCustomerTest.java:51)
at com.learning.testcases.DeleteCustomerTest.validateDeleteCustomerAPI(DeleteCustomerTest.java:37)
at sun.reflect.GeneratedMethodAccessor250.invoke(Unknown Source)
at sun.reflect.DelegatingMethodAccessorImpl.invoke(DelegatingMethodAccessorImpl.java:43)
at java.lang.reflect.Method.invoke(Method.java:498)
at org.testng.internal.MethodInvocationHelper.invokeMethod(MethodInvocationHelper.java:132)
at org.testng.internal.TestInvoker.invokeMethod(TestInvoker.java:599)
at org.testng.internal.TestInvoker.invokeTestMethod(TestInvoker.java:174)
at org.testng.internal.TestMethodWithDataProviderMethodWorker.call(TestMethodWithDataProviderMethodWorker.java:77)
at org.testng.internal.TestMethodWithDataProviderMethodWorker.call(TestMethodWithDataProviderMethodWorker.java:15)
at java.util.concurrent.FutureTask.run(FutureTask.java:266)
at java.util.concurrent.Executors$RunnableAdapter.call(Executors.java:511)
at java.util.concurrent.FutureTask.run(FutureTask.java:266)
at java.util.concurrent.ThreadPoolExecutor.runWorker(ThreadPoolExecutor.java:1149)
at java.util.concurrent.ThreadPoolExecutor$Worker.run(ThreadPoolExecutor.java:624)
at java.lang.Thread.run(Thread.java:748)
]]>
    </failure>
  </testcase> <!-- validateDeleteCustomerAPI -->
  <system-out/>
  <testcase name="validateDeleteCustomerAPI" time="1.379" classname="com.learning.testcases.DeleteCustomerTest">
    <failure type="java.lang.AssertionError" message="Response doesn&#039;t have ID as a field expected [true] but found [false]">
      <![CDATA[java.lang.AssertionError: Response doesn't have ID as a field expected [true] but found [false]
at org.testng.Assert.fail(Assert.java:99)
at org.testng.Assert.failNotEquals(Assert.java:1037)
at org.testng.Assert.assertTrue(Assert.java:45)
at com.learning.testcases.DeleteCustomerTest.doValidationUsingJSONObject(DeleteCustomerTest.java:51)
at com.learning.testcases.DeleteCustomerTest.validateDeleteCustomerAPI(DeleteCustomerTest.java:37)
at sun.reflect.GeneratedMethodAccessor250.invoke(Unknown Source)
at sun.reflect.DelegatingMethodAccessorImpl.invoke(DelegatingMethodAccessorImpl.java:43)
at java.lang.reflect.Method.invoke(Method.java:498)
at org.testng.internal.MethodInvocationHelper.invokeMethod(MethodInvocationHelper.java:132)
at org.testng.internal.TestInvoker.invokeMethod(TestInvoker.java:599)
at org.testng.internal.TestInvoker.invokeTestMethod(TestInvoker.java:174)
at org.testng.internal.TestMethodWithDataProviderMethodWorker.call(TestMethodWithDataProviderMethodWorker.java:77)
at org.testng.internal.TestMethodWithDataProviderMethodWorker.call(TestMethodWithDataProviderMethodWorker.java:15)
at java.util.concurrent.FutureTask.run(FutureTask.java:266)
at java.util.concurrent.Executors$RunnableAdapter.call(Executors.java:511)
at java.util.concurrent.FutureTask.run(FutureTask.java:266)
at java.util.concurrent.ThreadPoolExecutor.runWorker(ThreadPoolExecutor.java:1149)
at java.util.concurrent.ThreadPoolExecutor$Worker.run(ThreadPoolExecutor.java:624)
at java.lang.Thread.run(Thread.java:748)
]]>
    </failure>
  </testcase> <!-- validateDeleteCustomerAPI -->
  <system-out/>
  <testcase name="validateDeleteCustomerAPI" time="1.402" classname="com.learning.testcases.DeleteCustomerTest">
    <failure type="java.lang.AssertionError" message="Response doesn&#039;t have ID as a field expected [true] but found [false]">
      <![CDATA[java.lang.AssertionError: Response doesn't have ID as a field expected [true] but found [false]
at org.testng.Assert.fail(Assert.java:99)
at org.testng.Assert.failNotEquals(Assert.java:1037)
at org.testng.Assert.assertTrue(Assert.java:45)
at com.learning.testcases.DeleteCustomerTest.doValidationUsingJSONObject(DeleteCustomerTest.java:51)
at com.learning.testcases.DeleteCustomerTest.validateDeleteCustomerAPI(DeleteCustomerTest.java:37)
at sun.reflect.GeneratedMethodAccessor250.invoke(Unknown Source)
at sun.reflect.DelegatingMethodAccessorImpl.invoke(DelegatingMethodAccessorImpl.java:43)
at java.lang.reflect.Method.invoke(Method.java:498)
at org.testng.internal.MethodInvocationHelper.invokeMethod(MethodInvocationHelper.java:132)
at org.testng.internal.TestInvoker.invokeMethod(TestInvoker.java:599)
at org.testng.internal.TestInvoker.invokeTestMethod(TestInvoker.java:174)
at org.testng.internal.TestMethodWithDataProviderMethodWorker.call(TestMethodWithDataProviderMethodWorker.java:77)
at org.testng.internal.TestMethodWithDataProviderMethodWorker.call(TestMethodWithDataProviderMethodWorker.java:15)
at java.util.concurrent.FutureTask.run(FutureTask.java:266)
at java.util.concurrent.Executors$RunnableAdapter.call(Executors.java:511)
at java.util.concurrent.FutureTask.run(FutureTask.java:266)
at java.util.concurrent.ThreadPoolExecutor.runWorker(ThreadPoolExecutor.java:1149)
at java.util.concurrent.ThreadPoolExecutor$Worker.run(ThreadPoolExecutor.java:624)
at java.lang.Thread.run(Thread.java:748)
]]>
    </failure>
  </testcase> <!-- validateDeleteCustomerAPI -->
  <system-out/>
  <testcase name="validateDeleteCustomerAPI" time="1.446" classname="com.learning.testcases.DeleteCustomerTest"/>
  <system-out/>
  <testcase name="validateDeleteCustomerAPI" time="1.381" classname="com.learning.testcases.DeleteCustomerTest">
    <failure type="java.lang.AssertionError" message="Response doesn&#039;t have ID as a field expected [true] but found [false]">
      <![CDATA[java.lang.AssertionError: Response doesn't have ID as a field expected [true] but found [false]
at org.testng.Assert.fail(Assert.java:99)
at org.testng.Assert.failNotEquals(Assert.java:1037)
at org.testng.Assert.assertTrue(Assert.java:45)
at com.learning.testcases.DeleteCustomerTest.doValidationUsingJSONObject(DeleteCustomerTest.java:51)
at com.learning.testcases.DeleteCustomerTest.validateDeleteCustomerAPI(DeleteCustomerTest.java:37)
at sun.reflect.GeneratedMethodAccessor250.invoke(Unknown Source)
at sun.reflect.DelegatingMethodAccessorImpl.invoke(DelegatingMethodAccessorImpl.java:43)
at java.lang.reflect.Method.invoke(Method.java:498)
at org.testng.internal.MethodInvocationHelper.invokeMethod(MethodInvocationHelper.java:132)
at org.testng.internal.TestInvoker.invokeMethod(TestInvoker.java:599)
at org.testng.internal.TestInvoker.invokeTestMethod(TestInvoker.java:174)
at org.testng.internal.TestMethodWithDataProviderMethodWorker.call(TestMethodWithDataProviderMethodWorker.java:77)
at org.testng.internal.TestMethodWithDataProviderMethodWorker.call(TestMethodWithDataProviderMethodWorker.java:15)
at java.util.concurrent.FutureTask.run(FutureTask.java:266)
at java.util.concurrent.Executors$RunnableAdapter.call(Executors.java:511)
at java.util.concurrent.FutureTask.run(FutureTask.java:266)
at java.util.concurrent.ThreadPoolExecutor.runWorker(ThreadPoolExecutor.java:1149)
at java.util.concurrent.ThreadPoolExecutor$Worker.run(ThreadPoolExecutor.java:624)
at java.lang.Thread.run(Thread.java:748)
]]>
    </failure>
  </testcase> <!-- validateDeleteCustomerAPI -->
  <system-out/>
  <testcase name="validateDeleteCustomerAPI" time="1.454" classname="com.learning.testcases.DeleteCustomerTest"/>
  <system-out/>
  <testcase name="validateDeleteCustomerAPI" time="1.383" classname="com.learning.testcases.DeleteCustomerTest">
    <failure type="java.lang.AssertionError" message="Response doesn&#039;t have ID as a field expected [true] but found [false]">
      <![CDATA[java.lang.AssertionError: Response doesn't have ID as a field expected [true] but found [false]
at org.testng.Assert.fail(Assert.java:99)
at org.testng.Assert.failNotEquals(Assert.java:1037)
at org.testng.Assert.assertTrue(Assert.java:45)
at com.learning.testcases.DeleteCustomerTest.doValidationUsingJSONObject(DeleteCustomerTest.java:51)
at com.learning.testcases.DeleteCustomerTest.validateDeleteCustomerAPI(DeleteCustomerTest.java:37)
at sun.reflect.GeneratedMethodAccessor250.invoke(Unknown Source)
at sun.reflect.DelegatingMethodAccessorImpl.invoke(DelegatingMethodAccessorImpl.java:43)
at java.lang.reflect.Method.invoke(Method.java:498)
at org.testng.internal.MethodInvocationHelper.invokeMethod(MethodInvocationHelper.java:132)
at org.testng.internal.TestInvoker.invokeMethod(TestInvoker.java:599)
at org.testng.internal.TestInvoker.invokeTestMethod(TestInvoker.java:174)
at org.testng.internal.TestMethodWithDataProviderMethodWorker.call(TestMethodWithDataProviderMethodWorker.java:77)
at org.testng.internal.TestMethodWithDataProviderMethodWorker.call(TestMethodWithDataProviderMethodWorker.java:15)
at java.util.concurrent.FutureTask.run(FutureTask.java:266)
at java.util.concurrent.Executors$RunnableAdapter.call(Executors.java:511)
at java.util.concurrent.FutureTask.run(FutureTask.java:266)
at java.util.concurrent.ThreadPoolExecutor.runWorker(ThreadPoolExecutor.java:1149)
at java.util.concurrent.ThreadPoolExecutor$Worker.run(ThreadPoolExecutor.java:624)
at java.lang.Thread.run(Thread.java:748)
]]>
    </failure>
  </testcase> <!-- validateDeleteCustomerAPI -->
  <system-out/>
  <testcase name="validateDeleteCustomerAPI" time="1.438" classname="com.learning.testcases.DeleteCustomerTest">
    <failure type="java.lang.AssertionError" message="Response doesn&#039;t have ID as a field expected [true] but found [false]">
      <![CDATA[java.lang.AssertionError: Response doesn't have ID as a field expected [true] but found [false]
at org.testng.Assert.fail(Assert.java:99)
at org.testng.Assert.failNotEquals(Assert.java:1037)
at org.testng.Assert.assertTrue(Assert.java:45)
at com.learning.testcases.DeleteCustomerTest.doValidationUsingJSONObject(DeleteCustomerTest.java:51)
at com.learning.testcases.DeleteCustomerTest.validateDeleteCustomerAPI(DeleteCustomerTest.java:37)
at sun.reflect.GeneratedMethodAccessor250.invoke(Unknown Source)
at sun.reflect.DelegatingMethodAccessorImpl.invoke(DelegatingMethodAccessorImpl.java:43)
at java.lang.reflect.Method.invoke(Method.java:498)
at org.testng.internal.MethodInvocationHelper.invokeMethod(MethodInvocationHelper.java:132)
at org.testng.internal.TestInvoker.invokeMethod(TestInvoker.java:599)
at org.testng.internal.TestInvoker.invokeTestMethod(TestInvoker.java:174)
at org.testng.internal.TestMethodWithDataProviderMethodWorker.call(TestMethodWithDataProviderMethodWorker.java:77)
at org.testng.internal.TestMethodWithDataProviderMethodWorker.call(TestMethodWithDataProviderMethodWorker.java:15)
at java.util.concurrent.FutureTask.run(FutureTask.java:266)
at java.util.concurrent.Executors$RunnableAdapter.call(Executors.java:511)
at java.util.concurrent.FutureTask.run(FutureTask.java:266)
at java.util.concurrent.ThreadPoolExecutor.runWorker(ThreadPoolExecutor.java:1149)
at java.util.concurrent.ThreadPoolExecutor$Worker.run(ThreadPoolExecutor.java:624)
at java.lang.Thread.run(Thread.java:748)
]]>
    </failure>
  </testcase> <!-- validateDeleteCustomerAPI -->
  <system-out/>
  <testcase name="validateDeleteCustomerAPI" time="1.395" classname="com.learning.testcases.DeleteCustomerTest">
    <failure type="java.lang.AssertionError" message="Response doesn&#039;t have ID as a field expected [true] but found [false]">
      <![CDATA[java.lang.AssertionError: Response doesn't have ID as a field expected [true] but found [false]
at org.testng.Assert.fail(Assert.java:99)
at org.testng.Assert.failNotEquals(Assert.java:1037)
at org.testng.Assert.assertTrue(Assert.java:45)
at com.learning.testcases.DeleteCustomerTest.doValidationUsingJSONObject(DeleteCustomerTest.java:51)
at com.learning.testcases.DeleteCustomerTest.validateDeleteCustomerAPI(DeleteCustomerTest.java:37)
at sun.reflect.GeneratedMethodAccessor250.invoke(Unknown Source)
at sun.reflect.DelegatingMethodAccessorImpl.invoke(DelegatingMethodAccessorImpl.java:43)
at java.lang.reflect.Method.invoke(Method.java:498)
at org.testng.internal.MethodInvocationHelper.invokeMethod(MethodInvocationHelper.java:132)
at org.testng.internal.TestInvoker.invokeMethod(TestInvoker.java:599)
at org.testng.internal.TestInvoker.invokeTestMethod(TestInvoker.java:174)
at org.testng.internal.TestMethodWithDataProviderMethodWorker.call(TestMethodWithDataProviderMethodWorker.java:77)
at org.testng.internal.TestMethodWithDataProviderMethodWorker.call(TestMethodWithDataProviderMethodWorker.java:15)
at java.util.concurrent.FutureTask.run(FutureTask.java:266)
at java.util.concurrent.Executors$RunnableAdapter.call(Executors.java:511)
at java.util.concurrent.FutureTask.run(FutureTask.java:266)
at java.util.concurrent.ThreadPoolExecutor.runWorker(ThreadPoolExecutor.java:1149)
at java.util.concurrent.ThreadPoolExecutor$Worker.run(ThreadPoolExecutor.java:624)
at java.lang.Thread.run(Thread.java:748)
]]>
    </failure>
  </testcase> <!-- validateDeleteCustomerAPI -->
  <system-out/>
  <testcase name="validateDeleteCustomerAPI" time="1.644" classname="com.learning.testcases.DeleteCustomerTest"/>
  <system-out/>
  <testcase name="validateDeleteCustomerAPI" time="1.479" classname="com.learning.testcases.DeleteCustomerTest">
    <failure type="java.lang.AssertionError" message="Response doesn&#039;t have ID as a field expected [true] but found [false]">
      <![CDATA[java.lang.AssertionError: Response doesn't have ID as a field expected [true] but found [false]
at org.testng.Assert.fail(Assert.java:99)
at org.testng.Assert.failNotEquals(Assert.java:1037)
at org.testng.Assert.assertTrue(Assert.java:45)
at com.learning.testcases.DeleteCustomerTest.doValidationUsingJSONObject(DeleteCustomerTest.java:51)
at com.learning.testcases.DeleteCustomerTest.validateDeleteCustomerAPI(DeleteCustomerTest.java:37)
at sun.reflect.GeneratedMethodAccessor250.invoke(Unknown Source)
at sun.reflect.DelegatingMethodAccessorImpl.invoke(DelegatingMethodAccessorImpl.java:43)
at java.lang.reflect.Method.invoke(Method.java:498)
at org.testng.internal.MethodInvocationHelper.invokeMethod(MethodInvocationHelper.java:132)
at org.testng.internal.TestInvoker.invokeMethod(TestInvoker.java:599)
at org.testng.internal.TestInvoker.invokeTestMethod(TestInvoker.java:174)
at org.testng.internal.TestMethodWithDataProviderMethodWorker.call(TestMethodWithDataProviderMethodWorker.java:77)
at org.testng.internal.TestMethodWithDataProviderMethodWorker.call(TestMethodWithDataProviderMethodWorker.java:15)
at java.util.concurrent.FutureTask.run(FutureTask.java:266)
at java.util.concurrent.Executors$RunnableAdapter.call(Executors.java:511)
at java.util.concurrent.FutureTask.run(FutureTask.java:266)
at java.util.concurrent.ThreadPoolExecutor.runWorker(ThreadPoolExecutor.java:1149)
at java.util.concurrent.ThreadPoolExecutor$Worker.run(ThreadPoolExecutor.java:624)
at java.lang.Thread.run(Thread.java:748)
]]>
    </failure>
  </testcase> <!-- validateDeleteCustomerAPI -->
  <system-out/>
  <testcase name="validateDeleteCustomerAPI" time="1.373" classname="com.learning.testcases.DeleteCustomerTest">
    <failure type="java.lang.AssertionError" message="Response doesn&#039;t have ID as a field expected [true] but found [false]">
      <![CDATA[java.lang.AssertionError: Response doesn't have ID as a field expected [true] but found [false]
at org.testng.Assert.fail(Assert.java:99)
at org.testng.Assert.failNotEquals(Assert.java:1037)
at org.testng.Assert.assertTrue(Assert.java:45)
at com.learning.testcases.DeleteCustomerTest.doValidationUsingJSONObject(DeleteCustomerTest.java:51)
at com.learning.testcases.DeleteCustomerTest.validateDeleteCustomerAPI(DeleteCustomerTest.java:37)
at sun.reflect.GeneratedMethodAccessor250.invoke(Unknown Source)
at sun.reflect.DelegatingMethodAccessorImpl.invoke(DelegatingMethodAccessorImpl.java:43)
at java.lang.reflect.Method.invoke(Method.java:498)
at org.testng.internal.MethodInvocationHelper.invokeMethod(MethodInvocationHelper.java:132)
at org.testng.internal.TestInvoker.invokeMethod(TestInvoker.java:599)
at org.testng.internal.TestInvoker.invokeTestMethod(TestInvoker.java:174)
at org.testng.internal.TestMethodWithDataProviderMethodWorker.call(TestMethodWithDataProviderMethodWorker.java:77)
at org.testng.internal.TestMethodWithDataProviderMethodWorker.call(TestMethodWithDataProviderMethodWorker.java:15)
at java.util.concurrent.FutureTask.run(FutureTask.java:266)
at java.util.concurrent.Executors$RunnableAdapter.call(Executors.java:511)
at java.util.concurrent.FutureTask.run(FutureTask.java:266)
at java.util.concurrent.ThreadPoolExecutor.runWorker(ThreadPoolExecutor.java:1149)
at java.util.concurrent.ThreadPoolExecutor$Worker.run(ThreadPoolExecutor.java:624)
at java.lang.Thread.run(Thread.java:748)
]]>
    </failure>
  </testcase> <!-- validateDeleteCustomerAPI -->
  <system-out/>
  <testcase name="validateDeleteCustomerAPI" time="1.476" classname="com.learning.testcases.DeleteCustomerTest">
    <failure type="java.lang.AssertionError" message="Response doesn&#039;t have ID as a field expected [true] but found [false]">
      <![CDATA[java.lang.AssertionError: Response doesn't have ID as a field expected [true] but found [false]
at org.testng.Assert.fail(Assert.java:99)
at org.testng.Assert.failNotEquals(Assert.java:1037)
at org.testng.Assert.assertTrue(Assert.java:45)
at com.learning.testcases.DeleteCustomerTest.doValidationUsingJSONObject(DeleteCustomerTest.java:51)
at com.learning.testcases.DeleteCustomerTest.validateDeleteCustomerAPI(DeleteCustomerTest.java:37)
at sun.reflect.GeneratedMethodAccessor250.invoke(Unknown Source)
at sun.reflect.DelegatingMethodAccessorImpl.invoke(DelegatingMethodAccessorImpl.java:43)
at java.lang.reflect.Method.invoke(Method.java:498)
at org.testng.internal.MethodInvocationHelper.invokeMethod(MethodInvocationHelper.java:132)
at org.testng.internal.TestInvoker.invokeMethod(TestInvoker.java:599)
at org.testng.internal.TestInvoker.invokeTestMethod(TestInvoker.java:174)
at org.testng.internal.TestMethodWithDataProviderMethodWorker.call(TestMethodWithDataProviderMethodWorker.java:77)
at org.testng.internal.TestMethodWithDataProviderMethodWorker.call(TestMethodWithDataProviderMethodWorker.java:15)
at java.util.concurrent.FutureTask.run(FutureTask.java:266)
at java.util.concurrent.Executors$RunnableAdapter.call(Executors.java:511)
at java.util.concurrent.FutureTask.run(FutureTask.java:266)
at java.util.concurrent.ThreadPoolExecutor.runWorker(ThreadPoolExecutor.java:1149)
at java.util.concurrent.ThreadPoolExecutor$Worker.run(ThreadPoolExecutor.java:624)
at java.lang.Thread.run(Thread.java:748)
]]>
    </failure>
  </testcase> <!-- validateDeleteCustomerAPI -->
  <system-out/>
  <testcase name="validateDeleteCustomerAPI" time="1.402" classname="com.learning.testcases.DeleteCustomerTest">
    <failure type="java.lang.AssertionError" message="Response doesn&#039;t have ID as a field expected [true] but found [false]">
      <![CDATA[java.lang.AssertionError: Response doesn't have ID as a field expected [true] but found [false]
at org.testng.Assert.fail(Assert.java:99)
at org.testng.Assert.failNotEquals(Assert.java:1037)
at org.testng.Assert.assertTrue(Assert.java:45)
at com.learning.testcases.DeleteCustomerTest.doValidationUsingJSONObject(DeleteCustomerTest.java:51)
at com.learning.testcases.DeleteCustomerTest.validateDeleteCustomerAPI(DeleteCustomerTest.java:37)
at sun.reflect.GeneratedMethodAccessor250.invoke(Unknown Source)
at sun.reflect.DelegatingMethodAccessorImpl.invoke(DelegatingMethodAccessorImpl.java:43)
at java.lang.reflect.Method.invoke(Method.java:498)
at org.testng.internal.MethodInvocationHelper.invokeMethod(MethodInvocationHelper.java:132)
at org.testng.internal.TestInvoker.invokeMethod(TestInvoker.java:599)
at org.testng.internal.TestInvoker.invokeTestMethod(TestInvoker.java:174)
at org.testng.internal.TestMethodWithDataProviderMethodWorker.call(TestMethodWithDataProviderMethodWorker.java:77)
at org.testng.internal.TestMethodWithDataProviderMethodWorker.call(TestMethodWithDataProviderMethodWorker.java:15)
at java.util.concurrent.FutureTask.run(FutureTask.java:266)
at java.util.concurrent.Executors$RunnableAdapter.call(Executors.java:511)
at java.util.concurrent.FutureTask.run(FutureTask.java:266)
at java.util.concurrent.ThreadPoolExecutor.runWorker(ThreadPoolExecutor.java:1149)
at java.util.concurrent.ThreadPoolExecutor$Worker.run(ThreadPoolExecutor.java:624)
at java.lang.Thread.run(Thread.java:748)
]]>
    </failure>
  </testcase> <!-- validateDeleteCustomerAPI -->
  <system-out/>
  <testcase name="validateDeleteCustomerAPI" time="1.389" classname="com.learning.testcases.DeleteCustomerTest">
    <failure type="java.lang.AssertionError" message="Response doesn&#039;t have ID as a field expected [true] but found [false]">
      <![CDATA[java.lang.AssertionError: Response doesn't have ID as a field expected [true] but found [false]
at org.testng.Assert.fail(Assert.java:99)
at org.testng.Assert.failNotEquals(Assert.java:1037)
at org.testng.Assert.assertTrue(Assert.java:45)
at com.learning.testcases.DeleteCustomerTest.doValidationUsingJSONObject(DeleteCustomerTest.java:51)
at com.learning.testcases.DeleteCustomerTest.validateDeleteCustomerAPI(DeleteCustomerTest.java:37)
at sun.reflect.GeneratedMethodAccessor250.invoke(Unknown Source)
at sun.reflect.DelegatingMethodAccessorImpl.invoke(DelegatingMethodAccessorImpl.java:43)
at java.lang.reflect.Method.invoke(Method.java:498)
at org.testng.internal.MethodInvocationHelper.invokeMethod(MethodInvocationHelper.java:132)
at org.testng.internal.TestInvoker.invokeMethod(TestInvoker.java:599)
at org.testng.internal.TestInvoker.invokeTestMethod(TestInvoker.java:174)
at org.testng.internal.TestMethodWithDataProviderMethodWorker.call(TestMethodWithDataProviderMethodWorker.java:77)
at org.testng.internal.TestMethodWithDataProviderMethodWorker.call(TestMethodWithDataProviderMethodWorker.java:15)
at java.util.concurrent.FutureTask.run(FutureTask.java:266)
at java.util.concurrent.Executors$RunnableAdapter.call(Executors.java:511)
at java.util.concurrent.FutureTask.run(FutureTask.java:266)
at java.util.concurrent.ThreadPoolExecutor.runWorker(ThreadPoolExecutor.java:1149)
at java.util.concurrent.ThreadPoolExecutor$Worker.run(ThreadPoolExecutor.java:624)
at java.lang.Thread.run(Thread.java:748)
]]>
    </failure>
  </testcase> <!-- validateDeleteCustomerAPI -->
  <system-out/>
  <testcase name="validateDeleteCustomerAPI" time="1.395" classname="com.learning.testcases.DeleteCustomerTest">
    <failure type="java.lang.AssertionError" message="Response doesn&#039;t have ID as a field expected [true] but found [false]">
      <![CDATA[java.lang.AssertionError: Response doesn't have ID as a field expected [true] but found [false]
at org.testng.Assert.fail(Assert.java:99)
at org.testng.Assert.failNotEquals(Assert.java:1037)
at org.testng.Assert.assertTrue(Assert.java:45)
at com.learning.testcases.DeleteCustomerTest.doValidationUsingJSONObject(DeleteCustomerTest.java:51)
at com.learning.testcases.DeleteCustomerTest.validateDeleteCustomerAPI(DeleteCustomerTest.java:37)
at sun.reflect.GeneratedMethodAccessor250.invoke(Unknown Source)
at sun.reflect.DelegatingMethodAccessorImpl.invoke(DelegatingMethodAccessorImpl.java:43)
at java.lang.reflect.Method.invoke(Method.java:498)
at org.testng.internal.MethodInvocationHelper.invokeMethod(MethodInvocationHelper.java:132)
at org.testng.internal.TestInvoker.invokeMethod(TestInvoker.java:599)
at org.testng.internal.TestInvoker.invokeTestMethod(TestInvoker.java:174)
at org.testng.internal.TestMethodWithDataProviderMethodWorker.call(TestMethodWithDataProviderMethodWorker.java:77)
at org.testng.internal.TestMethodWithDataProviderMethodWorker.call(TestMethodWithDataProviderMethodWorker.java:15)
at java.util.concurrent.FutureTask.run(FutureTask.java:266)
at java.util.concurrent.Executors$RunnableAdapter.call(Executors.java:511)
at java.util.concurrent.FutureTask.run(FutureTask.java:266)
at java.util.concurrent.ThreadPoolExecutor.runWorker(ThreadPoolExecutor.java:1149)
at java.util.concurrent.ThreadPoolExecutor$Worker.run(ThreadPoolExecutor.java:624)
at java.lang.Thread.run(Thread.java:748)
]]>
    </failure>
  </testcase> <!-- validateDeleteCustomerAPI -->
  <system-out/>
  <testcase name="validateDeleteCustomerAPI" time="1.392" classname="com.learning.testcases.DeleteCustomerTest">
    <failure type="java.lang.AssertionError" message="Response doesn&#039;t have ID as a field expected [true] but found [false]">
      <![CDATA[java.lang.AssertionError: Response doesn't have ID as a field expected [true] but found [false]
at org.testng.Assert.fail(Assert.java:99)
at org.testng.Assert.failNotEquals(Assert.java:1037)
at org.testng.Assert.assertTrue(Assert.java:45)
at com.learning.testcases.DeleteCustomerTest.doValidationUsingJSONObject(DeleteCustomerTest.java:51)
at com.learning.testcases.DeleteCustomerTest.validateDeleteCustomerAPI(DeleteCustomerTest.java:37)
at sun.reflect.GeneratedMethodAccessor250.invoke(Unknown Source)
at sun.reflect.DelegatingMethodAccessorImpl.invoke(DelegatingMethodAccessorImpl.java:43)
at java.lang.reflect.Method.invoke(Method.java:498)
at org.testng.internal.MethodInvocationHelper.invokeMethod(MethodInvocationHelper.java:132)
at org.testng.internal.TestInvoker.invokeMethod(TestInvoker.java:599)
at org.testng.internal.TestInvoker.invokeTestMethod(TestInvoker.java:174)
at org.testng.internal.TestMethodWithDataProviderMethodWorker.call(TestMethodWithDataProviderMethodWorker.java:77)
at org.testng.internal.TestMethodWithDataProviderMethodWorker.call(TestMethodWithDataProviderMethodWorker.java:15)
at java.util.concurrent.FutureTask.run(FutureTask.java:266)
at java.util.concurrent.Executors$RunnableAdapter.call(Executors.java:511)
at java.util.concurrent.FutureTask.run(FutureTask.java:266)
at java.util.concurrent.ThreadPoolExecutor.runWorker(ThreadPoolExecutor.java:1149)
at java.util.concurrent.ThreadPoolExecutor$Worker.run(ThreadPoolExecutor.java:624)
at java.lang.Thread.run(Thread.java:748)
]]>
    </failure>
  </testcase> <!-- validateDeleteCustomerAPI -->
  <system-out/>
  <testcase name="validateDeleteCustomerAPI" time="1.356" classname="com.learning.testcases.DeleteCustomerTest">
    <failure type="java.lang.AssertionError" message="Response doesn&#039;t have ID as a field expected [true] but found [false]">
      <![CDATA[java.lang.AssertionError: Response doesn't have ID as a field expected [true] but found [false]
at org.testng.Assert.fail(Assert.java:99)
at org.testng.Assert.failNotEquals(Assert.java:1037)
at org.testng.Assert.assertTrue(Assert.java:45)
at com.learning.testcases.DeleteCustomerTest.doValidationUsingJSONObject(DeleteCustomerTest.java:51)
at com.learning.testcases.DeleteCustomerTest.validateDeleteCustomerAPI(DeleteCustomerTest.java:37)
at sun.reflect.GeneratedMethodAccessor250.invoke(Unknown Source)
at sun.reflect.DelegatingMethodAccessorImpl.invoke(DelegatingMethodAccessorImpl.java:43)
at java.lang.reflect.Method.invoke(Method.java:498)
at org.testng.internal.MethodInvocationHelper.invokeMethod(MethodInvocationHelper.java:132)
at org.testng.internal.TestInvoker.invokeMethod(TestInvoker.java:599)
at org.testng.internal.TestInvoker.invokeTestMethod(TestInvoker.java:174)
at org.testng.internal.TestMethodWithDataProviderMethodWorker.call(TestMethodWithDataProviderMethodWorker.java:77)
at org.testng.internal.TestMethodWithDataProviderMethodWorker.call(TestMethodWithDataProviderMethodWorker.java:15)
at java.util.concurrent.FutureTask.run(FutureTask.java:266)
at java.util.concurrent.Executors$RunnableAdapter.call(Executors.java:511)
at java.util.concurrent.FutureTask.run(FutureTask.java:266)
at java.util.concurrent.ThreadPoolExecutor.runWorker(ThreadPoolExecutor.java:1149)
at java.util.concurrent.ThreadPoolExecutor$Worker.run(ThreadPoolExecutor.java:624)
at java.lang.Thread.run(Thread.java:748)
]]>
    </failure>
  </testcase> <!-- validateDeleteCustomerAPI -->
  <system-out/>
  <testcase name="validateDeleteCustomerAPI" time="1.465" classname="com.learning.testcases.DeleteCustomerTest">
    <failure type="java.lang.AssertionError" message="Response doesn&#039;t have ID as a field expected [true] but found [false]">
      <![CDATA[java.lang.AssertionError: Response doesn't have ID as a field expected [true] but found [false]
at org.testng.Assert.fail(Assert.java:99)
at org.testng.Assert.failNotEquals(Assert.java:1037)
at org.testng.Assert.assertTrue(Assert.java:45)
at com.learning.testcases.DeleteCustomerTest.doValidationUsingJSONObject(DeleteCustomerTest.java:51)
at com.learning.testcases.DeleteCustomerTest.validateDeleteCustomerAPI(DeleteCustomerTest.java:37)
at sun.reflect.GeneratedMethodAccessor250.invoke(Unknown Source)
at sun.reflect.DelegatingMethodAccessorImpl.invoke(DelegatingMethodAccessorImpl.java:43)
at java.lang.reflect.Method.invoke(Method.java:498)
at org.testng.internal.MethodInvocationHelper.invokeMethod(MethodInvocationHelper.java:132)
at org.testng.internal.TestInvoker.invokeMethod(TestInvoker.java:599)
at org.testng.internal.TestInvoker.invokeTestMethod(TestInvoker.java:174)
at org.testng.internal.TestMethodWithDataProviderMethodWorker.call(TestMethodWithDataProviderMethodWorker.java:77)
at org.testng.internal.TestMethodWithDataProviderMethodWorker.call(TestMethodWithDataProviderMethodWorker.java:15)
at java.util.concurrent.FutureTask.run(FutureTask.java:266)
at java.util.concurrent.Executors$RunnableAdapter.call(Executors.java:511)
at java.util.concurrent.FutureTask.run(FutureTask.java:266)
at java.util.concurrent.ThreadPoolExecutor.runWorker(ThreadPoolExecutor.java:1149)
at java.util.concurrent.ThreadPoolExecutor$Worker.run(ThreadPoolExecutor.java:624)
at java.lang.Thread.run(Thread.java:748)
]]>
    </failure>
  </testcase> <!-- validateDeleteCustomerAPI -->
  <system-out/>
  <testcase name="validateDeleteCustomerAPI" time="1.522" classname="com.learning.testcases.DeleteCustomerTest">
    <failure type="java.lang.AssertionError" message="Response doesn&#039;t have ID as a field expected [true] but found [false]">
      <![CDATA[java.lang.AssertionError: Response doesn't have ID as a field expected [true] but found [false]
at org.testng.Assert.fail(Assert.java:99)
at org.testng.Assert.failNotEquals(Assert.java:1037)
at org.testng.Assert.assertTrue(Assert.java:45)
at com.learning.testcases.DeleteCustomerTest.doValidationUsingJSONObject(DeleteCustomerTest.java:51)
at com.learning.testcases.DeleteCustomerTest.validateDeleteCustomerAPI(DeleteCustomerTest.java:37)
at sun.reflect.GeneratedMethodAccessor250.invoke(Unknown Source)
at sun.reflect.DelegatingMethodAccessorImpl.invoke(DelegatingMethodAccessorImpl.java:43)
at java.lang.reflect.Method.invoke(Method.java:498)
at org.testng.internal.MethodInvocationHelper.invokeMethod(MethodInvocationHelper.java:132)
at org.testng.internal.TestInvoker.invokeMethod(TestInvoker.java:599)
at org.testng.internal.TestInvoker.invokeTestMethod(TestInvoker.java:174)
at org.testng.internal.TestMethodWithDataProviderMethodWorker.call(TestMethodWithDataProviderMethodWorker.java:77)
at org.testng.internal.TestMethodWithDataProviderMethodWorker.call(TestMethodWithDataProviderMethodWorker.java:15)
at java.util.concurrent.FutureTask.run(FutureTask.java:266)
at java.util.concurrent.Executors$RunnableAdapter.call(Executors.java:511)
at java.util.concurrent.FutureTask.run(FutureTask.java:266)
at java.util.concurrent.ThreadPoolExecutor.runWorker(ThreadPoolExecutor.java:1149)
at java.util.concurrent.ThreadPoolExecutor$Worker.run(ThreadPoolExecutor.java:624)
at java.lang.Thread.run(Thread.java:748)
]]>
    </failure>
  </testcase> <!-- validateDeleteCustomerAPI -->
  <system-out/>
  <testcase name="validateDeleteCustomerAPI" time="1.479" classname="com.learning.testcases.DeleteCustomerTest"/>
  <system-out/>
  <testcase name="validateDeleteCustomerAPI" time="1.412" classname="com.learning.testcases.DeleteCustomerTest">
    <failure type="java.lang.AssertionError" message="Response doesn&#039;t have ID as a field expected [true] but found [false]">
      <![CDATA[java.lang.AssertionError: Response doesn't have ID as a field expected [true] but found [false]
at org.testng.Assert.fail(Assert.java:99)
at org.testng.Assert.failNotEquals(Assert.java:1037)
at org.testng.Assert.assertTrue(Assert.java:45)
at com.learning.testcases.DeleteCustomerTest.doValidationUsingJSONObject(DeleteCustomerTest.java:51)
at com.learning.testcases.DeleteCustomerTest.validateDeleteCustomerAPI(DeleteCustomerTest.java:37)
at sun.reflect.GeneratedMethodAccessor250.invoke(Unknown Source)
at sun.reflect.DelegatingMethodAccessorImpl.invoke(DelegatingMethodAccessorImpl.java:43)
at java.lang.reflect.Method.invoke(Method.java:498)
at org.testng.internal.MethodInvocationHelper.invokeMethod(MethodInvocationHelper.java:132)
at org.testng.internal.TestInvoker.invokeMethod(TestInvoker.java:599)
at org.testng.internal.TestInvoker.invokeTestMethod(TestInvoker.java:174)
at org.testng.internal.TestMethodWithDataProviderMethodWorker.call(TestMethodWithDataProviderMethodWorker.java:77)
at org.testng.internal.TestMethodWithDataProviderMethodWorker.call(TestMethodWithDataProviderMethodWorker.java:15)
at java.util.concurrent.FutureTask.run(FutureTask.java:266)
at java.util.concurrent.Executors$RunnableAdapter.call(Executors.java:511)
at java.util.concurrent.FutureTask.run(FutureTask.java:266)
at java.util.concurrent.ThreadPoolExecutor.runWorker(ThreadPoolExecutor.java:1149)
at java.util.concurrent.ThreadPoolExecutor$Worker.run(ThreadPoolExecutor.java:624)
at java.lang.Thread.run(Thread.java:748)
]]>
    </failure>
  </testcase> <!-- validateDeleteCustomerAPI -->
  <system-out/>
  <testcase name="validateDeleteCustomerAPI" time="1.449" classname="com.learning.testcases.DeleteCustomerTest"/>
  <system-out/>
  <testcase name="validateDeleteCustomerAPI" time="1.351" classname="com.learning.testcases.DeleteCustomerTest">
    <failure type="java.lang.AssertionError" message="Response doesn&#039;t have ID as a field expected [true] but found [false]">
      <![CDATA[java.lang.AssertionError: Response doesn't have ID as a field expected [true] but found [false]
at org.testng.Assert.fail(Assert.java:99)
at org.testng.Assert.failNotEquals(Assert.java:1037)
at org.testng.Assert.assertTrue(Assert.java:45)
at com.learning.testcases.DeleteCustomerTest.doValidationUsingJSONObject(DeleteCustomerTest.java:51)
at com.learning.testcases.DeleteCustomerTest.validateDeleteCustomerAPI(DeleteCustomerTest.java:37)
at sun.reflect.GeneratedMethodAccessor250.invoke(Unknown Source)
at sun.reflect.DelegatingMethodAccessorImpl.invoke(DelegatingMethodAccessorImpl.java:43)
at java.lang.reflect.Method.invoke(Method.java:498)
at org.testng.internal.MethodInvocationHelper.invokeMethod(MethodInvocationHelper.java:132)
at org.testng.internal.TestInvoker.invokeMethod(TestInvoker.java:599)
at org.testng.internal.TestInvoker.invokeTestMethod(TestInvoker.java:174)
at org.testng.internal.TestMethodWithDataProviderMethodWorker.call(TestMethodWithDataProviderMethodWorker.java:77)
at org.testng.internal.TestMethodWithDataProviderMethodWorker.call(TestMethodWithDataProviderMethodWorker.java:15)
at java.util.concurrent.FutureTask.run(FutureTask.java:266)
at java.util.concurrent.Executors$RunnableAdapter.call(Executors.java:511)
at java.util.concurrent.FutureTask.run(FutureTask.java:266)
at java.util.concurrent.ThreadPoolExecutor.runWorker(ThreadPoolExecutor.java:1149)
at java.util.concurrent.ThreadPoolExecutor$Worker.run(ThreadPoolExecutor.java:624)
at java.lang.Thread.run(Thread.java:748)
]]>
    </failure>
  </testcase> <!-- validateDeleteCustomerAPI -->
  <system-out/>
  <testcase name="validateDeleteCustomerAPI" time="1.373" classname="com.learning.testcases.DeleteCustomerTest">
    <failure type="java.lang.AssertionError" message="Response doesn&#039;t have ID as a field expected [true] but found [false]">
      <![CDATA[java.lang.AssertionError: Response doesn't have ID as a field expected [true] but found [false]
at org.testng.Assert.fail(Assert.java:99)
at org.testng.Assert.failNotEquals(Assert.java:1037)
at org.testng.Assert.assertTrue(Assert.java:45)
at com.learning.testcases.DeleteCustomerTest.doValidationUsingJSONObject(DeleteCustomerTest.java:51)
at com.learning.testcases.DeleteCustomerTest.validateDeleteCustomerAPI(DeleteCustomerTest.java:37)
at sun.reflect.GeneratedMethodAccessor250.invoke(Unknown Source)
at sun.reflect.DelegatingMethodAccessorImpl.invoke(DelegatingMethodAccessorImpl.java:43)
at java.lang.reflect.Method.invoke(Method.java:498)
at org.testng.internal.MethodInvocationHelper.invokeMethod(MethodInvocationHelper.java:132)
at org.testng.internal.TestInvoker.invokeMethod(TestInvoker.java:599)
at org.testng.internal.TestInvoker.invokeTestMethod(TestInvoker.java:174)
at org.testng.internal.TestMethodWithDataProviderMethodWorker.call(TestMethodWithDataProviderMethodWorker.java:77)
at org.testng.internal.TestMethodWithDataProviderMethodWorker.call(TestMethodWithDataProviderMethodWorker.java:15)
at java.util.concurrent.FutureTask.run(FutureTask.java:266)
at java.util.concurrent.Executors$RunnableAdapter.call(Executors.java:511)
at java.util.concurrent.FutureTask.run(FutureTask.java:266)
at java.util.concurrent.ThreadPoolExecutor.runWorker(ThreadPoolExecutor.java:1149)
at java.util.concurrent.ThreadPoolExecutor$Worker.run(ThreadPoolExecutor.java:624)
at java.lang.Thread.run(Thread.java:748)
]]>
    </failure>
  </testcase> <!-- validateDeleteCustomerAPI -->
  <system-out/>
  <testcase name="validateDeleteCustomerAPI" time="1.423" classname="com.learning.testcases.DeleteCustomerTest">
    <failure type="java.lang.AssertionError" message="Response doesn&#039;t have ID as a field expected [true] but found [false]">
      <![CDATA[java.lang.AssertionError: Response doesn't have ID as a field expected [true] but found [false]
at org.testng.Assert.fail(Assert.java:99)
at org.testng.Assert.failNotEquals(Assert.java:1037)
at org.testng.Assert.assertTrue(Assert.java:45)
at com.learning.testcases.DeleteCustomerTest.doValidationUsingJSONObject(DeleteCustomerTest.java:51)
at com.learning.testcases.DeleteCustomerTest.validateDeleteCustomerAPI(DeleteCustomerTest.java:37)
at sun.reflect.GeneratedMethodAccessor250.invoke(Unknown Source)
at sun.reflect.DelegatingMethodAccessorImpl.invoke(DelegatingMethodAccessorImpl.java:43)
at java.lang.reflect.Method.invoke(Method.java:498)
at org.testng.internal.MethodInvocationHelper.invokeMethod(MethodInvocationHelper.java:132)
at org.testng.internal.TestInvoker.invokeMethod(TestInvoker.java:599)
at org.testng.internal.TestInvoker.invokeTestMethod(TestInvoker.java:174)
at org.testng.internal.TestMethodWithDataProviderMethodWorker.call(TestMethodWithDataProviderMethodWorker.java:77)
at org.testng.internal.TestMethodWithDataProviderMethodWorker.call(TestMethodWithDataProviderMethodWorker.java:15)
at java.util.concurrent.FutureTask.run(FutureTask.java:266)
at java.util.concurrent.Executors$RunnableAdapter.call(Executors.java:511)
at java.util.concurrent.FutureTask.run(FutureTask.java:266)
at java.util.concurrent.ThreadPoolExecutor.runWorker(ThreadPoolExecutor.java:1149)
at java.util.concurrent.ThreadPoolExecutor$Worker.run(ThreadPoolExecutor.java:624)
at java.lang.Thread.run(Thread.java:748)
]]>
    </failure>
  </testcase> <!-- validateDeleteCustomerAPI -->
  <system-out/>
  <testcase name="validateDeleteCustomerAPI" time="1.472" classname="com.learning.testcases.DeleteCustomerTest"/>
  <system-out/>
  <testcase name="validateDeleteCustomerAPI" time="1.387" classname="com.learning.testcases.DeleteCustomerTest">
    <failure type="java.lang.AssertionError" message="Response doesn&#039;t have ID as a field expected [true] but found [false]">
      <![CDATA[java.lang.AssertionError: Response doesn't have ID as a field expected [true] but found [false]
at org.testng.Assert.fail(Assert.java:99)
at org.testng.Assert.failNotEquals(Assert.java:1037)
at org.testng.Assert.assertTrue(Assert.java:45)
at com.learning.testcases.DeleteCustomerTest.doValidationUsingJSONObject(DeleteCustomerTest.java:51)
at com.learning.testcases.DeleteCustomerTest.validateDeleteCustomerAPI(DeleteCustomerTest.java:37)
at sun.reflect.GeneratedMethodAccessor250.invoke(Unknown Source)
at sun.reflect.DelegatingMethodAccessorImpl.invoke(DelegatingMethodAccessorImpl.java:43)
at java.lang.reflect.Method.invoke(Method.java:498)
at org.testng.internal.MethodInvocationHelper.invokeMethod(MethodInvocationHelper.java:132)
at org.testng.internal.TestInvoker.invokeMethod(TestInvoker.java:599)
at org.testng.internal.TestInvoker.invokeTestMethod(TestInvoker.java:174)
at org.testng.internal.TestMethodWithDataProviderMethodWorker.call(TestMethodWithDataProviderMethodWorker.java:77)
at org.testng.internal.TestMethodWithDataProviderMethodWorker.call(TestMethodWithDataProviderMethodWorker.java:15)
at java.util.concurrent.FutureTask.run(FutureTask.java:266)
at java.util.concurrent.Executors$RunnableAdapter.call(Executors.java:511)
at java.util.concurrent.FutureTask.run(FutureTask.java:266)
at java.util.concurrent.ThreadPoolExecutor.runWorker(ThreadPoolExecutor.java:1149)
at java.util.concurrent.ThreadPoolExecutor$Worker.run(ThreadPoolExecutor.java:624)
at java.lang.Thread.run(Thread.java:748)
]]>
    </failure>
  </testcase> <!-- validateDeleteCustomerAPI -->
  <system-out/>
  <testcase name="validateDeleteCustomerAPI" time="1.380" classname="com.learning.testcases.DeleteCustomerTest">
    <failure type="java.lang.AssertionError" message="Response doesn&#039;t have ID as a field expected [true] but found [false]">
      <![CDATA[java.lang.AssertionError: Response doesn't have ID as a field expected [true] but found [false]
at org.testng.Assert.fail(Assert.java:99)
at org.testng.Assert.failNotEquals(Assert.java:1037)
at org.testng.Assert.assertTrue(Assert.java:45)
at com.learning.testcases.DeleteCustomerTest.doValidationUsingJSONObject(DeleteCustomerTest.java:51)
at com.learning.testcases.DeleteCustomerTest.validateDeleteCustomerAPI(DeleteCustomerTest.java:37)
at sun.reflect.GeneratedMethodAccessor250.invoke(Unknown Source)
at sun.reflect.DelegatingMethodAccessorImpl.invoke(DelegatingMethodAccessorImpl.java:43)
at java.lang.reflect.Method.invoke(Method.java:498)
at org.testng.internal.MethodInvocationHelper.invokeMethod(MethodInvocationHelper.java:132)
at org.testng.internal.TestInvoker.invokeMethod(TestInvoker.java:599)
at org.testng.internal.TestInvoker.invokeTestMethod(TestInvoker.java:174)
at org.testng.internal.TestMethodWithDataProviderMethodWorker.call(TestMethodWithDataProviderMethodWorker.java:77)
at org.testng.internal.TestMethodWithDataProviderMethodWorker.call(TestMethodWithDataProviderMethodWorker.java:15)
at java.util.concurrent.FutureTask.run(FutureTask.java:266)
at java.util.concurrent.Executors$RunnableAdapter.call(Executors.java:511)
at java.util.concurrent.FutureTask.run(FutureTask.java:266)
at java.util.concurrent.ThreadPoolExecutor.runWorker(ThreadPoolExecutor.java:1149)
at java.util.concurrent.ThreadPoolExecutor$Worker.run(ThreadPoolExecutor.java:624)
at java.lang.Thread.run(Thread.java:748)
]]>
    </failure>
  </testcase> <!-- validateDeleteCustomerAPI -->
  <system-out/>
  <testcase name="validateDeleteCustomerAPI" time="1.418" classname="com.learning.testcases.DeleteCustomerTest">
    <failure type="java.lang.AssertionError" message="Response doesn&#039;t have ID as a field expected [true] but found [false]">
      <![CDATA[java.lang.AssertionError: Response doesn't have ID as a field expected [true] but found [false]
at org.testng.Assert.fail(Assert.java:99)
at org.testng.Assert.failNotEquals(Assert.java:1037)
at org.testng.Assert.assertTrue(Assert.java:45)
at com.learning.testcases.DeleteCustomerTest.doValidationUsingJSONObject(DeleteCustomerTest.java:51)
at com.learning.testcases.DeleteCustomerTest.validateDeleteCustomerAPI(DeleteCustomerTest.java:37)
at sun.reflect.GeneratedMethodAccessor250.invoke(Unknown Source)
at sun.reflect.DelegatingMethodAccessorImpl.invoke(DelegatingMethodAccessorImpl.java:43)
at java.lang.reflect.Method.invoke(Method.java:498)
at org.testng.internal.MethodInvocationHelper.invokeMethod(MethodInvocationHelper.java:132)
at org.testng.internal.TestInvoker.invokeMethod(TestInvoker.java:599)
at org.testng.internal.TestInvoker.invokeTestMethod(TestInvoker.java:174)
at org.testng.internal.TestMethodWithDataProviderMethodWorker.call(TestMethodWithDataProviderMethodWorker.java:77)
at org.testng.internal.TestMethodWithDataProviderMethodWorker.call(TestMethodWithDataProviderMethodWorker.java:15)
at java.util.concurrent.FutureTask.run(FutureTask.java:266)
at java.util.concurrent.Executors$RunnableAdapter.call(Executors.java:511)
at java.util.concurrent.FutureTask.run(FutureTask.java:266)
at java.util.concurrent.ThreadPoolExecutor.runWorker(ThreadPoolExecutor.java:1149)
at java.util.concurrent.ThreadPoolExecutor$Worker.run(ThreadPoolExecutor.java:624)
at java.lang.Thread.run(Thread.java:748)
]]>
    </failure>
  </testcase> <!-- validateDeleteCustomerAPI -->
  <system-out/>
  <testcase name="validateDeleteCustomerAPI" time="1.409" classname="com.learning.testcases.DeleteCustomerTest">
    <failure type="java.lang.AssertionError" message="Response doesn&#039;t have ID as a field expected [true] but found [false]">
      <![CDATA[java.lang.AssertionError: Response doesn't have ID as a field expected [true] but found [false]
at org.testng.Assert.fail(Assert.java:99)
at org.testng.Assert.failNotEquals(Assert.java:1037)
at org.testng.Assert.assertTrue(Assert.java:45)
at com.learning.testcases.DeleteCustomerTest.doValidationUsingJSONObject(DeleteCustomerTest.java:51)
at com.learning.testcases.DeleteCustomerTest.validateDeleteCustomerAPI(DeleteCustomerTest.java:37)
at sun.reflect.GeneratedMethodAccessor250.invoke(Unknown Source)
at sun.reflect.DelegatingMethodAccessorImpl.invoke(DelegatingMethodAccessorImpl.java:43)
at java.lang.reflect.Method.invoke(Method.java:498)
at org.testng.internal.MethodInvocationHelper.invokeMethod(MethodInvocationHelper.java:132)
at org.testng.internal.TestInvoker.invokeMethod(TestInvoker.java:599)
at org.testng.internal.TestInvoker.invokeTestMethod(TestInvoker.java:174)
at org.testng.internal.TestMethodWithDataProviderMethodWorker.call(TestMethodWithDataProviderMethodWorker.java:77)
at org.testng.internal.TestMethodWithDataProviderMethodWorker.call(TestMethodWithDataProviderMethodWorker.java:15)
at java.util.concurrent.FutureTask.run(FutureTask.java:266)
at java.util.concurrent.Executors$RunnableAdapter.call(Executors.java:511)
at java.util.concurrent.FutureTask.run(FutureTask.java:266)
at java.util.concurrent.ThreadPoolExecutor.runWorker(ThreadPoolExecutor.java:1149)
at java.util.concurrent.ThreadPoolExecutor$Worker.run(ThreadPoolExecutor.java:624)
at java.lang.Thread.run(Thread.java:748)
]]>
    </failure>
  </testcase> <!-- validateDeleteCustomerAPI -->
  <system-out/>
  <testcase name="validateDeleteCustomerAPI" time="1.381" classname="com.learning.testcases.DeleteCustomerTest">
    <failure type="java.lang.AssertionError" message="Response doesn&#039;t have ID as a field expected [true] but found [false]">
      <![CDATA[java.lang.AssertionError: Response doesn't have ID as a field expected [true] but found [false]
at org.testng.Assert.fail(Assert.java:99)
at org.testng.Assert.failNotEquals(Assert.java:1037)
at org.testng.Assert.assertTrue(Assert.java:45)
at com.learning.testcases.DeleteCustomerTest.doValidationUsingJSONObject(DeleteCustomerTest.java:51)
at com.learning.testcases.DeleteCustomerTest.validateDeleteCustomerAPI(DeleteCustomerTest.java:37)
at sun.reflect.GeneratedMethodAccessor250.invoke(Unknown Source)
at sun.reflect.DelegatingMethodAccessorImpl.invoke(DelegatingMethodAccessorImpl.java:43)
at java.lang.reflect.Method.invoke(Method.java:498)
at org.testng.internal.MethodInvocationHelper.invokeMethod(MethodInvocationHelper.java:132)
at org.testng.internal.TestInvoker.invokeMethod(TestInvoker.java:599)
at org.testng.internal.TestInvoker.invokeTestMethod(TestInvoker.java:174)
at org.testng.internal.TestMethodWithDataProviderMethodWorker.call(TestMethodWithDataProviderMethodWorker.java:77)
at org.testng.internal.TestMethodWithDataProviderMethodWorker.call(TestMethodWithDataProviderMethodWorker.java:15)
at java.util.concurrent.FutureTask.run(FutureTask.java:266)
at java.util.concurrent.Executors$RunnableAdapter.call(Executors.java:511)
at java.util.concurrent.FutureTask.run(FutureTask.java:266)
at java.util.concurrent.ThreadPoolExecutor.runWorker(ThreadPoolExecutor.java:1149)
at java.util.concurrent.ThreadPoolExecutor$Worker.run(ThreadPoolExecutor.java:624)
at java.lang.Thread.run(Thread.java:748)
]]>
    </failure>
  </testcase> <!-- validateDeleteCustomerAPI -->
  <system-out/>
  <testcase name="validateDeleteCustomerAPI" time="1.386" classname="com.learning.testcases.DeleteCustomerTest">
    <failure type="java.lang.AssertionError" message="Response doesn&#039;t have ID as a field expected [true] but found [false]">
      <![CDATA[java.lang.AssertionError: Response doesn't have ID as a field expected [true] but found [false]
at org.testng.Assert.fail(Assert.java:99)
at org.testng.Assert.failNotEquals(Assert.java:1037)
at org.testng.Assert.assertTrue(Assert.java:45)
at com.learning.testcases.DeleteCustomerTest.doValidationUsingJSONObject(DeleteCustomerTest.java:51)
at com.learning.testcases.DeleteCustomerTest.validateDeleteCustomerAPI(DeleteCustomerTest.java:37)
at sun.reflect.GeneratedMethodAccessor250.invoke(Unknown Source)
at sun.reflect.DelegatingMethodAccessorImpl.invoke(DelegatingMethodAccessorImpl.java:43)
at java.lang.reflect.Method.invoke(Method.java:498)
at org.testng.internal.MethodInvocationHelper.invokeMethod(MethodInvocationHelper.java:132)
at org.testng.internal.TestInvoker.invokeMethod(TestInvoker.java:599)
at org.testng.internal.TestInvoker.invokeTestMethod(TestInvoker.java:174)
at org.testng.internal.TestMethodWithDataProviderMethodWorker.call(TestMethodWithDataProviderMethodWorker.java:77)
at org.testng.internal.TestMethodWithDataProviderMethodWorker.call(TestMethodWithDataProviderMethodWorker.java:15)
at java.util.concurrent.FutureTask.run(FutureTask.java:266)
at java.util.concurrent.Executors$RunnableAdapter.call(Executors.java:511)
at java.util.concurrent.FutureTask.run(FutureTask.java:266)
at java.util.concurrent.ThreadPoolExecutor.runWorker(ThreadPoolExecutor.java:1149)
at java.util.concurrent.ThreadPoolExecutor$Worker.run(ThreadPoolExecutor.java:624)
at java.lang.Thread.run(Thread.java:748)
]]>
    </failure>
  </testcase> <!-- validateDeleteCustomerAPI -->
  <system-out/>
  <testcase name="validateDeleteCustomerAPI" time="1.440" classname="com.learning.testcases.DeleteCustomerTest">
    <failure type="java.lang.AssertionError" message="Response doesn&#039;t have ID as a field expected [true] but found [false]">
      <![CDATA[java.lang.AssertionError: Response doesn't have ID as a field expected [true] but found [false]
at org.testng.Assert.fail(Assert.java:99)
at org.testng.Assert.failNotEquals(Assert.java:1037)
at org.testng.Assert.assertTrue(Assert.java:45)
at com.learning.testcases.DeleteCustomerTest.doValidationUsingJSONObject(DeleteCustomerTest.java:51)
at com.learning.testcases.DeleteCustomerTest.validateDeleteCustomerAPI(DeleteCustomerTest.java:37)
at sun.reflect.NativeMethodAccessorImpl.invoke0(Native Method)
at sun.reflect.NativeMethodAccessorImpl.invoke(NativeMethodAccessorImpl.java:62)
at sun.reflect.DelegatingMethodAccessorImpl.invoke(DelegatingMethodAccessorImpl.java:43)
at java.lang.reflect.Method.invoke(Method.java:498)
at org.testng.internal.MethodInvocationHelper.invokeMethod(MethodInvocationHelper.java:132)
at org.testng.internal.TestInvoker.invokeMethod(TestInvoker.java:599)
at org.testng.internal.TestInvoker.invokeTestMethod(TestInvoker.java:174)
at org.testng.internal.TestMethodWithDataProviderMethodWorker.call(TestMethodWithDataProviderMethodWorker.java:77)
at org.testng.internal.TestMethodWithDataProviderMethodWorker.call(TestMethodWithDataProviderMethodWorker.java:15)
at java.util.concurrent.FutureTask.run(FutureTask.java:266)
at java.util.concurrent.Executors$RunnableAdapter.call(Executors.java:511)
at java.util.concurrent.FutureTask.run(FutureTask.java:266)
at java.util.concurrent.ThreadPoolExecutor.runWorker(ThreadPoolExecutor.java:1149)
at java.util.concurrent.ThreadPoolExecutor$Worker.run(ThreadPoolExecutor.java:624)
at java.lang.Thread.run(Thread.java:748)
]]>
    </failure>
  </testcase> <!-- validateDeleteCustomerAPI -->
  <system-out/>
  <testcase name="validateDeleteCustomerAPI" time="1.475" classname="com.learning.testcases.DeleteCustomerTest"/>
  <system-out/>
  <testcase name="validateDeleteCustomerAPI" time="1.399" classname="com.learning.testcases.DeleteCustomerTest">
    <failure type="java.lang.AssertionError" message="Response doesn&#039;t have ID as a field expected [true] but found [false]">
      <![CDATA[java.lang.AssertionError: Response doesn't have ID as a field expected [true] but found [false]
at org.testng.Assert.fail(Assert.java:99)
at org.testng.Assert.failNotEquals(Assert.java:1037)
at org.testng.Assert.assertTrue(Assert.java:45)
at com.learning.testcases.DeleteCustomerTest.doValidationUsingJSONObject(DeleteCustomerTest.java:51)
at com.learning.testcases.DeleteCustomerTest.validateDeleteCustomerAPI(DeleteCustomerTest.java:37)
at sun.reflect.GeneratedMethodAccessor250.invoke(Unknown Source)
at sun.reflect.DelegatingMethodAccessorImpl.invoke(DelegatingMethodAccessorImpl.java:43)
at java.lang.reflect.Method.invoke(Method.java:498)
at org.testng.internal.MethodInvocationHelper.invokeMethod(MethodInvocationHelper.java:132)
at org.testng.internal.TestInvoker.invokeMethod(TestInvoker.java:599)
at org.testng.internal.TestInvoker.invokeTestMethod(TestInvoker.java:174)
at org.testng.internal.TestMethodWithDataProviderMethodWorker.call(TestMethodWithDataProviderMethodWorker.java:77)
at org.testng.internal.TestMethodWithDataProviderMethodWorker.call(TestMethodWithDataProviderMethodWorker.java:15)
at java.util.concurrent.FutureTask.run(FutureTask.java:266)
at java.util.concurrent.Executors$RunnableAdapter.call(Executors.java:511)
at java.util.concurrent.FutureTask.run(FutureTask.java:266)
at java.util.concurrent.ThreadPoolExecutor.runWorker(ThreadPoolExecutor.java:1149)
at java.util.concurrent.ThreadPoolExecutor$Worker.run(ThreadPoolExecutor.java:624)
at java.lang.Thread.run(Thread.java:748)
]]>
    </failure>
  </testcase> <!-- validateDeleteCustomerAPI -->
  <system-out/>
  <testcase name="validateDeleteCustomerAPI" time="1.413" classname="com.learning.testcases.DeleteCustomerTest">
    <failure type="java.lang.AssertionError" message="Response doesn&#039;t have ID as a field expected [true] but found [false]">
      <![CDATA[java.lang.AssertionError: Response doesn't have ID as a field expected [true] but found [false]
at org.testng.Assert.fail(Assert.java:99)
at org.testng.Assert.failNotEquals(Assert.java:1037)
at org.testng.Assert.assertTrue(Assert.java:45)
at com.learning.testcases.DeleteCustomerTest.doValidationUsingJSONObject(DeleteCustomerTest.java:51)
at com.learning.testcases.DeleteCustomerTest.validateDeleteCustomerAPI(DeleteCustomerTest.java:37)
at sun.reflect.GeneratedMethodAccessor250.invoke(Unknown Source)
at sun.reflect.DelegatingMethodAccessorImpl.invoke(DelegatingMethodAccessorImpl.java:43)
at java.lang.reflect.Method.invoke(Method.java:498)
at org.testng.internal.MethodInvocationHelper.invokeMethod(MethodInvocationHelper.java:132)
at org.testng.internal.TestInvoker.invokeMethod(TestInvoker.java:599)
at org.testng.internal.TestInvoker.invokeTestMethod(TestInvoker.java:174)
at org.testng.internal.TestMethodWithDataProviderMethodWorker.call(TestMethodWithDataProviderMethodWorker.java:77)
at org.testng.internal.TestMethodWithDataProviderMethodWorker.call(TestMethodWithDataProviderMethodWorker.java:15)
at java.util.concurrent.FutureTask.run(FutureTask.java:266)
at java.util.concurrent.Executors$RunnableAdapter.call(Executors.java:511)
at java.util.concurrent.FutureTask.run(FutureTask.java:266)
at java.util.concurrent.ThreadPoolExecutor.runWorker(ThreadPoolExecutor.java:1149)
at java.util.concurrent.ThreadPoolExecutor$Worker.run(ThreadPoolExecutor.java:624)
at java.lang.Thread.run(Thread.java:748)
]]>
    </failure>
  </testcase> <!-- validateDeleteCustomerAPI -->
  <system-out/>
  <testcase name="validateDeleteCustomerAPI" time="1.372" classname="com.learning.testcases.DeleteCustomerTest">
    <failure type="java.lang.AssertionError" message="Response doesn&#039;t have ID as a field expected [true] but found [false]">
      <![CDATA[java.lang.AssertionError: Response doesn't have ID as a field expected [true] but found [false]
at org.testng.Assert.fail(Assert.java:99)
at org.testng.Assert.failNotEquals(Assert.java:1037)
at org.testng.Assert.assertTrue(Assert.java:45)
at com.learning.testcases.DeleteCustomerTest.doValidationUsingJSONObject(DeleteCustomerTest.java:51)
at com.learning.testcases.DeleteCustomerTest.validateDeleteCustomerAPI(DeleteCustomerTest.java:37)
at sun.reflect.GeneratedMethodAccessor250.invoke(Unknown Source)
at sun.reflect.DelegatingMethodAccessorImpl.invoke(DelegatingMethodAccessorImpl.java:43)
at java.lang.reflect.Method.invoke(Method.java:498)
at org.testng.internal.MethodInvocationHelper.invokeMethod(MethodInvocationHelper.java:132)
at org.testng.internal.TestInvoker.invokeMethod(TestInvoker.java:599)
at org.testng.internal.TestInvoker.invokeTestMethod(TestInvoker.java:174)
at org.testng.internal.TestMethodWithDataProviderMethodWorker.call(TestMethodWithDataProviderMethodWorker.java:77)
at org.testng.internal.TestMethodWithDataProviderMethodWorker.call(TestMethodWithDataProviderMethodWorker.java:15)
at java.util.concurrent.FutureTask.run(FutureTask.java:266)
at java.util.concurrent.Executors$RunnableAdapter.call(Executors.java:511)
at java.util.concurrent.FutureTask.run(FutureTask.java:266)
at java.util.concurrent.ThreadPoolExecutor.runWorker(ThreadPoolExecutor.java:1149)
at java.util.concurrent.ThreadPoolExecutor$Worker.run(ThreadPoolExecutor.java:624)
at java.lang.Thread.run(Thread.java:748)
]]>
    </failure>
  </testcase> <!-- validateDeleteCustomerAPI -->
  <system-out/>
  <testcase name="validateDeleteCustomerAPI" time="1.493" classname="com.learning.testcases.DeleteCustomerTest"/>
  <system-out/>
  <testcase name="validateDeleteCustomerAPI" time="1.451" classname="com.learning.testcases.DeleteCustomerTest"/>
  <system-out/>
  <testcase name="validateDeleteCustomerAPI" time="1.390" classname="com.learning.testcases.DeleteCustomerTest">
    <failure type="java.lang.AssertionError" message="Response doesn&#039;t have ID as a field expected [true] but found [false]">
      <![CDATA[java.lang.AssertionError: Response doesn't have ID as a field expected [true] but found [false]
at org.testng.Assert.fail(Assert.java:99)
at org.testng.Assert.failNotEquals(Assert.java:1037)
at org.testng.Assert.assertTrue(Assert.java:45)
at com.learning.testcases.DeleteCustomerTest.doValidationUsingJSONObject(DeleteCustomerTest.java:51)
at com.learning.testcases.DeleteCustomerTest.validateDeleteCustomerAPI(DeleteCustomerTest.java:37)
at sun.reflect.GeneratedMethodAccessor250.invoke(Unknown Source)
at sun.reflect.DelegatingMethodAccessorImpl.invoke(DelegatingMethodAccessorImpl.java:43)
at java.lang.reflect.Method.invoke(Method.java:498)
at org.testng.internal.MethodInvocationHelper.invokeMethod(MethodInvocationHelper.java:132)
at org.testng.internal.TestInvoker.invokeMethod(TestInvoker.java:599)
at org.testng.internal.TestInvoker.invokeTestMethod(TestInvoker.java:174)
at org.testng.internal.TestMethodWithDataProviderMethodWorker.call(TestMethodWithDataProviderMethodWorker.java:77)
at org.testng.internal.TestMethodWithDataProviderMethodWorker.call(TestMethodWithDataProviderMethodWorker.java:15)
at java.util.concurrent.FutureTask.run(FutureTask.java:266)
at java.util.concurrent.Executors$RunnableAdapter.call(Executors.java:511)
at java.util.concurrent.FutureTask.run(FutureTask.java:266)
at java.util.concurrent.ThreadPoolExecutor.runWorker(ThreadPoolExecutor.java:1149)
at java.util.concurrent.ThreadPoolExecutor$Worker.run(ThreadPoolExecutor.java:624)
at java.lang.Thread.run(Thread.java:748)
]]>
    </failure>
  </testcase> <!-- validateDeleteCustomerAPI -->
  <system-out/>
  <testcase name="validateDeleteCustomerAPI" time="1.393" classname="com.learning.testcases.DeleteCustomerTest">
    <failure type="java.lang.AssertionError" message="Response doesn&#039;t have ID as a field expected [true] but found [false]">
      <![CDATA[java.lang.AssertionError: Response doesn't have ID as a field expected [true] but found [false]
at org.testng.Assert.fail(Assert.java:99)
at org.testng.Assert.failNotEquals(Assert.java:1037)
at org.testng.Assert.assertTrue(Assert.java:45)
at com.learning.testcases.DeleteCustomerTest.doValidationUsingJSONObject(DeleteCustomerTest.java:51)
at com.learning.testcases.DeleteCustomerTest.validateDeleteCustomerAPI(DeleteCustomerTest.java:37)
at sun.reflect.GeneratedMethodAccessor250.invoke(Unknown Source)
at sun.reflect.DelegatingMethodAccessorImpl.invoke(DelegatingMethodAccessorImpl.java:43)
at java.lang.reflect.Method.invoke(Method.java:498)
at org.testng.internal.MethodInvocationHelper.invokeMethod(MethodInvocationHelper.java:132)
at org.testng.internal.TestInvoker.invokeMethod(TestInvoker.java:599)
at org.testng.internal.TestInvoker.invokeTestMethod(TestInvoker.java:174)
at org.testng.internal.TestMethodWithDataProviderMethodWorker.call(TestMethodWithDataProviderMethodWorker.java:77)
at org.testng.internal.TestMethodWithDataProviderMethodWorker.call(TestMethodWithDataProviderMethodWorker.java:15)
at java.util.concurrent.FutureTask.run(FutureTask.java:266)
at java.util.concurrent.Executors$RunnableAdapter.call(Executors.java:511)
at java.util.concurrent.FutureTask.run(FutureTask.java:266)
at java.util.concurrent.ThreadPoolExecutor.runWorker(ThreadPoolExecutor.java:1149)
at java.util.concurrent.ThreadPoolExecutor$Worker.run(ThreadPoolExecutor.java:624)
at java.lang.Thread.run(Thread.java:748)
]]>
    </failure>
  </testcase> <!-- validateDeleteCustomerAPI -->
  <system-out/>
  <testcase name="validateDeleteCustomerAPI" time="1.368" classname="com.learning.testcases.DeleteCustomerTest">
    <failure type="java.lang.AssertionError" message="Response doesn&#039;t have ID as a field expected [true] but found [false]">
      <![CDATA[java.lang.AssertionError: Response doesn't have ID as a field expected [true] but found [false]
at org.testng.Assert.fail(Assert.java:99)
at org.testng.Assert.failNotEquals(Assert.java:1037)
at org.testng.Assert.assertTrue(Assert.java:45)
at com.learning.testcases.DeleteCustomerTest.doValidationUsingJSONObject(DeleteCustomerTest.java:51)
at com.learning.testcases.DeleteCustomerTest.validateDeleteCustomerAPI(DeleteCustomerTest.java:37)
at sun.reflect.GeneratedMethodAccessor250.invoke(Unknown Source)
at sun.reflect.DelegatingMethodAccessorImpl.invoke(DelegatingMethodAccessorImpl.java:43)
at java.lang.reflect.Method.invoke(Method.java:498)
at org.testng.internal.MethodInvocationHelper.invokeMethod(MethodInvocationHelper.java:132)
at org.testng.internal.TestInvoker.invokeMethod(TestInvoker.java:599)
at org.testng.internal.TestInvoker.invokeTestMethod(TestInvoker.java:174)
at org.testng.internal.TestMethodWithDataProviderMethodWorker.call(TestMethodWithDataProviderMethodWorker.java:77)
at org.testng.internal.TestMethodWithDataProviderMethodWorker.call(TestMethodWithDataProviderMethodWorker.java:15)
at java.util.concurrent.FutureTask.run(FutureTask.java:266)
at java.util.concurrent.Executors$RunnableAdapter.call(Executors.java:511)
at java.util.concurrent.FutureTask.run(FutureTask.java:266)
at java.util.concurrent.ThreadPoolExecutor.runWorker(ThreadPoolExecutor.java:1149)
at java.util.concurrent.ThreadPoolExecutor$Worker.run(ThreadPoolExecutor.java:624)
at java.lang.Thread.run(Thread.java:748)
]]>
    </failure>
  </testcase> <!-- validateDeleteCustomerAPI -->
  <system-out/>
  <testcase name="validateDeleteCustomerAPI" time="1.396" classname="com.learning.testcases.DeleteCustomerTest">
    <failure type="java.lang.AssertionError" message="Response doesn&#039;t have ID as a field expected [true] but found [false]">
      <![CDATA[java.lang.AssertionError: Response doesn't have ID as a field expected [true] but found [false]
at org.testng.Assert.fail(Assert.java:99)
at org.testng.Assert.failNotEquals(Assert.java:1037)
at org.testng.Assert.assertTrue(Assert.java:45)
at com.learning.testcases.DeleteCustomerTest.doValidationUsingJSONObject(DeleteCustomerTest.java:51)
at com.learning.testcases.DeleteCustomerTest.validateDeleteCustomerAPI(DeleteCustomerTest.java:37)
at sun.reflect.GeneratedMethodAccessor250.invoke(Unknown Source)
at sun.reflect.DelegatingMethodAccessorImpl.invoke(DelegatingMethodAccessorImpl.java:43)
at java.lang.reflect.Method.invoke(Method.java:498)
at org.testng.internal.MethodInvocationHelper.invokeMethod(MethodInvocationHelper.java:132)
at org.testng.internal.TestInvoker.invokeMethod(TestInvoker.java:599)
at org.testng.internal.TestInvoker.invokeTestMethod(TestInvoker.java:174)
at org.testng.internal.TestMethodWithDataProviderMethodWorker.call(TestMethodWithDataProviderMethodWorker.java:77)
at org.testng.internal.TestMethodWithDataProviderMethodWorker.call(TestMethodWithDataProviderMethodWorker.java:15)
at java.util.concurrent.FutureTask.run(FutureTask.java:266)
at java.util.concurrent.Executors$RunnableAdapter.call(Executors.java:511)
at java.util.concurrent.FutureTask.run(FutureTask.java:266)
at java.util.concurrent.ThreadPoolExecutor.runWorker(ThreadPoolExecutor.java:1149)
at java.util.concurrent.ThreadPoolExecutor$Worker.run(ThreadPoolExecutor.java:624)
at java.lang.Thread.run(Thread.java:748)
]]>
    </failure>
  </testcase> <!-- validateDeleteCustomerAPI -->
  <system-out/>
  <testcase name="validateDeleteCustomerAPI" time="1.458" classname="com.learning.testcases.DeleteCustomerTest">
    <failure type="java.lang.AssertionError" message="Response doesn&#039;t have ID as a field expected [true] but found [false]">
      <![CDATA[java.lang.AssertionError: Response doesn't have ID as a field expected [true] but found [false]
at org.testng.Assert.fail(Assert.java:99)
at org.testng.Assert.failNotEquals(Assert.java:1037)
at org.testng.Assert.assertTrue(Assert.java:45)
at com.learning.testcases.DeleteCustomerTest.doValidationUsingJSONObject(DeleteCustomerTest.java:51)
at com.learning.testcases.DeleteCustomerTest.validateDeleteCustomerAPI(DeleteCustomerTest.java:37)
at sun.reflect.GeneratedMethodAccessor250.invoke(Unknown Source)
at sun.reflect.DelegatingMethodAccessorImpl.invoke(DelegatingMethodAccessorImpl.java:43)
at java.lang.reflect.Method.invoke(Method.java:498)
at org.testng.internal.MethodInvocationHelper.invokeMethod(MethodInvocationHelper.java:132)
at org.testng.internal.TestInvoker.invokeMethod(TestInvoker.java:599)
at org.testng.internal.TestInvoker.invokeTestMethod(TestInvoker.java:174)
at org.testng.internal.TestMethodWithDataProviderMethodWorker.call(TestMethodWithDataProviderMethodWorker.java:77)
at org.testng.internal.TestMethodWithDataProviderMethodWorker.call(TestMethodWithDataProviderMethodWorker.java:15)
at java.util.concurrent.FutureTask.run(FutureTask.java:266)
at java.util.concurrent.Executors$RunnableAdapter.call(Executors.java:511)
at java.util.concurrent.FutureTask.run(FutureTask.java:266)
at java.util.concurrent.ThreadPoolExecutor.runWorker(ThreadPoolExecutor.java:1149)
at java.util.concurrent.ThreadPoolExecutor$Worker.run(ThreadPoolExecutor.java:624)
at java.lang.Thread.run(Thread.java:748)
]]>
    </failure>
  </testcase> <!-- validateDeleteCustomerAPI -->
  <system-out/>
  <testcase name="validateDeleteCustomerAPI" time="1.355" classname="com.learning.testcases.DeleteCustomerTest">
    <failure type="java.lang.AssertionError" message="Response doesn&#039;t have ID as a field expected [true] but found [false]">
      <![CDATA[java.lang.AssertionError: Response doesn't have ID as a field expected [true] but found [false]
at org.testng.Assert.fail(Assert.java:99)
at org.testng.Assert.failNotEquals(Assert.java:1037)
at org.testng.Assert.assertTrue(Assert.java:45)
at com.learning.testcases.DeleteCustomerTest.doValidationUsingJSONObject(DeleteCustomerTest.java:51)
at com.learning.testcases.DeleteCustomerTest.validateDeleteCustomerAPI(DeleteCustomerTest.java:37)
at sun.reflect.GeneratedMethodAccessor250.invoke(Unknown Source)
at sun.reflect.DelegatingMethodAccessorImpl.invoke(DelegatingMethodAccessorImpl.java:43)
at java.lang.reflect.Method.invoke(Method.java:498)
at org.testng.internal.MethodInvocationHelper.invokeMethod(MethodInvocationHelper.java:132)
at org.testng.internal.TestInvoker.invokeMethod(TestInvoker.java:599)
at org.testng.internal.TestInvoker.invokeTestMethod(TestInvoker.java:174)
at org.testng.internal.TestMethodWithDataProviderMethodWorker.call(TestMethodWithDataProviderMethodWorker.java:77)
at org.testng.internal.TestMethodWithDataProviderMethodWorker.call(TestMethodWithDataProviderMethodWorker.java:15)
at java.util.concurrent.FutureTask.run(FutureTask.java:266)
at java.util.concurrent.Executors$RunnableAdapter.call(Executors.java:511)
at java.util.concurrent.FutureTask.run(FutureTask.java:266)
at java.util.concurrent.ThreadPoolExecutor.runWorker(ThreadPoolExecutor.java:1149)
at java.util.concurrent.ThreadPoolExecutor$Worker.run(ThreadPoolExecutor.java:624)
at java.lang.Thread.run(Thread.java:748)
]]>
    </failure>
  </testcase> <!-- validateDeleteCustomerAPI -->
  <system-out/>
  <testcase name="validateDeleteCustomerAPI" time="1.410" classname="com.learning.testcases.DeleteCustomerTest">
    <failure type="java.lang.AssertionError" message="Response doesn&#039;t have ID as a field expected [true] but found [false]">
      <![CDATA[java.lang.AssertionError: Response doesn't have ID as a field expected [true] but found [false]
at org.testng.Assert.fail(Assert.java:99)
at org.testng.Assert.failNotEquals(Assert.java:1037)
at org.testng.Assert.assertTrue(Assert.java:45)
at com.learning.testcases.DeleteCustomerTest.doValidationUsingJSONObject(DeleteCustomerTest.java:51)
at com.learning.testcases.DeleteCustomerTest.validateDeleteCustomerAPI(DeleteCustomerTest.java:37)
at sun.reflect.GeneratedMethodAccessor250.invoke(Unknown Source)
at sun.reflect.DelegatingMethodAccessorImpl.invoke(DelegatingMethodAccessorImpl.java:43)
at java.lang.reflect.Method.invoke(Method.java:498)
at org.testng.internal.MethodInvocationHelper.invokeMethod(MethodInvocationHelper.java:132)
at org.testng.internal.TestInvoker.invokeMethod(TestInvoker.java:599)
at org.testng.internal.TestInvoker.invokeTestMethod(TestInvoker.java:174)
at org.testng.internal.TestMethodWithDataProviderMethodWorker.call(TestMethodWithDataProviderMethodWorker.java:77)
at org.testng.internal.TestMethodWithDataProviderMethodWorker.call(TestMethodWithDataProviderMethodWorker.java:15)
at java.util.concurrent.FutureTask.run(FutureTask.java:266)
at java.util.concurrent.Executors$RunnableAdapter.call(Executors.java:511)
at java.util.concurrent.FutureTask.run(FutureTask.java:266)
at java.util.concurrent.ThreadPoolExecutor.runWorker(ThreadPoolExecutor.java:1149)
at java.util.concurrent.ThreadPoolExecutor$Worker.run(ThreadPoolExecutor.java:624)
at java.lang.Thread.run(Thread.java:748)
]]>
    </failure>
  </testcase> <!-- validateDeleteCustomerAPI -->
  <system-out/>
  <testcase name="validateDeleteCustomerAPI" time="1.362" classname="com.learning.testcases.DeleteCustomerTest">
    <failure type="java.lang.AssertionError" message="Response doesn&#039;t have ID as a field expected [true] but found [false]">
      <![CDATA[java.lang.AssertionError: Response doesn't have ID as a field expected [true] but found [false]
at org.testng.Assert.fail(Assert.java:99)
at org.testng.Assert.failNotEquals(Assert.java:1037)
at org.testng.Assert.assertTrue(Assert.java:45)
at com.learning.testcases.DeleteCustomerTest.doValidationUsingJSONObject(DeleteCustomerTest.java:51)
at com.learning.testcases.DeleteCustomerTest.validateDeleteCustomerAPI(DeleteCustomerTest.java:37)
at sun.reflect.GeneratedMethodAccessor250.invoke(Unknown Source)
at sun.reflect.DelegatingMethodAccessorImpl.invoke(DelegatingMethodAccessorImpl.java:43)
at java.lang.reflect.Method.invoke(Method.java:498)
at org.testng.internal.MethodInvocationHelper.invokeMethod(MethodInvocationHelper.java:132)
at org.testng.internal.TestInvoker.invokeMethod(TestInvoker.java:599)
at org.testng.internal.TestInvoker.invokeTestMethod(TestInvoker.java:174)
at org.testng.internal.TestMethodWithDataProviderMethodWorker.call(TestMethodWithDataProviderMethodWorker.java:77)
at org.testng.internal.TestMethodWithDataProviderMethodWorker.call(TestMethodWithDataProviderMethodWorker.java:15)
at java.util.concurrent.FutureTask.run(FutureTask.java:266)
at java.util.concurrent.Executors$RunnableAdapter.call(Executors.java:511)
at java.util.concurrent.FutureTask.run(FutureTask.java:266)
at java.util.concurrent.ThreadPoolExecutor.runWorker(ThreadPoolExecutor.java:1149)
at java.util.concurrent.ThreadPoolExecutor$Worker.run(ThreadPoolExecutor.java:624)
at java.lang.Thread.run(Thread.java:748)
]]>
    </failure>
  </testcase> <!-- validateDeleteCustomerAPI -->
  <system-out/>
  <testcase name="validateDeleteCustomerAPI" time="1.383" classname="com.learning.testcases.DeleteCustomerTest">
    <failure type="java.lang.AssertionError" message="Response doesn&#039;t have ID as a field expected [true] but found [false]">
      <![CDATA[java.lang.AssertionError: Response doesn't have ID as a field expected [true] but found [false]
at org.testng.Assert.fail(Assert.java:99)
at org.testng.Assert.failNotEquals(Assert.java:1037)
at org.testng.Assert.assertTrue(Assert.java:45)
at com.learning.testcases.DeleteCustomerTest.doValidationUsingJSONObject(DeleteCustomerTest.java:51)
at com.learning.testcases.DeleteCustomerTest.validateDeleteCustomerAPI(DeleteCustomerTest.java:37)
at sun.reflect.GeneratedMethodAccessor250.invoke(Unknown Source)
at sun.reflect.DelegatingMethodAccessorImpl.invoke(DelegatingMethodAccessorImpl.java:43)
at java.lang.reflect.Method.invoke(Method.java:498)
at org.testng.internal.MethodInvocationHelper.invokeMethod(MethodInvocationHelper.java:132)
at org.testng.internal.TestInvoker.invokeMethod(TestInvoker.java:599)
at org.testng.internal.TestInvoker.invokeTestMethod(TestInvoker.java:174)
at org.testng.internal.TestMethodWithDataProviderMethodWorker.call(TestMethodWithDataProviderMethodWorker.java:77)
at org.testng.internal.TestMethodWithDataProviderMethodWorker.call(TestMethodWithDataProviderMethodWorker.java:15)
at java.util.concurrent.FutureTask.run(FutureTask.java:266)
at java.util.concurrent.Executors$RunnableAdapter.call(Executors.java:511)
at java.util.concurrent.FutureTask.run(FutureTask.java:266)
at java.util.concurrent.ThreadPoolExecutor.runWorker(ThreadPoolExecutor.java:1149)
at java.util.concurrent.ThreadPoolExecutor$Worker.run(ThreadPoolExecutor.java:624)
at java.lang.Thread.run(Thread.java:748)
]]>
    </failure>
  </testcase> <!-- validateDeleteCustomerAPI -->
  <system-out/>
  <testcase name="validateDeleteCustomerAPI" time="1.370" classname="com.learning.testcases.DeleteCustomerTest">
    <failure type="java.lang.AssertionError" message="Response doesn&#039;t have ID as a field expected [true] but found [false]">
      <![CDATA[java.lang.AssertionError: Response doesn't have ID as a field expected [true] but found [false]
at org.testng.Assert.fail(Assert.java:99)
at org.testng.Assert.failNotEquals(Assert.java:1037)
at org.testng.Assert.assertTrue(Assert.java:45)
at com.learning.testcases.DeleteCustomerTest.doValidationUsingJSONObject(DeleteCustomerTest.java:51)
at com.learning.testcases.DeleteCustomerTest.validateDeleteCustomerAPI(DeleteCustomerTest.java:37)
at sun.reflect.GeneratedMethodAccessor250.invoke(Unknown Source)
at sun.reflect.DelegatingMethodAccessorImpl.invoke(DelegatingMethodAccessorImpl.java:43)
at java.lang.reflect.Method.invoke(Method.java:498)
at org.testng.internal.MethodInvocationHelper.invokeMethod(MethodInvocationHelper.java:132)
at org.testng.internal.TestInvoker.invokeMethod(TestInvoker.java:599)
at org.testng.internal.TestInvoker.invokeTestMethod(TestInvoker.java:174)
at org.testng.internal.TestMethodWithDataProviderMethodWorker.call(TestMethodWithDataProviderMethodWorker.java:77)
at org.testng.internal.TestMethodWithDataProviderMethodWorker.call(TestMethodWithDataProviderMethodWorker.java:15)
at java.util.concurrent.FutureTask.run(FutureTask.java:266)
at java.util.concurrent.Executors$RunnableAdapter.call(Executors.java:511)
at java.util.concurrent.FutureTask.run(FutureTask.java:266)
at java.util.concurrent.ThreadPoolExecutor.runWorker(ThreadPoolExecutor.java:1149)
at java.util.concurrent.ThreadPoolExecutor$Worker.run(ThreadPoolExecutor.java:624)
at java.lang.Thread.run(Thread.java:748)
]]>
    </failure>
  </testcase> <!-- validateDeleteCustomerAPI -->
  <system-out/>
  <testcase name="validateDeleteCustomerAPI" time="2.406" classname="com.learning.testcases.DeleteCustomerTest"/>
  <system-out/>
  <testcase name="validateDeleteCustomerAPI" time="1.454" classname="com.learning.testcases.DeleteCustomerTest"/>
  <system-out/>
  <testcase name="validateDeleteCustomerAPI" time="1.386" classname="com.learning.testcases.DeleteCustomerTest">
    <failure type="java.lang.AssertionError" message="Response doesn&#039;t have ID as a field expected [true] but found [false]">
      <![CDATA[java.lang.AssertionError: Response doesn't have ID as a field expected [true] but found [false]
at org.testng.Assert.fail(Assert.java:99)
at org.testng.Assert.failNotEquals(Assert.java:1037)
at org.testng.Assert.assertTrue(Assert.java:45)
at com.learning.testcases.DeleteCustomerTest.doValidationUsingJSONObject(DeleteCustomerTest.java:51)
at com.learning.testcases.DeleteCustomerTest.validateDeleteCustomerAPI(DeleteCustomerTest.java:37)
at sun.reflect.GeneratedMethodAccessor250.invoke(Unknown Source)
at sun.reflect.DelegatingMethodAccessorImpl.invoke(DelegatingMethodAccessorImpl.java:43)
at java.lang.reflect.Method.invoke(Method.java:498)
at org.testng.internal.MethodInvocationHelper.invokeMethod(MethodInvocationHelper.java:132)
at org.testng.internal.TestInvoker.invokeMethod(TestInvoker.java:599)
at org.testng.internal.TestInvoker.invokeTestMethod(TestInvoker.java:174)
at org.testng.internal.TestMethodWithDataProviderMethodWorker.call(TestMethodWithDataProviderMethodWorker.java:77)
at org.testng.internal.TestMethodWithDataProviderMethodWorker.call(TestMethodWithDataProviderMethodWorker.java:15)
at java.util.concurrent.FutureTask.run(FutureTask.java:266)
at java.util.concurrent.Executors$RunnableAdapter.call(Executors.java:511)
at java.util.concurrent.FutureTask.run(FutureTask.java:266)
at java.util.concurrent.ThreadPoolExecutor.runWorker(ThreadPoolExecutor.java:1149)
at java.util.concurrent.ThreadPoolExecutor$Worker.run(ThreadPoolExecutor.java:624)
at java.lang.Thread.run(Thread.java:748)
]]>
    </failure>
  </testcase> <!-- validateDeleteCustomerAPI -->
  <system-out/>
  <testcase name="validateDeleteCustomerAPI" time="1.415" classname="com.learning.testcases.DeleteCustomerTest">
    <failure type="java.lang.AssertionError" message="Response doesn&#039;t have ID as a field expected [true] but found [false]">
      <![CDATA[java.lang.AssertionError: Response doesn't have ID as a field expected [true] but found [false]
at org.testng.Assert.fail(Assert.java:99)
at org.testng.Assert.failNotEquals(Assert.java:1037)
at org.testng.Assert.assertTrue(Assert.java:45)
at com.learning.testcases.DeleteCustomerTest.doValidationUsingJSONObject(DeleteCustomerTest.java:51)
at com.learning.testcases.DeleteCustomerTest.validateDeleteCustomerAPI(DeleteCustomerTest.java:37)
at sun.reflect.GeneratedMethodAccessor250.invoke(Unknown Source)
at sun.reflect.DelegatingMethodAccessorImpl.invoke(DelegatingMethodAccessorImpl.java:43)
at java.lang.reflect.Method.invoke(Method.java:498)
at org.testng.internal.MethodInvocationHelper.invokeMethod(MethodInvocationHelper.java:132)
at org.testng.internal.TestInvoker.invokeMethod(TestInvoker.java:599)
at org.testng.internal.TestInvoker.invokeTestMethod(TestInvoker.java:174)
at org.testng.internal.TestMethodWithDataProviderMethodWorker.call(TestMethodWithDataProviderMethodWorker.java:77)
at org.testng.internal.TestMethodWithDataProviderMethodWorker.call(TestMethodWithDataProviderMethodWorker.java:15)
at java.util.concurrent.FutureTask.run(FutureTask.java:266)
at java.util.concurrent.Executors$RunnableAdapter.call(Executors.java:511)
at java.util.concurrent.FutureTask.run(FutureTask.java:266)
at java.util.concurrent.ThreadPoolExecutor.runWorker(ThreadPoolExecutor.java:1149)
at java.util.concurrent.ThreadPoolExecutor$Worker.run(ThreadPoolExecutor.java:624)
at java.lang.Thread.run(Thread.java:748)
]]>
    </failure>
  </testcase> <!-- validateDeleteCustomerAPI -->
  <system-out/>
  <testcase name="validateDeleteCustomerAPI" time="1.715" classname="com.learning.testcases.DeleteCustomerTest"/>
  <system-out/>
  <testcase name="validateDeleteCustomerAPI" time="1.375" classname="com.learning.testcases.DeleteCustomerTest">
    <failure type="java.lang.AssertionError" message="Response doesn&#039;t have ID as a field expected [true] but found [false]">
      <![CDATA[java.lang.AssertionError: Response doesn't have ID as a field expected [true] but found [false]
at org.testng.Assert.fail(Assert.java:99)
at org.testng.Assert.failNotEquals(Assert.java:1037)
at org.testng.Assert.assertTrue(Assert.java:45)
at com.learning.testcases.DeleteCustomerTest.doValidationUsingJSONObject(DeleteCustomerTest.java:51)
at com.learning.testcases.DeleteCustomerTest.validateDeleteCustomerAPI(DeleteCustomerTest.java:37)
at sun.reflect.GeneratedMethodAccessor250.invoke(Unknown Source)
at sun.reflect.DelegatingMethodAccessorImpl.invoke(DelegatingMethodAccessorImpl.java:43)
at java.lang.reflect.Method.invoke(Method.java:498)
at org.testng.internal.MethodInvocationHelper.invokeMethod(MethodInvocationHelper.java:132)
at org.testng.internal.TestInvoker.invokeMethod(TestInvoker.java:599)
at org.testng.internal.TestInvoker.invokeTestMethod(TestInvoker.java:174)
at org.testng.internal.TestMethodWithDataProviderMethodWorker.call(TestMethodWithDataProviderMethodWorker.java:77)
at org.testng.internal.TestMethodWithDataProviderMethodWorker.call(TestMethodWithDataProviderMethodWorker.java:15)
at java.util.concurrent.FutureTask.run(FutureTask.java:266)
at java.util.concurrent.Executors$RunnableAdapter.call(Executors.java:511)
at java.util.concurrent.FutureTask.run(FutureTask.java:266)
at java.util.concurrent.ThreadPoolExecutor.runWorker(ThreadPoolExecutor.java:1149)
at java.util.concurrent.ThreadPoolExecutor$Worker.run(ThreadPoolExecutor.java:624)
at java.lang.Thread.run(Thread.java:748)
]]>
    </failure>
  </testcase> <!-- validateDeleteCustomerAPI -->
  <system-out/>
  <testcase name="validateDeleteCustomerAPI" time="1.389" classname="com.learning.testcases.DeleteCustomerTest"/>
  <system-out/>
  <testcase name="validateDeleteCustomerAPI" time="1.426" classname="com.learning.testcases.DeleteCustomerTest">
    <failure type="java.lang.AssertionError" message="Response doesn&#039;t have ID as a field expected [true] but found [false]">
      <![CDATA[java.lang.AssertionError: Response doesn't have ID as a field expected [true] but found [false]
at org.testng.Assert.fail(Assert.java:99)
at org.testng.Assert.failNotEquals(Assert.java:1037)
at org.testng.Assert.assertTrue(Assert.java:45)
at com.learning.testcases.DeleteCustomerTest.doValidationUsingJSONObject(DeleteCustomerTest.java:51)
at com.learning.testcases.DeleteCustomerTest.validateDeleteCustomerAPI(DeleteCustomerTest.java:37)
at sun.reflect.GeneratedMethodAccessor250.invoke(Unknown Source)
at sun.reflect.DelegatingMethodAccessorImpl.invoke(DelegatingMethodAccessorImpl.java:43)
at java.lang.reflect.Method.invoke(Method.java:498)
at org.testng.internal.MethodInvocationHelper.invokeMethod(MethodInvocationHelper.java:132)
at org.testng.internal.TestInvoker.invokeMethod(TestInvoker.java:599)
at org.testng.internal.TestInvoker.invokeTestMethod(TestInvoker.java:174)
at org.testng.internal.TestMethodWithDataProviderMethodWorker.call(TestMethodWithDataProviderMethodWorker.java:77)
at org.testng.internal.TestMethodWithDataProviderMethodWorker.call(TestMethodWithDataProviderMethodWorker.java:15)
at java.util.concurrent.FutureTask.run(FutureTask.java:266)
at java.util.concurrent.Executors$RunnableAdapter.call(Executors.java:511)
at java.util.concurrent.FutureTask.run(FutureTask.java:266)
at java.util.concurrent.ThreadPoolExecutor.runWorker(ThreadPoolExecutor.java:1149)
at java.util.concurrent.ThreadPoolExecutor$Worker.run(ThreadPoolExecutor.java:624)
at java.lang.Thread.run(Thread.java:748)
]]>
    </failure>
  </testcase> <!-- validateDeleteCustomerAPI -->
  <system-out/>
  <testcase name="validateDeleteCustomerAPI" time="1.373" classname="com.learning.testcases.DeleteCustomerTest">
    <failure type="java.lang.AssertionError" message="Response doesn&#039;t have ID as a field expected [true] but found [false]">
      <![CDATA[java.lang.AssertionError: Response doesn't have ID as a field expected [true] but found [false]
at org.testng.Assert.fail(Assert.java:99)
at org.testng.Assert.failNotEquals(Assert.java:1037)
at org.testng.Assert.assertTrue(Assert.java:45)
at com.learning.testcases.DeleteCustomerTest.doValidationUsingJSONObject(DeleteCustomerTest.java:51)
at com.learning.testcases.DeleteCustomerTest.validateDeleteCustomerAPI(DeleteCustomerTest.java:37)
at sun.reflect.GeneratedMethodAccessor250.invoke(Unknown Source)
at sun.reflect.DelegatingMethodAccessorImpl.invoke(DelegatingMethodAccessorImpl.java:43)
at java.lang.reflect.Method.invoke(Method.java:498)
at org.testng.internal.MethodInvocationHelper.invokeMethod(MethodInvocationHelper.java:132)
at org.testng.internal.TestInvoker.invokeMethod(TestInvoker.java:599)
at org.testng.internal.TestInvoker.invokeTestMethod(TestInvoker.java:174)
at org.testng.internal.TestMethodWithDataProviderMethodWorker.call(TestMethodWithDataProviderMethodWorker.java:77)
at org.testng.internal.TestMethodWithDataProviderMethodWorker.call(TestMethodWithDataProviderMethodWorker.java:15)
at java.util.concurrent.FutureTask.run(FutureTask.java:266)
at java.util.concurrent.Executors$RunnableAdapter.call(Executors.java:511)
at java.util.concurrent.FutureTask.run(FutureTask.java:266)
at java.util.concurrent.ThreadPoolExecutor.runWorker(ThreadPoolExecutor.java:1149)
at java.util.concurrent.ThreadPoolExecutor$Worker.run(ThreadPoolExecutor.java:624)
at java.lang.Thread.run(Thread.java:748)
]]>
    </failure>
  </testcase> <!-- validateDeleteCustomerAPI -->
  <system-out/>
  <testcase name="validateDeleteCustomerAPI" time="1.367" classname="com.learning.testcases.DeleteCustomerTest">
    <failure type="java.lang.AssertionError" message="Response doesn&#039;t have ID as a field expected [true] but found [false]">
      <![CDATA[java.lang.AssertionError: Response doesn't have ID as a field expected [true] but found [false]
at org.testng.Assert.fail(Assert.java:99)
at org.testng.Assert.failNotEquals(Assert.java:1037)
at org.testng.Assert.assertTrue(Assert.java:45)
at com.learning.testcases.DeleteCustomerTest.doValidationUsingJSONObject(DeleteCustomerTest.java:51)
at com.learning.testcases.DeleteCustomerTest.validateDeleteCustomerAPI(DeleteCustomerTest.java:37)
at sun.reflect.GeneratedMethodAccessor250.invoke(Unknown Source)
at sun.reflect.DelegatingMethodAccessorImpl.invoke(DelegatingMethodAccessorImpl.java:43)
at java.lang.reflect.Method.invoke(Method.java:498)
at org.testng.internal.MethodInvocationHelper.invokeMethod(MethodInvocationHelper.java:132)
at org.testng.internal.TestInvoker.invokeMethod(TestInvoker.java:599)
at org.testng.internal.TestInvoker.invokeTestMethod(TestInvoker.java:174)
at org.testng.internal.TestMethodWithDataProviderMethodWorker.call(TestMethodWithDataProviderMethodWorker.java:77)
at org.testng.internal.TestMethodWithDataProviderMethodWorker.call(TestMethodWithDataProviderMethodWorker.java:15)
at java.util.concurrent.FutureTask.run(FutureTask.java:266)
at java.util.concurrent.Executors$RunnableAdapter.call(Executors.java:511)
at java.util.concurrent.FutureTask.run(FutureTask.java:266)
at java.util.concurrent.ThreadPoolExecutor.runWorker(ThreadPoolExecutor.java:1149)
at java.util.concurrent.ThreadPoolExecutor$Worker.run(ThreadPoolExecutor.java:624)
at java.lang.Thread.run(Thread.java:748)
]]>
    </failure>
  </testcase> <!-- validateDeleteCustomerAPI -->
  <system-out/>
  <testcase name="validateDeleteCustomerAPI" time="1.420" classname="com.learning.testcases.DeleteCustomerTest">
    <failure type="java.lang.AssertionError" message="Response doesn&#039;t have ID as a field expected [true] but found [false]">
      <![CDATA[java.lang.AssertionError: Response doesn't have ID as a field expected [true] but found [false]
at org.testng.Assert.fail(Assert.java:99)
at org.testng.Assert.failNotEquals(Assert.java:1037)
at org.testng.Assert.assertTrue(Assert.java:45)
at com.learning.testcases.DeleteCustomerTest.doValidationUsingJSONObject(DeleteCustomerTest.java:51)
at com.learning.testcases.DeleteCustomerTest.validateDeleteCustomerAPI(DeleteCustomerTest.java:37)
at sun.reflect.GeneratedMethodAccessor250.invoke(Unknown Source)
at sun.reflect.DelegatingMethodAccessorImpl.invoke(DelegatingMethodAccessorImpl.java:43)
at java.lang.reflect.Method.invoke(Method.java:498)
at org.testng.internal.MethodInvocationHelper.invokeMethod(MethodInvocationHelper.java:132)
at org.testng.internal.TestInvoker.invokeMethod(TestInvoker.java:599)
at org.testng.internal.TestInvoker.invokeTestMethod(TestInvoker.java:174)
at org.testng.internal.TestMethodWithDataProviderMethodWorker.call(TestMethodWithDataProviderMethodWorker.java:77)
at org.testng.internal.TestMethodWithDataProviderMethodWorker.call(TestMethodWithDataProviderMethodWorker.java:15)
at java.util.concurrent.FutureTask.run(FutureTask.java:266)
at java.util.concurrent.Executors$RunnableAdapter.call(Executors.java:511)
at java.util.concurrent.FutureTask.run(FutureTask.java:266)
at java.util.concurrent.ThreadPoolExecutor.runWorker(ThreadPoolExecutor.java:1149)
at java.util.concurrent.ThreadPoolExecutor$Worker.run(ThreadPoolExecutor.java:624)
at java.lang.Thread.run(Thread.java:748)
]]>
    </failure>
  </testcase> <!-- validateDeleteCustomerAPI -->
  <system-out/>
  <testcase name="validateDeleteCustomerAPI" time="1.497" classname="com.learning.testcases.DeleteCustomerTest"/>
  <system-out/>
  <testcase name="validateDeleteCustomerAPI" time="1.392" classname="com.learning.testcases.DeleteCustomerTest">
    <failure type="java.lang.AssertionError" message="Response doesn&#039;t have ID as a field expected [true] but found [false]">
      <![CDATA[java.lang.AssertionError: Response doesn't have ID as a field expected [true] but found [false]
at org.testng.Assert.fail(Assert.java:99)
at org.testng.Assert.failNotEquals(Assert.java:1037)
at org.testng.Assert.assertTrue(Assert.java:45)
at com.learning.testcases.DeleteCustomerTest.doValidationUsingJSONObject(DeleteCustomerTest.java:51)
at com.learning.testcases.DeleteCustomerTest.validateDeleteCustomerAPI(DeleteCustomerTest.java:37)
at sun.reflect.GeneratedMethodAccessor250.invoke(Unknown Source)
at sun.reflect.DelegatingMethodAccessorImpl.invoke(DelegatingMethodAccessorImpl.java:43)
at java.lang.reflect.Method.invoke(Method.java:498)
at org.testng.internal.MethodInvocationHelper.invokeMethod(MethodInvocationHelper.java:132)
at org.testng.internal.TestInvoker.invokeMethod(TestInvoker.java:599)
at org.testng.internal.TestInvoker.invokeTestMethod(TestInvoker.java:174)
at org.testng.internal.TestMethodWithDataProviderMethodWorker.call(TestMethodWithDataProviderMethodWorker.java:77)
at org.testng.internal.TestMethodWithDataProviderMethodWorker.call(TestMethodWithDataProviderMethodWorker.java:15)
at java.util.concurrent.FutureTask.run(FutureTask.java:266)
at java.util.concurrent.Executors$RunnableAdapter.call(Executors.java:511)
at java.util.concurrent.FutureTask.run(FutureTask.java:266)
at java.util.concurrent.ThreadPoolExecutor.runWorker(ThreadPoolExecutor.java:1149)
at java.util.concurrent.ThreadPoolExecutor$Worker.run(ThreadPoolExecutor.java:624)
at java.lang.Thread.run(Thread.java:748)
]]>
    </failure>
  </testcase> <!-- validateDeleteCustomerAPI -->
  <system-out/>
  <testcase name="validateDeleteCustomerAPI" time="1.359" classname="com.learning.testcases.DeleteCustomerTest">
    <failure type="java.lang.AssertionError" message="Response doesn&#039;t have ID as a field expected [true] but found [false]">
      <![CDATA[java.lang.AssertionError: Response doesn't have ID as a field expected [true] but found [false]
at org.testng.Assert.fail(Assert.java:99)
at org.testng.Assert.failNotEquals(Assert.java:1037)
at org.testng.Assert.assertTrue(Assert.java:45)
at com.learning.testcases.DeleteCustomerTest.doValidationUsingJSONObject(DeleteCustomerTest.java:51)
at com.learning.testcases.DeleteCustomerTest.validateDeleteCustomerAPI(DeleteCustomerTest.java:37)
at sun.reflect.GeneratedMethodAccessor250.invoke(Unknown Source)
at sun.reflect.DelegatingMethodAccessorImpl.invoke(DelegatingMethodAccessorImpl.java:43)
at java.lang.reflect.Method.invoke(Method.java:498)
at org.testng.internal.MethodInvocationHelper.invokeMethod(MethodInvocationHelper.java:132)
at org.testng.internal.TestInvoker.invokeMethod(TestInvoker.java:599)
at org.testng.internal.TestInvoker.invokeTestMethod(TestInvoker.java:174)
at org.testng.internal.TestMethodWithDataProviderMethodWorker.call(TestMethodWithDataProviderMethodWorker.java:77)
at org.testng.internal.TestMethodWithDataProviderMethodWorker.call(TestMethodWithDataProviderMethodWorker.java:15)
at java.util.concurrent.FutureTask.run(FutureTask.java:266)
at java.util.concurrent.Executors$RunnableAdapter.call(Executors.java:511)
at java.util.concurrent.FutureTask.run(FutureTask.java:266)
at java.util.concurrent.ThreadPoolExecutor.runWorker(ThreadPoolExecutor.java:1149)
at java.util.concurrent.ThreadPoolExecutor$Worker.run(ThreadPoolExecutor.java:624)
at java.lang.Thread.run(Thread.java:748)
]]>
    </failure>
  </testcase> <!-- validateDeleteCustomerAPI -->
  <system-out/>
  <testcase name="validateDeleteCustomerAPI" time="1.446" classname="com.learning.testcases.DeleteCustomerTest"/>
  <system-out/>
  <testcase name="validateDeleteCustomerAPI" time="1.327" classname="com.learning.testcases.DeleteCustomerTest">
    <failure type="java.lang.AssertionError" message="Response doesn&#039;t have ID as a field expected [true] but found [false]">
      <![CDATA[java.lang.AssertionError: Response doesn't have ID as a field expected [true] but found [false]
at org.testng.Assert.fail(Assert.java:99)
at org.testng.Assert.failNotEquals(Assert.java:1037)
at org.testng.Assert.assertTrue(Assert.java:45)
at com.learning.testcases.DeleteCustomerTest.doValidationUsingJSONObject(DeleteCustomerTest.java:51)
at com.learning.testcases.DeleteCustomerTest.validateDeleteCustomerAPI(DeleteCustomerTest.java:37)
at sun.reflect.GeneratedMethodAccessor250.invoke(Unknown Source)
at sun.reflect.DelegatingMethodAccessorImpl.invoke(DelegatingMethodAccessorImpl.java:43)
at java.lang.reflect.Method.invoke(Method.java:498)
at org.testng.internal.MethodInvocationHelper.invokeMethod(MethodInvocationHelper.java:132)
at org.testng.internal.TestInvoker.invokeMethod(TestInvoker.java:599)
at org.testng.internal.TestInvoker.invokeTestMethod(TestInvoker.java:174)
at org.testng.internal.TestMethodWithDataProviderMethodWorker.call(TestMethodWithDataProviderMethodWorker.java:77)
at org.testng.internal.TestMethodWithDataProviderMethodWorker.call(TestMethodWithDataProviderMethodWorker.java:15)
at java.util.concurrent.FutureTask.run(FutureTask.java:266)
at java.util.concurrent.Executors$RunnableAdapter.call(Executors.java:511)
at java.util.concurrent.FutureTask.run(FutureTask.java:266)
at java.util.concurrent.ThreadPoolExecutor.runWorker(ThreadPoolExecutor.java:1149)
at java.util.concurrent.ThreadPoolExecutor$Worker.run(ThreadPoolExecutor.java:624)
at java.lang.Thread.run(Thread.java:748)
]]>
    </failure>
  </testcase> <!-- validateDeleteCustomerAPI -->
  <system-out/>
  <testcase name="validateDeleteCustomerAPI" time="1.395" classname="com.learning.testcases.DeleteCustomerTest">
    <failure type="java.lang.AssertionError" message="Response doesn&#039;t have ID as a field expected [true] but found [false]">
      <![CDATA[java.lang.AssertionError: Response doesn't have ID as a field expected [true] but found [false]
at org.testng.Assert.fail(Assert.java:99)
at org.testng.Assert.failNotEquals(Assert.java:1037)
at org.testng.Assert.assertTrue(Assert.java:45)
at com.learning.testcases.DeleteCustomerTest.doValidationUsingJSONObject(DeleteCustomerTest.java:51)
at com.learning.testcases.DeleteCustomerTest.validateDeleteCustomerAPI(DeleteCustomerTest.java:37)
at sun.reflect.GeneratedMethodAccessor250.invoke(Unknown Source)
at sun.reflect.DelegatingMethodAccessorImpl.invoke(DelegatingMethodAccessorImpl.java:43)
at java.lang.reflect.Method.invoke(Method.java:498)
at org.testng.internal.MethodInvocationHelper.invokeMethod(MethodInvocationHelper.java:132)
at org.testng.internal.TestInvoker.invokeMethod(TestInvoker.java:599)
at org.testng.internal.TestInvoker.invokeTestMethod(TestInvoker.java:174)
at org.testng.internal.TestMethodWithDataProviderMethodWorker.call(TestMethodWithDataProviderMethodWorker.java:77)
at org.testng.internal.TestMethodWithDataProviderMethodWorker.call(TestMethodWithDataProviderMethodWorker.java:15)
at java.util.concurrent.FutureTask.run(FutureTask.java:266)
at java.util.concurrent.Executors$RunnableAdapter.call(Executors.java:511)
at java.util.concurrent.FutureTask.run(FutureTask.java:266)
at java.util.concurrent.ThreadPoolExecutor.runWorker(ThreadPoolExecutor.java:1149)
at java.util.concurrent.ThreadPoolExecutor$Worker.run(ThreadPoolExecutor.java:624)
at java.lang.Thread.run(Thread.java:748)
]]>
    </failure>
  </testcase> <!-- validateDeleteCustomerAPI -->
  <system-out/>
  <testcase name="validateDeleteCustomerAPI" time="1.475" classname="com.learning.testcases.DeleteCustomerTest"/>
  <system-out/>
  <testcase name="validateDeleteCustomerAPI" time="1.395" classname="com.learning.testcases.DeleteCustomerTest">
    <failure type="java.lang.AssertionError" message="Response doesn&#039;t have ID as a field expected [true] but found [false]">
      <![CDATA[java.lang.AssertionError: Response doesn't have ID as a field expected [true] but found [false]
at org.testng.Assert.fail(Assert.java:99)
at org.testng.Assert.failNotEquals(Assert.java:1037)
at org.testng.Assert.assertTrue(Assert.java:45)
at com.learning.testcases.DeleteCustomerTest.doValidationUsingJSONObject(DeleteCustomerTest.java:51)
at com.learning.testcases.DeleteCustomerTest.validateDeleteCustomerAPI(DeleteCustomerTest.java:37)
at sun.reflect.GeneratedMethodAccessor250.invoke(Unknown Source)
at sun.reflect.DelegatingMethodAccessorImpl.invoke(DelegatingMethodAccessorImpl.java:43)
at java.lang.reflect.Method.invoke(Method.java:498)
at org.testng.internal.MethodInvocationHelper.invokeMethod(MethodInvocationHelper.java:132)
at org.testng.internal.TestInvoker.invokeMethod(TestInvoker.java:599)
at org.testng.internal.TestInvoker.invokeTestMethod(TestInvoker.java:174)
at org.testng.internal.TestMethodWithDataProviderMethodWorker.call(TestMethodWithDataProviderMethodWorker.java:77)
at org.testng.internal.TestMethodWithDataProviderMethodWorker.call(TestMethodWithDataProviderMethodWorker.java:15)
at java.util.concurrent.FutureTask.run(FutureTask.java:266)
at java.util.concurrent.Executors$RunnableAdapter.call(Executors.java:511)
at java.util.concurrent.FutureTask.run(FutureTask.java:266)
at java.util.concurrent.ThreadPoolExecutor.runWorker(ThreadPoolExecutor.java:1149)
at java.util.concurrent.ThreadPoolExecutor$Worker.run(ThreadPoolExecutor.java:624)
at java.lang.Thread.run(Thread.java:748)
]]>
    </failure>
  </testcase> <!-- validateDeleteCustomerAPI -->
  <system-out/>
  <testcase name="validateDeleteCustomerAPI" time="1.359" classname="com.learning.testcases.DeleteCustomerTest">
    <failure type="java.lang.AssertionError" message="Response doesn&#039;t have ID as a field expected [true] but found [false]">
      <![CDATA[java.lang.AssertionError: Response doesn't have ID as a field expected [true] but found [false]
at org.testng.Assert.fail(Assert.java:99)
at org.testng.Assert.failNotEquals(Assert.java:1037)
at org.testng.Assert.assertTrue(Assert.java:45)
at com.learning.testcases.DeleteCustomerTest.doValidationUsingJSONObject(DeleteCustomerTest.java:51)
at com.learning.testcases.DeleteCustomerTest.validateDeleteCustomerAPI(DeleteCustomerTest.java:37)
at sun.reflect.GeneratedMethodAccessor250.invoke(Unknown Source)
at sun.reflect.DelegatingMethodAccessorImpl.invoke(DelegatingMethodAccessorImpl.java:43)
at java.lang.reflect.Method.invoke(Method.java:498)
at org.testng.internal.MethodInvocationHelper.invokeMethod(MethodInvocationHelper.java:132)
at org.testng.internal.TestInvoker.invokeMethod(TestInvoker.java:599)
at org.testng.internal.TestInvoker.invokeTestMethod(TestInvoker.java:174)
at org.testng.internal.TestMethodWithDataProviderMethodWorker.call(TestMethodWithDataProviderMethodWorker.java:77)
at org.testng.internal.TestMethodWithDataProviderMethodWorker.call(TestMethodWithDataProviderMethodWorker.java:15)
at java.util.concurrent.FutureTask.run(FutureTask.java:266)
at java.util.concurrent.Executors$RunnableAdapter.call(Executors.java:511)
at java.util.concurrent.FutureTask.run(FutureTask.java:266)
at java.util.concurrent.ThreadPoolExecutor.runWorker(ThreadPoolExecutor.java:1149)
at java.util.concurrent.ThreadPoolExecutor$Worker.run(ThreadPoolExecutor.java:624)
at java.lang.Thread.run(Thread.java:748)
]]>
    </failure>
  </testcase> <!-- validateDeleteCustomerAPI -->
  <system-out/>
  <testcase name="validateDeleteCustomerAPI" time="1.365" classname="com.learning.testcases.DeleteCustomerTest">
    <failure type="java.lang.AssertionError" message="Response doesn&#039;t have ID as a field expected [true] but found [false]">
      <![CDATA[java.lang.AssertionError: Response doesn't have ID as a field expected [true] but found [false]
at org.testng.Assert.fail(Assert.java:99)
at org.testng.Assert.failNotEquals(Assert.java:1037)
at org.testng.Assert.assertTrue(Assert.java:45)
at com.learning.testcases.DeleteCustomerTest.doValidationUsingJSONObject(DeleteCustomerTest.java:51)
at com.learning.testcases.DeleteCustomerTest.validateDeleteCustomerAPI(DeleteCustomerTest.java:37)
at sun.reflect.GeneratedMethodAccessor250.invoke(Unknown Source)
at sun.reflect.DelegatingMethodAccessorImpl.invoke(DelegatingMethodAccessorImpl.java:43)
at java.lang.reflect.Method.invoke(Method.java:498)
at org.testng.internal.MethodInvocationHelper.invokeMethod(MethodInvocationHelper.java:132)
at org.testng.internal.TestInvoker.invokeMethod(TestInvoker.java:599)
at org.testng.internal.TestInvoker.invokeTestMethod(TestInvoker.java:174)
at org.testng.internal.TestMethodWithDataProviderMethodWorker.call(TestMethodWithDataProviderMethodWorker.java:77)
at org.testng.internal.TestMethodWithDataProviderMethodWorker.call(TestMethodWithDataProviderMethodWorker.java:15)
at java.util.concurrent.FutureTask.run(FutureTask.java:266)
at java.util.concurrent.Executors$RunnableAdapter.call(Executors.java:511)
at java.util.concurrent.FutureTask.run(FutureTask.java:266)
at java.util.concurrent.ThreadPoolExecutor.runWorker(ThreadPoolExecutor.java:1149)
at java.util.concurrent.ThreadPoolExecutor$Worker.run(ThreadPoolExecutor.java:624)
at java.lang.Thread.run(Thread.java:748)
]]>
    </failure>
  </testcase> <!-- validateDeleteCustomerAPI -->
  <system-out/>
  <testcase name="validateDeleteCustomerAPI" time="1.376" classname="com.learning.testcases.DeleteCustomerTest">
    <failure type="java.lang.AssertionError" message="Response doesn&#039;t have ID as a field expected [true] but found [false]">
      <![CDATA[java.lang.AssertionError: Response doesn't have ID as a field expected [true] but found [false]
at org.testng.Assert.fail(Assert.java:99)
at org.testng.Assert.failNotEquals(Assert.java:1037)
at org.testng.Assert.assertTrue(Assert.java:45)
at com.learning.testcases.DeleteCustomerTest.doValidationUsingJSONObject(DeleteCustomerTest.java:51)
at com.learning.testcases.DeleteCustomerTest.validateDeleteCustomerAPI(DeleteCustomerTest.java:37)
at sun.reflect.GeneratedMethodAccessor250.invoke(Unknown Source)
at sun.reflect.DelegatingMethodAccessorImpl.invoke(DelegatingMethodAccessorImpl.java:43)
at java.lang.reflect.Method.invoke(Method.java:498)
at org.testng.internal.MethodInvocationHelper.invokeMethod(MethodInvocationHelper.java:132)
at org.testng.internal.TestInvoker.invokeMethod(TestInvoker.java:599)
at org.testng.internal.TestInvoker.invokeTestMethod(TestInvoker.java:174)
at org.testng.internal.TestMethodWithDataProviderMethodWorker.call(TestMethodWithDataProviderMethodWorker.java:77)
at org.testng.internal.TestMethodWithDataProviderMethodWorker.call(TestMethodWithDataProviderMethodWorker.java:15)
at java.util.concurrent.FutureTask.run(FutureTask.java:266)
at java.util.concurrent.Executors$RunnableAdapter.call(Executors.java:511)
at java.util.concurrent.FutureTask.run(FutureTask.java:266)
at java.util.concurrent.ThreadPoolExecutor.runWorker(ThreadPoolExecutor.java:1149)
at java.util.concurrent.ThreadPoolExecutor$Worker.run(ThreadPoolExecutor.java:624)
at java.lang.Thread.run(Thread.java:748)
]]>
    </failure>
  </testcase> <!-- validateDeleteCustomerAPI -->
  <system-out/>
  <testcase name="validateDeleteCustomerAPI" time="1.392" classname="com.learning.testcases.DeleteCustomerTest">
    <failure type="java.lang.AssertionError" message="Response doesn&#039;t have ID as a field expected [true] but found [false]">
      <![CDATA[java.lang.AssertionError: Response doesn't have ID as a field expected [true] but found [false]
at org.testng.Assert.fail(Assert.java:99)
at org.testng.Assert.failNotEquals(Assert.java:1037)
at org.testng.Assert.assertTrue(Assert.java:45)
at com.learning.testcases.DeleteCustomerTest.doValidationUsingJSONObject(DeleteCustomerTest.java:51)
at com.learning.testcases.DeleteCustomerTest.validateDeleteCustomerAPI(DeleteCustomerTest.java:37)
at sun.reflect.GeneratedMethodAccessor250.invoke(Unknown Source)
at sun.reflect.DelegatingMethodAccessorImpl.invoke(DelegatingMethodAccessorImpl.java:43)
at java.lang.reflect.Method.invoke(Method.java:498)
at org.testng.internal.MethodInvocationHelper.invokeMethod(MethodInvocationHelper.java:132)
at org.testng.internal.TestInvoker.invokeMethod(TestInvoker.java:599)
at org.testng.internal.TestInvoker.invokeTestMethod(TestInvoker.java:174)
at org.testng.internal.TestMethodWithDataProviderMethodWorker.call(TestMethodWithDataProviderMethodWorker.java:77)
at org.testng.internal.TestMethodWithDataProviderMethodWorker.call(TestMethodWithDataProviderMethodWorker.java:15)
at java.util.concurrent.FutureTask.run(FutureTask.java:266)
at java.util.concurrent.Executors$RunnableAdapter.call(Executors.java:511)
at java.util.concurrent.FutureTask.run(FutureTask.java:266)
at java.util.concurrent.ThreadPoolExecutor.runWorker(ThreadPoolExecutor.java:1149)
at java.util.concurrent.ThreadPoolExecutor$Worker.run(ThreadPoolExecutor.java:624)
at java.lang.Thread.run(Thread.java:748)
]]>
    </failure>
  </testcase> <!-- validateDeleteCustomerAPI -->
  <system-out/>
  <testcase name="validateDeleteCustomerAPI" time="1.383" classname="com.learning.testcases.DeleteCustomerTest">
    <failure type="java.lang.AssertionError" message="Response doesn&#039;t have ID as a field expected [true] but found [false]">
      <![CDATA[java.lang.AssertionError: Response doesn't have ID as a field expected [true] but found [false]
at org.testng.Assert.fail(Assert.java:99)
at org.testng.Assert.failNotEquals(Assert.java:1037)
at org.testng.Assert.assertTrue(Assert.java:45)
at com.learning.testcases.DeleteCustomerTest.doValidationUsingJSONObject(DeleteCustomerTest.java:51)
at com.learning.testcases.DeleteCustomerTest.validateDeleteCustomerAPI(DeleteCustomerTest.java:37)
at sun.reflect.GeneratedMethodAccessor250.invoke(Unknown Source)
at sun.reflect.DelegatingMethodAccessorImpl.invoke(DelegatingMethodAccessorImpl.java:43)
at java.lang.reflect.Method.invoke(Method.java:498)
at org.testng.internal.MethodInvocationHelper.invokeMethod(MethodInvocationHelper.java:132)
at org.testng.internal.TestInvoker.invokeMethod(TestInvoker.java:599)
at org.testng.internal.TestInvoker.invokeTestMethod(TestInvoker.java:174)
at org.testng.internal.TestMethodWithDataProviderMethodWorker.call(TestMethodWithDataProviderMethodWorker.java:77)
at org.testng.internal.TestMethodWithDataProviderMethodWorker.call(TestMethodWithDataProviderMethodWorker.java:15)
at java.util.concurrent.FutureTask.run(FutureTask.java:266)
at java.util.concurrent.Executors$RunnableAdapter.call(Executors.java:511)
at java.util.concurrent.FutureTask.run(FutureTask.java:266)
at java.util.concurrent.ThreadPoolExecutor.runWorker(ThreadPoolExecutor.java:1149)
at java.util.concurrent.ThreadPoolExecutor$Worker.run(ThreadPoolExecutor.java:624)
at java.lang.Thread.run(Thread.java:748)
]]>
    </failure>
  </testcase> <!-- validateDeleteCustomerAPI -->
  <system-out/>
  <testcase name="validateDeleteCustomerAPI" time="1.477" classname="com.learning.testcases.DeleteCustomerTest"/>
  <system-out/>
  <testcase name="validateDeleteCustomerAPI" time="1.438" classname="com.learning.testcases.DeleteCustomerTest">
    <failure type="java.lang.AssertionError" message="Response doesn&#039;t have ID as a field expected [true] but found [false]">
      <![CDATA[java.lang.AssertionError: Response doesn't have ID as a field expected [true] but found [false]
at org.testng.Assert.fail(Assert.java:99)
at org.testng.Assert.failNotEquals(Assert.java:1037)
at org.testng.Assert.assertTrue(Assert.java:45)
at com.learning.testcases.DeleteCustomerTest.doValidationUsingJSONObject(DeleteCustomerTest.java:51)
at com.learning.testcases.DeleteCustomerTest.validateDeleteCustomerAPI(DeleteCustomerTest.java:37)
at sun.reflect.GeneratedMethodAccessor250.invoke(Unknown Source)
at sun.reflect.DelegatingMethodAccessorImpl.invoke(DelegatingMethodAccessorImpl.java:43)
at java.lang.reflect.Method.invoke(Method.java:498)
at org.testng.internal.MethodInvocationHelper.invokeMethod(MethodInvocationHelper.java:132)
at org.testng.internal.TestInvoker.invokeMethod(TestInvoker.java:599)
at org.testng.internal.TestInvoker.invokeTestMethod(TestInvoker.java:174)
at org.testng.internal.TestMethodWithDataProviderMethodWorker.call(TestMethodWithDataProviderMethodWorker.java:77)
at org.testng.internal.TestMethodWithDataProviderMethodWorker.call(TestMethodWithDataProviderMethodWorker.java:15)
at java.util.concurrent.FutureTask.run(FutureTask.java:266)
at java.util.concurrent.Executors$RunnableAdapter.call(Executors.java:511)
at java.util.concurrent.FutureTask.run(FutureTask.java:266)
at java.util.concurrent.ThreadPoolExecutor.runWorker(ThreadPoolExecutor.java:1149)
at java.util.concurrent.ThreadPoolExecutor$Worker.run(ThreadPoolExecutor.java:624)
at java.lang.Thread.run(Thread.java:748)
]]>
    </failure>
  </testcase> <!-- validateDeleteCustomerAPI -->
  <system-out/>
  <testcase name="validateDeleteCustomerAPI" time="1.661" classname="com.learning.testcases.DeleteCustomerTest">
    <failure type="java.lang.AssertionError" message="Response doesn&#039;t have ID as a field expected [true] but found [false]">
      <![CDATA[java.lang.AssertionError: Response doesn't have ID as a field expected [true] but found [false]
at org.testng.Assert.fail(Assert.java:99)
at org.testng.Assert.failNotEquals(Assert.java:1037)
at org.testng.Assert.assertTrue(Assert.java:45)
at com.learning.testcases.DeleteCustomerTest.doValidationUsingJSONObject(DeleteCustomerTest.java:51)
at com.learning.testcases.DeleteCustomerTest.validateDeleteCustomerAPI(DeleteCustomerTest.java:37)
at sun.reflect.GeneratedMethodAccessor250.invoke(Unknown Source)
at sun.reflect.DelegatingMethodAccessorImpl.invoke(DelegatingMethodAccessorImpl.java:43)
at java.lang.reflect.Method.invoke(Method.java:498)
at org.testng.internal.MethodInvocationHelper.invokeMethod(MethodInvocationHelper.java:132)
at org.testng.internal.TestInvoker.invokeMethod(TestInvoker.java:599)
at org.testng.internal.TestInvoker.invokeTestMethod(TestInvoker.java:174)
at org.testng.internal.TestMethodWithDataProviderMethodWorker.call(TestMethodWithDataProviderMethodWorker.java:77)
at org.testng.internal.TestMethodWithDataProviderMethodWorker.call(TestMethodWithDataProviderMethodWorker.java:15)
at java.util.concurrent.FutureTask.run(FutureTask.java:266)
at java.util.concurrent.Executors$RunnableAdapter.call(Executors.java:511)
at java.util.concurrent.FutureTask.run(FutureTask.java:266)
at java.util.concurrent.ThreadPoolExecutor.runWorker(ThreadPoolExecutor.java:1149)
at java.util.concurrent.ThreadPoolExecutor$Worker.run(ThreadPoolExecutor.java:624)
at java.lang.Thread.run(Thread.java:748)
]]>
    </failure>
  </testcase> <!-- validateDeleteCustomerAPI -->
  <system-out/>
  <testcase name="validateDeleteCustomerAPI" time="1.437" classname="com.learning.testcases.DeleteCustomerTest">
    <failure type="java.lang.AssertionError" message="Response doesn&#039;t have ID as a field expected [true] but found [false]">
      <![CDATA[java.lang.AssertionError: Response doesn't have ID as a field expected [true] but found [false]
at org.testng.Assert.fail(Assert.java:99)
at org.testng.Assert.failNotEquals(Assert.java:1037)
at org.testng.Assert.assertTrue(Assert.java:45)
at com.learning.testcases.DeleteCustomerTest.doValidationUsingJSONObject(DeleteCustomerTest.java:51)
at com.learning.testcases.DeleteCustomerTest.validateDeleteCustomerAPI(DeleteCustomerTest.java:37)
at sun.reflect.GeneratedMethodAccessor250.invoke(Unknown Source)
at sun.reflect.DelegatingMethodAccessorImpl.invoke(DelegatingMethodAccessorImpl.java:43)
at java.lang.reflect.Method.invoke(Method.java:498)
at org.testng.internal.MethodInvocationHelper.invokeMethod(MethodInvocationHelper.java:132)
at org.testng.internal.TestInvoker.invokeMethod(TestInvoker.java:599)
at org.testng.internal.TestInvoker.invokeTestMethod(TestInvoker.java:174)
at org.testng.internal.TestMethodWithDataProviderMethodWorker.call(TestMethodWithDataProviderMethodWorker.java:77)
at org.testng.internal.TestMethodWithDataProviderMethodWorker.call(TestMethodWithDataProviderMethodWorker.java:15)
at java.util.concurrent.FutureTask.run(FutureTask.java:266)
at java.util.concurrent.Executors$RunnableAdapter.call(Executors.java:511)
at java.util.concurrent.FutureTask.run(FutureTask.java:266)
at java.util.concurrent.ThreadPoolExecutor.runWorker(ThreadPoolExecutor.java:1149)
at java.util.concurrent.ThreadPoolExecutor$Worker.run(ThreadPoolExecutor.java:624)
at java.lang.Thread.run(Thread.java:748)
]]>
    </failure>
  </testcase> <!-- validateDeleteCustomerAPI -->
  <system-out/>
  <testcase name="validateDeleteCustomerAPI" time="1.607" classname="com.learning.testcases.DeleteCustomerTest">
    <failure type="java.lang.AssertionError" message="Response doesn&#039;t have ID as a field expected [true] but found [false]">
      <![CDATA[java.lang.AssertionError: Response doesn't have ID as a field expected [true] but found [false]
at org.testng.Assert.fail(Assert.java:99)
at org.testng.Assert.failNotEquals(Assert.java:1037)
at org.testng.Assert.assertTrue(Assert.java:45)
at com.learning.testcases.DeleteCustomerTest.doValidationUsingJSONObject(DeleteCustomerTest.java:51)
at com.learning.testcases.DeleteCustomerTest.validateDeleteCustomerAPI(DeleteCustomerTest.java:37)
at sun.reflect.GeneratedMethodAccessor250.invoke(Unknown Source)
at sun.reflect.DelegatingMethodAccessorImpl.invoke(DelegatingMethodAccessorImpl.java:43)
at java.lang.reflect.Method.invoke(Method.java:498)
at org.testng.internal.MethodInvocationHelper.invokeMethod(MethodInvocationHelper.java:132)
at org.testng.internal.TestInvoker.invokeMethod(TestInvoker.java:599)
at org.testng.internal.TestInvoker.invokeTestMethod(TestInvoker.java:174)
at org.testng.internal.TestMethodWithDataProviderMethodWorker.call(TestMethodWithDataProviderMethodWorker.java:77)
at org.testng.internal.TestMethodWithDataProviderMethodWorker.call(TestMethodWithDataProviderMethodWorker.java:15)
at java.util.concurrent.FutureTask.run(FutureTask.java:266)
at java.util.concurrent.Executors$RunnableAdapter.call(Executors.java:511)
at java.util.concurrent.FutureTask.run(FutureTask.java:266)
at java.util.concurrent.ThreadPoolExecutor.runWorker(ThreadPoolExecutor.java:1149)
at java.util.concurrent.ThreadPoolExecutor$Worker.run(ThreadPoolExecutor.java:624)
at java.lang.Thread.run(Thread.java:748)
]]>
    </failure>
  </testcase> <!-- validateDeleteCustomerAPI -->
  <system-out/>
  <testcase name="validateDeleteCustomerAPI" time="1.379" classname="com.learning.testcases.DeleteCustomerTest">
    <failure type="java.lang.AssertionError" message="Response doesn&#039;t have ID as a field expected [true] but found [false]">
      <![CDATA[java.lang.AssertionError: Response doesn't have ID as a field expected [true] but found [false]
at org.testng.Assert.fail(Assert.java:99)
at org.testng.Assert.failNotEquals(Assert.java:1037)
at org.testng.Assert.assertTrue(Assert.java:45)
at com.learning.testcases.DeleteCustomerTest.doValidationUsingJSONObject(DeleteCustomerTest.java:51)
at com.learning.testcases.DeleteCustomerTest.validateDeleteCustomerAPI(DeleteCustomerTest.java:37)
at sun.reflect.GeneratedMethodAccessor250.invoke(Unknown Source)
at sun.reflect.DelegatingMethodAccessorImpl.invoke(DelegatingMethodAccessorImpl.java:43)
at java.lang.reflect.Method.invoke(Method.java:498)
at org.testng.internal.MethodInvocationHelper.invokeMethod(MethodInvocationHelper.java:132)
at org.testng.internal.TestInvoker.invokeMethod(TestInvoker.java:599)
at org.testng.internal.TestInvoker.invokeTestMethod(TestInvoker.java:174)
at org.testng.internal.TestMethodWithDataProviderMethodWorker.call(TestMethodWithDataProviderMethodWorker.java:77)
at org.testng.internal.TestMethodWithDataProviderMethodWorker.call(TestMethodWithDataProviderMethodWorker.java:15)
at java.util.concurrent.FutureTask.run(FutureTask.java:266)
at java.util.concurrent.Executors$RunnableAdapter.call(Executors.java:511)
at java.util.concurrent.FutureTask.run(FutureTask.java:266)
at java.util.concurrent.ThreadPoolExecutor.runWorker(ThreadPoolExecutor.java:1149)
at java.util.concurrent.ThreadPoolExecutor$Worker.run(ThreadPoolExecutor.java:624)
at java.lang.Thread.run(Thread.java:748)
]]>
    </failure>
  </testcase> <!-- validateDeleteCustomerAPI -->
  <system-out/>
  <testcase name="validateDeleteCustomerAPI" time="1.492" classname="com.learning.testcases.DeleteCustomerTest">
    <failure type="java.lang.AssertionError" message="Response doesn&#039;t have ID as a field expected [true] but found [false]">
      <![CDATA[java.lang.AssertionError: Response doesn't have ID as a field expected [true] but found [false]
at org.testng.Assert.fail(Assert.java:99)
at org.testng.Assert.failNotEquals(Assert.java:1037)
at org.testng.Assert.assertTrue(Assert.java:45)
at com.learning.testcases.DeleteCustomerTest.doValidationUsingJSONObject(DeleteCustomerTest.java:51)
at com.learning.testcases.DeleteCustomerTest.validateDeleteCustomerAPI(DeleteCustomerTest.java:37)
at sun.reflect.GeneratedMethodAccessor250.invoke(Unknown Source)
at sun.reflect.DelegatingMethodAccessorImpl.invoke(DelegatingMethodAccessorImpl.java:43)
at java.lang.reflect.Method.invoke(Method.java:498)
at org.testng.internal.MethodInvocationHelper.invokeMethod(MethodInvocationHelper.java:132)
at org.testng.internal.TestInvoker.invokeMethod(TestInvoker.java:599)
at org.testng.internal.TestInvoker.invokeTestMethod(TestInvoker.java:174)
at org.testng.internal.TestMethodWithDataProviderMethodWorker.call(TestMethodWithDataProviderMethodWorker.java:77)
at org.testng.internal.TestMethodWithDataProviderMethodWorker.call(TestMethodWithDataProviderMethodWorker.java:15)
at java.util.concurrent.FutureTask.run(FutureTask.java:266)
at java.util.concurrent.Executors$RunnableAdapter.call(Executors.java:511)
at java.util.concurrent.FutureTask.run(FutureTask.java:266)
at java.util.concurrent.ThreadPoolExecutor.runWorker(ThreadPoolExecutor.java:1149)
at java.util.concurrent.ThreadPoolExecutor$Worker.run(ThreadPoolExecutor.java:624)
at java.lang.Thread.run(Thread.java:748)
]]>
    </failure>
  </testcase> <!-- validateDeleteCustomerAPI -->
  <system-out/>
  <testcase name="validateDeleteCustomerAPI" time="1.410" classname="com.learning.testcases.DeleteCustomerTest">
    <failure type="java.lang.AssertionError" message="Response doesn&#039;t have ID as a field expected [true] but found [false]">
      <![CDATA[java.lang.AssertionError: Response doesn't have ID as a field expected [true] but found [false]
at org.testng.Assert.fail(Assert.java:99)
at org.testng.Assert.failNotEquals(Assert.java:1037)
at org.testng.Assert.assertTrue(Assert.java:45)
at com.learning.testcases.DeleteCustomerTest.doValidationUsingJSONObject(DeleteCustomerTest.java:51)
at com.learning.testcases.DeleteCustomerTest.validateDeleteCustomerAPI(DeleteCustomerTest.java:37)
at sun.reflect.GeneratedMethodAccessor250.invoke(Unknown Source)
at sun.reflect.DelegatingMethodAccessorImpl.invoke(DelegatingMethodAccessorImpl.java:43)
at java.lang.reflect.Method.invoke(Method.java:498)
at org.testng.internal.MethodInvocationHelper.invokeMethod(MethodInvocationHelper.java:132)
at org.testng.internal.TestInvoker.invokeMethod(TestInvoker.java:599)
at org.testng.internal.TestInvoker.invokeTestMethod(TestInvoker.java:174)
at org.testng.internal.TestMethodWithDataProviderMethodWorker.call(TestMethodWithDataProviderMethodWorker.java:77)
at org.testng.internal.TestMethodWithDataProviderMethodWorker.call(TestMethodWithDataProviderMethodWorker.java:15)
at java.util.concurrent.FutureTask.run(FutureTask.java:266)
at java.util.concurrent.Executors$RunnableAdapter.call(Executors.java:511)
at java.util.concurrent.FutureTask.run(FutureTask.java:266)
at java.util.concurrent.ThreadPoolExecutor.runWorker(ThreadPoolExecutor.java:1149)
at java.util.concurrent.ThreadPoolExecutor$Worker.run(ThreadPoolExecutor.java:624)
at java.lang.Thread.run(Thread.java:748)
]]>
    </failure>
  </testcase> <!-- validateDeleteCustomerAPI -->
  <system-out/>
  <testcase name="validateDeleteCustomerAPI" time="1.368" classname="com.learning.testcases.DeleteCustomerTest">
    <failure type="java.lang.AssertionError" message="Response doesn&#039;t have ID as a field expected [true] but found [false]">
      <![CDATA[java.lang.AssertionError: Response doesn't have ID as a field expected [true] but found [false]
at org.testng.Assert.fail(Assert.java:99)
at org.testng.Assert.failNotEquals(Assert.java:1037)
at org.testng.Assert.assertTrue(Assert.java:45)
at com.learning.testcases.DeleteCustomerTest.doValidationUsingJSONObject(DeleteCustomerTest.java:51)
at com.learning.testcases.DeleteCustomerTest.validateDeleteCustomerAPI(DeleteCustomerTest.java:37)
at sun.reflect.GeneratedMethodAccessor250.invoke(Unknown Source)
at sun.reflect.DelegatingMethodAccessorImpl.invoke(DelegatingMethodAccessorImpl.java:43)
at java.lang.reflect.Method.invoke(Method.java:498)
at org.testng.internal.MethodInvocationHelper.invokeMethod(MethodInvocationHelper.java:132)
at org.testng.internal.TestInvoker.invokeMethod(TestInvoker.java:599)
at org.testng.internal.TestInvoker.invokeTestMethod(TestInvoker.java:174)
at org.testng.internal.TestMethodWithDataProviderMethodWorker.call(TestMethodWithDataProviderMethodWorker.java:77)
at org.testng.internal.TestMethodWithDataProviderMethodWorker.call(TestMethodWithDataProviderMethodWorker.java:15)
at java.util.concurrent.FutureTask.run(FutureTask.java:266)
at java.util.concurrent.Executors$RunnableAdapter.call(Executors.java:511)
at java.util.concurrent.FutureTask.run(FutureTask.java:266)
at java.util.concurrent.ThreadPoolExecutor.runWorker(ThreadPoolExecutor.java:1149)
at java.util.concurrent.ThreadPoolExecutor$Worker.run(ThreadPoolExecutor.java:624)
at java.lang.Thread.run(Thread.java:748)
]]>
    </failure>
  </testcase> <!-- validateDeleteCustomerAPI -->
  <system-out/>
  <testcase name="validateDeleteCustomerAPI" time="1.372" classname="com.learning.testcases.DeleteCustomerTest">
    <failure type="java.lang.AssertionError" message="Response doesn&#039;t have ID as a field expected [true] but found [false]">
      <![CDATA[java.lang.AssertionError: Response doesn't have ID as a field expected [true] but found [false]
at org.testng.Assert.fail(Assert.java:99)
at org.testng.Assert.failNotEquals(Assert.java:1037)
at org.testng.Assert.assertTrue(Assert.java:45)
at com.learning.testcases.DeleteCustomerTest.doValidationUsingJSONObject(DeleteCustomerTest.java:51)
at com.learning.testcases.DeleteCustomerTest.validateDeleteCustomerAPI(DeleteCustomerTest.java:37)
at sun.reflect.GeneratedMethodAccessor250.invoke(Unknown Source)
at sun.reflect.DelegatingMethodAccessorImpl.invoke(DelegatingMethodAccessorImpl.java:43)
at java.lang.reflect.Method.invoke(Method.java:498)
at org.testng.internal.MethodInvocationHelper.invokeMethod(MethodInvocationHelper.java:132)
at org.testng.internal.TestInvoker.invokeMethod(TestInvoker.java:599)
at org.testng.internal.TestInvoker.invokeTestMethod(TestInvoker.java:174)
at org.testng.internal.TestMethodWithDataProviderMethodWorker.call(TestMethodWithDataProviderMethodWorker.java:77)
at org.testng.internal.TestMethodWithDataProviderMethodWorker.call(TestMethodWithDataProviderMethodWorker.java:15)
at java.util.concurrent.FutureTask.run(FutureTask.java:266)
at java.util.concurrent.Executors$RunnableAdapter.call(Executors.java:511)
at java.util.concurrent.FutureTask.run(FutureTask.java:266)
at java.util.concurrent.ThreadPoolExecutor.runWorker(ThreadPoolExecutor.java:1149)
at java.util.concurrent.ThreadPoolExecutor$Worker.run(ThreadPoolExecutor.java:624)
at java.lang.Thread.run(Thread.java:748)
]]>
    </failure>
  </testcase> <!-- validateDeleteCustomerAPI -->
  <system-out/>
  <testcase name="validateDeleteCustomerAPI" time="4.183" classname="com.learning.testcases.DeleteCustomerTest">
    <failure type="java.lang.AssertionError" message="Response doesn&#039;t have ID as a field expected [true] but found [false]">
      <![CDATA[java.lang.AssertionError: Response doesn't have ID as a field expected [true] but found [false]
at org.testng.Assert.fail(Assert.java:99)
at org.testng.Assert.failNotEquals(Assert.java:1037)
at org.testng.Assert.assertTrue(Assert.java:45)
at com.learning.testcases.DeleteCustomerTest.doValidationUsingJSONObject(DeleteCustomerTest.java:51)
at com.learning.testcases.DeleteCustomerTest.validateDeleteCustomerAPI(DeleteCustomerTest.java:37)
at sun.reflect.NativeMethodAccessorImpl.invoke0(Native Method)
at sun.reflect.NativeMethodAccessorImpl.invoke(NativeMethodAccessorImpl.java:62)
at sun.reflect.DelegatingMethodAccessorImpl.invoke(DelegatingMethodAccessorImpl.java:43)
at java.lang.reflect.Method.invoke(Method.java:498)
at org.testng.internal.MethodInvocationHelper.invokeMethod(MethodInvocationHelper.java:132)
at org.testng.internal.TestInvoker.invokeMethod(TestInvoker.java:599)
at org.testng.internal.TestInvoker.invokeTestMethod(TestInvoker.java:174)
at org.testng.internal.TestMethodWithDataProviderMethodWorker.call(TestMethodWithDataProviderMethodWorker.java:77)
at org.testng.internal.TestMethodWithDataProviderMethodWorker.call(TestMethodWithDataProviderMethodWorker.java:15)
at java.util.concurrent.FutureTask.run(FutureTask.java:266)
at java.util.concurrent.Executors$RunnableAdapter.call(Executors.java:511)
at java.util.concurrent.FutureTask.run(FutureTask.java:266)
at java.util.concurrent.ThreadPoolExecutor.runWorker(ThreadPoolExecutor.java:1149)
at java.util.concurrent.ThreadPoolExecutor$Worker.run(ThreadPoolExecutor.java:624)
at java.lang.Thread.run(Thread.java:748)
]]>
    </failure>
  </testcase> <!-- validateDeleteCustomerAPI -->
  <system-out/>
  <testcase name="validateDeleteCustomerAPI" time="1.442" classname="com.learning.testcases.DeleteCustomerTest">
    <failure type="java.lang.AssertionError" message="Response doesn&#039;t have ID as a field expected [true] but found [false]">
      <![CDATA[java.lang.AssertionError: Response doesn't have ID as a field expected [true] but found [false]
at org.testng.Assert.fail(Assert.java:99)
at org.testng.Assert.failNotEquals(Assert.java:1037)
at org.testng.Assert.assertTrue(Assert.java:45)
at com.learning.testcases.DeleteCustomerTest.doValidationUsingJSONObject(DeleteCustomerTest.java:51)
at com.learning.testcases.DeleteCustomerTest.validateDeleteCustomerAPI(DeleteCustomerTest.java:37)
at sun.reflect.GeneratedMethodAccessor250.invoke(Unknown Source)
at sun.reflect.DelegatingMethodAccessorImpl.invoke(DelegatingMethodAccessorImpl.java:43)
at java.lang.reflect.Method.invoke(Method.java:498)
at org.testng.internal.MethodInvocationHelper.invokeMethod(MethodInvocationHelper.java:132)
at org.testng.internal.TestInvoker.invokeMethod(TestInvoker.java:599)
at org.testng.internal.TestInvoker.invokeTestMethod(TestInvoker.java:174)
at org.testng.internal.TestMethodWithDataProviderMethodWorker.call(TestMethodWithDataProviderMethodWorker.java:77)
at org.testng.internal.TestMethodWithDataProviderMethodWorker.call(TestMethodWithDataProviderMethodWorker.java:15)
at java.util.concurrent.FutureTask.run(FutureTask.java:266)
at java.util.concurrent.Executors$RunnableAdapter.call(Executors.java:511)
at java.util.concurrent.FutureTask.run(FutureTask.java:266)
at java.util.concurrent.ThreadPoolExecutor.runWorker(ThreadPoolExecutor.java:1149)
at java.util.concurrent.ThreadPoolExecutor$Worker.run(ThreadPoolExecutor.java:624)
at java.lang.Thread.run(Thread.java:748)
]]>
    </failure>
  </testcase> <!-- validateDeleteCustomerAPI -->
  <system-out/>
  <testcase name="validateDeleteCustomerAPI" time="1.443" classname="com.learning.testcases.DeleteCustomerTest">
    <failure type="java.lang.AssertionError" message="Response doesn&#039;t have ID as a field expected [true] but found [false]">
      <![CDATA[java.lang.AssertionError: Response doesn't have ID as a field expected [true] but found [false]
at org.testng.Assert.fail(Assert.java:99)
at org.testng.Assert.failNotEquals(Assert.java:1037)
at org.testng.Assert.assertTrue(Assert.java:45)
at com.learning.testcases.DeleteCustomerTest.doValidationUsingJSONObject(DeleteCustomerTest.java:51)
at com.learning.testcases.DeleteCustomerTest.validateDeleteCustomerAPI(DeleteCustomerTest.java:37)
at sun.reflect.GeneratedMethodAccessor250.invoke(Unknown Source)
at sun.reflect.DelegatingMethodAccessorImpl.invoke(DelegatingMethodAccessorImpl.java:43)
at java.lang.reflect.Method.invoke(Method.java:498)
at org.testng.internal.MethodInvocationHelper.invokeMethod(MethodInvocationHelper.java:132)
at org.testng.internal.TestInvoker.invokeMethod(TestInvoker.java:599)
at org.testng.internal.TestInvoker.invokeTestMethod(TestInvoker.java:174)
at org.testng.internal.TestMethodWithDataProviderMethodWorker.call(TestMethodWithDataProviderMethodWorker.java:77)
at org.testng.internal.TestMethodWithDataProviderMethodWorker.call(TestMethodWithDataProviderMethodWorker.java:15)
at java.util.concurrent.FutureTask.run(FutureTask.java:266)
at java.util.concurrent.Executors$RunnableAdapter.call(Executors.java:511)
at java.util.concurrent.FutureTask.run(FutureTask.java:266)
at java.util.concurrent.ThreadPoolExecutor.runWorker(ThreadPoolExecutor.java:1149)
at java.util.concurrent.ThreadPoolExecutor$Worker.run(ThreadPoolExecutor.java:624)
at java.lang.Thread.run(Thread.java:748)
]]>
    </failure>
  </testcase> <!-- validateDeleteCustomerAPI -->
  <system-out/>
  <testcase name="validateDeleteCustomerAPI" time="1.396" classname="com.learning.testcases.DeleteCustomerTest">
    <failure type="java.lang.AssertionError" message="Response doesn&#039;t have ID as a field expected [true] but found [false]">
      <![CDATA[java.lang.AssertionError: Response doesn't have ID as a field expected [true] but found [false]
at org.testng.Assert.fail(Assert.java:99)
at org.testng.Assert.failNotEquals(Assert.java:1037)
at org.testng.Assert.assertTrue(Assert.java:45)
at com.learning.testcases.DeleteCustomerTest.doValidationUsingJSONObject(DeleteCustomerTest.java:51)
at com.learning.testcases.DeleteCustomerTest.validateDeleteCustomerAPI(DeleteCustomerTest.java:37)
at sun.reflect.GeneratedMethodAccessor250.invoke(Unknown Source)
at sun.reflect.DelegatingMethodAccessorImpl.invoke(DelegatingMethodAccessorImpl.java:43)
at java.lang.reflect.Method.invoke(Method.java:498)
at org.testng.internal.MethodInvocationHelper.invokeMethod(MethodInvocationHelper.java:132)
at org.testng.internal.TestInvoker.invokeMethod(TestInvoker.java:599)
at org.testng.internal.TestInvoker.invokeTestMethod(TestInvoker.java:174)
at org.testng.internal.TestMethodWithDataProviderMethodWorker.call(TestMethodWithDataProviderMethodWorker.java:77)
at org.testng.internal.TestMethodWithDataProviderMethodWorker.call(TestMethodWithDataProviderMethodWorker.java:15)
at java.util.concurrent.FutureTask.run(FutureTask.java:266)
at java.util.concurrent.Executors$RunnableAdapter.call(Executors.java:511)
at java.util.concurrent.FutureTask.run(FutureTask.java:266)
at java.util.concurrent.ThreadPoolExecutor.runWorker(ThreadPoolExecutor.java:1149)
at java.util.concurrent.ThreadPoolExecutor$Worker.run(ThreadPoolExecutor.java:624)
at java.lang.Thread.run(Thread.java:748)
]]>
    </failure>
  </testcase> <!-- validateDeleteCustomerAPI -->
  <system-out/>
  <testcase name="validateDeleteCustomerAPI" time="1.394" classname="com.learning.testcases.DeleteCustomerTest">
    <failure type="java.lang.AssertionError" message="Response doesn&#039;t have ID as a field expected [true] but found [false]">
      <![CDATA[java.lang.AssertionError: Response doesn't have ID as a field expected [true] but found [false]
at org.testng.Assert.fail(Assert.java:99)
at org.testng.Assert.failNotEquals(Assert.java:1037)
at org.testng.Assert.assertTrue(Assert.java:45)
at com.learning.testcases.DeleteCustomerTest.doValidationUsingJSONObject(DeleteCustomerTest.java:51)
at com.learning.testcases.DeleteCustomerTest.validateDeleteCustomerAPI(DeleteCustomerTest.java:37)
at sun.reflect.GeneratedMethodAccessor250.invoke(Unknown Source)
at sun.reflect.DelegatingMethodAccessorImpl.invoke(DelegatingMethodAccessorImpl.java:43)
at java.lang.reflect.Method.invoke(Method.java:498)
at org.testng.internal.MethodInvocationHelper.invokeMethod(MethodInvocationHelper.java:132)
at org.testng.internal.TestInvoker.invokeMethod(TestInvoker.java:599)
at org.testng.internal.TestInvoker.invokeTestMethod(TestInvoker.java:174)
at org.testng.internal.TestMethodWithDataProviderMethodWorker.call(TestMethodWithDataProviderMethodWorker.java:77)
at org.testng.internal.TestMethodWithDataProviderMethodWorker.call(TestMethodWithDataProviderMethodWorker.java:15)
at java.util.concurrent.FutureTask.run(FutureTask.java:266)
at java.util.concurrent.Executors$RunnableAdapter.call(Executors.java:511)
at java.util.concurrent.FutureTask.run(FutureTask.java:266)
at java.util.concurrent.ThreadPoolExecutor.runWorker(ThreadPoolExecutor.java:1149)
at java.util.concurrent.ThreadPoolExecutor$Worker.run(ThreadPoolExecutor.java:624)
at java.lang.Thread.run(Thread.java:748)
]]>
    </failure>
  </testcase> <!-- validateDeleteCustomerAPI -->
  <system-out/>
  <testcase name="validateDeleteCustomerAPI" time="1.390" classname="com.learning.testcases.DeleteCustomerTest">
    <failure type="java.lang.AssertionError" message="Response doesn&#039;t have ID as a field expected [true] but found [false]">
      <![CDATA[java.lang.AssertionError: Response doesn't have ID as a field expected [true] but found [false]
at org.testng.Assert.fail(Assert.java:99)
at org.testng.Assert.failNotEquals(Assert.java:1037)
at org.testng.Assert.assertTrue(Assert.java:45)
at com.learning.testcases.DeleteCustomerTest.doValidationUsingJSONObject(DeleteCustomerTest.java:51)
at com.learning.testcases.DeleteCustomerTest.validateDeleteCustomerAPI(DeleteCustomerTest.java:37)
at sun.reflect.GeneratedMethodAccessor250.invoke(Unknown Source)
at sun.reflect.DelegatingMethodAccessorImpl.invoke(DelegatingMethodAccessorImpl.java:43)
at java.lang.reflect.Method.invoke(Method.java:498)
at org.testng.internal.MethodInvocationHelper.invokeMethod(MethodInvocationHelper.java:132)
at org.testng.internal.TestInvoker.invokeMethod(TestInvoker.java:599)
at org.testng.internal.TestInvoker.invokeTestMethod(TestInvoker.java:174)
at org.testng.internal.TestMethodWithDataProviderMethodWorker.call(TestMethodWithDataProviderMethodWorker.java:77)
at org.testng.internal.TestMethodWithDataProviderMethodWorker.call(TestMethodWithDataProviderMethodWorker.java:15)
at java.util.concurrent.FutureTask.run(FutureTask.java:266)
at java.util.concurrent.Executors$RunnableAdapter.call(Executors.java:511)
at java.util.concurrent.FutureTask.run(FutureTask.java:266)
at java.util.concurrent.ThreadPoolExecutor.runWorker(ThreadPoolExecutor.java:1149)
at java.util.concurrent.ThreadPoolExecutor$Worker.run(ThreadPoolExecutor.java:624)
at java.lang.Thread.run(Thread.java:748)
]]>
    </failure>
  </testcase> <!-- validateDeleteCustomerAPI -->
  <system-out/>
  <testcase name="validateDeleteCustomerAPI" time="1.353" classname="com.learning.testcases.DeleteCustomerTest">
    <failure type="java.lang.AssertionError" message="Response doesn&#039;t have ID as a field expected [true] but found [false]">
      <![CDATA[java.lang.AssertionError: Response doesn't have ID as a field expected [true] but found [false]
at org.testng.Assert.fail(Assert.java:99)
at org.testng.Assert.failNotEquals(Assert.java:1037)
at org.testng.Assert.assertTrue(Assert.java:45)
at com.learning.testcases.DeleteCustomerTest.doValidationUsingJSONObject(DeleteCustomerTest.java:51)
at com.learning.testcases.DeleteCustomerTest.validateDeleteCustomerAPI(DeleteCustomerTest.java:37)
at sun.reflect.GeneratedMethodAccessor250.invoke(Unknown Source)
at sun.reflect.DelegatingMethodAccessorImpl.invoke(DelegatingMethodAccessorImpl.java:43)
at java.lang.reflect.Method.invoke(Method.java:498)
at org.testng.internal.MethodInvocationHelper.invokeMethod(MethodInvocationHelper.java:132)
at org.testng.internal.TestInvoker.invokeMethod(TestInvoker.java:599)
at org.testng.internal.TestInvoker.invokeTestMethod(TestInvoker.java:174)
at org.testng.internal.TestMethodWithDataProviderMethodWorker.call(TestMethodWithDataProviderMethodWorker.java:77)
at org.testng.internal.TestMethodWithDataProviderMethodWorker.call(TestMethodWithDataProviderMethodWorker.java:15)
at java.util.concurrent.FutureTask.run(FutureTask.java:266)
at java.util.concurrent.Executors$RunnableAdapter.call(Executors.java:511)
at java.util.concurrent.FutureTask.run(FutureTask.java:266)
at java.util.concurrent.ThreadPoolExecutor.runWorker(ThreadPoolExecutor.java:1149)
at java.util.concurrent.ThreadPoolExecutor$Worker.run(ThreadPoolExecutor.java:624)
at java.lang.Thread.run(Thread.java:748)
]]>
    </failure>
  </testcase> <!-- validateDeleteCustomerAPI -->
  <system-out/>
  <testcase name="validateDeleteCustomerAPI" time="1.368" classname="com.learning.testcases.DeleteCustomerTest">
    <failure type="java.lang.AssertionError" message="Response doesn&#039;t have ID as a field expected [true] but found [false]">
      <![CDATA[java.lang.AssertionError: Response doesn't have ID as a field expected [true] but found [false]
at org.testng.Assert.fail(Assert.java:99)
at org.testng.Assert.failNotEquals(Assert.java:1037)
at org.testng.Assert.assertTrue(Assert.java:45)
at com.learning.testcases.DeleteCustomerTest.doValidationUsingJSONObject(DeleteCustomerTest.java:51)
at com.learning.testcases.DeleteCustomerTest.validateDeleteCustomerAPI(DeleteCustomerTest.java:37)
at sun.reflect.GeneratedMethodAccessor250.invoke(Unknown Source)
at sun.reflect.DelegatingMethodAccessorImpl.invoke(DelegatingMethodAccessorImpl.java:43)
at java.lang.reflect.Method.invoke(Method.java:498)
at org.testng.internal.MethodInvocationHelper.invokeMethod(MethodInvocationHelper.java:132)
at org.testng.internal.TestInvoker.invokeMethod(TestInvoker.java:599)
at org.testng.internal.TestInvoker.invokeTestMethod(TestInvoker.java:174)
at org.testng.internal.TestMethodWithDataProviderMethodWorker.call(TestMethodWithDataProviderMethodWorker.java:77)
at org.testng.internal.TestMethodWithDataProviderMethodWorker.call(TestMethodWithDataProviderMethodWorker.java:15)
at java.util.concurrent.FutureTask.run(FutureTask.java:266)
at java.util.concurrent.Executors$RunnableAdapter.call(Executors.java:511)
at java.util.concurrent.FutureTask.run(FutureTask.java:266)
at java.util.concurrent.ThreadPoolExecutor.runWorker(ThreadPoolExecutor.java:1149)
at java.util.concurrent.ThreadPoolExecutor$Worker.run(ThreadPoolExecutor.java:624)
at java.lang.Thread.run(Thread.java:748)
]]>
    </failure>
  </testcase> <!-- validateDeleteCustomerAPI -->
  <system-out/>
  <testcase name="validateDeleteCustomerAPI" time="1.444" classname="com.learning.testcases.DeleteCustomerTest"/>
  <system-out/>
  <testcase name="validateDeleteCustomerAPI" time="1.409" classname="com.learning.testcases.DeleteCustomerTest">
    <failure type="java.lang.AssertionError" message="Response doesn&#039;t have ID as a field expected [true] but found [false]">
      <![CDATA[java.lang.AssertionError: Response doesn't have ID as a field expected [true] but found [false]
at org.testng.Assert.fail(Assert.java:99)
at org.testng.Assert.failNotEquals(Assert.java:1037)
at org.testng.Assert.assertTrue(Assert.java:45)
at com.learning.testcases.DeleteCustomerTest.doValidationUsingJSONObject(DeleteCustomerTest.java:51)
at com.learning.testcases.DeleteCustomerTest.validateDeleteCustomerAPI(DeleteCustomerTest.java:37)
at sun.reflect.GeneratedMethodAccessor250.invoke(Unknown Source)
at sun.reflect.DelegatingMethodAccessorImpl.invoke(DelegatingMethodAccessorImpl.java:43)
at java.lang.reflect.Method.invoke(Method.java:498)
at org.testng.internal.MethodInvocationHelper.invokeMethod(MethodInvocationHelper.java:132)
at org.testng.internal.TestInvoker.invokeMethod(TestInvoker.java:599)
at org.testng.internal.TestInvoker.invokeTestMethod(TestInvoker.java:174)
at org.testng.internal.TestMethodWithDataProviderMethodWorker.call(TestMethodWithDataProviderMethodWorker.java:77)
at org.testng.internal.TestMethodWithDataProviderMethodWorker.call(TestMethodWithDataProviderMethodWorker.java:15)
at java.util.concurrent.FutureTask.run(FutureTask.java:266)
at java.util.concurrent.Executors$RunnableAdapter.call(Executors.java:511)
at java.util.concurrent.FutureTask.run(FutureTask.java:266)
at java.util.concurrent.ThreadPoolExecutor.runWorker(ThreadPoolExecutor.java:1149)
at java.util.concurrent.ThreadPoolExecutor$Worker.run(ThreadPoolExecutor.java:624)
at java.lang.Thread.run(Thread.java:748)
]]>
    </failure>
  </testcase> <!-- validateDeleteCustomerAPI -->
  <system-out/>
  <testcase name="validateDeleteCustomerAPI" time="1.447" classname="com.learning.testcases.DeleteCustomerTest">
    <failure type="java.lang.AssertionError" message="Response doesn&#039;t have ID as a field expected [true] but found [false]">
      <![CDATA[java.lang.AssertionError: Response doesn't have ID as a field expected [true] but found [false]
at org.testng.Assert.fail(Assert.java:99)
at org.testng.Assert.failNotEquals(Assert.java:1037)
at org.testng.Assert.assertTrue(Assert.java:45)
at com.learning.testcases.DeleteCustomerTest.doValidationUsingJSONObject(DeleteCustomerTest.java:51)
at com.learning.testcases.DeleteCustomerTest.validateDeleteCustomerAPI(DeleteCustomerTest.java:37)
at sun.reflect.GeneratedMethodAccessor250.invoke(Unknown Source)
at sun.reflect.DelegatingMethodAccessorImpl.invoke(DelegatingMethodAccessorImpl.java:43)
at java.lang.reflect.Method.invoke(Method.java:498)
at org.testng.internal.MethodInvocationHelper.invokeMethod(MethodInvocationHelper.java:132)
at org.testng.internal.TestInvoker.invokeMethod(TestInvoker.java:599)
at org.testng.internal.TestInvoker.invokeTestMethod(TestInvoker.java:174)
at org.testng.internal.TestMethodWithDataProviderMethodWorker.call(TestMethodWithDataProviderMethodWorker.java:77)
at org.testng.internal.TestMethodWithDataProviderMethodWorker.call(TestMethodWithDataProviderMethodWorker.java:15)
at java.util.concurrent.FutureTask.run(FutureTask.java:266)
at java.util.concurrent.Executors$RunnableAdapter.call(Executors.java:511)
at java.util.concurrent.FutureTask.run(FutureTask.java:266)
at java.util.concurrent.ThreadPoolExecutor.runWorker(ThreadPoolExecutor.java:1149)
at java.util.concurrent.ThreadPoolExecutor$Worker.run(ThreadPoolExecutor.java:624)
at java.lang.Thread.run(Thread.java:748)
]]>
    </failure>
  </testcase> <!-- validateDeleteCustomerAPI -->
  <system-out/>
  <testcase name="validateDeleteCustomerAPI" time="1.442" classname="com.learning.testcases.DeleteCustomerTest">
    <failure type="java.lang.AssertionError" message="Response doesn&#039;t have ID as a field expected [true] but found [false]">
      <![CDATA[java.lang.AssertionError: Response doesn't have ID as a field expected [true] but found [false]
at org.testng.Assert.fail(Assert.java:99)
at org.testng.Assert.failNotEquals(Assert.java:1037)
at org.testng.Assert.assertTrue(Assert.java:45)
at com.learning.testcases.DeleteCustomerTest.doValidationUsingJSONObject(DeleteCustomerTest.java:51)
at com.learning.testcases.DeleteCustomerTest.validateDeleteCustomerAPI(DeleteCustomerTest.java:37)
at sun.reflect.GeneratedMethodAccessor250.invoke(Unknown Source)
at sun.reflect.DelegatingMethodAccessorImpl.invoke(DelegatingMethodAccessorImpl.java:43)
at java.lang.reflect.Method.invoke(Method.java:498)
at org.testng.internal.MethodInvocationHelper.invokeMethod(MethodInvocationHelper.java:132)
at org.testng.internal.TestInvoker.invokeMethod(TestInvoker.java:599)
at org.testng.internal.TestInvoker.invokeTestMethod(TestInvoker.java:174)
at org.testng.internal.TestMethodWithDataProviderMethodWorker.call(TestMethodWithDataProviderMethodWorker.java:77)
at org.testng.internal.TestMethodWithDataProviderMethodWorker.call(TestMethodWithDataProviderMethodWorker.java:15)
at java.util.concurrent.FutureTask.run(FutureTask.java:266)
at java.util.concurrent.Executors$RunnableAdapter.call(Executors.java:511)
at java.util.concurrent.FutureTask.run(FutureTask.java:266)
at java.util.concurrent.ThreadPoolExecutor.runWorker(ThreadPoolExecutor.java:1149)
at java.util.concurrent.ThreadPoolExecutor$Worker.run(ThreadPoolExecutor.java:624)
at java.lang.Thread.run(Thread.java:748)
]]>
    </failure>
  </testcase> <!-- validateDeleteCustomerAPI -->
  <system-out/>
  <testcase name="validateDeleteCustomerAPI" time="1.359" classname="com.learning.testcases.DeleteCustomerTest">
    <failure type="java.lang.AssertionError" message="Response doesn&#039;t have ID as a field expected [true] but found [false]">
      <![CDATA[java.lang.AssertionError: Response doesn't have ID as a field expected [true] but found [false]
at org.testng.Assert.fail(Assert.java:99)
at org.testng.Assert.failNotEquals(Assert.java:1037)
at org.testng.Assert.assertTrue(Assert.java:45)
at com.learning.testcases.DeleteCustomerTest.doValidationUsingJSONObject(DeleteCustomerTest.java:51)
at com.learning.testcases.DeleteCustomerTest.validateDeleteCustomerAPI(DeleteCustomerTest.java:37)
at sun.reflect.GeneratedMethodAccessor250.invoke(Unknown Source)
at sun.reflect.DelegatingMethodAccessorImpl.invoke(DelegatingMethodAccessorImpl.java:43)
at java.lang.reflect.Method.invoke(Method.java:498)
at org.testng.internal.MethodInvocationHelper.invokeMethod(MethodInvocationHelper.java:132)
at org.testng.internal.TestInvoker.invokeMethod(TestInvoker.java:599)
at org.testng.internal.TestInvoker.invokeTestMethod(TestInvoker.java:174)
at org.testng.internal.TestMethodWithDataProviderMethodWorker.call(TestMethodWithDataProviderMethodWorker.java:77)
at org.testng.internal.TestMethodWithDataProviderMethodWorker.call(TestMethodWithDataProviderMethodWorker.java:15)
at java.util.concurrent.FutureTask.run(FutureTask.java:266)
at java.util.concurrent.Executors$RunnableAdapter.call(Executors.java:511)
at java.util.concurrent.FutureTask.run(FutureTask.java:266)
at java.util.concurrent.ThreadPoolExecutor.runWorker(ThreadPoolExecutor.java:1149)
at java.util.concurrent.ThreadPoolExecutor$Worker.run(ThreadPoolExecutor.java:624)
at java.lang.Thread.run(Thread.java:748)
]]>
    </failure>
  </testcase> <!-- validateDeleteCustomerAPI -->
  <system-out/>
  <testcase name="validateDeleteCustomerAPI" time="1.862" classname="com.learning.testcases.DeleteCustomerTest">
    <failure type="java.lang.AssertionError" message="Response doesn&#039;t have ID as a field expected [true] but found [false]">
      <![CDATA[java.lang.AssertionError: Response doesn't have ID as a field expected [true] but found [false]
at org.testng.Assert.fail(Assert.java:99)
at org.testng.Assert.failNotEquals(Assert.java:1037)
at org.testng.Assert.assertTrue(Assert.java:45)
at com.learning.testcases.DeleteCustomerTest.doValidationUsingJSONObject(DeleteCustomerTest.java:51)
at com.learning.testcases.DeleteCustomerTest.validateDeleteCustomerAPI(DeleteCustomerTest.java:37)
at sun.reflect.GeneratedMethodAccessor250.invoke(Unknown Source)
at sun.reflect.DelegatingMethodAccessorImpl.invoke(DelegatingMethodAccessorImpl.java:43)
at java.lang.reflect.Method.invoke(Method.java:498)
at org.testng.internal.MethodInvocationHelper.invokeMethod(MethodInvocationHelper.java:132)
at org.testng.internal.TestInvoker.invokeMethod(TestInvoker.java:599)
at org.testng.internal.TestInvoker.invokeTestMethod(TestInvoker.java:174)
at org.testng.internal.TestMethodWithDataProviderMethodWorker.call(TestMethodWithDataProviderMethodWorker.java:77)
at org.testng.internal.TestMethodWithDataProviderMethodWorker.call(TestMethodWithDataProviderMethodWorker.java:15)
at java.util.concurrent.FutureTask.run(FutureTask.java:266)
at java.util.concurrent.Executors$RunnableAdapter.call(Executors.java:511)
at java.util.concurrent.FutureTask.run(FutureTask.java:266)
at java.util.concurrent.ThreadPoolExecutor.runWorker(ThreadPoolExecutor.java:1149)
at java.util.concurrent.ThreadPoolExecutor$Worker.run(ThreadPoolExecutor.java:624)
at java.lang.Thread.run(Thread.java:748)
]]>
    </failure>
  </testcase> <!-- validateDeleteCustomerAPI -->
  <system-out/>
  <testcase name="validateDeleteCustomerAPI" time="1.465" classname="com.learning.testcases.DeleteCustomerTest"/>
  <system-out/>
  <testcase name="validateDeleteCustomerAPI" time="1.434" classname="com.learning.testcases.DeleteCustomerTest">
    <failure type="java.lang.AssertionError" message="Response doesn&#039;t have ID as a field expected [true] but found [false]">
      <![CDATA[java.lang.AssertionError: Response doesn't have ID as a field expected [true] but found [false]
at org.testng.Assert.fail(Assert.java:99)
at org.testng.Assert.failNotEquals(Assert.java:1037)
at org.testng.Assert.assertTrue(Assert.java:45)
at com.learning.testcases.DeleteCustomerTest.doValidationUsingJSONObject(DeleteCustomerTest.java:51)
at com.learning.testcases.DeleteCustomerTest.validateDeleteCustomerAPI(DeleteCustomerTest.java:37)
at sun.reflect.GeneratedMethodAccessor250.invoke(Unknown Source)
at sun.reflect.DelegatingMethodAccessorImpl.invoke(DelegatingMethodAccessorImpl.java:43)
at java.lang.reflect.Method.invoke(Method.java:498)
at org.testng.internal.MethodInvocationHelper.invokeMethod(MethodInvocationHelper.java:132)
at org.testng.internal.TestInvoker.invokeMethod(TestInvoker.java:599)
at org.testng.internal.TestInvoker.invokeTestMethod(TestInvoker.java:174)
at org.testng.internal.TestMethodWithDataProviderMethodWorker.call(TestMethodWithDataProviderMethodWorker.java:77)
at org.testng.internal.TestMethodWithDataProviderMethodWorker.call(TestMethodWithDataProviderMethodWorker.java:15)
at java.util.concurrent.FutureTask.run(FutureTask.java:266)
at java.util.concurrent.Executors$RunnableAdapter.call(Executors.java:511)
at java.util.concurrent.FutureTask.run(FutureTask.java:266)
at java.util.concurrent.ThreadPoolExecutor.runWorker(ThreadPoolExecutor.java:1149)
at java.util.concurrent.ThreadPoolExecutor$Worker.run(ThreadPoolExecutor.java:624)
at java.lang.Thread.run(Thread.java:748)
]]>
    </failure>
  </testcase> <!-- validateDeleteCustomerAPI -->
  <system-out/>
  <testcase name="validateDeleteCustomerAPI" time="1.463" classname="com.learning.testcases.DeleteCustomerTest">
    <failure type="java.lang.AssertionError" message="Response doesn&#039;t have ID as a field expected [true] but found [false]">
      <![CDATA[java.lang.AssertionError: Response doesn't have ID as a field expected [true] but found [false]
at org.testng.Assert.fail(Assert.java:99)
at org.testng.Assert.failNotEquals(Assert.java:1037)
at org.testng.Assert.assertTrue(Assert.java:45)
at com.learning.testcases.DeleteCustomerTest.doValidationUsingJSONObject(DeleteCustomerTest.java:51)
at com.learning.testcases.DeleteCustomerTest.validateDeleteCustomerAPI(DeleteCustomerTest.java:37)
at sun.reflect.GeneratedMethodAccessor250.invoke(Unknown Source)
at sun.reflect.DelegatingMethodAccessorImpl.invoke(DelegatingMethodAccessorImpl.java:43)
at java.lang.reflect.Method.invoke(Method.java:498)
at org.testng.internal.MethodInvocationHelper.invokeMethod(MethodInvocationHelper.java:132)
at org.testng.internal.TestInvoker.invokeMethod(TestInvoker.java:599)
at org.testng.internal.TestInvoker.invokeTestMethod(TestInvoker.java:174)
at org.testng.internal.TestMethodWithDataProviderMethodWorker.call(TestMethodWithDataProviderMethodWorker.java:77)
at org.testng.internal.TestMethodWithDataProviderMethodWorker.call(TestMethodWithDataProviderMethodWorker.java:15)
at java.util.concurrent.FutureTask.run(FutureTask.java:266)
at java.util.concurrent.Executors$RunnableAdapter.call(Executors.java:511)
at java.util.concurrent.FutureTask.run(FutureTask.java:266)
at java.util.concurrent.ThreadPoolExecutor.runWorker(ThreadPoolExecutor.java:1149)
at java.util.concurrent.ThreadPoolExecutor$Worker.run(ThreadPoolExecutor.java:624)
at java.lang.Thread.run(Thread.java:748)
]]>
    </failure>
  </testcase> <!-- validateDeleteCustomerAPI -->
  <system-out/>
  <testcase name="validateDeleteCustomerAPI" time="1.769" classname="com.learning.testcases.DeleteCustomerTest"/>
  <system-out/>
  <testcase name="validateDeleteCustomerAPI" time="4.178" classname="com.learning.testcases.DeleteCustomerTest">
    <failure type="java.lang.AssertionError" message="Response doesn&#039;t have ID as a field expected [true] but found [false]">
      <![CDATA[java.lang.AssertionError: Response doesn't have ID as a field expected [true] but found [false]
at org.testng.Assert.fail(Assert.java:99)
at org.testng.Assert.failNotEquals(Assert.java:1037)
at org.testng.Assert.assertTrue(Assert.java:45)
at com.learning.testcases.DeleteCustomerTest.doValidationUsingJSONObject(DeleteCustomerTest.java:51)
at com.learning.testcases.DeleteCustomerTest.validateDeleteCustomerAPI(DeleteCustomerTest.java:37)
at sun.reflect.NativeMethodAccessorImpl.invoke0(Native Method)
at sun.reflect.NativeMethodAccessorImpl.invoke(NativeMethodAccessorImpl.java:62)
at sun.reflect.DelegatingMethodAccessorImpl.invoke(DelegatingMethodAccessorImpl.java:43)
at java.lang.reflect.Method.invoke(Method.java:498)
at org.testng.internal.MethodInvocationHelper.invokeMethod(MethodInvocationHelper.java:132)
at org.testng.internal.TestInvoker.invokeMethod(TestInvoker.java:599)
at org.testng.internal.TestInvoker.invokeTestMethod(TestInvoker.java:174)
at org.testng.internal.TestMethodWithDataProviderMethodWorker.call(TestMethodWithDataProviderMethodWorker.java:77)
at org.testng.internal.TestMethodWithDataProviderMethodWorker.call(TestMethodWithDataProviderMethodWorker.java:15)
at java.util.concurrent.FutureTask.run(FutureTask.java:266)
at java.util.concurrent.Executors$RunnableAdapter.call(Executors.java:511)
at java.util.concurrent.FutureTask.run(FutureTask.java:266)
at java.util.concurrent.ThreadPoolExecutor.runWorker(ThreadPoolExecutor.java:1149)
at java.util.concurrent.ThreadPoolExecutor$Worker.run(ThreadPoolExecutor.java:624)
at java.lang.Thread.run(Thread.java:748)
]]>
    </failure>
  </testcase> <!-- validateDeleteCustomerAPI -->
  <system-out/>
  <testcase name="validateDeleteCustomerAPI" time="1.375" classname="com.learning.testcases.DeleteCustomerTest">
    <failure type="java.lang.AssertionError" message="Response doesn&#039;t have ID as a field expected [true] but found [false]">
      <![CDATA[java.lang.AssertionError: Response doesn't have ID as a field expected [true] but found [false]
at org.testng.Assert.fail(Assert.java:99)
at org.testng.Assert.failNotEquals(Assert.java:1037)
at org.testng.Assert.assertTrue(Assert.java:45)
at com.learning.testcases.DeleteCustomerTest.doValidationUsingJSONObject(DeleteCustomerTest.java:51)
at com.learning.testcases.DeleteCustomerTest.validateDeleteCustomerAPI(DeleteCustomerTest.java:37)
at sun.reflect.GeneratedMethodAccessor250.invoke(Unknown Source)
at sun.reflect.DelegatingMethodAccessorImpl.invoke(DelegatingMethodAccessorImpl.java:43)
at java.lang.reflect.Method.invoke(Method.java:498)
at org.testng.internal.MethodInvocationHelper.invokeMethod(MethodInvocationHelper.java:132)
at org.testng.internal.TestInvoker.invokeMethod(TestInvoker.java:599)
at org.testng.internal.TestInvoker.invokeTestMethod(TestInvoker.java:174)
at org.testng.internal.TestMethodWithDataProviderMethodWorker.call(TestMethodWithDataProviderMethodWorker.java:77)
at org.testng.internal.TestMethodWithDataProviderMethodWorker.call(TestMethodWithDataProviderMethodWorker.java:15)
at java.util.concurrent.FutureTask.run(FutureTask.java:266)
at java.util.concurrent.Executors$RunnableAdapter.call(Executors.java:511)
at java.util.concurrent.FutureTask.run(FutureTask.java:266)
at java.util.concurrent.ThreadPoolExecutor.runWorker(ThreadPoolExecutor.java:1149)
at java.util.concurrent.ThreadPoolExecutor$Worker.run(ThreadPoolExecutor.java:624)
at java.lang.Thread.run(Thread.java:748)
]]>
    </failure>
  </testcase> <!-- validateDeleteCustomerAPI -->
  <system-out/>
  <testcase name="validateDeleteCustomerAPI" time="1.348" classname="com.learning.testcases.DeleteCustomerTest">
    <failure type="java.lang.AssertionError" message="Response doesn&#039;t have ID as a field expected [true] but found [false]">
      <![CDATA[java.lang.AssertionError: Response doesn't have ID as a field expected [true] but found [false]
at org.testng.Assert.fail(Assert.java:99)
at org.testng.Assert.failNotEquals(Assert.java:1037)
at org.testng.Assert.assertTrue(Assert.java:45)
at com.learning.testcases.DeleteCustomerTest.doValidationUsingJSONObject(DeleteCustomerTest.java:51)
at com.learning.testcases.DeleteCustomerTest.validateDeleteCustomerAPI(DeleteCustomerTest.java:37)
at sun.reflect.GeneratedMethodAccessor250.invoke(Unknown Source)
at sun.reflect.DelegatingMethodAccessorImpl.invoke(DelegatingMethodAccessorImpl.java:43)
at java.lang.reflect.Method.invoke(Method.java:498)
at org.testng.internal.MethodInvocationHelper.invokeMethod(MethodInvocationHelper.java:132)
at org.testng.internal.TestInvoker.invokeMethod(TestInvoker.java:599)
at org.testng.internal.TestInvoker.invokeTestMethod(TestInvoker.java:174)
at org.testng.internal.TestMethodWithDataProviderMethodWorker.call(TestMethodWithDataProviderMethodWorker.java:77)
at org.testng.internal.TestMethodWithDataProviderMethodWorker.call(TestMethodWithDataProviderMethodWorker.java:15)
at java.util.concurrent.FutureTask.run(FutureTask.java:266)
at java.util.concurrent.Executors$RunnableAdapter.call(Executors.java:511)
at java.util.concurrent.FutureTask.run(FutureTask.java:266)
at java.util.concurrent.ThreadPoolExecutor.runWorker(ThreadPoolExecutor.java:1149)
at java.util.concurrent.ThreadPoolExecutor$Worker.run(ThreadPoolExecutor.java:624)
at java.lang.Thread.run(Thread.java:748)
]]>
    </failure>
  </testcase> <!-- validateDeleteCustomerAPI -->
  <system-out/>
  <testcase name="validateDeleteCustomerAPI" time="2.210" classname="com.learning.testcases.DeleteCustomerTest"/>
  <system-out/>
  <testcase name="validateDeleteCustomerAPI" time="1.540" classname="com.learning.testcases.DeleteCustomerTest"/>
  <system-out/>
  <testcase name="validateDeleteCustomerAPI" time="1.478" classname="com.learning.testcases.DeleteCustomerTest"/>
  <system-out/>
  <testcase name="validateDeleteCustomerAPI" time="1.424" classname="com.learning.testcases.DeleteCustomerTest">
    <failure type="java.lang.AssertionError" message="Response doesn&#039;t have ID as a field expected [true] but found [false]">
      <![CDATA[java.lang.AssertionError: Response doesn't have ID as a field expected [true] but found [false]
at org.testng.Assert.fail(Assert.java:99)
at org.testng.Assert.failNotEquals(Assert.java:1037)
at org.testng.Assert.assertTrue(Assert.java:45)
at com.learning.testcases.DeleteCustomerTest.doValidationUsingJSONObject(DeleteCustomerTest.java:51)
at com.learning.testcases.DeleteCustomerTest.validateDeleteCustomerAPI(DeleteCustomerTest.java:37)
at sun.reflect.GeneratedMethodAccessor250.invoke(Unknown Source)
at sun.reflect.DelegatingMethodAccessorImpl.invoke(DelegatingMethodAccessorImpl.java:43)
at java.lang.reflect.Method.invoke(Method.java:498)
at org.testng.internal.MethodInvocationHelper.invokeMethod(MethodInvocationHelper.java:132)
at org.testng.internal.TestInvoker.invokeMethod(TestInvoker.java:599)
at org.testng.internal.TestInvoker.invokeTestMethod(TestInvoker.java:174)
at org.testng.internal.TestMethodWithDataProviderMethodWorker.call(TestMethodWithDataProviderMethodWorker.java:77)
at org.testng.internal.TestMethodWithDataProviderMethodWorker.call(TestMethodWithDataProviderMethodWorker.java:15)
at java.util.concurrent.FutureTask.run(FutureTask.java:266)
at java.util.concurrent.Executors$RunnableAdapter.call(Executors.java:511)
at java.util.concurrent.FutureTask.run(FutureTask.java:266)
at java.util.concurrent.ThreadPoolExecutor.runWorker(ThreadPoolExecutor.java:1149)
at java.util.concurrent.ThreadPoolExecutor$Worker.run(ThreadPoolExecutor.java:624)
at java.lang.Thread.run(Thread.java:748)
]]>
    </failure>
  </testcase> <!-- validateDeleteCustomerAPI -->
  <system-out/>
  <testcase name="validateDeleteCustomerAPI" time="1.369" classname="com.learning.testcases.DeleteCustomerTest">
    <failure type="java.lang.AssertionError" message="Response doesn&#039;t have ID as a field expected [true] but found [false]">
      <![CDATA[java.lang.AssertionError: Response doesn't have ID as a field expected [true] but found [false]
at org.testng.Assert.fail(Assert.java:99)
at org.testng.Assert.failNotEquals(Assert.java:1037)
at org.testng.Assert.assertTrue(Assert.java:45)
at com.learning.testcases.DeleteCustomerTest.doValidationUsingJSONObject(DeleteCustomerTest.java:51)
at com.learning.testcases.DeleteCustomerTest.validateDeleteCustomerAPI(DeleteCustomerTest.java:37)
at sun.reflect.GeneratedMethodAccessor250.invoke(Unknown Source)
at sun.reflect.DelegatingMethodAccessorImpl.invoke(DelegatingMethodAccessorImpl.java:43)
at java.lang.reflect.Method.invoke(Method.java:498)
at org.testng.internal.MethodInvocationHelper.invokeMethod(MethodInvocationHelper.java:132)
at org.testng.internal.TestInvoker.invokeMethod(TestInvoker.java:599)
at org.testng.internal.TestInvoker.invokeTestMethod(TestInvoker.java:174)
at org.testng.internal.TestMethodWithDataProviderMethodWorker.call(TestMethodWithDataProviderMethodWorker.java:77)
at org.testng.internal.TestMethodWithDataProviderMethodWorker.call(TestMethodWithDataProviderMethodWorker.java:15)
at java.util.concurrent.FutureTask.run(FutureTask.java:266)
at java.util.concurrent.Executors$RunnableAdapter.call(Executors.java:511)
at java.util.concurrent.FutureTask.run(FutureTask.java:266)
at java.util.concurrent.ThreadPoolExecutor.runWorker(ThreadPoolExecutor.java:1149)
at java.util.concurrent.ThreadPoolExecutor$Worker.run(ThreadPoolExecutor.java:624)
at java.lang.Thread.run(Thread.java:748)
]]>
    </failure>
  </testcase> <!-- validateDeleteCustomerAPI -->
  <system-out/>
  <testcase name="validateDeleteCustomerAPI" time="1.332" classname="com.learning.testcases.DeleteCustomerTest">
    <failure type="java.lang.AssertionError" message="Response doesn&#039;t have ID as a field expected [true] but found [false]">
      <![CDATA[java.lang.AssertionError: Response doesn't have ID as a field expected [true] but found [false]
at org.testng.Assert.fail(Assert.java:99)
at org.testng.Assert.failNotEquals(Assert.java:1037)
at org.testng.Assert.assertTrue(Assert.java:45)
at com.learning.testcases.DeleteCustomerTest.doValidationUsingJSONObject(DeleteCustomerTest.java:51)
at com.learning.testcases.DeleteCustomerTest.validateDeleteCustomerAPI(DeleteCustomerTest.java:37)
at sun.reflect.GeneratedMethodAccessor250.invoke(Unknown Source)
at sun.reflect.DelegatingMethodAccessorImpl.invoke(DelegatingMethodAccessorImpl.java:43)
at java.lang.reflect.Method.invoke(Method.java:498)
at org.testng.internal.MethodInvocationHelper.invokeMethod(MethodInvocationHelper.java:132)
at org.testng.internal.TestInvoker.invokeMethod(TestInvoker.java:599)
at org.testng.internal.TestInvoker.invokeTestMethod(TestInvoker.java:174)
at org.testng.internal.TestMethodWithDataProviderMethodWorker.call(TestMethodWithDataProviderMethodWorker.java:77)
at org.testng.internal.TestMethodWithDataProviderMethodWorker.call(TestMethodWithDataProviderMethodWorker.java:15)
at java.util.concurrent.FutureTask.run(FutureTask.java:266)
at java.util.concurrent.Executors$RunnableAdapter.call(Executors.java:511)
at java.util.concurrent.FutureTask.run(FutureTask.java:266)
at java.util.concurrent.ThreadPoolExecutor.runWorker(ThreadPoolExecutor.java:1149)
at java.util.concurrent.ThreadPoolExecutor$Worker.run(ThreadPoolExecutor.java:624)
at java.lang.Thread.run(Thread.java:748)
]]>
    </failure>
  </testcase> <!-- validateDeleteCustomerAPI -->
  <system-out/>
  <testcase name="validateDeleteCustomerAPI" time="1.426" classname="com.learning.testcases.DeleteCustomerTest">
    <failure type="java.lang.AssertionError" message="Response doesn&#039;t have ID as a field expected [true] but found [false]">
      <![CDATA[java.lang.AssertionError: Response doesn't have ID as a field expected [true] but found [false]
at org.testng.Assert.fail(Assert.java:99)
at org.testng.Assert.failNotEquals(Assert.java:1037)
at org.testng.Assert.assertTrue(Assert.java:45)
at com.learning.testcases.DeleteCustomerTest.doValidationUsingJSONObject(DeleteCustomerTest.java:51)
at com.learning.testcases.DeleteCustomerTest.validateDeleteCustomerAPI(DeleteCustomerTest.java:37)
at sun.reflect.GeneratedMethodAccessor250.invoke(Unknown Source)
at sun.reflect.DelegatingMethodAccessorImpl.invoke(DelegatingMethodAccessorImpl.java:43)
at java.lang.reflect.Method.invoke(Method.java:498)
at org.testng.internal.MethodInvocationHelper.invokeMethod(MethodInvocationHelper.java:132)
at org.testng.internal.TestInvoker.invokeMethod(TestInvoker.java:599)
at org.testng.internal.TestInvoker.invokeTestMethod(TestInvoker.java:174)
at org.testng.internal.TestMethodWithDataProviderMethodWorker.call(TestMethodWithDataProviderMethodWorker.java:77)
at org.testng.internal.TestMethodWithDataProviderMethodWorker.call(TestMethodWithDataProviderMethodWorker.java:15)
at java.util.concurrent.FutureTask.run(FutureTask.java:266)
at java.util.concurrent.Executors$RunnableAdapter.call(Executors.java:511)
at java.util.concurrent.FutureTask.run(FutureTask.java:266)
at java.util.concurrent.ThreadPoolExecutor.runWorker(ThreadPoolExecutor.java:1149)
at java.util.concurrent.ThreadPoolExecutor$Worker.run(ThreadPoolExecutor.java:624)
at java.lang.Thread.run(Thread.java:748)
]]>
    </failure>
  </testcase> <!-- validateDeleteCustomerAPI -->
  <system-out/>
  <testcase name="validateDeleteCustomerAPI" time="1.508" classname="com.learning.testcases.DeleteCustomerTest"/>
  <system-out/>
  <testcase name="validateDeleteCustomerAPI" time="1.405" classname="com.learning.testcases.DeleteCustomerTest">
    <failure type="java.lang.AssertionError" message="Response doesn&#039;t have ID as a field expected [true] but found [false]">
      <![CDATA[java.lang.AssertionError: Response doesn't have ID as a field expected [true] but found [false]
at org.testng.Assert.fail(Assert.java:99)
at org.testng.Assert.failNotEquals(Assert.java:1037)
at org.testng.Assert.assertTrue(Assert.java:45)
at com.learning.testcases.DeleteCustomerTest.doValidationUsingJSONObject(DeleteCustomerTest.java:51)
at com.learning.testcases.DeleteCustomerTest.validateDeleteCustomerAPI(DeleteCustomerTest.java:37)
at sun.reflect.GeneratedMethodAccessor250.invoke(Unknown Source)
at sun.reflect.DelegatingMethodAccessorImpl.invoke(DelegatingMethodAccessorImpl.java:43)
at java.lang.reflect.Method.invoke(Method.java:498)
at org.testng.internal.MethodInvocationHelper.invokeMethod(MethodInvocationHelper.java:132)
at org.testng.internal.TestInvoker.invokeMethod(TestInvoker.java:599)
at org.testng.internal.TestInvoker.invokeTestMethod(TestInvoker.java:174)
at org.testng.internal.TestMethodWithDataProviderMethodWorker.call(TestMethodWithDataProviderMethodWorker.java:77)
at org.testng.internal.TestMethodWithDataProviderMethodWorker.call(TestMethodWithDataProviderMethodWorker.java:15)
at java.util.concurrent.FutureTask.run(FutureTask.java:266)
at java.util.concurrent.Executors$RunnableAdapter.call(Executors.java:511)
at java.util.concurrent.FutureTask.run(FutureTask.java:266)
at java.util.concurrent.ThreadPoolExecutor.runWorker(ThreadPoolExecutor.java:1149)
at java.util.concurrent.ThreadPoolExecutor$Worker.run(ThreadPoolExecutor.java:624)
at java.lang.Thread.run(Thread.java:748)
]]>
    </failure>
  </testcase> <!-- validateDeleteCustomerAPI -->
  <system-out/>
  <testcase name="validateDeleteCustomerAPI" time="1.401" classname="com.learning.testcases.DeleteCustomerTest"/>
  <system-out/>
  <testcase name="validateDeleteCustomerAPI" time="1.423" classname="com.learning.testcases.DeleteCustomerTest">
    <failure type="java.lang.AssertionError" message="Response doesn&#039;t have ID as a field expected [true] but found [false]">
      <![CDATA[java.lang.AssertionError: Response doesn't have ID as a field expected [true] but found [false]
at org.testng.Assert.fail(Assert.java:99)
at org.testng.Assert.failNotEquals(Assert.java:1037)
at org.testng.Assert.assertTrue(Assert.java:45)
at com.learning.testcases.DeleteCustomerTest.doValidationUsingJSONObject(DeleteCustomerTest.java:51)
at com.learning.testcases.DeleteCustomerTest.validateDeleteCustomerAPI(DeleteCustomerTest.java:37)
at sun.reflect.GeneratedMethodAccessor250.invoke(Unknown Source)
at sun.reflect.DelegatingMethodAccessorImpl.invoke(DelegatingMethodAccessorImpl.java:43)
at java.lang.reflect.Method.invoke(Method.java:498)
at org.testng.internal.MethodInvocationHelper.invokeMethod(MethodInvocationHelper.java:132)
at org.testng.internal.TestInvoker.invokeMethod(TestInvoker.java:599)
at org.testng.internal.TestInvoker.invokeTestMethod(TestInvoker.java:174)
at org.testng.internal.TestMethodWithDataProviderMethodWorker.call(TestMethodWithDataProviderMethodWorker.java:77)
at org.testng.internal.TestMethodWithDataProviderMethodWorker.call(TestMethodWithDataProviderMethodWorker.java:15)
at java.util.concurrent.FutureTask.run(FutureTask.java:266)
at java.util.concurrent.Executors$RunnableAdapter.call(Executors.java:511)
at java.util.concurrent.FutureTask.run(FutureTask.java:266)
at java.util.concurrent.ThreadPoolExecutor.runWorker(ThreadPoolExecutor.java:1149)
at java.util.concurrent.ThreadPoolExecutor$Worker.run(ThreadPoolExecutor.java:624)
at java.lang.Thread.run(Thread.java:748)
]]>
    </failure>
  </testcase> <!-- validateDeleteCustomerAPI -->
  <system-out/>
  <testcase name="validateDeleteCustomerAPI" time="1.451" classname="com.learning.testcases.DeleteCustomerTest">
    <failure type="java.lang.AssertionError" message="Response doesn&#039;t have ID as a field expected [true] but found [false]">
      <![CDATA[java.lang.AssertionError: Response doesn't have ID as a field expected [true] but found [false]
at org.testng.Assert.fail(Assert.java:99)
at org.testng.Assert.failNotEquals(Assert.java:1037)
at org.testng.Assert.assertTrue(Assert.java:45)
at com.learning.testcases.DeleteCustomerTest.doValidationUsingJSONObject(DeleteCustomerTest.java:51)
at com.learning.testcases.DeleteCustomerTest.validateDeleteCustomerAPI(DeleteCustomerTest.java:37)
at sun.reflect.GeneratedMethodAccessor250.invoke(Unknown Source)
at sun.reflect.DelegatingMethodAccessorImpl.invoke(DelegatingMethodAccessorImpl.java:43)
at java.lang.reflect.Method.invoke(Method.java:498)
at org.testng.internal.MethodInvocationHelper.invokeMethod(MethodInvocationHelper.java:132)
at org.testng.internal.TestInvoker.invokeMethod(TestInvoker.java:599)
at org.testng.internal.TestInvoker.invokeTestMethod(TestInvoker.java:174)
at org.testng.internal.TestMethodWithDataProviderMethodWorker.call(TestMethodWithDataProviderMethodWorker.java:77)
at org.testng.internal.TestMethodWithDataProviderMethodWorker.call(TestMethodWithDataProviderMethodWorker.java:15)
at java.util.concurrent.FutureTask.run(FutureTask.java:266)
at java.util.concurrent.Executors$RunnableAdapter.call(Executors.java:511)
at java.util.concurrent.FutureTask.run(FutureTask.java:266)
at java.util.concurrent.ThreadPoolExecutor.runWorker(ThreadPoolExecutor.java:1149)
at java.util.concurrent.ThreadPoolExecutor$Worker.run(ThreadPoolExecutor.java:624)
at java.lang.Thread.run(Thread.java:748)
]]>
    </failure>
  </testcase> <!-- validateDeleteCustomerAPI -->
  <system-out/>
  <testcase name="validateDeleteCustomerAPI" time="1.400" classname="com.learning.testcases.DeleteCustomerTest">
    <failure type="java.lang.AssertionError" message="Response doesn&#039;t have ID as a field expected [true] but found [false]">
      <![CDATA[java.lang.AssertionError: Response doesn't have ID as a field expected [true] but found [false]
at org.testng.Assert.fail(Assert.java:99)
at org.testng.Assert.failNotEquals(Assert.java:1037)
at org.testng.Assert.assertTrue(Assert.java:45)
at com.learning.testcases.DeleteCustomerTest.doValidationUsingJSONObject(DeleteCustomerTest.java:51)
at com.learning.testcases.DeleteCustomerTest.validateDeleteCustomerAPI(DeleteCustomerTest.java:37)
at sun.reflect.GeneratedMethodAccessor250.invoke(Unknown Source)
at sun.reflect.DelegatingMethodAccessorImpl.invoke(DelegatingMethodAccessorImpl.java:43)
at java.lang.reflect.Method.invoke(Method.java:498)
at org.testng.internal.MethodInvocationHelper.invokeMethod(MethodInvocationHelper.java:132)
at org.testng.internal.TestInvoker.invokeMethod(TestInvoker.java:599)
at org.testng.internal.TestInvoker.invokeTestMethod(TestInvoker.java:174)
at org.testng.internal.TestMethodWithDataProviderMethodWorker.call(TestMethodWithDataProviderMethodWorker.java:77)
at org.testng.internal.TestMethodWithDataProviderMethodWorker.call(TestMethodWithDataProviderMethodWorker.java:15)
at java.util.concurrent.FutureTask.run(FutureTask.java:266)
at java.util.concurrent.Executors$RunnableAdapter.call(Executors.java:511)
at java.util.concurrent.FutureTask.run(FutureTask.java:266)
at java.util.concurrent.ThreadPoolExecutor.runWorker(ThreadPoolExecutor.java:1149)
at java.util.concurrent.ThreadPoolExecutor$Worker.run(ThreadPoolExecutor.java:624)
at java.lang.Thread.run(Thread.java:748)
]]>
    </failure>
  </testcase> <!-- validateDeleteCustomerAPI -->
  <system-out/>
  <testcase name="validateDeleteCustomerAPI" time="1.388" classname="com.learning.testcases.DeleteCustomerTest">
    <failure type="java.lang.AssertionError" message="Response doesn&#039;t have ID as a field expected [true] but found [false]">
      <![CDATA[java.lang.AssertionError: Response doesn't have ID as a field expected [true] but found [false]
at org.testng.Assert.fail(Assert.java:99)
at org.testng.Assert.failNotEquals(Assert.java:1037)
at org.testng.Assert.assertTrue(Assert.java:45)
at com.learning.testcases.DeleteCustomerTest.doValidationUsingJSONObject(DeleteCustomerTest.java:51)
at com.learning.testcases.DeleteCustomerTest.validateDeleteCustomerAPI(DeleteCustomerTest.java:37)
at sun.reflect.GeneratedMethodAccessor250.invoke(Unknown Source)
at sun.reflect.DelegatingMethodAccessorImpl.invoke(DelegatingMethodAccessorImpl.java:43)
at java.lang.reflect.Method.invoke(Method.java:498)
at org.testng.internal.MethodInvocationHelper.invokeMethod(MethodInvocationHelper.java:132)
at org.testng.internal.TestInvoker.invokeMethod(TestInvoker.java:599)
at org.testng.internal.TestInvoker.invokeTestMethod(TestInvoker.java:174)
at org.testng.internal.TestMethodWithDataProviderMethodWorker.call(TestMethodWithDataProviderMethodWorker.java:77)
at org.testng.internal.TestMethodWithDataProviderMethodWorker.call(TestMethodWithDataProviderMethodWorker.java:15)
at java.util.concurrent.FutureTask.run(FutureTask.java:266)
at java.util.concurrent.Executors$RunnableAdapter.call(Executors.java:511)
at java.util.concurrent.FutureTask.run(FutureTask.java:266)
at java.util.concurrent.ThreadPoolExecutor.runWorker(ThreadPoolExecutor.java:1149)
at java.util.concurrent.ThreadPoolExecutor$Worker.run(ThreadPoolExecutor.java:624)
at java.lang.Thread.run(Thread.java:748)
]]>
    </failure>
  </testcase> <!-- validateDeleteCustomerAPI -->
  <system-out/>
  <testcase name="validateDeleteCustomerAPI" time="1.454" classname="com.learning.testcases.DeleteCustomerTest">
    <failure type="java.lang.AssertionError" message="Response doesn&#039;t have ID as a field expected [true] but found [false]">
      <![CDATA[java.lang.AssertionError: Response doesn't have ID as a field expected [true] but found [false]
at org.testng.Assert.fail(Assert.java:99)
at org.testng.Assert.failNotEquals(Assert.java:1037)
at org.testng.Assert.assertTrue(Assert.java:45)
at com.learning.testcases.DeleteCustomerTest.doValidationUsingJSONObject(DeleteCustomerTest.java:51)
at com.learning.testcases.DeleteCustomerTest.validateDeleteCustomerAPI(DeleteCustomerTest.java:37)
at sun.reflect.GeneratedMethodAccessor250.invoke(Unknown Source)
at sun.reflect.DelegatingMethodAccessorImpl.invoke(DelegatingMethodAccessorImpl.java:43)
at java.lang.reflect.Method.invoke(Method.java:498)
at org.testng.internal.MethodInvocationHelper.invokeMethod(MethodInvocationHelper.java:132)
at org.testng.internal.TestInvoker.invokeMethod(TestInvoker.java:599)
at org.testng.internal.TestInvoker.invokeTestMethod(TestInvoker.java:174)
at org.testng.internal.TestMethodWithDataProviderMethodWorker.call(TestMethodWithDataProviderMethodWorker.java:77)
at org.testng.internal.TestMethodWithDataProviderMethodWorker.call(TestMethodWithDataProviderMethodWorker.java:15)
at java.util.concurrent.FutureTask.run(FutureTask.java:266)
at java.util.concurrent.Executors$RunnableAdapter.call(Executors.java:511)
at java.util.concurrent.FutureTask.run(FutureTask.java:266)
at java.util.concurrent.ThreadPoolExecutor.runWorker(ThreadPoolExecutor.java:1149)
at java.util.concurrent.ThreadPoolExecutor$Worker.run(ThreadPoolExecutor.java:624)
at java.lang.Thread.run(Thread.java:748)
]]>
    </failure>
  </testcase> <!-- validateDeleteCustomerAPI -->
  <system-out/>
  <testcase name="validateDeleteCustomerAPI" time="1.443" classname="com.learning.testcases.DeleteCustomerTest"/>
  <system-out/>
  <testcase name="validateDeleteCustomerAPI" time="1.413" classname="com.learning.testcases.DeleteCustomerTest">
    <failure type="java.lang.AssertionError" message="Response doesn&#039;t have ID as a field expected [true] but found [false]">
      <![CDATA[java.lang.AssertionError: Response doesn't have ID as a field expected [true] but found [false]
at org.testng.Assert.fail(Assert.java:99)
at org.testng.Assert.failNotEquals(Assert.java:1037)
at org.testng.Assert.assertTrue(Assert.java:45)
at com.learning.testcases.DeleteCustomerTest.doValidationUsingJSONObject(DeleteCustomerTest.java:51)
at com.learning.testcases.DeleteCustomerTest.validateDeleteCustomerAPI(DeleteCustomerTest.java:37)
at sun.reflect.GeneratedMethodAccessor250.invoke(Unknown Source)
at sun.reflect.DelegatingMethodAccessorImpl.invoke(DelegatingMethodAccessorImpl.java:43)
at java.lang.reflect.Method.invoke(Method.java:498)
at org.testng.internal.MethodInvocationHelper.invokeMethod(MethodInvocationHelper.java:132)
at org.testng.internal.TestInvoker.invokeMethod(TestInvoker.java:599)
at org.testng.internal.TestInvoker.invokeTestMethod(TestInvoker.java:174)
at org.testng.internal.TestMethodWithDataProviderMethodWorker.call(TestMethodWithDataProviderMethodWorker.java:77)
at org.testng.internal.TestMethodWithDataProviderMethodWorker.call(TestMethodWithDataProviderMethodWorker.java:15)
at java.util.concurrent.FutureTask.run(FutureTask.java:266)
at java.util.concurrent.Executors$RunnableAdapter.call(Executors.java:511)
at java.util.concurrent.FutureTask.run(FutureTask.java:266)
at java.util.concurrent.ThreadPoolExecutor.runWorker(ThreadPoolExecutor.java:1149)
at java.util.concurrent.ThreadPoolExecutor$Worker.run(ThreadPoolExecutor.java:624)
at java.lang.Thread.run(Thread.java:748)
]]>
    </failure>
  </testcase> <!-- validateDeleteCustomerAPI -->
  <system-out/>
  <testcase name="validateDeleteCustomerAPI" time="1.425" classname="com.learning.testcases.DeleteCustomerTest">
    <failure type="java.lang.AssertionError" message="Response doesn&#039;t have ID as a field expected [true] but found [false]">
      <![CDATA[java.lang.AssertionError: Response doesn't have ID as a field expected [true] but found [false]
at org.testng.Assert.fail(Assert.java:99)
at org.testng.Assert.failNotEquals(Assert.java:1037)
at org.testng.Assert.assertTrue(Assert.java:45)
at com.learning.testcases.DeleteCustomerTest.doValidationUsingJSONObject(DeleteCustomerTest.java:51)
at com.learning.testcases.DeleteCustomerTest.validateDeleteCustomerAPI(DeleteCustomerTest.java:37)
at sun.reflect.GeneratedMethodAccessor250.invoke(Unknown Source)
at sun.reflect.DelegatingMethodAccessorImpl.invoke(DelegatingMethodAccessorImpl.java:43)
at java.lang.reflect.Method.invoke(Method.java:498)
at org.testng.internal.MethodInvocationHelper.invokeMethod(MethodInvocationHelper.java:132)
at org.testng.internal.TestInvoker.invokeMethod(TestInvoker.java:599)
at org.testng.internal.TestInvoker.invokeTestMethod(TestInvoker.java:174)
at org.testng.internal.TestMethodWithDataProviderMethodWorker.call(TestMethodWithDataProviderMethodWorker.java:77)
at org.testng.internal.TestMethodWithDataProviderMethodWorker.call(TestMethodWithDataProviderMethodWorker.java:15)
at java.util.concurrent.FutureTask.run(FutureTask.java:266)
at java.util.concurrent.Executors$RunnableAdapter.call(Executors.java:511)
at java.util.concurrent.FutureTask.run(FutureTask.java:266)
at java.util.concurrent.ThreadPoolExecutor.runWorker(ThreadPoolExecutor.java:1149)
at java.util.concurrent.ThreadPoolExecutor$Worker.run(ThreadPoolExecutor.java:624)
at java.lang.Thread.run(Thread.java:748)
]]>
    </failure>
  </testcase> <!-- validateDeleteCustomerAPI -->
  <system-out/>
  <testcase name="validateDeleteCustomerAPI" time="1.486" classname="com.learning.testcases.DeleteCustomerTest">
    <failure type="java.lang.AssertionError" message="Response doesn&#039;t have ID as a field expected [true] but found [false]">
      <![CDATA[java.lang.AssertionError: Response doesn't have ID as a field expected [true] but found [false]
at org.testng.Assert.fail(Assert.java:99)
at org.testng.Assert.failNotEquals(Assert.java:1037)
at org.testng.Assert.assertTrue(Assert.java:45)
at com.learning.testcases.DeleteCustomerTest.doValidationUsingJSONObject(DeleteCustomerTest.java:51)
at com.learning.testcases.DeleteCustomerTest.validateDeleteCustomerAPI(DeleteCustomerTest.java:37)
at sun.reflect.GeneratedMethodAccessor250.invoke(Unknown Source)
at sun.reflect.DelegatingMethodAccessorImpl.invoke(DelegatingMethodAccessorImpl.java:43)
at java.lang.reflect.Method.invoke(Method.java:498)
at org.testng.internal.MethodInvocationHelper.invokeMethod(MethodInvocationHelper.java:132)
at org.testng.internal.TestInvoker.invokeMethod(TestInvoker.java:599)
at org.testng.internal.TestInvoker.invokeTestMethod(TestInvoker.java:174)
at org.testng.internal.TestMethodWithDataProviderMethodWorker.call(TestMethodWithDataProviderMethodWorker.java:77)
at org.testng.internal.TestMethodWithDataProviderMethodWorker.call(TestMethodWithDataProviderMethodWorker.java:15)
at java.util.concurrent.FutureTask.run(FutureTask.java:266)
at java.util.concurrent.Executors$RunnableAdapter.call(Executors.java:511)
at java.util.concurrent.FutureTask.run(FutureTask.java:266)
at java.util.concurrent.ThreadPoolExecutor.runWorker(ThreadPoolExecutor.java:1149)
at java.util.concurrent.ThreadPoolExecutor$Worker.run(ThreadPoolExecutor.java:624)
at java.lang.Thread.run(Thread.java:748)
]]>
    </failure>
  </testcase> <!-- validateDeleteCustomerAPI -->
  <system-out/>
  <testcase name="validateDeleteCustomerAPI" time="1.395" classname="com.learning.testcases.DeleteCustomerTest">
    <failure type="java.lang.AssertionError" message="Response doesn&#039;t have ID as a field expected [true] but found [false]">
      <![CDATA[java.lang.AssertionError: Response doesn't have ID as a field expected [true] but found [false]
at org.testng.Assert.fail(Assert.java:99)
at org.testng.Assert.failNotEquals(Assert.java:1037)
at org.testng.Assert.assertTrue(Assert.java:45)
at com.learning.testcases.DeleteCustomerTest.doValidationUsingJSONObject(DeleteCustomerTest.java:51)
at com.learning.testcases.DeleteCustomerTest.validateDeleteCustomerAPI(DeleteCustomerTest.java:37)
at sun.reflect.GeneratedMethodAccessor250.invoke(Unknown Source)
at sun.reflect.DelegatingMethodAccessorImpl.invoke(DelegatingMethodAccessorImpl.java:43)
at java.lang.reflect.Method.invoke(Method.java:498)
at org.testng.internal.MethodInvocationHelper.invokeMethod(MethodInvocationHelper.java:132)
at org.testng.internal.TestInvoker.invokeMethod(TestInvoker.java:599)
at org.testng.internal.TestInvoker.invokeTestMethod(TestInvoker.java:174)
at org.testng.internal.TestMethodWithDataProviderMethodWorker.call(TestMethodWithDataProviderMethodWorker.java:77)
at org.testng.internal.TestMethodWithDataProviderMethodWorker.call(TestMethodWithDataProviderMethodWorker.java:15)
at java.util.concurrent.FutureTask.run(FutureTask.java:266)
at java.util.concurrent.Executors$RunnableAdapter.call(Executors.java:511)
at java.util.concurrent.FutureTask.run(FutureTask.java:266)
at java.util.concurrent.ThreadPoolExecutor.runWorker(ThreadPoolExecutor.java:1149)
at java.util.concurrent.ThreadPoolExecutor$Worker.run(ThreadPoolExecutor.java:624)
at java.lang.Thread.run(Thread.java:748)
]]>
    </failure>
  </testcase> <!-- validateDeleteCustomerAPI -->
  <system-out/>
  <testcase name="validateDeleteCustomerAPI" time="1.442" classname="com.learning.testcases.DeleteCustomerTest">
    <failure type="java.lang.AssertionError" message="Response doesn&#039;t have ID as a field expected [true] but found [false]">
      <![CDATA[java.lang.AssertionError: Response doesn't have ID as a field expected [true] but found [false]
at org.testng.Assert.fail(Assert.java:99)
at org.testng.Assert.failNotEquals(Assert.java:1037)
at org.testng.Assert.assertTrue(Assert.java:45)
at com.learning.testcases.DeleteCustomerTest.doValidationUsingJSONObject(DeleteCustomerTest.java:51)
at com.learning.testcases.DeleteCustomerTest.validateDeleteCustomerAPI(DeleteCustomerTest.java:37)
at sun.reflect.GeneratedMethodAccessor250.invoke(Unknown Source)
at sun.reflect.DelegatingMethodAccessorImpl.invoke(DelegatingMethodAccessorImpl.java:43)
at java.lang.reflect.Method.invoke(Method.java:498)
at org.testng.internal.MethodInvocationHelper.invokeMethod(MethodInvocationHelper.java:132)
at org.testng.internal.TestInvoker.invokeMethod(TestInvoker.java:599)
at org.testng.internal.TestInvoker.invokeTestMethod(TestInvoker.java:174)
at org.testng.internal.TestMethodWithDataProviderMethodWorker.call(TestMethodWithDataProviderMethodWorker.java:77)
at org.testng.internal.TestMethodWithDataProviderMethodWorker.call(TestMethodWithDataProviderMethodWorker.java:15)
at java.util.concurrent.FutureTask.run(FutureTask.java:266)
at java.util.concurrent.Executors$RunnableAdapter.call(Executors.java:511)
at java.util.concurrent.FutureTask.run(FutureTask.java:266)
at java.util.concurrent.ThreadPoolExecutor.runWorker(ThreadPoolExecutor.java:1149)
at java.util.concurrent.ThreadPoolExecutor$Worker.run(ThreadPoolExecutor.java:624)
at java.lang.Thread.run(Thread.java:748)
]]>
    </failure>
  </testcase> <!-- validateDeleteCustomerAPI -->
  <system-out/>
  <testcase name="validateDeleteCustomerAPI" time="4.182" classname="com.learning.testcases.DeleteCustomerTest">
    <failure type="java.lang.AssertionError" message="Response doesn&#039;t have ID as a field expected [true] but found [false]">
      <![CDATA[java.lang.AssertionError: Response doesn't have ID as a field expected [true] but found [false]
at org.testng.Assert.fail(Assert.java:99)
at org.testng.Assert.failNotEquals(Assert.java:1037)
at org.testng.Assert.assertTrue(Assert.java:45)
at com.learning.testcases.DeleteCustomerTest.doValidationUsingJSONObject(DeleteCustomerTest.java:51)
at com.learning.testcases.DeleteCustomerTest.validateDeleteCustomerAPI(DeleteCustomerTest.java:37)
at sun.reflect.NativeMethodAccessorImpl.invoke0(Native Method)
at sun.reflect.NativeMethodAccessorImpl.invoke(NativeMethodAccessorImpl.java:62)
at sun.reflect.DelegatingMethodAccessorImpl.invoke(DelegatingMethodAccessorImpl.java:43)
at java.lang.reflect.Method.invoke(Method.java:498)
at org.testng.internal.MethodInvocationHelper.invokeMethod(MethodInvocationHelper.java:132)
at org.testng.internal.TestInvoker.invokeMethod(TestInvoker.java:599)
at org.testng.internal.TestInvoker.invokeTestMethod(TestInvoker.java:174)
at org.testng.internal.TestMethodWithDataProviderMethodWorker.call(TestMethodWithDataProviderMethodWorker.java:77)
at org.testng.internal.TestMethodWithDataProviderMethodWorker.call(TestMethodWithDataProviderMethodWorker.java:15)
at java.util.concurrent.FutureTask.run(FutureTask.java:266)
at java.util.concurrent.Executors$RunnableAdapter.call(Executors.java:511)
at java.util.concurrent.FutureTask.run(FutureTask.java:266)
at java.util.concurrent.ThreadPoolExecutor.runWorker(ThreadPoolExecutor.java:1149)
at java.util.concurrent.ThreadPoolExecutor$Worker.run(ThreadPoolExecutor.java:624)
at java.lang.Thread.run(Thread.java:748)
]]>
    </failure>
  </testcase> <!-- validateDeleteCustomerAPI -->
  <system-out/>
  <testcase name="validateDeleteCustomerAPI" time="1.379" classname="com.learning.testcases.DeleteCustomerTest">
    <failure type="java.lang.AssertionError" message="Response doesn&#039;t have ID as a field expected [true] but found [false]">
      <![CDATA[java.lang.AssertionError: Response doesn't have ID as a field expected [true] but found [false]
at org.testng.Assert.fail(Assert.java:99)
at org.testng.Assert.failNotEquals(Assert.java:1037)
at org.testng.Assert.assertTrue(Assert.java:45)
at com.learning.testcases.DeleteCustomerTest.doValidationUsingJSONObject(DeleteCustomerTest.java:51)
at com.learning.testcases.DeleteCustomerTest.validateDeleteCustomerAPI(DeleteCustomerTest.java:37)
at sun.reflect.GeneratedMethodAccessor250.invoke(Unknown Source)
at sun.reflect.DelegatingMethodAccessorImpl.invoke(DelegatingMethodAccessorImpl.java:43)
at java.lang.reflect.Method.invoke(Method.java:498)
at org.testng.internal.MethodInvocationHelper.invokeMethod(MethodInvocationHelper.java:132)
at org.testng.internal.TestInvoker.invokeMethod(TestInvoker.java:599)
at org.testng.internal.TestInvoker.invokeTestMethod(TestInvoker.java:174)
at org.testng.internal.TestMethodWithDataProviderMethodWorker.call(TestMethodWithDataProviderMethodWorker.java:77)
at org.testng.internal.TestMethodWithDataProviderMethodWorker.call(TestMethodWithDataProviderMethodWorker.java:15)
at java.util.concurrent.FutureTask.run(FutureTask.java:266)
at java.util.concurrent.Executors$RunnableAdapter.call(Executors.java:511)
at java.util.concurrent.FutureTask.run(FutureTask.java:266)
at java.util.concurrent.ThreadPoolExecutor.runWorker(ThreadPoolExecutor.java:1149)
at java.util.concurrent.ThreadPoolExecutor$Worker.run(ThreadPoolExecutor.java:624)
at java.lang.Thread.run(Thread.java:748)
]]>
    </failure>
  </testcase> <!-- validateDeleteCustomerAPI -->
  <system-out/>
  <testcase name="validateDeleteCustomerAPI" time="1.351" classname="com.learning.testcases.DeleteCustomerTest">
    <failure type="java.lang.AssertionError" message="Response doesn&#039;t have ID as a field expected [true] but found [false]">
      <![CDATA[java.lang.AssertionError: Response doesn't have ID as a field expected [true] but found [false]
at org.testng.Assert.fail(Assert.java:99)
at org.testng.Assert.failNotEquals(Assert.java:1037)
at org.testng.Assert.assertTrue(Assert.java:45)
at com.learning.testcases.DeleteCustomerTest.doValidationUsingJSONObject(DeleteCustomerTest.java:51)
at com.learning.testcases.DeleteCustomerTest.validateDeleteCustomerAPI(DeleteCustomerTest.java:37)
at sun.reflect.GeneratedMethodAccessor250.invoke(Unknown Source)
at sun.reflect.DelegatingMethodAccessorImpl.invoke(DelegatingMethodAccessorImpl.java:43)
at java.lang.reflect.Method.invoke(Method.java:498)
at org.testng.internal.MethodInvocationHelper.invokeMethod(MethodInvocationHelper.java:132)
at org.testng.internal.TestInvoker.invokeMethod(TestInvoker.java:599)
at org.testng.internal.TestInvoker.invokeTestMethod(TestInvoker.java:174)
at org.testng.internal.TestMethodWithDataProviderMethodWorker.call(TestMethodWithDataProviderMethodWorker.java:77)
at org.testng.internal.TestMethodWithDataProviderMethodWorker.call(TestMethodWithDataProviderMethodWorker.java:15)
at java.util.concurrent.FutureTask.run(FutureTask.java:266)
at java.util.concurrent.Executors$RunnableAdapter.call(Executors.java:511)
at java.util.concurrent.FutureTask.run(FutureTask.java:266)
at java.util.concurrent.ThreadPoolExecutor.runWorker(ThreadPoolExecutor.java:1149)
at java.util.concurrent.ThreadPoolExecutor$Worker.run(ThreadPoolExecutor.java:624)
at java.lang.Thread.run(Thread.java:748)
]]>
    </failure>
  </testcase> <!-- validateDeleteCustomerAPI -->
  <system-out/>
  <testcase name="validateDeleteCustomerAPI" time="1.405" classname="com.learning.testcases.DeleteCustomerTest">
    <failure type="java.lang.AssertionError" message="Response doesn&#039;t have ID as a field expected [true] but found [false]">
      <![CDATA[java.lang.AssertionError: Response doesn't have ID as a field expected [true] but found [false]
at org.testng.Assert.fail(Assert.java:99)
at org.testng.Assert.failNotEquals(Assert.java:1037)
at org.testng.Assert.assertTrue(Assert.java:45)
at com.learning.testcases.DeleteCustomerTest.doValidationUsingJSONObject(DeleteCustomerTest.java:51)
at com.learning.testcases.DeleteCustomerTest.validateDeleteCustomerAPI(DeleteCustomerTest.java:37)
at sun.reflect.GeneratedMethodAccessor250.invoke(Unknown Source)
at sun.reflect.DelegatingMethodAccessorImpl.invoke(DelegatingMethodAccessorImpl.java:43)
at java.lang.reflect.Method.invoke(Method.java:498)
at org.testng.internal.MethodInvocationHelper.invokeMethod(MethodInvocationHelper.java:132)
at org.testng.internal.TestInvoker.invokeMethod(TestInvoker.java:599)
at org.testng.internal.TestInvoker.invokeTestMethod(TestInvoker.java:174)
at org.testng.internal.TestMethodWithDataProviderMethodWorker.call(TestMethodWithDataProviderMethodWorker.java:77)
at org.testng.internal.TestMethodWithDataProviderMethodWorker.call(TestMethodWithDataProviderMethodWorker.java:15)
at java.util.concurrent.FutureTask.run(FutureTask.java:266)
at java.util.concurrent.Executors$RunnableAdapter.call(Executors.java:511)
at java.util.concurrent.FutureTask.run(FutureTask.java:266)
at java.util.concurrent.ThreadPoolExecutor.runWorker(ThreadPoolExecutor.java:1149)
at java.util.concurrent.ThreadPoolExecutor$Worker.run(ThreadPoolExecutor.java:624)
at java.lang.Thread.run(Thread.java:748)
]]>
    </failure>
  </testcase> <!-- validateDeleteCustomerAPI -->
  <system-out/>
  <testcase name="validateDeleteCustomerAPI" time="1.441" classname="com.learning.testcases.DeleteCustomerTest"/>
  <system-out/>
  <testcase name="validateDeleteCustomerAPI" time="1.388" classname="com.learning.testcases.DeleteCustomerTest">
    <failure type="java.lang.AssertionError" message="Response doesn&#039;t have ID as a field expected [true] but found [false]">
      <![CDATA[java.lang.AssertionError: Response doesn't have ID as a field expected [true] but found [false]
at org.testng.Assert.fail(Assert.java:99)
at org.testng.Assert.failNotEquals(Assert.java:1037)
at org.testng.Assert.assertTrue(Assert.java:45)
at com.learning.testcases.DeleteCustomerTest.doValidationUsingJSONObject(DeleteCustomerTest.java:51)
at com.learning.testcases.DeleteCustomerTest.validateDeleteCustomerAPI(DeleteCustomerTest.java:37)
at sun.reflect.GeneratedMethodAccessor250.invoke(Unknown Source)
at sun.reflect.DelegatingMethodAccessorImpl.invoke(DelegatingMethodAccessorImpl.java:43)
at java.lang.reflect.Method.invoke(Method.java:498)
at org.testng.internal.MethodInvocationHelper.invokeMethod(MethodInvocationHelper.java:132)
at org.testng.internal.TestInvoker.invokeMethod(TestInvoker.java:599)
at org.testng.internal.TestInvoker.invokeTestMethod(TestInvoker.java:174)
at org.testng.internal.TestMethodWithDataProviderMethodWorker.call(TestMethodWithDataProviderMethodWorker.java:77)
at org.testng.internal.TestMethodWithDataProviderMethodWorker.call(TestMethodWithDataProviderMethodWorker.java:15)
at java.util.concurrent.FutureTask.run(FutureTask.java:266)
at java.util.concurrent.Executors$RunnableAdapter.call(Executors.java:511)
at java.util.concurrent.FutureTask.run(FutureTask.java:266)
at java.util.concurrent.ThreadPoolExecutor.runWorker(ThreadPoolExecutor.java:1149)
at java.util.concurrent.ThreadPoolExecutor$Worker.run(ThreadPoolExecutor.java:624)
at java.lang.Thread.run(Thread.java:748)
]]>
    </failure>
  </testcase> <!-- validateDeleteCustomerAPI -->
  <system-out/>
  <testcase name="validateDeleteCustomerAPI" time="1.452" classname="com.learning.testcases.DeleteCustomerTest">
    <failure type="java.lang.AssertionError" message="Response doesn&#039;t have ID as a field expected [true] but found [false]">
      <![CDATA[java.lang.AssertionError: Response doesn't have ID as a field expected [true] but found [false]
at org.testng.Assert.fail(Assert.java:99)
at org.testng.Assert.failNotEquals(Assert.java:1037)
at org.testng.Assert.assertTrue(Assert.java:45)
at com.learning.testcases.DeleteCustomerTest.doValidationUsingJSONObject(DeleteCustomerTest.java:51)
at com.learning.testcases.DeleteCustomerTest.validateDeleteCustomerAPI(DeleteCustomerTest.java:37)
at sun.reflect.GeneratedMethodAccessor250.invoke(Unknown Source)
at sun.reflect.DelegatingMethodAccessorImpl.invoke(DelegatingMethodAccessorImpl.java:43)
at java.lang.reflect.Method.invoke(Method.java:498)
at org.testng.internal.MethodInvocationHelper.invokeMethod(MethodInvocationHelper.java:132)
at org.testng.internal.TestInvoker.invokeMethod(TestInvoker.java:599)
at org.testng.internal.TestInvoker.invokeTestMethod(TestInvoker.java:174)
at org.testng.internal.TestMethodWithDataProviderMethodWorker.call(TestMethodWithDataProviderMethodWorker.java:77)
at org.testng.internal.TestMethodWithDataProviderMethodWorker.call(TestMethodWithDataProviderMethodWorker.java:15)
at java.util.concurrent.FutureTask.run(FutureTask.java:266)
at java.util.concurrent.Executors$RunnableAdapter.call(Executors.java:511)
at java.util.concurrent.FutureTask.run(FutureTask.java:266)
at java.util.concurrent.ThreadPoolExecutor.runWorker(ThreadPoolExecutor.java:1149)
at java.util.concurrent.ThreadPoolExecutor$Worker.run(ThreadPoolExecutor.java:624)
at java.lang.Thread.run(Thread.java:748)
]]>
    </failure>
  </testcase> <!-- validateDeleteCustomerAPI -->
  <system-out/>
  <testcase name="validateDeleteCustomerAPI" time="1.389" classname="com.learning.testcases.DeleteCustomerTest">
    <failure type="java.lang.AssertionError" message="Response doesn&#039;t have ID as a field expected [true] but found [false]">
      <![CDATA[java.lang.AssertionError: Response doesn't have ID as a field expected [true] but found [false]
at org.testng.Assert.fail(Assert.java:99)
at org.testng.Assert.failNotEquals(Assert.java:1037)
at org.testng.Assert.assertTrue(Assert.java:45)
at com.learning.testcases.DeleteCustomerTest.doValidationUsingJSONObject(DeleteCustomerTest.java:51)
at com.learning.testcases.DeleteCustomerTest.validateDeleteCustomerAPI(DeleteCustomerTest.java:37)
at sun.reflect.NativeMethodAccessorImpl.invoke0(Native Method)
at sun.reflect.NativeMethodAccessorImpl.invoke(NativeMethodAccessorImpl.java:62)
at sun.reflect.DelegatingMethodAccessorImpl.invoke(DelegatingMethodAccessorImpl.java:43)
at java.lang.reflect.Method.invoke(Method.java:498)
at org.testng.internal.MethodInvocationHelper.invokeMethod(MethodInvocationHelper.java:132)
at org.testng.internal.TestInvoker.invokeMethod(TestInvoker.java:599)
at org.testng.internal.TestInvoker.invokeTestMethod(TestInvoker.java:174)
at org.testng.internal.TestMethodWithDataProviderMethodWorker.call(TestMethodWithDataProviderMethodWorker.java:77)
at org.testng.internal.TestMethodWithDataProviderMethodWorker.call(TestMethodWithDataProviderMethodWorker.java:15)
at java.util.concurrent.FutureTask.run(FutureTask.java:266)
at java.util.concurrent.Executors$RunnableAdapter.call(Executors.java:511)
at java.util.concurrent.FutureTask.run(FutureTask.java:266)
at java.util.concurrent.ThreadPoolExecutor.runWorker(ThreadPoolExecutor.java:1149)
at java.util.concurrent.ThreadPoolExecutor$Worker.run(ThreadPoolExecutor.java:624)
at java.lang.Thread.run(Thread.java:748)
]]>
    </failure>
  </testcase> <!-- validateDeleteCustomerAPI -->
  <system-out/>
  <testcase name="validateDeleteCustomerAPI" time="1.434" classname="com.learning.testcases.DeleteCustomerTest">
    <failure type="java.lang.AssertionError" message="Response doesn&#039;t have ID as a field expected [true] but found [false]">
      <![CDATA[java.lang.AssertionError: Response doesn't have ID as a field expected [true] but found [false]
at org.testng.Assert.fail(Assert.java:99)
at org.testng.Assert.failNotEquals(Assert.java:1037)
at org.testng.Assert.assertTrue(Assert.java:45)
at com.learning.testcases.DeleteCustomerTest.doValidationUsingJSONObject(DeleteCustomerTest.java:51)
at com.learning.testcases.DeleteCustomerTest.validateDeleteCustomerAPI(DeleteCustomerTest.java:37)
at sun.reflect.GeneratedMethodAccessor250.invoke(Unknown Source)
at sun.reflect.DelegatingMethodAccessorImpl.invoke(DelegatingMethodAccessorImpl.java:43)
at java.lang.reflect.Method.invoke(Method.java:498)
at org.testng.internal.MethodInvocationHelper.invokeMethod(MethodInvocationHelper.java:132)
at org.testng.internal.TestInvoker.invokeMethod(TestInvoker.java:599)
at org.testng.internal.TestInvoker.invokeTestMethod(TestInvoker.java:174)
at org.testng.internal.TestMethodWithDataProviderMethodWorker.call(TestMethodWithDataProviderMethodWorker.java:77)
at org.testng.internal.TestMethodWithDataProviderMethodWorker.call(TestMethodWithDataProviderMethodWorker.java:15)
at java.util.concurrent.FutureTask.run(FutureTask.java:266)
at java.util.concurrent.Executors$RunnableAdapter.call(Executors.java:511)
at java.util.concurrent.FutureTask.run(FutureTask.java:266)
at java.util.concurrent.ThreadPoolExecutor.runWorker(ThreadPoolExecutor.java:1149)
at java.util.concurrent.ThreadPoolExecutor$Worker.run(ThreadPoolExecutor.java:624)
at java.lang.Thread.run(Thread.java:748)
]]>
    </failure>
  </testcase> <!-- validateDeleteCustomerAPI -->
  <system-out/>
  <testcase name="validateDeleteCustomerAPI" time="1.422" classname="com.learning.testcases.DeleteCustomerTest"/>
  <system-out/>
  <testcase name="validateDeleteCustomerAPI" time="1.438" classname="com.learning.testcases.DeleteCustomerTest">
    <failure type="java.lang.AssertionError" message="Response doesn&#039;t have ID as a field expected [true] but found [false]">
      <![CDATA[java.lang.AssertionError: Response doesn't have ID as a field expected [true] but found [false]
at org.testng.Assert.fail(Assert.java:99)
at org.testng.Assert.failNotEquals(Assert.java:1037)
at org.testng.Assert.assertTrue(Assert.java:45)
at com.learning.testcases.DeleteCustomerTest.doValidationUsingJSONObject(DeleteCustomerTest.java:51)
at com.learning.testcases.DeleteCustomerTest.validateDeleteCustomerAPI(DeleteCustomerTest.java:37)
at sun.reflect.GeneratedMethodAccessor250.invoke(Unknown Source)
at sun.reflect.DelegatingMethodAccessorImpl.invoke(DelegatingMethodAccessorImpl.java:43)
at java.lang.reflect.Method.invoke(Method.java:498)
at org.testng.internal.MethodInvocationHelper.invokeMethod(MethodInvocationHelper.java:132)
at org.testng.internal.TestInvoker.invokeMethod(TestInvoker.java:599)
at org.testng.internal.TestInvoker.invokeTestMethod(TestInvoker.java:174)
at org.testng.internal.TestMethodWithDataProviderMethodWorker.call(TestMethodWithDataProviderMethodWorker.java:77)
at org.testng.internal.TestMethodWithDataProviderMethodWorker.call(TestMethodWithDataProviderMethodWorker.java:15)
at java.util.concurrent.FutureTask.run(FutureTask.java:266)
at java.util.concurrent.Executors$RunnableAdapter.call(Executors.java:511)
at java.util.concurrent.FutureTask.run(FutureTask.java:266)
at java.util.concurrent.ThreadPoolExecutor.runWorker(ThreadPoolExecutor.java:1149)
at java.util.concurrent.ThreadPoolExecutor$Worker.run(ThreadPoolExecutor.java:624)
at java.lang.Thread.run(Thread.java:748)
]]>
    </failure>
  </testcase> <!-- validateDeleteCustomerAPI -->
  <system-out/>
  <testcase name="validateDeleteCustomerAPI" time="1.404" classname="com.learning.testcases.DeleteCustomerTest"/>
  <system-out/>
  <testcase name="validateDeleteCustomerAPI" time="1.415" classname="com.learning.testcases.DeleteCustomerTest">
    <failure type="java.lang.AssertionError" message="Response doesn&#039;t have ID as a field expected [true] but found [false]">
      <![CDATA[java.lang.AssertionError: Response doesn't have ID as a field expected [true] but found [false]
at org.testng.Assert.fail(Assert.java:99)
at org.testng.Assert.failNotEquals(Assert.java:1037)
at org.testng.Assert.assertTrue(Assert.java:45)
at com.learning.testcases.DeleteCustomerTest.doValidationUsingJSONObject(DeleteCustomerTest.java:51)
at com.learning.testcases.DeleteCustomerTest.validateDeleteCustomerAPI(DeleteCustomerTest.java:37)
at sun.reflect.GeneratedMethodAccessor250.invoke(Unknown Source)
at sun.reflect.DelegatingMethodAccessorImpl.invoke(DelegatingMethodAccessorImpl.java:43)
at java.lang.reflect.Method.invoke(Method.java:498)
at org.testng.internal.MethodInvocationHelper.invokeMethod(MethodInvocationHelper.java:132)
at org.testng.internal.TestInvoker.invokeMethod(TestInvoker.java:599)
at org.testng.internal.TestInvoker.invokeTestMethod(TestInvoker.java:174)
at org.testng.internal.TestMethodWithDataProviderMethodWorker.call(TestMethodWithDataProviderMethodWorker.java:77)
at org.testng.internal.TestMethodWithDataProviderMethodWorker.call(TestMethodWithDataProviderMethodWorker.java:15)
at java.util.concurrent.FutureTask.run(FutureTask.java:266)
at java.util.concurrent.Executors$RunnableAdapter.call(Executors.java:511)
at java.util.concurrent.FutureTask.run(FutureTask.java:266)
at java.util.concurrent.ThreadPoolExecutor.runWorker(ThreadPoolExecutor.java:1149)
at java.util.concurrent.ThreadPoolExecutor$Worker.run(ThreadPoolExecutor.java:624)
at java.lang.Thread.run(Thread.java:748)
]]>
    </failure>
  </testcase> <!-- validateDeleteCustomerAPI -->
  <system-out/>
  <testcase name="validateDeleteCustomerAPI" time="1.399" classname="com.learning.testcases.DeleteCustomerTest">
    <failure type="java.lang.AssertionError" message="Response doesn&#039;t have ID as a field expected [true] but found [false]">
      <![CDATA[java.lang.AssertionError: Response doesn't have ID as a field expected [true] but found [false]
at org.testng.Assert.fail(Assert.java:99)
at org.testng.Assert.failNotEquals(Assert.java:1037)
at org.testng.Assert.assertTrue(Assert.java:45)
at com.learning.testcases.DeleteCustomerTest.doValidationUsingJSONObject(DeleteCustomerTest.java:51)
at com.learning.testcases.DeleteCustomerTest.validateDeleteCustomerAPI(DeleteCustomerTest.java:37)
at sun.reflect.GeneratedMethodAccessor250.invoke(Unknown Source)
at sun.reflect.DelegatingMethodAccessorImpl.invoke(DelegatingMethodAccessorImpl.java:43)
at java.lang.reflect.Method.invoke(Method.java:498)
at org.testng.internal.MethodInvocationHelper.invokeMethod(MethodInvocationHelper.java:132)
at org.testng.internal.TestInvoker.invokeMethod(TestInvoker.java:599)
at org.testng.internal.TestInvoker.invokeTestMethod(TestInvoker.java:174)
at org.testng.internal.TestMethodWithDataProviderMethodWorker.call(TestMethodWithDataProviderMethodWorker.java:77)
at org.testng.internal.TestMethodWithDataProviderMethodWorker.call(TestMethodWithDataProviderMethodWorker.java:15)
at java.util.concurrent.FutureTask.run(FutureTask.java:266)
at java.util.concurrent.Executors$RunnableAdapter.call(Executors.java:511)
at java.util.concurrent.FutureTask.run(FutureTask.java:266)
at java.util.concurrent.ThreadPoolExecutor.runWorker(ThreadPoolExecutor.java:1149)
at java.util.concurrent.ThreadPoolExecutor$Worker.run(ThreadPoolExecutor.java:624)
at java.lang.Thread.run(Thread.java:748)
]]>
    </failure>
  </testcase> <!-- validateDeleteCustomerAPI -->
  <system-out/>
  <testcase name="validateDeleteCustomerAPI" time="1.377" classname="com.learning.testcases.DeleteCustomerTest">
    <failure type="java.lang.AssertionError" message="Response doesn&#039;t have ID as a field expected [true] but found [false]">
      <![CDATA[java.lang.AssertionError: Response doesn't have ID as a field expected [true] but found [false]
at org.testng.Assert.fail(Assert.java:99)
at org.testng.Assert.failNotEquals(Assert.java:1037)
at org.testng.Assert.assertTrue(Assert.java:45)
at com.learning.testcases.DeleteCustomerTest.doValidationUsingJSONObject(DeleteCustomerTest.java:51)
at com.learning.testcases.DeleteCustomerTest.validateDeleteCustomerAPI(DeleteCustomerTest.java:37)
at sun.reflect.GeneratedMethodAccessor250.invoke(Unknown Source)
at sun.reflect.DelegatingMethodAccessorImpl.invoke(DelegatingMethodAccessorImpl.java:43)
at java.lang.reflect.Method.invoke(Method.java:498)
at org.testng.internal.MethodInvocationHelper.invokeMethod(MethodInvocationHelper.java:132)
at org.testng.internal.TestInvoker.invokeMethod(TestInvoker.java:599)
at org.testng.internal.TestInvoker.invokeTestMethod(TestInvoker.java:174)
at org.testng.internal.TestMethodWithDataProviderMethodWorker.call(TestMethodWithDataProviderMethodWorker.java:77)
at org.testng.internal.TestMethodWithDataProviderMethodWorker.call(TestMethodWithDataProviderMethodWorker.java:15)
at java.util.concurrent.FutureTask.run(FutureTask.java:266)
at java.util.concurrent.Executors$RunnableAdapter.call(Executors.java:511)
at java.util.concurrent.FutureTask.run(FutureTask.java:266)
at java.util.concurrent.ThreadPoolExecutor.runWorker(ThreadPoolExecutor.java:1149)
at java.util.concurrent.ThreadPoolExecutor$Worker.run(ThreadPoolExecutor.java:624)
at java.lang.Thread.run(Thread.java:748)
]]>
    </failure>
  </testcase> <!-- validateDeleteCustomerAPI -->
  <system-out/>
  <testcase name="validateDeleteCustomerAPI" time="1.395" classname="com.learning.testcases.DeleteCustomerTest">
    <failure type="java.lang.AssertionError" message="Response doesn&#039;t have ID as a field expected [true] but found [false]">
      <![CDATA[java.lang.AssertionError: Response doesn't have ID as a field expected [true] but found [false]
at org.testng.Assert.fail(Assert.java:99)
at org.testng.Assert.failNotEquals(Assert.java:1037)
at org.testng.Assert.assertTrue(Assert.java:45)
at com.learning.testcases.DeleteCustomerTest.doValidationUsingJSONObject(DeleteCustomerTest.java:51)
at com.learning.testcases.DeleteCustomerTest.validateDeleteCustomerAPI(DeleteCustomerTest.java:37)
at sun.reflect.GeneratedMethodAccessor250.invoke(Unknown Source)
at sun.reflect.DelegatingMethodAccessorImpl.invoke(DelegatingMethodAccessorImpl.java:43)
at java.lang.reflect.Method.invoke(Method.java:498)
at org.testng.internal.MethodInvocationHelper.invokeMethod(MethodInvocationHelper.java:132)
at org.testng.internal.TestInvoker.invokeMethod(TestInvoker.java:599)
at org.testng.internal.TestInvoker.invokeTestMethod(TestInvoker.java:174)
at org.testng.internal.TestMethodWithDataProviderMethodWorker.call(TestMethodWithDataProviderMethodWorker.java:77)
at org.testng.internal.TestMethodWithDataProviderMethodWorker.call(TestMethodWithDataProviderMethodWorker.java:15)
at java.util.concurrent.FutureTask.run(FutureTask.java:266)
at java.util.concurrent.Executors$RunnableAdapter.call(Executors.java:511)
at java.util.concurrent.FutureTask.run(FutureTask.java:266)
at java.util.concurrent.ThreadPoolExecutor.runWorker(ThreadPoolExecutor.java:1149)
at java.util.concurrent.ThreadPoolExecutor$Worker.run(ThreadPoolExecutor.java:624)
at java.lang.Thread.run(Thread.java:748)
]]>
    </failure>
  </testcase> <!-- validateDeleteCustomerAPI -->
  <system-out/>
  <testcase name="validateDeleteCustomerAPI" time="1.419" classname="com.learning.testcases.DeleteCustomerTest">
    <failure type="java.lang.AssertionError" message="Response doesn&#039;t have ID as a field expected [true] but found [false]">
      <![CDATA[java.lang.AssertionError: Response doesn't have ID as a field expected [true] but found [false]
at org.testng.Assert.fail(Assert.java:99)
at org.testng.Assert.failNotEquals(Assert.java:1037)
at org.testng.Assert.assertTrue(Assert.java:45)
at com.learning.testcases.DeleteCustomerTest.doValidationUsingJSONObject(DeleteCustomerTest.java:51)
at com.learning.testcases.DeleteCustomerTest.validateDeleteCustomerAPI(DeleteCustomerTest.java:37)
at sun.reflect.GeneratedMethodAccessor250.invoke(Unknown Source)
at sun.reflect.DelegatingMethodAccessorImpl.invoke(DelegatingMethodAccessorImpl.java:43)
at java.lang.reflect.Method.invoke(Method.java:498)
at org.testng.internal.MethodInvocationHelper.invokeMethod(MethodInvocationHelper.java:132)
at org.testng.internal.TestInvoker.invokeMethod(TestInvoker.java:599)
at org.testng.internal.TestInvoker.invokeTestMethod(TestInvoker.java:174)
at org.testng.internal.TestMethodWithDataProviderMethodWorker.call(TestMethodWithDataProviderMethodWorker.java:77)
at org.testng.internal.TestMethodWithDataProviderMethodWorker.call(TestMethodWithDataProviderMethodWorker.java:15)
at java.util.concurrent.FutureTask.run(FutureTask.java:266)
at java.util.concurrent.Executors$RunnableAdapter.call(Executors.java:511)
at java.util.concurrent.FutureTask.run(FutureTask.java:266)
at java.util.concurrent.ThreadPoolExecutor.runWorker(ThreadPoolExecutor.java:1149)
at java.util.concurrent.ThreadPoolExecutor$Worker.run(ThreadPoolExecutor.java:624)
at java.lang.Thread.run(Thread.java:748)
]]>
    </failure>
  </testcase> <!-- validateDeleteCustomerAPI -->
  <system-out/>
  <testcase name="validateDeleteCustomerAPI" time="1.626" classname="com.learning.testcases.DeleteCustomerTest">
    <failure type="java.lang.AssertionError" message="Response doesn&#039;t have ID as a field expected [true] but found [false]">
      <![CDATA[java.lang.AssertionError: Response doesn't have ID as a field expected [true] but found [false]
at org.testng.Assert.fail(Assert.java:99)
at org.testng.Assert.failNotEquals(Assert.java:1037)
at org.testng.Assert.assertTrue(Assert.java:45)
at com.learning.testcases.DeleteCustomerTest.doValidationUsingJSONObject(DeleteCustomerTest.java:51)
at com.learning.testcases.DeleteCustomerTest.validateDeleteCustomerAPI(DeleteCustomerTest.java:37)
at sun.reflect.GeneratedMethodAccessor250.invoke(Unknown Source)
at sun.reflect.DelegatingMethodAccessorImpl.invoke(DelegatingMethodAccessorImpl.java:43)
at java.lang.reflect.Method.invoke(Method.java:498)
at org.testng.internal.MethodInvocationHelper.invokeMethod(MethodInvocationHelper.java:132)
at org.testng.internal.TestInvoker.invokeMethod(TestInvoker.java:599)
at org.testng.internal.TestInvoker.invokeTestMethod(TestInvoker.java:174)
at org.testng.internal.TestMethodWithDataProviderMethodWorker.call(TestMethodWithDataProviderMethodWorker.java:77)
at org.testng.internal.TestMethodWithDataProviderMethodWorker.call(TestMethodWithDataProviderMethodWorker.java:15)
at java.util.concurrent.FutureTask.run(FutureTask.java:266)
at java.util.concurrent.Executors$RunnableAdapter.call(Executors.java:511)
at java.util.concurrent.FutureTask.run(FutureTask.java:266)
at java.util.concurrent.ThreadPoolExecutor.runWorker(ThreadPoolExecutor.java:1149)
at java.util.concurrent.ThreadPoolExecutor$Worker.run(ThreadPoolExecutor.java:624)
at java.lang.Thread.run(Thread.java:748)
]]>
    </failure>
  </testcase> <!-- validateDeleteCustomerAPI -->
  <system-out/>
  <testcase name="validateDeleteCustomerAPI" time="1.387" classname="com.learning.testcases.DeleteCustomerTest">
    <failure type="java.lang.AssertionError" message="Response doesn&#039;t have ID as a field expected [true] but found [false]">
      <![CDATA[java.lang.AssertionError: Response doesn't have ID as a field expected [true] but found [false]
at org.testng.Assert.fail(Assert.java:99)
at org.testng.Assert.failNotEquals(Assert.java:1037)
at org.testng.Assert.assertTrue(Assert.java:45)
at com.learning.testcases.DeleteCustomerTest.doValidationUsingJSONObject(DeleteCustomerTest.java:51)
at com.learning.testcases.DeleteCustomerTest.validateDeleteCustomerAPI(DeleteCustomerTest.java:37)
at sun.reflect.GeneratedMethodAccessor250.invoke(Unknown Source)
at sun.reflect.DelegatingMethodAccessorImpl.invoke(DelegatingMethodAccessorImpl.java:43)
at java.lang.reflect.Method.invoke(Method.java:498)
at org.testng.internal.MethodInvocationHelper.invokeMethod(MethodInvocationHelper.java:132)
at org.testng.internal.TestInvoker.invokeMethod(TestInvoker.java:599)
at org.testng.internal.TestInvoker.invokeTestMethod(TestInvoker.java:174)
at org.testng.internal.TestMethodWithDataProviderMethodWorker.call(TestMethodWithDataProviderMethodWorker.java:77)
at org.testng.internal.TestMethodWithDataProviderMethodWorker.call(TestMethodWithDataProviderMethodWorker.java:15)
at java.util.concurrent.FutureTask.run(FutureTask.java:266)
at java.util.concurrent.Executors$RunnableAdapter.call(Executors.java:511)
at java.util.concurrent.FutureTask.run(FutureTask.java:266)
at java.util.concurrent.ThreadPoolExecutor.runWorker(ThreadPoolExecutor.java:1149)
at java.util.concurrent.ThreadPoolExecutor$Worker.run(ThreadPoolExecutor.java:624)
at java.lang.Thread.run(Thread.java:748)
]]>
    </failure>
  </testcase> <!-- validateDeleteCustomerAPI -->
  <system-out/>
  <testcase name="validateDeleteCustomerAPI" time="1.514" classname="com.learning.testcases.DeleteCustomerTest">
    <failure type="java.lang.AssertionError" message="Response doesn&#039;t have ID as a field expected [true] but found [false]">
      <![CDATA[java.lang.AssertionError: Response doesn't have ID as a field expected [true] but found [false]
at org.testng.Assert.fail(Assert.java:99)
at org.testng.Assert.failNotEquals(Assert.java:1037)
at org.testng.Assert.assertTrue(Assert.java:45)
at com.learning.testcases.DeleteCustomerTest.doValidationUsingJSONObject(DeleteCustomerTest.java:51)
at com.learning.testcases.DeleteCustomerTest.validateDeleteCustomerAPI(DeleteCustomerTest.java:37)
at sun.reflect.GeneratedMethodAccessor250.invoke(Unknown Source)
at sun.reflect.DelegatingMethodAccessorImpl.invoke(DelegatingMethodAccessorImpl.java:43)
at java.lang.reflect.Method.invoke(Method.java:498)
at org.testng.internal.MethodInvocationHelper.invokeMethod(MethodInvocationHelper.java:132)
at org.testng.internal.TestInvoker.invokeMethod(TestInvoker.java:599)
at org.testng.internal.TestInvoker.invokeTestMethod(TestInvoker.java:174)
at org.testng.internal.TestMethodWithDataProviderMethodWorker.call(TestMethodWithDataProviderMethodWorker.java:77)
at org.testng.internal.TestMethodWithDataProviderMethodWorker.call(TestMethodWithDataProviderMethodWorker.java:15)
at java.util.concurrent.FutureTask.run(FutureTask.java:266)
at java.util.concurrent.Executors$RunnableAdapter.call(Executors.java:511)
at java.util.concurrent.FutureTask.run(FutureTask.java:266)
at java.util.concurrent.ThreadPoolExecutor.runWorker(ThreadPoolExecutor.java:1149)
at java.util.concurrent.ThreadPoolExecutor$Worker.run(ThreadPoolExecutor.java:624)
at java.lang.Thread.run(Thread.java:748)
]]>
    </failure>
  </testcase> <!-- validateDeleteCustomerAPI -->
  <system-out/>
  <testcase name="validateDeleteCustomerAPI" time="2.244" classname="com.learning.testcases.DeleteCustomerTest">
    <failure type="java.lang.AssertionError" message="Response doesn&#039;t have ID as a field expected [true] but found [false]">
      <![CDATA[java.lang.AssertionError: Response doesn't have ID as a field expected [true] but found [false]
at org.testng.Assert.fail(Assert.java:99)
at org.testng.Assert.failNotEquals(Assert.java:1037)
at org.testng.Assert.assertTrue(Assert.java:45)
at com.learning.testcases.DeleteCustomerTest.doValidationUsingJSONObject(DeleteCustomerTest.java:51)
at com.learning.testcases.DeleteCustomerTest.validateDeleteCustomerAPI(DeleteCustomerTest.java:37)
at sun.reflect.GeneratedMethodAccessor250.invoke(Unknown Source)
at sun.reflect.DelegatingMethodAccessorImpl.invoke(DelegatingMethodAccessorImpl.java:43)
at java.lang.reflect.Method.invoke(Method.java:498)
at org.testng.internal.MethodInvocationHelper.invokeMethod(MethodInvocationHelper.java:132)
at org.testng.internal.TestInvoker.invokeMethod(TestInvoker.java:599)
at org.testng.internal.TestInvoker.invokeTestMethod(TestInvoker.java:174)
at org.testng.internal.TestMethodWithDataProviderMethodWorker.call(TestMethodWithDataProviderMethodWorker.java:77)
at org.testng.internal.TestMethodWithDataProviderMethodWorker.call(TestMethodWithDataProviderMethodWorker.java:15)
at java.util.concurrent.FutureTask.run(FutureTask.java:266)
at java.util.concurrent.Executors$RunnableAdapter.call(Executors.java:511)
at java.util.concurrent.FutureTask.run(FutureTask.java:266)
at java.util.concurrent.ThreadPoolExecutor.runWorker(ThreadPoolExecutor.java:1149)
at java.util.concurrent.ThreadPoolExecutor$Worker.run(ThreadPoolExecutor.java:624)
at java.lang.Thread.run(Thread.java:748)
]]>
    </failure>
  </testcase> <!-- validateDeleteCustomerAPI -->
  <system-out/>
  <testcase name="validateDeleteCustomerAPI" time="1.404" classname="com.learning.testcases.DeleteCustomerTest">
    <failure type="java.lang.AssertionError" message="Response doesn&#039;t have ID as a field expected [true] but found [false]">
      <![CDATA[java.lang.AssertionError: Response doesn't have ID as a field expected [true] but found [false]
at org.testng.Assert.fail(Assert.java:99)
at org.testng.Assert.failNotEquals(Assert.java:1037)
at org.testng.Assert.assertTrue(Assert.java:45)
at com.learning.testcases.DeleteCustomerTest.doValidationUsingJSONObject(DeleteCustomerTest.java:51)
at com.learning.testcases.DeleteCustomerTest.validateDeleteCustomerAPI(DeleteCustomerTest.java:37)
at sun.reflect.GeneratedMethodAccessor250.invoke(Unknown Source)
at sun.reflect.DelegatingMethodAccessorImpl.invoke(DelegatingMethodAccessorImpl.java:43)
at java.lang.reflect.Method.invoke(Method.java:498)
at org.testng.internal.MethodInvocationHelper.invokeMethod(MethodInvocationHelper.java:132)
at org.testng.internal.TestInvoker.invokeMethod(TestInvoker.java:599)
at org.testng.internal.TestInvoker.invokeTestMethod(TestInvoker.java:174)
at org.testng.internal.TestMethodWithDataProviderMethodWorker.call(TestMethodWithDataProviderMethodWorker.java:77)
at org.testng.internal.TestMethodWithDataProviderMethodWorker.call(TestMethodWithDataProviderMethodWorker.java:15)
at java.util.concurrent.FutureTask.run(FutureTask.java:266)
at java.util.concurrent.Executors$RunnableAdapter.call(Executors.java:511)
at java.util.concurrent.FutureTask.run(FutureTask.java:266)
at java.util.concurrent.ThreadPoolExecutor.runWorker(ThreadPoolExecutor.java:1149)
at java.util.concurrent.ThreadPoolExecutor$Worker.run(ThreadPoolExecutor.java:624)
at java.lang.Thread.run(Thread.java:748)
]]>
    </failure>
  </testcase> <!-- validateDeleteCustomerAPI -->
  <system-out/>
  <testcase name="validateDeleteCustomerAPI" time="1.439" classname="com.learning.testcases.DeleteCustomerTest">
    <failure type="java.lang.AssertionError" message="Response doesn&#039;t have ID as a field expected [true] but found [false]">
      <![CDATA[java.lang.AssertionError: Response doesn't have ID as a field expected [true] but found [false]
at org.testng.Assert.fail(Assert.java:99)
at org.testng.Assert.failNotEquals(Assert.java:1037)
at org.testng.Assert.assertTrue(Assert.java:45)
at com.learning.testcases.DeleteCustomerTest.doValidationUsingJSONObject(DeleteCustomerTest.java:51)
at com.learning.testcases.DeleteCustomerTest.validateDeleteCustomerAPI(DeleteCustomerTest.java:37)
at sun.reflect.GeneratedMethodAccessor250.invoke(Unknown Source)
at sun.reflect.DelegatingMethodAccessorImpl.invoke(DelegatingMethodAccessorImpl.java:43)
at java.lang.reflect.Method.invoke(Method.java:498)
at org.testng.internal.MethodInvocationHelper.invokeMethod(MethodInvocationHelper.java:132)
at org.testng.internal.TestInvoker.invokeMethod(TestInvoker.java:599)
at org.testng.internal.TestInvoker.invokeTestMethod(TestInvoker.java:174)
at org.testng.internal.TestMethodWithDataProviderMethodWorker.call(TestMethodWithDataProviderMethodWorker.java:77)
at org.testng.internal.TestMethodWithDataProviderMethodWorker.call(TestMethodWithDataProviderMethodWorker.java:15)
at java.util.concurrent.FutureTask.run(FutureTask.java:266)
at java.util.concurrent.Executors$RunnableAdapter.call(Executors.java:511)
at java.util.concurrent.FutureTask.run(FutureTask.java:266)
at java.util.concurrent.ThreadPoolExecutor.runWorker(ThreadPoolExecutor.java:1149)
at java.util.concurrent.ThreadPoolExecutor$Worker.run(ThreadPoolExecutor.java:624)
at java.lang.Thread.run(Thread.java:748)
]]>
    </failure>
  </testcase> <!-- validateDeleteCustomerAPI -->
  <system-out/>
  <testcase name="validateDeleteCustomerAPI" time="1.429" classname="com.learning.testcases.DeleteCustomerTest">
    <failure type="java.lang.AssertionError" message="Response doesn&#039;t have ID as a field expected [true] but found [false]">
      <![CDATA[java.lang.AssertionError: Response doesn't have ID as a field expected [true] but found [false]
at org.testng.Assert.fail(Assert.java:99)
at org.testng.Assert.failNotEquals(Assert.java:1037)
at org.testng.Assert.assertTrue(Assert.java:45)
at com.learning.testcases.DeleteCustomerTest.doValidationUsingJSONObject(DeleteCustomerTest.java:51)
at com.learning.testcases.DeleteCustomerTest.validateDeleteCustomerAPI(DeleteCustomerTest.java:37)
at sun.reflect.GeneratedMethodAccessor250.invoke(Unknown Source)
at sun.reflect.DelegatingMethodAccessorImpl.invoke(DelegatingMethodAccessorImpl.java:43)
at java.lang.reflect.Method.invoke(Method.java:498)
at org.testng.internal.MethodInvocationHelper.invokeMethod(MethodInvocationHelper.java:132)
at org.testng.internal.TestInvoker.invokeMethod(TestInvoker.java:599)
at org.testng.internal.TestInvoker.invokeTestMethod(TestInvoker.java:174)
at org.testng.internal.TestMethodWithDataProviderMethodWorker.call(TestMethodWithDataProviderMethodWorker.java:77)
at org.testng.internal.TestMethodWithDataProviderMethodWorker.call(TestMethodWithDataProviderMethodWorker.java:15)
at java.util.concurrent.FutureTask.run(FutureTask.java:266)
at java.util.concurrent.Executors$RunnableAdapter.call(Executors.java:511)
at java.util.concurrent.FutureTask.run(FutureTask.java:266)
at java.util.concurrent.ThreadPoolExecutor.runWorker(ThreadPoolExecutor.java:1149)
at java.util.concurrent.ThreadPoolExecutor$Worker.run(ThreadPoolExecutor.java:624)
at java.lang.Thread.run(Thread.java:748)
]]>
    </failure>
  </testcase> <!-- validateDeleteCustomerAPI -->
  <system-out/>
  <testcase name="validateDeleteCustomerAPI" time="1.355" classname="com.learning.testcases.DeleteCustomerTest">
    <failure type="java.lang.AssertionError" message="Response doesn&#039;t have ID as a field expected [true] but found [false]">
      <![CDATA[java.lang.AssertionError: Response doesn't have ID as a field expected [true] but found [false]
at org.testng.Assert.fail(Assert.java:99)
at org.testng.Assert.failNotEquals(Assert.java:1037)
at org.testng.Assert.assertTrue(Assert.java:45)
at com.learning.testcases.DeleteCustomerTest.doValidationUsingJSONObject(DeleteCustomerTest.java:51)
at com.learning.testcases.DeleteCustomerTest.validateDeleteCustomerAPI(DeleteCustomerTest.java:37)
at sun.reflect.GeneratedMethodAccessor250.invoke(Unknown Source)
at sun.reflect.DelegatingMethodAccessorImpl.invoke(DelegatingMethodAccessorImpl.java:43)
at java.lang.reflect.Method.invoke(Method.java:498)
at org.testng.internal.MethodInvocationHelper.invokeMethod(MethodInvocationHelper.java:132)
at org.testng.internal.TestInvoker.invokeMethod(TestInvoker.java:599)
at org.testng.internal.TestInvoker.invokeTestMethod(TestInvoker.java:174)
at org.testng.internal.TestMethodWithDataProviderMethodWorker.call(TestMethodWithDataProviderMethodWorker.java:77)
at org.testng.internal.TestMethodWithDataProviderMethodWorker.call(TestMethodWithDataProviderMethodWorker.java:15)
at java.util.concurrent.FutureTask.run(FutureTask.java:266)
at java.util.concurrent.Executors$RunnableAdapter.call(Executors.java:511)
at java.util.concurrent.FutureTask.run(FutureTask.java:266)
at java.util.concurrent.ThreadPoolExecutor.runWorker(ThreadPoolExecutor.java:1149)
at java.util.concurrent.ThreadPoolExecutor$Worker.run(ThreadPoolExecutor.java:624)
at java.lang.Thread.run(Thread.java:748)
]]>
    </failure>
  </testcase> <!-- validateDeleteCustomerAPI -->
  <system-out/>
  <testcase name="validateDeleteCustomerAPI" time="1.402" classname="com.learning.testcases.DeleteCustomerTest">
    <failure type="java.lang.AssertionError" message="Response doesn&#039;t have ID as a field expected [true] but found [false]">
      <![CDATA[java.lang.AssertionError: Response doesn't have ID as a field expected [true] but found [false]
at org.testng.Assert.fail(Assert.java:99)
at org.testng.Assert.failNotEquals(Assert.java:1037)
at org.testng.Assert.assertTrue(Assert.java:45)
at com.learning.testcases.DeleteCustomerTest.doValidationUsingJSONObject(DeleteCustomerTest.java:51)
at com.learning.testcases.DeleteCustomerTest.validateDeleteCustomerAPI(DeleteCustomerTest.java:37)
at sun.reflect.GeneratedMethodAccessor250.invoke(Unknown Source)
at sun.reflect.DelegatingMethodAccessorImpl.invoke(DelegatingMethodAccessorImpl.java:43)
at java.lang.reflect.Method.invoke(Method.java:498)
at org.testng.internal.MethodInvocationHelper.invokeMethod(MethodInvocationHelper.java:132)
at org.testng.internal.TestInvoker.invokeMethod(TestInvoker.java:599)
at org.testng.internal.TestInvoker.invokeTestMethod(TestInvoker.java:174)
at org.testng.internal.TestMethodWithDataProviderMethodWorker.call(TestMethodWithDataProviderMethodWorker.java:77)
at org.testng.internal.TestMethodWithDataProviderMethodWorker.call(TestMethodWithDataProviderMethodWorker.java:15)
at java.util.concurrent.FutureTask.run(FutureTask.java:266)
at java.util.concurrent.Executors$RunnableAdapter.call(Executors.java:511)
at java.util.concurrent.FutureTask.run(FutureTask.java:266)
at java.util.concurrent.ThreadPoolExecutor.runWorker(ThreadPoolExecutor.java:1149)
at java.util.concurrent.ThreadPoolExecutor$Worker.run(ThreadPoolExecutor.java:624)
at java.lang.Thread.run(Thread.java:748)
]]>
    </failure>
  </testcase> <!-- validateDeleteCustomerAPI -->
  <system-out/>
  <testcase name="validateDeleteCustomerAPI" time="1.370" classname="com.learning.testcases.DeleteCustomerTest">
    <failure type="java.lang.AssertionError" message="Response doesn&#039;t have ID as a field expected [true] but found [false]">
      <![CDATA[java.lang.AssertionError: Response doesn't have ID as a field expected [true] but found [false]
at org.testng.Assert.fail(Assert.java:99)
at org.testng.Assert.failNotEquals(Assert.java:1037)
at org.testng.Assert.assertTrue(Assert.java:45)
at com.learning.testcases.DeleteCustomerTest.doValidationUsingJSONObject(DeleteCustomerTest.java:51)
at com.learning.testcases.DeleteCustomerTest.validateDeleteCustomerAPI(DeleteCustomerTest.java:37)
at sun.reflect.GeneratedMethodAccessor250.invoke(Unknown Source)
at sun.reflect.DelegatingMethodAccessorImpl.invoke(DelegatingMethodAccessorImpl.java:43)
at java.lang.reflect.Method.invoke(Method.java:498)
at org.testng.internal.MethodInvocationHelper.invokeMethod(MethodInvocationHelper.java:132)
at org.testng.internal.TestInvoker.invokeMethod(TestInvoker.java:599)
at org.testng.internal.TestInvoker.invokeTestMethod(TestInvoker.java:174)
at org.testng.internal.TestMethodWithDataProviderMethodWorker.call(TestMethodWithDataProviderMethodWorker.java:77)
at org.testng.internal.TestMethodWithDataProviderMethodWorker.call(TestMethodWithDataProviderMethodWorker.java:15)
at java.util.concurrent.FutureTask.run(FutureTask.java:266)
at java.util.concurrent.Executors$RunnableAdapter.call(Executors.java:511)
at java.util.concurrent.FutureTask.run(FutureTask.java:266)
at java.util.concurrent.ThreadPoolExecutor.runWorker(ThreadPoolExecutor.java:1149)
at java.util.concurrent.ThreadPoolExecutor$Worker.run(ThreadPoolExecutor.java:624)
at java.lang.Thread.run(Thread.java:748)
]]>
    </failure>
  </testcase> <!-- validateDeleteCustomerAPI -->
  <system-out/>
  <testcase name="validateDeleteCustomerAPI" time="1.446" classname="com.learning.testcases.DeleteCustomerTest"/>
  <system-out/>
  <testcase name="validateDeleteCustomerAPI" time="1.508" classname="com.learning.testcases.DeleteCustomerTest"/>
  <system-out/>
  <testcase name="validateDeleteCustomerAPI" time="1.544" classname="com.learning.testcases.DeleteCustomerTest"/>
  <system-out/>
  <testcase name="validateDeleteCustomerAPI" time="1.423" classname="com.learning.testcases.DeleteCustomerTest">
    <failure type="java.lang.AssertionError" message="Response doesn&#039;t have ID as a field expected [true] but found [false]">
      <![CDATA[java.lang.AssertionError: Response doesn't have ID as a field expected [true] but found [false]
at org.testng.Assert.fail(Assert.java:99)
at org.testng.Assert.failNotEquals(Assert.java:1037)
at org.testng.Assert.assertTrue(Assert.java:45)
at com.learning.testcases.DeleteCustomerTest.doValidationUsingJSONObject(DeleteCustomerTest.java:51)
at com.learning.testcases.DeleteCustomerTest.validateDeleteCustomerAPI(DeleteCustomerTest.java:37)
at sun.reflect.GeneratedMethodAccessor250.invoke(Unknown Source)
at sun.reflect.DelegatingMethodAccessorImpl.invoke(DelegatingMethodAccessorImpl.java:43)
at java.lang.reflect.Method.invoke(Method.java:498)
at org.testng.internal.MethodInvocationHelper.invokeMethod(MethodInvocationHelper.java:132)
at org.testng.internal.TestInvoker.invokeMethod(TestInvoker.java:599)
at org.testng.internal.TestInvoker.invokeTestMethod(TestInvoker.java:174)
at org.testng.internal.TestMethodWithDataProviderMethodWorker.call(TestMethodWithDataProviderMethodWorker.java:77)
at org.testng.internal.TestMethodWithDataProviderMethodWorker.call(TestMethodWithDataProviderMethodWorker.java:15)
at java.util.concurrent.FutureTask.run(FutureTask.java:266)
at java.util.concurrent.Executors$RunnableAdapter.call(Executors.java:511)
at java.util.concurrent.FutureTask.run(FutureTask.java:266)
at java.util.concurrent.ThreadPoolExecutor.runWorker(ThreadPoolExecutor.java:1149)
at java.util.concurrent.ThreadPoolExecutor$Worker.run(ThreadPoolExecutor.java:624)
at java.lang.Thread.run(Thread.java:748)
]]>
    </failure>
  </testcase> <!-- validateDeleteCustomerAPI -->
  <system-out/>
  <testcase name="validateDeleteCustomerAPI" time="2.005" classname="com.learning.testcases.DeleteCustomerTest">
    <failure type="java.lang.AssertionError" message="Response doesn&#039;t have ID as a field expected [true] but found [false]">
      <![CDATA[java.lang.AssertionError: Response doesn't have ID as a field expected [true] but found [false]
at org.testng.Assert.fail(Assert.java:99)
at org.testng.Assert.failNotEquals(Assert.java:1037)
at org.testng.Assert.assertTrue(Assert.java:45)
at com.learning.testcases.DeleteCustomerTest.doValidationUsingJSONObject(DeleteCustomerTest.java:51)
at com.learning.testcases.DeleteCustomerTest.validateDeleteCustomerAPI(DeleteCustomerTest.java:37)
at sun.reflect.GeneratedMethodAccessor250.invoke(Unknown Source)
at sun.reflect.DelegatingMethodAccessorImpl.invoke(DelegatingMethodAccessorImpl.java:43)
at java.lang.reflect.Method.invoke(Method.java:498)
at org.testng.internal.MethodInvocationHelper.invokeMethod(MethodInvocationHelper.java:132)
at org.testng.internal.TestInvoker.invokeMethod(TestInvoker.java:599)
at org.testng.internal.TestInvoker.invokeTestMethod(TestInvoker.java:174)
at org.testng.internal.TestMethodWithDataProviderMethodWorker.call(TestMethodWithDataProviderMethodWorker.java:77)
at org.testng.internal.TestMethodWithDataProviderMethodWorker.call(TestMethodWithDataProviderMethodWorker.java:15)
at java.util.concurrent.FutureTask.run(FutureTask.java:266)
at java.util.concurrent.Executors$RunnableAdapter.call(Executors.java:511)
at java.util.concurrent.FutureTask.run(FutureTask.java:266)
at java.util.concurrent.ThreadPoolExecutor.runWorker(ThreadPoolExecutor.java:1149)
at java.util.concurrent.ThreadPoolExecutor$Worker.run(ThreadPoolExecutor.java:624)
at java.lang.Thread.run(Thread.java:748)
]]>
    </failure>
  </testcase> <!-- validateDeleteCustomerAPI -->
  <system-out/>
  <testcase name="validateDeleteCustomerAPI" time="1.611" classname="com.learning.testcases.DeleteCustomerTest"/>
  <system-out/>
  <testcase name="validateDeleteCustomerAPI" time="1.473" classname="com.learning.testcases.DeleteCustomerTest"/>
  <system-out/>
  <testcase name="validateDeleteCustomerAPI" time="1.368" classname="com.learning.testcases.DeleteCustomerTest">
    <failure type="java.lang.AssertionError" message="Response doesn&#039;t have ID as a field expected [true] but found [false]">
      <![CDATA[java.lang.AssertionError: Response doesn't have ID as a field expected [true] but found [false]
at org.testng.Assert.fail(Assert.java:99)
at org.testng.Assert.failNotEquals(Assert.java:1037)
at org.testng.Assert.assertTrue(Assert.java:45)
at com.learning.testcases.DeleteCustomerTest.doValidationUsingJSONObject(DeleteCustomerTest.java:51)
at com.learning.testcases.DeleteCustomerTest.validateDeleteCustomerAPI(DeleteCustomerTest.java:37)
at sun.reflect.GeneratedMethodAccessor250.invoke(Unknown Source)
at sun.reflect.DelegatingMethodAccessorImpl.invoke(DelegatingMethodAccessorImpl.java:43)
at java.lang.reflect.Method.invoke(Method.java:498)
at org.testng.internal.MethodInvocationHelper.invokeMethod(MethodInvocationHelper.java:132)
at org.testng.internal.TestInvoker.invokeMethod(TestInvoker.java:599)
at org.testng.internal.TestInvoker.invokeTestMethod(TestInvoker.java:174)
at org.testng.internal.TestMethodWithDataProviderMethodWorker.call(TestMethodWithDataProviderMethodWorker.java:77)
at org.testng.internal.TestMethodWithDataProviderMethodWorker.call(TestMethodWithDataProviderMethodWorker.java:15)
at java.util.concurrent.FutureTask.run(FutureTask.java:266)
at java.util.concurrent.Executors$RunnableAdapter.call(Executors.java:511)
at java.util.concurrent.FutureTask.run(FutureTask.java:266)
at java.util.concurrent.ThreadPoolExecutor.runWorker(ThreadPoolExecutor.java:1149)
at java.util.concurrent.ThreadPoolExecutor$Worker.run(ThreadPoolExecutor.java:624)
at java.lang.Thread.run(Thread.java:748)
]]>
    </failure>
  </testcase> <!-- validateDeleteCustomerAPI -->
  <system-out/>
  <testcase name="validateDeleteCustomerAPI" time="1.416" classname="com.learning.testcases.DeleteCustomerTest">
    <failure type="java.lang.AssertionError" message="Response doesn&#039;t have ID as a field expected [true] but found [false]">
      <![CDATA[java.lang.AssertionError: Response doesn't have ID as a field expected [true] but found [false]
at org.testng.Assert.fail(Assert.java:99)
at org.testng.Assert.failNotEquals(Assert.java:1037)
at org.testng.Assert.assertTrue(Assert.java:45)
at com.learning.testcases.DeleteCustomerTest.doValidationUsingJSONObject(DeleteCustomerTest.java:51)
at com.learning.testcases.DeleteCustomerTest.validateDeleteCustomerAPI(DeleteCustomerTest.java:37)
at sun.reflect.GeneratedMethodAccessor250.invoke(Unknown Source)
at sun.reflect.DelegatingMethodAccessorImpl.invoke(DelegatingMethodAccessorImpl.java:43)
at java.lang.reflect.Method.invoke(Method.java:498)
at org.testng.internal.MethodInvocationHelper.invokeMethod(MethodInvocationHelper.java:132)
at org.testng.internal.TestInvoker.invokeMethod(TestInvoker.java:599)
at org.testng.internal.TestInvoker.invokeTestMethod(TestInvoker.java:174)
at org.testng.internal.TestMethodWithDataProviderMethodWorker.call(TestMethodWithDataProviderMethodWorker.java:77)
at org.testng.internal.TestMethodWithDataProviderMethodWorker.call(TestMethodWithDataProviderMethodWorker.java:15)
at java.util.concurrent.FutureTask.run(FutureTask.java:266)
at java.util.concurrent.Executors$RunnableAdapter.call(Executors.java:511)
at java.util.concurrent.FutureTask.run(FutureTask.java:266)
at java.util.concurrent.ThreadPoolExecutor.runWorker(ThreadPoolExecutor.java:1149)
at java.util.concurrent.ThreadPoolExecutor$Worker.run(ThreadPoolExecutor.java:624)
at java.lang.Thread.run(Thread.java:748)
]]>
    </failure>
  </testcase> <!-- validateDeleteCustomerAPI -->
  <system-out/>
  <testcase name="validateDeleteCustomerAPI" time="1.391" classname="com.learning.testcases.DeleteCustomerTest">
    <failure type="java.lang.AssertionError" message="Response doesn&#039;t have ID as a field expected [true] but found [false]">
      <![CDATA[java.lang.AssertionError: Response doesn't have ID as a field expected [true] but found [false]
at org.testng.Assert.fail(Assert.java:99)
at org.testng.Assert.failNotEquals(Assert.java:1037)
at org.testng.Assert.assertTrue(Assert.java:45)
at com.learning.testcases.DeleteCustomerTest.doValidationUsingJSONObject(DeleteCustomerTest.java:51)
at com.learning.testcases.DeleteCustomerTest.validateDeleteCustomerAPI(DeleteCustomerTest.java:37)
at sun.reflect.GeneratedMethodAccessor250.invoke(Unknown Source)
at sun.reflect.DelegatingMethodAccessorImpl.invoke(DelegatingMethodAccessorImpl.java:43)
at java.lang.reflect.Method.invoke(Method.java:498)
at org.testng.internal.MethodInvocationHelper.invokeMethod(MethodInvocationHelper.java:132)
at org.testng.internal.TestInvoker.invokeMethod(TestInvoker.java:599)
at org.testng.internal.TestInvoker.invokeTestMethod(TestInvoker.java:174)
at org.testng.internal.TestMethodWithDataProviderMethodWorker.call(TestMethodWithDataProviderMethodWorker.java:77)
at org.testng.internal.TestMethodWithDataProviderMethodWorker.call(TestMethodWithDataProviderMethodWorker.java:15)
at java.util.concurrent.FutureTask.run(FutureTask.java:266)
at java.util.concurrent.Executors$RunnableAdapter.call(Executors.java:511)
at java.util.concurrent.FutureTask.run(FutureTask.java:266)
at java.util.concurrent.ThreadPoolExecutor.runWorker(ThreadPoolExecutor.java:1149)
at java.util.concurrent.ThreadPoolExecutor$Worker.run(ThreadPoolExecutor.java:624)
at java.lang.Thread.run(Thread.java:748)
]]>
    </failure>
  </testcase> <!-- validateDeleteCustomerAPI -->
  <system-out/>
  <testcase name="validateDeleteCustomerAPI" time="1.448" classname="com.learning.testcases.DeleteCustomerTest"/>
  <system-out/>
  <testcase name="validateDeleteCustomerAPI" time="1.485" classname="com.learning.testcases.DeleteCustomerTest">
    <failure type="java.lang.AssertionError" message="Response doesn&#039;t have ID as a field expected [true] but found [false]">
      <![CDATA[java.lang.AssertionError: Response doesn't have ID as a field expected [true] but found [false]
at org.testng.Assert.fail(Assert.java:99)
at org.testng.Assert.failNotEquals(Assert.java:1037)
at org.testng.Assert.assertTrue(Assert.java:45)
at com.learning.testcases.DeleteCustomerTest.doValidationUsingJSONObject(DeleteCustomerTest.java:51)
at com.learning.testcases.DeleteCustomerTest.validateDeleteCustomerAPI(DeleteCustomerTest.java:37)
at sun.reflect.GeneratedMethodAccessor250.invoke(Unknown Source)
at sun.reflect.DelegatingMethodAccessorImpl.invoke(DelegatingMethodAccessorImpl.java:43)
at java.lang.reflect.Method.invoke(Method.java:498)
at org.testng.internal.MethodInvocationHelper.invokeMethod(MethodInvocationHelper.java:132)
at org.testng.internal.TestInvoker.invokeMethod(TestInvoker.java:599)
at org.testng.internal.TestInvoker.invokeTestMethod(TestInvoker.java:174)
at org.testng.internal.TestMethodWithDataProviderMethodWorker.call(TestMethodWithDataProviderMethodWorker.java:77)
at org.testng.internal.TestMethodWithDataProviderMethodWorker.call(TestMethodWithDataProviderMethodWorker.java:15)
at java.util.concurrent.FutureTask.run(FutureTask.java:266)
at java.util.concurrent.Executors$RunnableAdapter.call(Executors.java:511)
at java.util.concurrent.FutureTask.run(FutureTask.java:266)
at java.util.concurrent.ThreadPoolExecutor.runWorker(ThreadPoolExecutor.java:1149)
at java.util.concurrent.ThreadPoolExecutor$Worker.run(ThreadPoolExecutor.java:624)
at java.lang.Thread.run(Thread.java:748)
]]>
    </failure>
  </testcase> <!-- validateDeleteCustomerAPI -->
  <system-out/>
  <testcase name="validateDeleteCustomerAPI" time="1.374" classname="com.learning.testcases.DeleteCustomerTest">
    <failure type="java.lang.AssertionError" message="Response doesn&#039;t have ID as a field expected [true] but found [false]">
      <![CDATA[java.lang.AssertionError: Response doesn't have ID as a field expected [true] but found [false]
at org.testng.Assert.fail(Assert.java:99)
at org.testng.Assert.failNotEquals(Assert.java:1037)
at org.testng.Assert.assertTrue(Assert.java:45)
at com.learning.testcases.DeleteCustomerTest.doValidationUsingJSONObject(DeleteCustomerTest.java:51)
at com.learning.testcases.DeleteCustomerTest.validateDeleteCustomerAPI(DeleteCustomerTest.java:37)
at sun.reflect.GeneratedMethodAccessor250.invoke(Unknown Source)
at sun.reflect.DelegatingMethodAccessorImpl.invoke(DelegatingMethodAccessorImpl.java:43)
at java.lang.reflect.Method.invoke(Method.java:498)
at org.testng.internal.MethodInvocationHelper.invokeMethod(MethodInvocationHelper.java:132)
at org.testng.internal.TestInvoker.invokeMethod(TestInvoker.java:599)
at org.testng.internal.TestInvoker.invokeTestMethod(TestInvoker.java:174)
at org.testng.internal.TestMethodWithDataProviderMethodWorker.call(TestMethodWithDataProviderMethodWorker.java:77)
at org.testng.internal.TestMethodWithDataProviderMethodWorker.call(TestMethodWithDataProviderMethodWorker.java:15)
at java.util.concurrent.FutureTask.run(FutureTask.java:266)
at java.util.concurrent.Executors$RunnableAdapter.call(Executors.java:511)
at java.util.concurrent.FutureTask.run(FutureTask.java:266)
at java.util.concurrent.ThreadPoolExecutor.runWorker(ThreadPoolExecutor.java:1149)
at java.util.concurrent.ThreadPoolExecutor$Worker.run(ThreadPoolExecutor.java:624)
at java.lang.Thread.run(Thread.java:748)
]]>
    </failure>
  </testcase> <!-- validateDeleteCustomerAPI -->
  <system-out/>
  <testcase name="validateDeleteCustomerAPI" time="1.365" classname="com.learning.testcases.DeleteCustomerTest">
    <failure type="java.lang.AssertionError" message="Response doesn&#039;t have ID as a field expected [true] but found [false]">
      <![CDATA[java.lang.AssertionError: Response doesn't have ID as a field expected [true] but found [false]
at org.testng.Assert.fail(Assert.java:99)
at org.testng.Assert.failNotEquals(Assert.java:1037)
at org.testng.Assert.assertTrue(Assert.java:45)
at com.learning.testcases.DeleteCustomerTest.doValidationUsingJSONObject(DeleteCustomerTest.java:51)
at com.learning.testcases.DeleteCustomerTest.validateDeleteCustomerAPI(DeleteCustomerTest.java:37)
at sun.reflect.GeneratedMethodAccessor250.invoke(Unknown Source)
at sun.reflect.DelegatingMethodAccessorImpl.invoke(DelegatingMethodAccessorImpl.java:43)
at java.lang.reflect.Method.invoke(Method.java:498)
at org.testng.internal.MethodInvocationHelper.invokeMethod(MethodInvocationHelper.java:132)
at org.testng.internal.TestInvoker.invokeMethod(TestInvoker.java:599)
at org.testng.internal.TestInvoker.invokeTestMethod(TestInvoker.java:174)
at org.testng.internal.TestMethodWithDataProviderMethodWorker.call(TestMethodWithDataProviderMethodWorker.java:77)
at org.testng.internal.TestMethodWithDataProviderMethodWorker.call(TestMethodWithDataProviderMethodWorker.java:15)
at java.util.concurrent.FutureTask.run(FutureTask.java:266)
at java.util.concurrent.Executors$RunnableAdapter.call(Executors.java:511)
at java.util.concurrent.FutureTask.run(FutureTask.java:266)
at java.util.concurrent.ThreadPoolExecutor.runWorker(ThreadPoolExecutor.java:1149)
at java.util.concurrent.ThreadPoolExecutor$Worker.run(ThreadPoolExecutor.java:624)
at java.lang.Thread.run(Thread.java:748)
]]>
    </failure>
  </testcase> <!-- validateDeleteCustomerAPI -->
  <system-out/>
  <testcase name="validateDeleteCustomerAPI" time="1.627" classname="com.learning.testcases.DeleteCustomerTest"/>
  <system-out/>
  <testcase name="validateDeleteCustomerAPI" time="1.487" classname="com.learning.testcases.DeleteCustomerTest">
    <failure type="java.lang.AssertionError" message="Response doesn&#039;t have ID as a field expected [true] but found [false]">
      <![CDATA[java.lang.AssertionError: Response doesn't have ID as a field expected [true] but found [false]
at org.testng.Assert.fail(Assert.java:99)
at org.testng.Assert.failNotEquals(Assert.java:1037)
at org.testng.Assert.assertTrue(Assert.java:45)
at com.learning.testcases.DeleteCustomerTest.doValidationUsingJSONObject(DeleteCustomerTest.java:51)
at com.learning.testcases.DeleteCustomerTest.validateDeleteCustomerAPI(DeleteCustomerTest.java:37)
at sun.reflect.GeneratedMethodAccessor250.invoke(Unknown Source)
at sun.reflect.DelegatingMethodAccessorImpl.invoke(DelegatingMethodAccessorImpl.java:43)
at java.lang.reflect.Method.invoke(Method.java:498)
at org.testng.internal.MethodInvocationHelper.invokeMethod(MethodInvocationHelper.java:132)
at org.testng.internal.TestInvoker.invokeMethod(TestInvoker.java:599)
at org.testng.internal.TestInvoker.invokeTestMethod(TestInvoker.java:174)
at org.testng.internal.TestMethodWithDataProviderMethodWorker.call(TestMethodWithDataProviderMethodWorker.java:77)
at org.testng.internal.TestMethodWithDataProviderMethodWorker.call(TestMethodWithDataProviderMethodWorker.java:15)
at java.util.concurrent.FutureTask.run(FutureTask.java:266)
at java.util.concurrent.Executors$RunnableAdapter.call(Executors.java:511)
at java.util.concurrent.FutureTask.run(FutureTask.java:266)
at java.util.concurrent.ThreadPoolExecutor.runWorker(ThreadPoolExecutor.java:1149)
at java.util.concurrent.ThreadPoolExecutor$Worker.run(ThreadPoolExecutor.java:624)
at java.lang.Thread.run(Thread.java:748)
]]>
    </failure>
  </testcase> <!-- validateDeleteCustomerAPI -->
  <system-out/>
  <testcase name="validateDeleteCustomerAPI" time="1.424" classname="com.learning.testcases.DeleteCustomerTest">
    <failure type="java.lang.AssertionError" message="Response doesn&#039;t have ID as a field expected [true] but found [false]">
      <![CDATA[java.lang.AssertionError: Response doesn't have ID as a field expected [true] but found [false]
at org.testng.Assert.fail(Assert.java:99)
at org.testng.Assert.failNotEquals(Assert.java:1037)
at org.testng.Assert.assertTrue(Assert.java:45)
at com.learning.testcases.DeleteCustomerTest.doValidationUsingJSONObject(DeleteCustomerTest.java:51)
at com.learning.testcases.DeleteCustomerTest.validateDeleteCustomerAPI(DeleteCustomerTest.java:37)
at sun.reflect.GeneratedMethodAccessor250.invoke(Unknown Source)
at sun.reflect.DelegatingMethodAccessorImpl.invoke(DelegatingMethodAccessorImpl.java:43)
at java.lang.reflect.Method.invoke(Method.java:498)
at org.testng.internal.MethodInvocationHelper.invokeMethod(MethodInvocationHelper.java:132)
at org.testng.internal.TestInvoker.invokeMethod(TestInvoker.java:599)
at org.testng.internal.TestInvoker.invokeTestMethod(TestInvoker.java:174)
at org.testng.internal.TestMethodWithDataProviderMethodWorker.call(TestMethodWithDataProviderMethodWorker.java:77)
at org.testng.internal.TestMethodWithDataProviderMethodWorker.call(TestMethodWithDataProviderMethodWorker.java:15)
at java.util.concurrent.FutureTask.run(FutureTask.java:266)
at java.util.concurrent.Executors$RunnableAdapter.call(Executors.java:511)
at java.util.concurrent.FutureTask.run(FutureTask.java:266)
at java.util.concurrent.ThreadPoolExecutor.runWorker(ThreadPoolExecutor.java:1149)
at java.util.concurrent.ThreadPoolExecutor$Worker.run(ThreadPoolExecutor.java:624)
at java.lang.Thread.run(Thread.java:748)
]]>
    </failure>
  </testcase> <!-- validateDeleteCustomerAPI -->
  <system-out/>
  <testcase name="validateDeleteCustomerAPI" time="1.380" classname="com.learning.testcases.DeleteCustomerTest">
    <failure type="java.lang.AssertionError" message="Response doesn&#039;t have ID as a field expected [true] but found [false]">
      <![CDATA[java.lang.AssertionError: Response doesn't have ID as a field expected [true] but found [false]
at org.testng.Assert.fail(Assert.java:99)
at org.testng.Assert.failNotEquals(Assert.java:1037)
at org.testng.Assert.assertTrue(Assert.java:45)
at com.learning.testcases.DeleteCustomerTest.doValidationUsingJSONObject(DeleteCustomerTest.java:51)
at com.learning.testcases.DeleteCustomerTest.validateDeleteCustomerAPI(DeleteCustomerTest.java:37)
at sun.reflect.GeneratedMethodAccessor250.invoke(Unknown Source)
at sun.reflect.DelegatingMethodAccessorImpl.invoke(DelegatingMethodAccessorImpl.java:43)
at java.lang.reflect.Method.invoke(Method.java:498)
at org.testng.internal.MethodInvocationHelper.invokeMethod(MethodInvocationHelper.java:132)
at org.testng.internal.TestInvoker.invokeMethod(TestInvoker.java:599)
at org.testng.internal.TestInvoker.invokeTestMethod(TestInvoker.java:174)
at org.testng.internal.TestMethodWithDataProviderMethodWorker.call(TestMethodWithDataProviderMethodWorker.java:77)
at org.testng.internal.TestMethodWithDataProviderMethodWorker.call(TestMethodWithDataProviderMethodWorker.java:15)
at java.util.concurrent.FutureTask.run(FutureTask.java:266)
at java.util.concurrent.Executors$RunnableAdapter.call(Executors.java:511)
at java.util.concurrent.FutureTask.run(FutureTask.java:266)
at java.util.concurrent.ThreadPoolExecutor.runWorker(ThreadPoolExecutor.java:1149)
at java.util.concurrent.ThreadPoolExecutor$Worker.run(ThreadPoolExecutor.java:624)
at java.lang.Thread.run(Thread.java:748)
]]>
    </failure>
  </testcase> <!-- validateDeleteCustomerAPI -->
  <system-out/>
  <testcase name="validateDeleteCustomerAPI" time="1.362" classname="com.learning.testcases.DeleteCustomerTest">
    <failure type="java.lang.AssertionError" message="Response doesn&#039;t have ID as a field expected [true] but found [false]">
      <![CDATA[java.lang.AssertionError: Response doesn't have ID as a field expected [true] but found [false]
at org.testng.Assert.fail(Assert.java:99)
at org.testng.Assert.failNotEquals(Assert.java:1037)
at org.testng.Assert.assertTrue(Assert.java:45)
at com.learning.testcases.DeleteCustomerTest.doValidationUsingJSONObject(DeleteCustomerTest.java:51)
at com.learning.testcases.DeleteCustomerTest.validateDeleteCustomerAPI(DeleteCustomerTest.java:37)
at sun.reflect.GeneratedMethodAccessor250.invoke(Unknown Source)
at sun.reflect.DelegatingMethodAccessorImpl.invoke(DelegatingMethodAccessorImpl.java:43)
at java.lang.reflect.Method.invoke(Method.java:498)
at org.testng.internal.MethodInvocationHelper.invokeMethod(MethodInvocationHelper.java:132)
at org.testng.internal.TestInvoker.invokeMethod(TestInvoker.java:599)
at org.testng.internal.TestInvoker.invokeTestMethod(TestInvoker.java:174)
at org.testng.internal.TestMethodWithDataProviderMethodWorker.call(TestMethodWithDataProviderMethodWorker.java:77)
at org.testng.internal.TestMethodWithDataProviderMethodWorker.call(TestMethodWithDataProviderMethodWorker.java:15)
at java.util.concurrent.FutureTask.run(FutureTask.java:266)
at java.util.concurrent.Executors$RunnableAdapter.call(Executors.java:511)
at java.util.concurrent.FutureTask.run(FutureTask.java:266)
at java.util.concurrent.ThreadPoolExecutor.runWorker(ThreadPoolExecutor.java:1149)
at java.util.concurrent.ThreadPoolExecutor$Worker.run(ThreadPoolExecutor.java:624)
at java.lang.Thread.run(Thread.java:748)
]]>
    </failure>
  </testcase> <!-- validateDeleteCustomerAPI -->
  <system-out/>
  <testcase name="validateDeleteCustomerAPI" time="1.422" classname="com.learning.testcases.DeleteCustomerTest">
    <failure type="java.lang.AssertionError" message="Response doesn&#039;t have ID as a field expected [true] but found [false]">
      <![CDATA[java.lang.AssertionError: Response doesn't have ID as a field expected [true] but found [false]
at org.testng.Assert.fail(Assert.java:99)
at org.testng.Assert.failNotEquals(Assert.java:1037)
at org.testng.Assert.assertTrue(Assert.java:45)
at com.learning.testcases.DeleteCustomerTest.doValidationUsingJSONObject(DeleteCustomerTest.java:51)
at com.learning.testcases.DeleteCustomerTest.validateDeleteCustomerAPI(DeleteCustomerTest.java:37)
at sun.reflect.GeneratedMethodAccessor250.invoke(Unknown Source)
at sun.reflect.DelegatingMethodAccessorImpl.invoke(DelegatingMethodAccessorImpl.java:43)
at java.lang.reflect.Method.invoke(Method.java:498)
at org.testng.internal.MethodInvocationHelper.invokeMethod(MethodInvocationHelper.java:132)
at org.testng.internal.TestInvoker.invokeMethod(TestInvoker.java:599)
at org.testng.internal.TestInvoker.invokeTestMethod(TestInvoker.java:174)
at org.testng.internal.TestMethodWithDataProviderMethodWorker.call(TestMethodWithDataProviderMethodWorker.java:77)
at org.testng.internal.TestMethodWithDataProviderMethodWorker.call(TestMethodWithDataProviderMethodWorker.java:15)
at java.util.concurrent.FutureTask.run(FutureTask.java:266)
at java.util.concurrent.Executors$RunnableAdapter.call(Executors.java:511)
at java.util.concurrent.FutureTask.run(FutureTask.java:266)
at java.util.concurrent.ThreadPoolExecutor.runWorker(ThreadPoolExecutor.java:1149)
at java.util.concurrent.ThreadPoolExecutor$Worker.run(ThreadPoolExecutor.java:624)
at java.lang.Thread.run(Thread.java:748)
]]>
    </failure>
  </testcase> <!-- validateDeleteCustomerAPI -->
  <system-out/>
  <testcase name="validateDeleteCustomerAPI" time="1.605" classname="com.learning.testcases.DeleteCustomerTest">
    <failure type="java.lang.AssertionError" message="Response doesn&#039;t have ID as a field expected [true] but found [false]">
      <![CDATA[java.lang.AssertionError: Response doesn't have ID as a field expected [true] but found [false]
at org.testng.Assert.fail(Assert.java:99)
at org.testng.Assert.failNotEquals(Assert.java:1037)
at org.testng.Assert.assertTrue(Assert.java:45)
at com.learning.testcases.DeleteCustomerTest.doValidationUsingJSONObject(DeleteCustomerTest.java:51)
at com.learning.testcases.DeleteCustomerTest.validateDeleteCustomerAPI(DeleteCustomerTest.java:37)
at sun.reflect.GeneratedMethodAccessor250.invoke(Unknown Source)
at sun.reflect.DelegatingMethodAccessorImpl.invoke(DelegatingMethodAccessorImpl.java:43)
at java.lang.reflect.Method.invoke(Method.java:498)
at org.testng.internal.MethodInvocationHelper.invokeMethod(MethodInvocationHelper.java:132)
at org.testng.internal.TestInvoker.invokeMethod(TestInvoker.java:599)
at org.testng.internal.TestInvoker.invokeTestMethod(TestInvoker.java:174)
at org.testng.internal.TestMethodWithDataProviderMethodWorker.call(TestMethodWithDataProviderMethodWorker.java:77)
at org.testng.internal.TestMethodWithDataProviderMethodWorker.call(TestMethodWithDataProviderMethodWorker.java:15)
at java.util.concurrent.FutureTask.run(FutureTask.java:266)
at java.util.concurrent.Executors$RunnableAdapter.call(Executors.java:511)
at java.util.concurrent.FutureTask.run(FutureTask.java:266)
at java.util.concurrent.ThreadPoolExecutor.runWorker(ThreadPoolExecutor.java:1149)
at java.util.concurrent.ThreadPoolExecutor$Worker.run(ThreadPoolExecutor.java:624)
at java.lang.Thread.run(Thread.java:748)
]]>
    </failure>
  </testcase> <!-- validateDeleteCustomerAPI -->
  <system-out/>
  <testcase name="validateDeleteCustomerAPI" time="1.408" classname="com.learning.testcases.DeleteCustomerTest">
    <failure type="java.lang.AssertionError" message="Response doesn&#039;t have ID as a field expected [true] but found [false]">
      <![CDATA[java.lang.AssertionError: Response doesn't have ID as a field expected [true] but found [false]
at org.testng.Assert.fail(Assert.java:99)
at org.testng.Assert.failNotEquals(Assert.java:1037)
at org.testng.Assert.assertTrue(Assert.java:45)
at com.learning.testcases.DeleteCustomerTest.doValidationUsingJSONObject(DeleteCustomerTest.java:51)
at com.learning.testcases.DeleteCustomerTest.validateDeleteCustomerAPI(DeleteCustomerTest.java:37)
at sun.reflect.GeneratedMethodAccessor250.invoke(Unknown Source)
at sun.reflect.DelegatingMethodAccessorImpl.invoke(DelegatingMethodAccessorImpl.java:43)
at java.lang.reflect.Method.invoke(Method.java:498)
at org.testng.internal.MethodInvocationHelper.invokeMethod(MethodInvocationHelper.java:132)
at org.testng.internal.TestInvoker.invokeMethod(TestInvoker.java:599)
at org.testng.internal.TestInvoker.invokeTestMethod(TestInvoker.java:174)
at org.testng.internal.TestMethodWithDataProviderMethodWorker.call(TestMethodWithDataProviderMethodWorker.java:77)
at org.testng.internal.TestMethodWithDataProviderMethodWorker.call(TestMethodWithDataProviderMethodWorker.java:15)
at java.util.concurrent.FutureTask.run(FutureTask.java:266)
at java.util.concurrent.Executors$RunnableAdapter.call(Executors.java:511)
at java.util.concurrent.FutureTask.run(FutureTask.java:266)
at java.util.concurrent.ThreadPoolExecutor.runWorker(ThreadPoolExecutor.java:1149)
at java.util.concurrent.ThreadPoolExecutor$Worker.run(ThreadPoolExecutor.java:624)
at java.lang.Thread.run(Thread.java:748)
]]>
    </failure>
  </testcase> <!-- validateDeleteCustomerAPI -->
  <system-out/>
  <testcase name="validateDeleteCustomerAPI" time="1.457" classname="com.learning.testcases.DeleteCustomerTest">
    <failure type="java.lang.AssertionError" message="Response doesn&#039;t have ID as a field expected [true] but found [false]">
      <![CDATA[java.lang.AssertionError: Response doesn't have ID as a field expected [true] but found [false]
at org.testng.Assert.fail(Assert.java:99)
at org.testng.Assert.failNotEquals(Assert.java:1037)
at org.testng.Assert.assertTrue(Assert.java:45)
at com.learning.testcases.DeleteCustomerTest.doValidationUsingJSONObject(DeleteCustomerTest.java:51)
at com.learning.testcases.DeleteCustomerTest.validateDeleteCustomerAPI(DeleteCustomerTest.java:37)
at sun.reflect.GeneratedMethodAccessor250.invoke(Unknown Source)
at sun.reflect.DelegatingMethodAccessorImpl.invoke(DelegatingMethodAccessorImpl.java:43)
at java.lang.reflect.Method.invoke(Method.java:498)
at org.testng.internal.MethodInvocationHelper.invokeMethod(MethodInvocationHelper.java:132)
at org.testng.internal.TestInvoker.invokeMethod(TestInvoker.java:599)
at org.testng.internal.TestInvoker.invokeTestMethod(TestInvoker.java:174)
at org.testng.internal.TestMethodWithDataProviderMethodWorker.call(TestMethodWithDataProviderMethodWorker.java:77)
at org.testng.internal.TestMethodWithDataProviderMethodWorker.call(TestMethodWithDataProviderMethodWorker.java:15)
at java.util.concurrent.FutureTask.run(FutureTask.java:266)
at java.util.concurrent.Executors$RunnableAdapter.call(Executors.java:511)
at java.util.concurrent.FutureTask.run(FutureTask.java:266)
at java.util.concurrent.ThreadPoolExecutor.runWorker(ThreadPoolExecutor.java:1149)
at java.util.concurrent.ThreadPoolExecutor$Worker.run(ThreadPoolExecutor.java:624)
at java.lang.Thread.run(Thread.java:748)
]]>
    </failure>
  </testcase> <!-- validateDeleteCustomerAPI -->
  <system-out/>
  <testcase name="validateDeleteCustomerAPI" time="1.355" classname="com.learning.testcases.DeleteCustomerTest">
    <failure type="java.lang.AssertionError" message="Response doesn&#039;t have ID as a field expected [true] but found [false]">
      <![CDATA[java.lang.AssertionError: Response doesn't have ID as a field expected [true] but found [false]
at org.testng.Assert.fail(Assert.java:99)
at org.testng.Assert.failNotEquals(Assert.java:1037)
at org.testng.Assert.assertTrue(Assert.java:45)
at com.learning.testcases.DeleteCustomerTest.doValidationUsingJSONObject(DeleteCustomerTest.java:51)
at com.learning.testcases.DeleteCustomerTest.validateDeleteCustomerAPI(DeleteCustomerTest.java:37)
at sun.reflect.GeneratedMethodAccessor250.invoke(Unknown Source)
at sun.reflect.DelegatingMethodAccessorImpl.invoke(DelegatingMethodAccessorImpl.java:43)
at java.lang.reflect.Method.invoke(Method.java:498)
at org.testng.internal.MethodInvocationHelper.invokeMethod(MethodInvocationHelper.java:132)
at org.testng.internal.TestInvoker.invokeMethod(TestInvoker.java:599)
at org.testng.internal.TestInvoker.invokeTestMethod(TestInvoker.java:174)
at org.testng.internal.TestMethodWithDataProviderMethodWorker.call(TestMethodWithDataProviderMethodWorker.java:77)
at org.testng.internal.TestMethodWithDataProviderMethodWorker.call(TestMethodWithDataProviderMethodWorker.java:15)
at java.util.concurrent.FutureTask.run(FutureTask.java:266)
at java.util.concurrent.Executors$RunnableAdapter.call(Executors.java:511)
at java.util.concurrent.FutureTask.run(FutureTask.java:266)
at java.util.concurrent.ThreadPoolExecutor.runWorker(ThreadPoolExecutor.java:1149)
at java.util.concurrent.ThreadPoolExecutor$Worker.run(ThreadPoolExecutor.java:624)
at java.lang.Thread.run(Thread.java:748)
]]>
    </failure>
  </testcase> <!-- validateDeleteCustomerAPI -->
  <system-out/>
  <testcase name="validateDeleteCustomerAPI" time="1.367" classname="com.learning.testcases.DeleteCustomerTest">
    <failure type="java.lang.AssertionError" message="Response doesn&#039;t have ID as a field expected [true] but found [false]">
      <![CDATA[java.lang.AssertionError: Response doesn't have ID as a field expected [true] but found [false]
at org.testng.Assert.fail(Assert.java:99)
at org.testng.Assert.failNotEquals(Assert.java:1037)
at org.testng.Assert.assertTrue(Assert.java:45)
at com.learning.testcases.DeleteCustomerTest.doValidationUsingJSONObject(DeleteCustomerTest.java:51)
at com.learning.testcases.DeleteCustomerTest.validateDeleteCustomerAPI(DeleteCustomerTest.java:37)
at sun.reflect.GeneratedMethodAccessor250.invoke(Unknown Source)
at sun.reflect.DelegatingMethodAccessorImpl.invoke(DelegatingMethodAccessorImpl.java:43)
at java.lang.reflect.Method.invoke(Method.java:498)
at org.testng.internal.MethodInvocationHelper.invokeMethod(MethodInvocationHelper.java:132)
at org.testng.internal.TestInvoker.invokeMethod(TestInvoker.java:599)
at org.testng.internal.TestInvoker.invokeTestMethod(TestInvoker.java:174)
at org.testng.internal.TestMethodWithDataProviderMethodWorker.call(TestMethodWithDataProviderMethodWorker.java:77)
at org.testng.internal.TestMethodWithDataProviderMethodWorker.call(TestMethodWithDataProviderMethodWorker.java:15)
at java.util.concurrent.FutureTask.run(FutureTask.java:266)
at java.util.concurrent.Executors$RunnableAdapter.call(Executors.java:511)
at java.util.concurrent.FutureTask.run(FutureTask.java:266)
at java.util.concurrent.ThreadPoolExecutor.runWorker(ThreadPoolExecutor.java:1149)
at java.util.concurrent.ThreadPoolExecutor$Worker.run(ThreadPoolExecutor.java:624)
at java.lang.Thread.run(Thread.java:748)
]]>
    </failure>
  </testcase> <!-- validateDeleteCustomerAPI -->
  <system-out/>
  <testcase name="validateDeleteCustomerAPI" time="1.368" classname="com.learning.testcases.DeleteCustomerTest">
    <failure type="java.lang.AssertionError" message="Response doesn&#039;t have ID as a field expected [true] but found [false]">
      <![CDATA[java.lang.AssertionError: Response doesn't have ID as a field expected [true] but found [false]
at org.testng.Assert.fail(Assert.java:99)
at org.testng.Assert.failNotEquals(Assert.java:1037)
at org.testng.Assert.assertTrue(Assert.java:45)
at com.learning.testcases.DeleteCustomerTest.doValidationUsingJSONObject(DeleteCustomerTest.java:51)
at com.learning.testcases.DeleteCustomerTest.validateDeleteCustomerAPI(DeleteCustomerTest.java:37)
at sun.reflect.GeneratedMethodAccessor250.invoke(Unknown Source)
at sun.reflect.DelegatingMethodAccessorImpl.invoke(DelegatingMethodAccessorImpl.java:43)
at java.lang.reflect.Method.invoke(Method.java:498)
at org.testng.internal.MethodInvocationHelper.invokeMethod(MethodInvocationHelper.java:132)
at org.testng.internal.TestInvoker.invokeMethod(TestInvoker.java:599)
at org.testng.internal.TestInvoker.invokeTestMethod(TestInvoker.java:174)
at org.testng.internal.TestMethodWithDataProviderMethodWorker.call(TestMethodWithDataProviderMethodWorker.java:77)
at org.testng.internal.TestMethodWithDataProviderMethodWorker.call(TestMethodWithDataProviderMethodWorker.java:15)
at java.util.concurrent.FutureTask.run(FutureTask.java:266)
at java.util.concurrent.Executors$RunnableAdapter.call(Executors.java:511)
at java.util.concurrent.FutureTask.run(FutureTask.java:266)
at java.util.concurrent.ThreadPoolExecutor.runWorker(ThreadPoolExecutor.java:1149)
at java.util.concurrent.ThreadPoolExecutor$Worker.run(ThreadPoolExecutor.java:624)
at java.lang.Thread.run(Thread.java:748)
]]>
    </failure>
  </testcase> <!-- validateDeleteCustomerAPI -->
  <system-out/>
  <testcase name="validateDeleteCustomerAPI" time="1.401" classname="com.learning.testcases.DeleteCustomerTest">
    <failure type="java.lang.AssertionError" message="Response doesn&#039;t have ID as a field expected [true] but found [false]">
      <![CDATA[java.lang.AssertionError: Response doesn't have ID as a field expected [true] but found [false]
at org.testng.Assert.fail(Assert.java:99)
at org.testng.Assert.failNotEquals(Assert.java:1037)
at org.testng.Assert.assertTrue(Assert.java:45)
at com.learning.testcases.DeleteCustomerTest.doValidationUsingJSONObject(DeleteCustomerTest.java:51)
at com.learning.testcases.DeleteCustomerTest.validateDeleteCustomerAPI(DeleteCustomerTest.java:37)
at sun.reflect.GeneratedMethodAccessor250.invoke(Unknown Source)
at sun.reflect.DelegatingMethodAccessorImpl.invoke(DelegatingMethodAccessorImpl.java:43)
at java.lang.reflect.Method.invoke(Method.java:498)
at org.testng.internal.MethodInvocationHelper.invokeMethod(MethodInvocationHelper.java:132)
at org.testng.internal.TestInvoker.invokeMethod(TestInvoker.java:599)
at org.testng.internal.TestInvoker.invokeTestMethod(TestInvoker.java:174)
at org.testng.internal.TestMethodWithDataProviderMethodWorker.call(TestMethodWithDataProviderMethodWorker.java:77)
at org.testng.internal.TestMethodWithDataProviderMethodWorker.call(TestMethodWithDataProviderMethodWorker.java:15)
at java.util.concurrent.FutureTask.run(FutureTask.java:266)
at java.util.concurrent.Executors$RunnableAdapter.call(Executors.java:511)
at java.util.concurrent.FutureTask.run(FutureTask.java:266)
at java.util.concurrent.ThreadPoolExecutor.runWorker(ThreadPoolExecutor.java:1149)
at java.util.concurrent.ThreadPoolExecutor$Worker.run(ThreadPoolExecutor.java:624)
at java.lang.Thread.run(Thread.java:748)
]]>
    </failure>
  </testcase> <!-- validateDeleteCustomerAPI -->
  <system-out/>
  <testcase name="validateDeleteCustomerAPI" time="1.456" classname="com.learning.testcases.DeleteCustomerTest">
    <failure type="java.lang.AssertionError" message="Response doesn&#039;t have ID as a field expected [true] but found [false]">
      <![CDATA[java.lang.AssertionError: Response doesn't have ID as a field expected [true] but found [false]
at org.testng.Assert.fail(Assert.java:99)
at org.testng.Assert.failNotEquals(Assert.java:1037)
at org.testng.Assert.assertTrue(Assert.java:45)
at com.learning.testcases.DeleteCustomerTest.doValidationUsingJSONObject(DeleteCustomerTest.java:51)
at com.learning.testcases.DeleteCustomerTest.validateDeleteCustomerAPI(DeleteCustomerTest.java:37)
at sun.reflect.GeneratedMethodAccessor250.invoke(Unknown Source)
at sun.reflect.DelegatingMethodAccessorImpl.invoke(DelegatingMethodAccessorImpl.java:43)
at java.lang.reflect.Method.invoke(Method.java:498)
at org.testng.internal.MethodInvocationHelper.invokeMethod(MethodInvocationHelper.java:132)
at org.testng.internal.TestInvoker.invokeMethod(TestInvoker.java:599)
at org.testng.internal.TestInvoker.invokeTestMethod(TestInvoker.java:174)
at org.testng.internal.TestMethodWithDataProviderMethodWorker.call(TestMethodWithDataProviderMethodWorker.java:77)
at org.testng.internal.TestMethodWithDataProviderMethodWorker.call(TestMethodWithDataProviderMethodWorker.java:15)
at java.util.concurrent.FutureTask.run(FutureTask.java:266)
at java.util.concurrent.Executors$RunnableAdapter.call(Executors.java:511)
at java.util.concurrent.FutureTask.run(FutureTask.java:266)
at java.util.concurrent.ThreadPoolExecutor.runWorker(ThreadPoolExecutor.java:1149)
at java.util.concurrent.ThreadPoolExecutor$Worker.run(ThreadPoolExecutor.java:624)
at java.lang.Thread.run(Thread.java:748)
]]>
    </failure>
  </testcase> <!-- validateDeleteCustomerAPI -->
  <system-out/>
  <testcase name="validateDeleteCustomerAPI" time="1.403" classname="com.learning.testcases.DeleteCustomerTest">
    <failure type="java.lang.AssertionError" message="Response doesn&#039;t have ID as a field expected [true] but found [false]">
      <![CDATA[java.lang.AssertionError: Response doesn't have ID as a field expected [true] but found [false]
at org.testng.Assert.fail(Assert.java:99)
at org.testng.Assert.failNotEquals(Assert.java:1037)
at org.testng.Assert.assertTrue(Assert.java:45)
at com.learning.testcases.DeleteCustomerTest.doValidationUsingJSONObject(DeleteCustomerTest.java:51)
at com.learning.testcases.DeleteCustomerTest.validateDeleteCustomerAPI(DeleteCustomerTest.java:37)
at sun.reflect.GeneratedMethodAccessor250.invoke(Unknown Source)
at sun.reflect.DelegatingMethodAccessorImpl.invoke(DelegatingMethodAccessorImpl.java:43)
at java.lang.reflect.Method.invoke(Method.java:498)
at org.testng.internal.MethodInvocationHelper.invokeMethod(MethodInvocationHelper.java:132)
at org.testng.internal.TestInvoker.invokeMethod(TestInvoker.java:599)
at org.testng.internal.TestInvoker.invokeTestMethod(TestInvoker.java:174)
at org.testng.internal.TestMethodWithDataProviderMethodWorker.call(TestMethodWithDataProviderMethodWorker.java:77)
at org.testng.internal.TestMethodWithDataProviderMethodWorker.call(TestMethodWithDataProviderMethodWorker.java:15)
at java.util.concurrent.FutureTask.run(FutureTask.java:266)
at java.util.concurrent.Executors$RunnableAdapter.call(Executors.java:511)
at java.util.concurrent.FutureTask.run(FutureTask.java:266)
at java.util.concurrent.ThreadPoolExecutor.runWorker(ThreadPoolExecutor.java:1149)
at java.util.concurrent.ThreadPoolExecutor$Worker.run(ThreadPoolExecutor.java:624)
at java.lang.Thread.run(Thread.java:748)
]]>
    </failure>
  </testcase> <!-- validateDeleteCustomerAPI -->
  <system-out/>
  <testcase name="validateDeleteCustomerAPI" time="1.434" classname="com.learning.testcases.DeleteCustomerTest">
    <failure type="java.lang.AssertionError" message="Response doesn&#039;t have ID as a field expected [true] but found [false]">
      <![CDATA[java.lang.AssertionError: Response doesn't have ID as a field expected [true] but found [false]
at org.testng.Assert.fail(Assert.java:99)
at org.testng.Assert.failNotEquals(Assert.java:1037)
at org.testng.Assert.assertTrue(Assert.java:45)
at com.learning.testcases.DeleteCustomerTest.doValidationUsingJSONObject(DeleteCustomerTest.java:51)
at com.learning.testcases.DeleteCustomerTest.validateDeleteCustomerAPI(DeleteCustomerTest.java:37)
at sun.reflect.GeneratedMethodAccessor250.invoke(Unknown Source)
at sun.reflect.DelegatingMethodAccessorImpl.invoke(DelegatingMethodAccessorImpl.java:43)
at java.lang.reflect.Method.invoke(Method.java:498)
at org.testng.internal.MethodInvocationHelper.invokeMethod(MethodInvocationHelper.java:132)
at org.testng.internal.TestInvoker.invokeMethod(TestInvoker.java:599)
at org.testng.internal.TestInvoker.invokeTestMethod(TestInvoker.java:174)
at org.testng.internal.TestMethodWithDataProviderMethodWorker.call(TestMethodWithDataProviderMethodWorker.java:77)
at org.testng.internal.TestMethodWithDataProviderMethodWorker.call(TestMethodWithDataProviderMethodWorker.java:15)
at java.util.concurrent.FutureTask.run(FutureTask.java:266)
at java.util.concurrent.Executors$RunnableAdapter.call(Executors.java:511)
at java.util.concurrent.FutureTask.run(FutureTask.java:266)
at java.util.concurrent.ThreadPoolExecutor.runWorker(ThreadPoolExecutor.java:1149)
at java.util.concurrent.ThreadPoolExecutor$Worker.run(ThreadPoolExecutor.java:624)
at java.lang.Thread.run(Thread.java:748)
]]>
    </failure>
  </testcase> <!-- validateDeleteCustomerAPI -->
  <system-out/>
  <testcase name="validateDeleteCustomerAPI" time="1.386" classname="com.learning.testcases.DeleteCustomerTest">
    <failure type="java.lang.AssertionError" message="Response doesn&#039;t have ID as a field expected [true] but found [false]">
      <![CDATA[java.lang.AssertionError: Response doesn't have ID as a field expected [true] but found [false]
at org.testng.Assert.fail(Assert.java:99)
at org.testng.Assert.failNotEquals(Assert.java:1037)
at org.testng.Assert.assertTrue(Assert.java:45)
at com.learning.testcases.DeleteCustomerTest.doValidationUsingJSONObject(DeleteCustomerTest.java:51)
at com.learning.testcases.DeleteCustomerTest.validateDeleteCustomerAPI(DeleteCustomerTest.java:37)
at sun.reflect.GeneratedMethodAccessor250.invoke(Unknown Source)
at sun.reflect.DelegatingMethodAccessorImpl.invoke(DelegatingMethodAccessorImpl.java:43)
at java.lang.reflect.Method.invoke(Method.java:498)
at org.testng.internal.MethodInvocationHelper.invokeMethod(MethodInvocationHelper.java:132)
at org.testng.internal.TestInvoker.invokeMethod(TestInvoker.java:599)
at org.testng.internal.TestInvoker.invokeTestMethod(TestInvoker.java:174)
at org.testng.internal.TestMethodWithDataProviderMethodWorker.call(TestMethodWithDataProviderMethodWorker.java:77)
at org.testng.internal.TestMethodWithDataProviderMethodWorker.call(TestMethodWithDataProviderMethodWorker.java:15)
at java.util.concurrent.FutureTask.run(FutureTask.java:266)
at java.util.concurrent.Executors$RunnableAdapter.call(Executors.java:511)
at java.util.concurrent.FutureTask.run(FutureTask.java:266)
at java.util.concurrent.ThreadPoolExecutor.runWorker(ThreadPoolExecutor.java:1149)
at java.util.concurrent.ThreadPoolExecutor$Worker.run(ThreadPoolExecutor.java:624)
at java.lang.Thread.run(Thread.java:748)
]]>
    </failure>
  </testcase> <!-- validateDeleteCustomerAPI -->
  <system-out/>
  <testcase name="validateDeleteCustomerAPI" time="1.367" classname="com.learning.testcases.DeleteCustomerTest">
    <failure type="java.lang.AssertionError" message="Response doesn&#039;t have ID as a field expected [true] but found [false]">
      <![CDATA[java.lang.AssertionError: Response doesn't have ID as a field expected [true] but found [false]
at org.testng.Assert.fail(Assert.java:99)
at org.testng.Assert.failNotEquals(Assert.java:1037)
at org.testng.Assert.assertTrue(Assert.java:45)
at com.learning.testcases.DeleteCustomerTest.doValidationUsingJSONObject(DeleteCustomerTest.java:51)
at com.learning.testcases.DeleteCustomerTest.validateDeleteCustomerAPI(DeleteCustomerTest.java:37)
at sun.reflect.GeneratedMethodAccessor250.invoke(Unknown Source)
at sun.reflect.DelegatingMethodAccessorImpl.invoke(DelegatingMethodAccessorImpl.java:43)
at java.lang.reflect.Method.invoke(Method.java:498)
at org.testng.internal.MethodInvocationHelper.invokeMethod(MethodInvocationHelper.java:132)
at org.testng.internal.TestInvoker.invokeMethod(TestInvoker.java:599)
at org.testng.internal.TestInvoker.invokeTestMethod(TestInvoker.java:174)
at org.testng.internal.TestMethodWithDataProviderMethodWorker.call(TestMethodWithDataProviderMethodWorker.java:77)
at org.testng.internal.TestMethodWithDataProviderMethodWorker.call(TestMethodWithDataProviderMethodWorker.java:15)
at java.util.concurrent.FutureTask.run(FutureTask.java:266)
at java.util.concurrent.Executors$RunnableAdapter.call(Executors.java:511)
at java.util.concurrent.FutureTask.run(FutureTask.java:266)
at java.util.concurrent.ThreadPoolExecutor.runWorker(ThreadPoolExecutor.java:1149)
at java.util.concurrent.ThreadPoolExecutor$Worker.run(ThreadPoolExecutor.java:624)
at java.lang.Thread.run(Thread.java:748)
]]>
    </failure>
  </testcase> <!-- validateDeleteCustomerAPI -->
  <system-out/>
  <testcase name="validateDeleteCustomerAPI" time="1.384" classname="com.learning.testcases.DeleteCustomerTest">
    <failure type="java.lang.AssertionError" message="Response doesn&#039;t have ID as a field expected [true] but found [false]">
      <![CDATA[java.lang.AssertionError: Response doesn't have ID as a field expected [true] but found [false]
at org.testng.Assert.fail(Assert.java:99)
at org.testng.Assert.failNotEquals(Assert.java:1037)
at org.testng.Assert.assertTrue(Assert.java:45)
at com.learning.testcases.DeleteCustomerTest.doValidationUsingJSONObject(DeleteCustomerTest.java:51)
at com.learning.testcases.DeleteCustomerTest.validateDeleteCustomerAPI(DeleteCustomerTest.java:37)
at sun.reflect.GeneratedMethodAccessor250.invoke(Unknown Source)
at sun.reflect.DelegatingMethodAccessorImpl.invoke(DelegatingMethodAccessorImpl.java:43)
at java.lang.reflect.Method.invoke(Method.java:498)
at org.testng.internal.MethodInvocationHelper.invokeMethod(MethodInvocationHelper.java:132)
at org.testng.internal.TestInvoker.invokeMethod(TestInvoker.java:599)
at org.testng.internal.TestInvoker.invokeTestMethod(TestInvoker.java:174)
at org.testng.internal.TestMethodWithDataProviderMethodWorker.call(TestMethodWithDataProviderMethodWorker.java:77)
at org.testng.internal.TestMethodWithDataProviderMethodWorker.call(TestMethodWithDataProviderMethodWorker.java:15)
at java.util.concurrent.FutureTask.run(FutureTask.java:266)
at java.util.concurrent.Executors$RunnableAdapter.call(Executors.java:511)
at java.util.concurrent.FutureTask.run(FutureTask.java:266)
at java.util.concurrent.ThreadPoolExecutor.runWorker(ThreadPoolExecutor.java:1149)
at java.util.concurrent.ThreadPoolExecutor$Worker.run(ThreadPoolExecutor.java:624)
at java.lang.Thread.run(Thread.java:748)
]]>
    </failure>
  </testcase> <!-- validateDeleteCustomerAPI -->
  <system-out/>
  <testcase name="validateDeleteCustomerAPI" time="1.368" classname="com.learning.testcases.DeleteCustomerTest">
    <failure type="java.lang.AssertionError" message="Response doesn&#039;t have ID as a field expected [true] but found [false]">
      <![CDATA[java.lang.AssertionError: Response doesn't have ID as a field expected [true] but found [false]
at org.testng.Assert.fail(Assert.java:99)
at org.testng.Assert.failNotEquals(Assert.java:1037)
at org.testng.Assert.assertTrue(Assert.java:45)
at com.learning.testcases.DeleteCustomerTest.doValidationUsingJSONObject(DeleteCustomerTest.java:51)
at com.learning.testcases.DeleteCustomerTest.validateDeleteCustomerAPI(DeleteCustomerTest.java:37)
at sun.reflect.GeneratedMethodAccessor250.invoke(Unknown Source)
at sun.reflect.DelegatingMethodAccessorImpl.invoke(DelegatingMethodAccessorImpl.java:43)
at java.lang.reflect.Method.invoke(Method.java:498)
at org.testng.internal.MethodInvocationHelper.invokeMethod(MethodInvocationHelper.java:132)
at org.testng.internal.TestInvoker.invokeMethod(TestInvoker.java:599)
at org.testng.internal.TestInvoker.invokeTestMethod(TestInvoker.java:174)
at org.testng.internal.TestMethodWithDataProviderMethodWorker.call(TestMethodWithDataProviderMethodWorker.java:77)
at org.testng.internal.TestMethodWithDataProviderMethodWorker.call(TestMethodWithDataProviderMethodWorker.java:15)
at java.util.concurrent.FutureTask.run(FutureTask.java:266)
at java.util.concurrent.Executors$RunnableAdapter.call(Executors.java:511)
at java.util.concurrent.FutureTask.run(FutureTask.java:266)
at java.util.concurrent.ThreadPoolExecutor.runWorker(ThreadPoolExecutor.java:1149)
at java.util.concurrent.ThreadPoolExecutor$Worker.run(ThreadPoolExecutor.java:624)
at java.lang.Thread.run(Thread.java:748)
]]>
    </failure>
  </testcase> <!-- validateDeleteCustomerAPI -->
  <system-out/>
  <testcase name="validateDeleteCustomerAPI" time="1.384" classname="com.learning.testcases.DeleteCustomerTest">
    <failure type="java.lang.AssertionError" message="Response doesn&#039;t have ID as a field expected [true] but found [false]">
      <![CDATA[java.lang.AssertionError: Response doesn't have ID as a field expected [true] but found [false]
at org.testng.Assert.fail(Assert.java:99)
at org.testng.Assert.failNotEquals(Assert.java:1037)
at org.testng.Assert.assertTrue(Assert.java:45)
at com.learning.testcases.DeleteCustomerTest.doValidationUsingJSONObject(DeleteCustomerTest.java:51)
at com.learning.testcases.DeleteCustomerTest.validateDeleteCustomerAPI(DeleteCustomerTest.java:37)
at sun.reflect.GeneratedMethodAccessor250.invoke(Unknown Source)
at sun.reflect.DelegatingMethodAccessorImpl.invoke(DelegatingMethodAccessorImpl.java:43)
at java.lang.reflect.Method.invoke(Method.java:498)
at org.testng.internal.MethodInvocationHelper.invokeMethod(MethodInvocationHelper.java:132)
at org.testng.internal.TestInvoker.invokeMethod(TestInvoker.java:599)
at org.testng.internal.TestInvoker.invokeTestMethod(TestInvoker.java:174)
at org.testng.internal.TestMethodWithDataProviderMethodWorker.call(TestMethodWithDataProviderMethodWorker.java:77)
at org.testng.internal.TestMethodWithDataProviderMethodWorker.call(TestMethodWithDataProviderMethodWorker.java:15)
at java.util.concurrent.FutureTask.run(FutureTask.java:266)
at java.util.concurrent.Executors$RunnableAdapter.call(Executors.java:511)
at java.util.concurrent.FutureTask.run(FutureTask.java:266)
at java.util.concurrent.ThreadPoolExecutor.runWorker(ThreadPoolExecutor.java:1149)
at java.util.concurrent.ThreadPoolExecutor$Worker.run(ThreadPoolExecutor.java:624)
at java.lang.Thread.run(Thread.java:748)
]]>
    </failure>
  </testcase> <!-- validateDeleteCustomerAPI -->
  <system-out/>
  <testcase name="validateDeleteCustomerAPI" time="1.440" classname="com.learning.testcases.DeleteCustomerTest">
    <failure type="java.lang.AssertionError" message="Response doesn&#039;t have ID as a field expected [true] but found [false]">
      <![CDATA[java.lang.AssertionError: Response doesn't have ID as a field expected [true] but found [false]
at org.testng.Assert.fail(Assert.java:99)
at org.testng.Assert.failNotEquals(Assert.java:1037)
at org.testng.Assert.assertTrue(Assert.java:45)
at com.learning.testcases.DeleteCustomerTest.doValidationUsingJSONObject(DeleteCustomerTest.java:51)
at com.learning.testcases.DeleteCustomerTest.validateDeleteCustomerAPI(DeleteCustomerTest.java:37)
at sun.reflect.GeneratedMethodAccessor250.invoke(Unknown Source)
at sun.reflect.DelegatingMethodAccessorImpl.invoke(DelegatingMethodAccessorImpl.java:43)
at java.lang.reflect.Method.invoke(Method.java:498)
at org.testng.internal.MethodInvocationHelper.invokeMethod(MethodInvocationHelper.java:132)
at org.testng.internal.TestInvoker.invokeMethod(TestInvoker.java:599)
at org.testng.internal.TestInvoker.invokeTestMethod(TestInvoker.java:174)
at org.testng.internal.TestMethodWithDataProviderMethodWorker.call(TestMethodWithDataProviderMethodWorker.java:77)
at org.testng.internal.TestMethodWithDataProviderMethodWorker.call(TestMethodWithDataProviderMethodWorker.java:15)
at java.util.concurrent.FutureTask.run(FutureTask.java:266)
at java.util.concurrent.Executors$RunnableAdapter.call(Executors.java:511)
at java.util.concurrent.FutureTask.run(FutureTask.java:266)
at java.util.concurrent.ThreadPoolExecutor.runWorker(ThreadPoolExecutor.java:1149)
at java.util.concurrent.ThreadPoolExecutor$Worker.run(ThreadPoolExecutor.java:624)
at java.lang.Thread.run(Thread.java:748)
]]>
    </failure>
  </testcase> <!-- validateDeleteCustomerAPI -->
  <system-out/>
  <testcase name="validateDeleteCustomerAPI" time="1.357" classname="com.learning.testcases.DeleteCustomerTest">
    <failure type="java.lang.AssertionError" message="Response doesn&#039;t have ID as a field expected [true] but found [false]">
      <![CDATA[java.lang.AssertionError: Response doesn't have ID as a field expected [true] but found [false]
at org.testng.Assert.fail(Assert.java:99)
at org.testng.Assert.failNotEquals(Assert.java:1037)
at org.testng.Assert.assertTrue(Assert.java:45)
at com.learning.testcases.DeleteCustomerTest.doValidationUsingJSONObject(DeleteCustomerTest.java:51)
at com.learning.testcases.DeleteCustomerTest.validateDeleteCustomerAPI(DeleteCustomerTest.java:37)
at sun.reflect.GeneratedMethodAccessor250.invoke(Unknown Source)
at sun.reflect.DelegatingMethodAccessorImpl.invoke(DelegatingMethodAccessorImpl.java:43)
at java.lang.reflect.Method.invoke(Method.java:498)
at org.testng.internal.MethodInvocationHelper.invokeMethod(MethodInvocationHelper.java:132)
at org.testng.internal.TestInvoker.invokeMethod(TestInvoker.java:599)
at org.testng.internal.TestInvoker.invokeTestMethod(TestInvoker.java:174)
at org.testng.internal.TestMethodWithDataProviderMethodWorker.call(TestMethodWithDataProviderMethodWorker.java:77)
at org.testng.internal.TestMethodWithDataProviderMethodWorker.call(TestMethodWithDataProviderMethodWorker.java:15)
at java.util.concurrent.FutureTask.run(FutureTask.java:266)
at java.util.concurrent.Executors$RunnableAdapter.call(Executors.java:511)
at java.util.concurrent.FutureTask.run(FutureTask.java:266)
at java.util.concurrent.ThreadPoolExecutor.runWorker(ThreadPoolExecutor.java:1149)
at java.util.concurrent.ThreadPoolExecutor$Worker.run(ThreadPoolExecutor.java:624)
at java.lang.Thread.run(Thread.java:748)
]]>
    </failure>
  </testcase> <!-- validateDeleteCustomerAPI -->
  <system-out/>
  <testcase name="validateDeleteCustomerAPI" time="1.479" classname="com.learning.testcases.DeleteCustomerTest">
    <failure type="java.lang.AssertionError" message="Response doesn&#039;t have ID as a field expected [true] but found [false]">
      <![CDATA[java.lang.AssertionError: Response doesn't have ID as a field expected [true] but found [false]
at org.testng.Assert.fail(Assert.java:99)
at org.testng.Assert.failNotEquals(Assert.java:1037)
at org.testng.Assert.assertTrue(Assert.java:45)
at com.learning.testcases.DeleteCustomerTest.doValidationUsingJSONObject(DeleteCustomerTest.java:51)
at com.learning.testcases.DeleteCustomerTest.validateDeleteCustomerAPI(DeleteCustomerTest.java:37)
at sun.reflect.GeneratedMethodAccessor250.invoke(Unknown Source)
at sun.reflect.DelegatingMethodAccessorImpl.invoke(DelegatingMethodAccessorImpl.java:43)
at java.lang.reflect.Method.invoke(Method.java:498)
at org.testng.internal.MethodInvocationHelper.invokeMethod(MethodInvocationHelper.java:132)
at org.testng.internal.TestInvoker.invokeMethod(TestInvoker.java:599)
at org.testng.internal.TestInvoker.invokeTestMethod(TestInvoker.java:174)
at org.testng.internal.TestMethodWithDataProviderMethodWorker.call(TestMethodWithDataProviderMethodWorker.java:77)
at org.testng.internal.TestMethodWithDataProviderMethodWorker.call(TestMethodWithDataProviderMethodWorker.java:15)
at java.util.concurrent.FutureTask.run(FutureTask.java:266)
at java.util.concurrent.Executors$RunnableAdapter.call(Executors.java:511)
at java.util.concurrent.FutureTask.run(FutureTask.java:266)
at java.util.concurrent.ThreadPoolExecutor.runWorker(ThreadPoolExecutor.java:1149)
at java.util.concurrent.ThreadPoolExecutor$Worker.run(ThreadPoolExecutor.java:624)
at java.lang.Thread.run(Thread.java:748)
]]>
    </failure>
  </testcase> <!-- validateDeleteCustomerAPI -->
  <system-out/>
  <testcase name="validateDeleteCustomerAPI" time="1.448" classname="com.learning.testcases.DeleteCustomerTest"/>
  <system-out/>
  <testcase name="validateDeleteCustomerAPI" time="1.439" classname="com.learning.testcases.DeleteCustomerTest"/>
  <system-out/>
  <testcase name="validateDeleteCustomerAPI" time="1.339" classname="com.learning.testcases.DeleteCustomerTest">
    <failure type="java.lang.AssertionError" message="Response doesn&#039;t have ID as a field expected [true] but found [false]">
      <![CDATA[java.lang.AssertionError: Response doesn't have ID as a field expected [true] but found [false]
at org.testng.Assert.fail(Assert.java:99)
at org.testng.Assert.failNotEquals(Assert.java:1037)
at org.testng.Assert.assertTrue(Assert.java:45)
at com.learning.testcases.DeleteCustomerTest.doValidationUsingJSONObject(DeleteCustomerTest.java:51)
at com.learning.testcases.DeleteCustomerTest.validateDeleteCustomerAPI(DeleteCustomerTest.java:37)
at sun.reflect.GeneratedMethodAccessor250.invoke(Unknown Source)
at sun.reflect.DelegatingMethodAccessorImpl.invoke(DelegatingMethodAccessorImpl.java:43)
at java.lang.reflect.Method.invoke(Method.java:498)
at org.testng.internal.MethodInvocationHelper.invokeMethod(MethodInvocationHelper.java:132)
at org.testng.internal.TestInvoker.invokeMethod(TestInvoker.java:599)
at org.testng.internal.TestInvoker.invokeTestMethod(TestInvoker.java:174)
at org.testng.internal.TestMethodWithDataProviderMethodWorker.call(TestMethodWithDataProviderMethodWorker.java:77)
at org.testng.internal.TestMethodWithDataProviderMethodWorker.call(TestMethodWithDataProviderMethodWorker.java:15)
at java.util.concurrent.FutureTask.run(FutureTask.java:266)
at java.util.concurrent.Executors$RunnableAdapter.call(Executors.java:511)
at java.util.concurrent.FutureTask.run(FutureTask.java:266)
at java.util.concurrent.ThreadPoolExecutor.runWorker(ThreadPoolExecutor.java:1149)
at java.util.concurrent.ThreadPoolExecutor$Worker.run(ThreadPoolExecutor.java:624)
at java.lang.Thread.run(Thread.java:748)
]]>
    </failure>
  </testcase> <!-- validateDeleteCustomerAPI -->
  <system-out/>
  <testcase name="validateDeleteCustomerAPI" time="1.404" classname="com.learning.testcases.DeleteCustomerTest"/>
  <system-out/>
  <testcase name="validateDeleteCustomerAPI" time="1.472" classname="com.learning.testcases.DeleteCustomerTest">
    <failure type="java.lang.AssertionError" message="Response doesn&#039;t have ID as a field expected [true] but found [false]">
      <![CDATA[java.lang.AssertionError: Response doesn't have ID as a field expected [true] but found [false]
at org.testng.Assert.fail(Assert.java:99)
at org.testng.Assert.failNotEquals(Assert.java:1037)
at org.testng.Assert.assertTrue(Assert.java:45)
at com.learning.testcases.DeleteCustomerTest.doValidationUsingJSONObject(DeleteCustomerTest.java:51)
at com.learning.testcases.DeleteCustomerTest.validateDeleteCustomerAPI(DeleteCustomerTest.java:37)
at sun.reflect.GeneratedMethodAccessor250.invoke(Unknown Source)
at sun.reflect.DelegatingMethodAccessorImpl.invoke(DelegatingMethodAccessorImpl.java:43)
at java.lang.reflect.Method.invoke(Method.java:498)
at org.testng.internal.MethodInvocationHelper.invokeMethod(MethodInvocationHelper.java:132)
at org.testng.internal.TestInvoker.invokeMethod(TestInvoker.java:599)
at org.testng.internal.TestInvoker.invokeTestMethod(TestInvoker.java:174)
at org.testng.internal.TestMethodWithDataProviderMethodWorker.call(TestMethodWithDataProviderMethodWorker.java:77)
at org.testng.internal.TestMethodWithDataProviderMethodWorker.call(TestMethodWithDataProviderMethodWorker.java:15)
at java.util.concurrent.FutureTask.run(FutureTask.java:266)
at java.util.concurrent.Executors$RunnableAdapter.call(Executors.java:511)
at java.util.concurrent.FutureTask.run(FutureTask.java:266)
at java.util.concurrent.ThreadPoolExecutor.runWorker(ThreadPoolExecutor.java:1149)
at java.util.concurrent.ThreadPoolExecutor$Worker.run(ThreadPoolExecutor.java:624)
at java.lang.Thread.run(Thread.java:748)
]]>
    </failure>
  </testcase> <!-- validateDeleteCustomerAPI -->
  <system-out/>
  <testcase name="validateDeleteCustomerAPI" time="1.378" classname="com.learning.testcases.DeleteCustomerTest">
    <failure type="java.lang.AssertionError" message="Response doesn&#039;t have ID as a field expected [true] but found [false]">
      <![CDATA[java.lang.AssertionError: Response doesn't have ID as a field expected [true] but found [false]
at org.testng.Assert.fail(Assert.java:99)
at org.testng.Assert.failNotEquals(Assert.java:1037)
at org.testng.Assert.assertTrue(Assert.java:45)
at com.learning.testcases.DeleteCustomerTest.doValidationUsingJSONObject(DeleteCustomerTest.java:51)
at com.learning.testcases.DeleteCustomerTest.validateDeleteCustomerAPI(DeleteCustomerTest.java:37)
at sun.reflect.GeneratedMethodAccessor250.invoke(Unknown Source)
at sun.reflect.DelegatingMethodAccessorImpl.invoke(DelegatingMethodAccessorImpl.java:43)
at java.lang.reflect.Method.invoke(Method.java:498)
at org.testng.internal.MethodInvocationHelper.invokeMethod(MethodInvocationHelper.java:132)
at org.testng.internal.TestInvoker.invokeMethod(TestInvoker.java:599)
at org.testng.internal.TestInvoker.invokeTestMethod(TestInvoker.java:174)
at org.testng.internal.TestMethodWithDataProviderMethodWorker.call(TestMethodWithDataProviderMethodWorker.java:77)
at org.testng.internal.TestMethodWithDataProviderMethodWorker.call(TestMethodWithDataProviderMethodWorker.java:15)
at java.util.concurrent.FutureTask.run(FutureTask.java:266)
at java.util.concurrent.Executors$RunnableAdapter.call(Executors.java:511)
at java.util.concurrent.FutureTask.run(FutureTask.java:266)
at java.util.concurrent.ThreadPoolExecutor.runWorker(ThreadPoolExecutor.java:1149)
at java.util.concurrent.ThreadPoolExecutor$Worker.run(ThreadPoolExecutor.java:624)
at java.lang.Thread.run(Thread.java:748)
]]>
    </failure>
  </testcase> <!-- validateDeleteCustomerAPI -->
  <system-out/>
  <testcase name="validateDeleteCustomerAPI" time="1.377" classname="com.learning.testcases.DeleteCustomerTest">
    <failure type="java.lang.AssertionError" message="Response doesn&#039;t have ID as a field expected [true] but found [false]">
      <![CDATA[java.lang.AssertionError: Response doesn't have ID as a field expected [true] but found [false]
at org.testng.Assert.fail(Assert.java:99)
at org.testng.Assert.failNotEquals(Assert.java:1037)
at org.testng.Assert.assertTrue(Assert.java:45)
at com.learning.testcases.DeleteCustomerTest.doValidationUsingJSONObject(DeleteCustomerTest.java:51)
at com.learning.testcases.DeleteCustomerTest.validateDeleteCustomerAPI(DeleteCustomerTest.java:37)
at sun.reflect.GeneratedMethodAccessor250.invoke(Unknown Source)
at sun.reflect.DelegatingMethodAccessorImpl.invoke(DelegatingMethodAccessorImpl.java:43)
at java.lang.reflect.Method.invoke(Method.java:498)
at org.testng.internal.MethodInvocationHelper.invokeMethod(MethodInvocationHelper.java:132)
at org.testng.internal.TestInvoker.invokeMethod(TestInvoker.java:599)
at org.testng.internal.TestInvoker.invokeTestMethod(TestInvoker.java:174)
at org.testng.internal.TestMethodWithDataProviderMethodWorker.call(TestMethodWithDataProviderMethodWorker.java:77)
at org.testng.internal.TestMethodWithDataProviderMethodWorker.call(TestMethodWithDataProviderMethodWorker.java:15)
at java.util.concurrent.FutureTask.run(FutureTask.java:266)
at java.util.concurrent.Executors$RunnableAdapter.call(Executors.java:511)
at java.util.concurrent.FutureTask.run(FutureTask.java:266)
at java.util.concurrent.ThreadPoolExecutor.runWorker(ThreadPoolExecutor.java:1149)
at java.util.concurrent.ThreadPoolExecutor$Worker.run(ThreadPoolExecutor.java:624)
at java.lang.Thread.run(Thread.java:748)
]]>
    </failure>
  </testcase> <!-- validateDeleteCustomerAPI -->
  <system-out/>
  <testcase name="validateDeleteCustomerAPI" time="1.372" classname="com.learning.testcases.DeleteCustomerTest">
    <failure type="java.lang.AssertionError" message="Response doesn&#039;t have ID as a field expected [true] but found [false]">
      <![CDATA[java.lang.AssertionError: Response doesn't have ID as a field expected [true] but found [false]
at org.testng.Assert.fail(Assert.java:99)
at org.testng.Assert.failNotEquals(Assert.java:1037)
at org.testng.Assert.assertTrue(Assert.java:45)
at com.learning.testcases.DeleteCustomerTest.doValidationUsingJSONObject(DeleteCustomerTest.java:51)
at com.learning.testcases.DeleteCustomerTest.validateDeleteCustomerAPI(DeleteCustomerTest.java:37)
at sun.reflect.GeneratedMethodAccessor250.invoke(Unknown Source)
at sun.reflect.DelegatingMethodAccessorImpl.invoke(DelegatingMethodAccessorImpl.java:43)
at java.lang.reflect.Method.invoke(Method.java:498)
at org.testng.internal.MethodInvocationHelper.invokeMethod(MethodInvocationHelper.java:132)
at org.testng.internal.TestInvoker.invokeMethod(TestInvoker.java:599)
at org.testng.internal.TestInvoker.invokeTestMethod(TestInvoker.java:174)
at org.testng.internal.TestMethodWithDataProviderMethodWorker.call(TestMethodWithDataProviderMethodWorker.java:77)
at org.testng.internal.TestMethodWithDataProviderMethodWorker.call(TestMethodWithDataProviderMethodWorker.java:15)
at java.util.concurrent.FutureTask.run(FutureTask.java:266)
at java.util.concurrent.Executors$RunnableAdapter.call(Executors.java:511)
at java.util.concurrent.FutureTask.run(FutureTask.java:266)
at java.util.concurrent.ThreadPoolExecutor.runWorker(ThreadPoolExecutor.java:1149)
at java.util.concurrent.ThreadPoolExecutor$Worker.run(ThreadPoolExecutor.java:624)
at java.lang.Thread.run(Thread.java:748)
]]>
    </failure>
  </testcase> <!-- validateDeleteCustomerAPI -->
  <system-out/>
  <testcase name="validateDeleteCustomerAPI" time="1.449" classname="com.learning.testcases.DeleteCustomerTest"/>
  <system-out/>
  <testcase name="validateDeleteCustomerAPI" time="1.427" classname="com.learning.testcases.DeleteCustomerTest">
    <failure type="java.lang.AssertionError" message="Response doesn&#039;t have ID as a field expected [true] but found [false]">
      <![CDATA[java.lang.AssertionError: Response doesn't have ID as a field expected [true] but found [false]
at org.testng.Assert.fail(Assert.java:99)
at org.testng.Assert.failNotEquals(Assert.java:1037)
at org.testng.Assert.assertTrue(Assert.java:45)
at com.learning.testcases.DeleteCustomerTest.doValidationUsingJSONObject(DeleteCustomerTest.java:51)
at com.learning.testcases.DeleteCustomerTest.validateDeleteCustomerAPI(DeleteCustomerTest.java:37)
at sun.reflect.GeneratedMethodAccessor250.invoke(Unknown Source)
at sun.reflect.DelegatingMethodAccessorImpl.invoke(DelegatingMethodAccessorImpl.java:43)
at java.lang.reflect.Method.invoke(Method.java:498)
at org.testng.internal.MethodInvocationHelper.invokeMethod(MethodInvocationHelper.java:132)
at org.testng.internal.TestInvoker.invokeMethod(TestInvoker.java:599)
at org.testng.internal.TestInvoker.invokeTestMethod(TestInvoker.java:174)
at org.testng.internal.TestMethodWithDataProviderMethodWorker.call(TestMethodWithDataProviderMethodWorker.java:77)
at org.testng.internal.TestMethodWithDataProviderMethodWorker.call(TestMethodWithDataProviderMethodWorker.java:15)
at java.util.concurrent.FutureTask.run(FutureTask.java:266)
at java.util.concurrent.Executors$RunnableAdapter.call(Executors.java:511)
at java.util.concurrent.FutureTask.run(FutureTask.java:266)
at java.util.concurrent.ThreadPoolExecutor.runWorker(ThreadPoolExecutor.java:1149)
at java.util.concurrent.ThreadPoolExecutor$Worker.run(ThreadPoolExecutor.java:624)
at java.lang.Thread.run(Thread.java:748)
]]>
    </failure>
  </testcase> <!-- validateDeleteCustomerAPI -->
  <system-out/>
  <testcase name="validateDeleteCustomerAPI" time="1.401" classname="com.learning.testcases.DeleteCustomerTest">
    <failure type="java.lang.AssertionError" message="Response doesn&#039;t have ID as a field expected [true] but found [false]">
      <![CDATA[java.lang.AssertionError: Response doesn't have ID as a field expected [true] but found [false]
at org.testng.Assert.fail(Assert.java:99)
at org.testng.Assert.failNotEquals(Assert.java:1037)
at org.testng.Assert.assertTrue(Assert.java:45)
at com.learning.testcases.DeleteCustomerTest.doValidationUsingJSONObject(DeleteCustomerTest.java:51)
at com.learning.testcases.DeleteCustomerTest.validateDeleteCustomerAPI(DeleteCustomerTest.java:37)
at sun.reflect.GeneratedMethodAccessor250.invoke(Unknown Source)
at sun.reflect.DelegatingMethodAccessorImpl.invoke(DelegatingMethodAccessorImpl.java:43)
at java.lang.reflect.Method.invoke(Method.java:498)
at org.testng.internal.MethodInvocationHelper.invokeMethod(MethodInvocationHelper.java:132)
at org.testng.internal.TestInvoker.invokeMethod(TestInvoker.java:599)
at org.testng.internal.TestInvoker.invokeTestMethod(TestInvoker.java:174)
at org.testng.internal.TestMethodWithDataProviderMethodWorker.call(TestMethodWithDataProviderMethodWorker.java:77)
at org.testng.internal.TestMethodWithDataProviderMethodWorker.call(TestMethodWithDataProviderMethodWorker.java:15)
at java.util.concurrent.FutureTask.run(FutureTask.java:266)
at java.util.concurrent.Executors$RunnableAdapter.call(Executors.java:511)
at java.util.concurrent.FutureTask.run(FutureTask.java:266)
at java.util.concurrent.ThreadPoolExecutor.runWorker(ThreadPoolExecutor.java:1149)
at java.util.concurrent.ThreadPoolExecutor$Worker.run(ThreadPoolExecutor.java:624)
at java.lang.Thread.run(Thread.java:748)
]]>
    </failure>
  </testcase> <!-- validateDeleteCustomerAPI -->
  <system-out/>
  <testcase name="validateDeleteCustomerAPI" time="1.346" classname="com.learning.testcases.DeleteCustomerTest">
    <failure type="java.lang.AssertionError" message="Response doesn&#039;t have ID as a field expected [true] but found [false]">
      <![CDATA[java.lang.AssertionError: Response doesn't have ID as a field expected [true] but found [false]
at org.testng.Assert.fail(Assert.java:99)
at org.testng.Assert.failNotEquals(Assert.java:1037)
at org.testng.Assert.assertTrue(Assert.java:45)
at com.learning.testcases.DeleteCustomerTest.doValidationUsingJSONObject(DeleteCustomerTest.java:51)
at com.learning.testcases.DeleteCustomerTest.validateDeleteCustomerAPI(DeleteCustomerTest.java:37)
at sun.reflect.GeneratedMethodAccessor250.invoke(Unknown Source)
at sun.reflect.DelegatingMethodAccessorImpl.invoke(DelegatingMethodAccessorImpl.java:43)
at java.lang.reflect.Method.invoke(Method.java:498)
at org.testng.internal.MethodInvocationHelper.invokeMethod(MethodInvocationHelper.java:132)
at org.testng.internal.TestInvoker.invokeMethod(TestInvoker.java:599)
at org.testng.internal.TestInvoker.invokeTestMethod(TestInvoker.java:174)
at org.testng.internal.TestMethodWithDataProviderMethodWorker.call(TestMethodWithDataProviderMethodWorker.java:77)
at org.testng.internal.TestMethodWithDataProviderMethodWorker.call(TestMethodWithDataProviderMethodWorker.java:15)
at java.util.concurrent.FutureTask.run(FutureTask.java:266)
at java.util.concurrent.Executors$RunnableAdapter.call(Executors.java:511)
at java.util.concurrent.FutureTask.run(FutureTask.java:266)
at java.util.concurrent.ThreadPoolExecutor.runWorker(ThreadPoolExecutor.java:1149)
at java.util.concurrent.ThreadPoolExecutor$Worker.run(ThreadPoolExecutor.java:624)
at java.lang.Thread.run(Thread.java:748)
]]>
    </failure>
  </testcase> <!-- validateDeleteCustomerAPI -->
  <system-out/>
  <testcase name="validateDeleteCustomerAPI" time="1.375" classname="com.learning.testcases.DeleteCustomerTest">
    <failure type="java.lang.AssertionError" message="Response doesn&#039;t have ID as a field expected [true] but found [false]">
      <![CDATA[java.lang.AssertionError: Response doesn't have ID as a field expected [true] but found [false]
at org.testng.Assert.fail(Assert.java:99)
at org.testng.Assert.failNotEquals(Assert.java:1037)
at org.testng.Assert.assertTrue(Assert.java:45)
at com.learning.testcases.DeleteCustomerTest.doValidationUsingJSONObject(DeleteCustomerTest.java:51)
at com.learning.testcases.DeleteCustomerTest.validateDeleteCustomerAPI(DeleteCustomerTest.java:37)
at sun.reflect.GeneratedMethodAccessor250.invoke(Unknown Source)
at sun.reflect.DelegatingMethodAccessorImpl.invoke(DelegatingMethodAccessorImpl.java:43)
at java.lang.reflect.Method.invoke(Method.java:498)
at org.testng.internal.MethodInvocationHelper.invokeMethod(MethodInvocationHelper.java:132)
at org.testng.internal.TestInvoker.invokeMethod(TestInvoker.java:599)
at org.testng.internal.TestInvoker.invokeTestMethod(TestInvoker.java:174)
at org.testng.internal.TestMethodWithDataProviderMethodWorker.call(TestMethodWithDataProviderMethodWorker.java:77)
at org.testng.internal.TestMethodWithDataProviderMethodWorker.call(TestMethodWithDataProviderMethodWorker.java:15)
at java.util.concurrent.FutureTask.run(FutureTask.java:266)
at java.util.concurrent.Executors$RunnableAdapter.call(Executors.java:511)
at java.util.concurrent.FutureTask.run(FutureTask.java:266)
at java.util.concurrent.ThreadPoolExecutor.runWorker(ThreadPoolExecutor.java:1149)
at java.util.concurrent.ThreadPoolExecutor$Worker.run(ThreadPoolExecutor.java:624)
at java.lang.Thread.run(Thread.java:748)
]]>
    </failure>
  </testcase> <!-- validateDeleteCustomerAPI -->
  <system-out/>
  <testcase name="validateDeleteCustomerAPI" time="1.474" classname="com.learning.testcases.DeleteCustomerTest">
    <failure type="java.lang.AssertionError" message="Response doesn&#039;t have ID as a field expected [true] but found [false]">
      <![CDATA[java.lang.AssertionError: Response doesn't have ID as a field expected [true] but found [false]
at org.testng.Assert.fail(Assert.java:99)
at org.testng.Assert.failNotEquals(Assert.java:1037)
at org.testng.Assert.assertTrue(Assert.java:45)
at com.learning.testcases.DeleteCustomerTest.doValidationUsingJSONObject(DeleteCustomerTest.java:51)
at com.learning.testcases.DeleteCustomerTest.validateDeleteCustomerAPI(DeleteCustomerTest.java:37)
at sun.reflect.GeneratedMethodAccessor250.invoke(Unknown Source)
at sun.reflect.DelegatingMethodAccessorImpl.invoke(DelegatingMethodAccessorImpl.java:43)
at java.lang.reflect.Method.invoke(Method.java:498)
at org.testng.internal.MethodInvocationHelper.invokeMethod(MethodInvocationHelper.java:132)
at org.testng.internal.TestInvoker.invokeMethod(TestInvoker.java:599)
at org.testng.internal.TestInvoker.invokeTestMethod(TestInvoker.java:174)
at org.testng.internal.TestMethodWithDataProviderMethodWorker.call(TestMethodWithDataProviderMethodWorker.java:77)
at org.testng.internal.TestMethodWithDataProviderMethodWorker.call(TestMethodWithDataProviderMethodWorker.java:15)
at java.util.concurrent.FutureTask.run(FutureTask.java:266)
at java.util.concurrent.Executors$RunnableAdapter.call(Executors.java:511)
at java.util.concurrent.FutureTask.run(FutureTask.java:266)
at java.util.concurrent.ThreadPoolExecutor.runWorker(ThreadPoolExecutor.java:1149)
at java.util.concurrent.ThreadPoolExecutor$Worker.run(ThreadPoolExecutor.java:624)
at java.lang.Thread.run(Thread.java:748)
]]>
    </failure>
  </testcase> <!-- validateDeleteCustomerAPI -->
  <system-out/>
  <testcase name="validateDeleteCustomerAPI" time="1.475" classname="com.learning.testcases.DeleteCustomerTest"/>
  <system-out/>
  <testcase name="validateDeleteCustomerAPI" time="1.409" classname="com.learning.testcases.DeleteCustomerTest">
    <failure type="java.lang.AssertionError" message="Response doesn&#039;t have ID as a field expected [true] but found [false]">
      <![CDATA[java.lang.AssertionError: Response doesn't have ID as a field expected [true] but found [false]
at org.testng.Assert.fail(Assert.java:99)
at org.testng.Assert.failNotEquals(Assert.java:1037)
at org.testng.Assert.assertTrue(Assert.java:45)
at com.learning.testcases.DeleteCustomerTest.doValidationUsingJSONObject(DeleteCustomerTest.java:51)
at com.learning.testcases.DeleteCustomerTest.validateDeleteCustomerAPI(DeleteCustomerTest.java:37)
at sun.reflect.GeneratedMethodAccessor250.invoke(Unknown Source)
at sun.reflect.DelegatingMethodAccessorImpl.invoke(DelegatingMethodAccessorImpl.java:43)
at java.lang.reflect.Method.invoke(Method.java:498)
at org.testng.internal.MethodInvocationHelper.invokeMethod(MethodInvocationHelper.java:132)
at org.testng.internal.TestInvoker.invokeMethod(TestInvoker.java:599)
at org.testng.internal.TestInvoker.invokeTestMethod(TestInvoker.java:174)
at org.testng.internal.TestMethodWithDataProviderMethodWorker.call(TestMethodWithDataProviderMethodWorker.java:77)
at org.testng.internal.TestMethodWithDataProviderMethodWorker.call(TestMethodWithDataProviderMethodWorker.java:15)
at java.util.concurrent.FutureTask.run(FutureTask.java:266)
at java.util.concurrent.Executors$RunnableAdapter.call(Executors.java:511)
at java.util.concurrent.FutureTask.run(FutureTask.java:266)
at java.util.concurrent.ThreadPoolExecutor.runWorker(ThreadPoolExecutor.java:1149)
at java.util.concurrent.ThreadPoolExecutor$Worker.run(ThreadPoolExecutor.java:624)
at java.lang.Thread.run(Thread.java:748)
]]>
    </failure>
  </testcase> <!-- validateDeleteCustomerAPI -->
  <system-out/>
  <testcase name="validateDeleteCustomerAPI" time="1.445" classname="com.learning.testcases.DeleteCustomerTest">
    <failure type="java.lang.AssertionError" message="Response doesn&#039;t have ID as a field expected [true] but found [false]">
      <![CDATA[java.lang.AssertionError: Response doesn't have ID as a field expected [true] but found [false]
at org.testng.Assert.fail(Assert.java:99)
at org.testng.Assert.failNotEquals(Assert.java:1037)
at org.testng.Assert.assertTrue(Assert.java:45)
at com.learning.testcases.DeleteCustomerTest.doValidationUsingJSONObject(DeleteCustomerTest.java:51)
at com.learning.testcases.DeleteCustomerTest.validateDeleteCustomerAPI(DeleteCustomerTest.java:37)
at sun.reflect.GeneratedMethodAccessor250.invoke(Unknown Source)
at sun.reflect.DelegatingMethodAccessorImpl.invoke(DelegatingMethodAccessorImpl.java:43)
at java.lang.reflect.Method.invoke(Method.java:498)
at org.testng.internal.MethodInvocationHelper.invokeMethod(MethodInvocationHelper.java:132)
at org.testng.internal.TestInvoker.invokeMethod(TestInvoker.java:599)
at org.testng.internal.TestInvoker.invokeTestMethod(TestInvoker.java:174)
at org.testng.internal.TestMethodWithDataProviderMethodWorker.call(TestMethodWithDataProviderMethodWorker.java:77)
at org.testng.internal.TestMethodWithDataProviderMethodWorker.call(TestMethodWithDataProviderMethodWorker.java:15)
at java.util.concurrent.FutureTask.run(FutureTask.java:266)
at java.util.concurrent.Executors$RunnableAdapter.call(Executors.java:511)
at java.util.concurrent.FutureTask.run(FutureTask.java:266)
at java.util.concurrent.ThreadPoolExecutor.runWorker(ThreadPoolExecutor.java:1149)
at java.util.concurrent.ThreadPoolExecutor$Worker.run(ThreadPoolExecutor.java:624)
at java.lang.Thread.run(Thread.java:748)
]]>
    </failure>
  </testcase> <!-- validateDeleteCustomerAPI -->
  <system-out/>
  <testcase name="validateDeleteCustomerAPI" time="1.407" classname="com.learning.testcases.DeleteCustomerTest">
    <failure type="java.lang.AssertionError" message="Response doesn&#039;t have ID as a field expected [true] but found [false]">
      <![CDATA[java.lang.AssertionError: Response doesn't have ID as a field expected [true] but found [false]
at org.testng.Assert.fail(Assert.java:99)
at org.testng.Assert.failNotEquals(Assert.java:1037)
at org.testng.Assert.assertTrue(Assert.java:45)
at com.learning.testcases.DeleteCustomerTest.doValidationUsingJSONObject(DeleteCustomerTest.java:51)
at com.learning.testcases.DeleteCustomerTest.validateDeleteCustomerAPI(DeleteCustomerTest.java:37)
at sun.reflect.GeneratedMethodAccessor250.invoke(Unknown Source)
at sun.reflect.DelegatingMethodAccessorImpl.invoke(DelegatingMethodAccessorImpl.java:43)
at java.lang.reflect.Method.invoke(Method.java:498)
at org.testng.internal.MethodInvocationHelper.invokeMethod(MethodInvocationHelper.java:132)
at org.testng.internal.TestInvoker.invokeMethod(TestInvoker.java:599)
at org.testng.internal.TestInvoker.invokeTestMethod(TestInvoker.java:174)
at org.testng.internal.TestMethodWithDataProviderMethodWorker.call(TestMethodWithDataProviderMethodWorker.java:77)
at org.testng.internal.TestMethodWithDataProviderMethodWorker.call(TestMethodWithDataProviderMethodWorker.java:15)
at java.util.concurrent.FutureTask.run(FutureTask.java:266)
at java.util.concurrent.Executors$RunnableAdapter.call(Executors.java:511)
at java.util.concurrent.FutureTask.run(FutureTask.java:266)
at java.util.concurrent.ThreadPoolExecutor.runWorker(ThreadPoolExecutor.java:1149)
at java.util.concurrent.ThreadPoolExecutor$Worker.run(ThreadPoolExecutor.java:624)
at java.lang.Thread.run(Thread.java:748)
]]>
    </failure>
  </testcase> <!-- validateDeleteCustomerAPI -->
  <system-out/>
  <testcase name="validateDeleteCustomerAPI" time="1.347" classname="com.learning.testcases.DeleteCustomerTest">
    <failure type="java.lang.AssertionError" message="Response doesn&#039;t have ID as a field expected [true] but found [false]">
      <![CDATA[java.lang.AssertionError: Response doesn't have ID as a field expected [true] but found [false]
at org.testng.Assert.fail(Assert.java:99)
at org.testng.Assert.failNotEquals(Assert.java:1037)
at org.testng.Assert.assertTrue(Assert.java:45)
at com.learning.testcases.DeleteCustomerTest.doValidationUsingJSONObject(DeleteCustomerTest.java:51)
at com.learning.testcases.DeleteCustomerTest.validateDeleteCustomerAPI(DeleteCustomerTest.java:37)
at sun.reflect.GeneratedMethodAccessor250.invoke(Unknown Source)
at sun.reflect.DelegatingMethodAccessorImpl.invoke(DelegatingMethodAccessorImpl.java:43)
at java.lang.reflect.Method.invoke(Method.java:498)
at org.testng.internal.MethodInvocationHelper.invokeMethod(MethodInvocationHelper.java:132)
at org.testng.internal.TestInvoker.invokeMethod(TestInvoker.java:599)
at org.testng.internal.TestInvoker.invokeTestMethod(TestInvoker.java:174)
at org.testng.internal.TestMethodWithDataProviderMethodWorker.call(TestMethodWithDataProviderMethodWorker.java:77)
at org.testng.internal.TestMethodWithDataProviderMethodWorker.call(TestMethodWithDataProviderMethodWorker.java:15)
at java.util.concurrent.FutureTask.run(FutureTask.java:266)
at java.util.concurrent.Executors$RunnableAdapter.call(Executors.java:511)
at java.util.concurrent.FutureTask.run(FutureTask.java:266)
at java.util.concurrent.ThreadPoolExecutor.runWorker(ThreadPoolExecutor.java:1149)
at java.util.concurrent.ThreadPoolExecutor$Worker.run(ThreadPoolExecutor.java:624)
at java.lang.Thread.run(Thread.java:748)
]]>
    </failure>
  </testcase> <!-- validateDeleteCustomerAPI -->
  <system-out/>
  <testcase name="validateDeleteCustomerAPI" time="1.357" classname="com.learning.testcases.DeleteCustomerTest">
    <failure type="java.lang.AssertionError" message="Response doesn&#039;t have ID as a field expected [true] but found [false]">
      <![CDATA[java.lang.AssertionError: Response doesn't have ID as a field expected [true] but found [false]
at org.testng.Assert.fail(Assert.java:99)
at org.testng.Assert.failNotEquals(Assert.java:1037)
at org.testng.Assert.assertTrue(Assert.java:45)
at com.learning.testcases.DeleteCustomerTest.doValidationUsingJSONObject(DeleteCustomerTest.java:51)
at com.learning.testcases.DeleteCustomerTest.validateDeleteCustomerAPI(DeleteCustomerTest.java:37)
at sun.reflect.GeneratedMethodAccessor250.invoke(Unknown Source)
at sun.reflect.DelegatingMethodAccessorImpl.invoke(DelegatingMethodAccessorImpl.java:43)
at java.lang.reflect.Method.invoke(Method.java:498)
at org.testng.internal.MethodInvocationHelper.invokeMethod(MethodInvocationHelper.java:132)
at org.testng.internal.TestInvoker.invokeMethod(TestInvoker.java:599)
at org.testng.internal.TestInvoker.invokeTestMethod(TestInvoker.java:174)
at org.testng.internal.TestMethodWithDataProviderMethodWorker.call(TestMethodWithDataProviderMethodWorker.java:77)
at org.testng.internal.TestMethodWithDataProviderMethodWorker.call(TestMethodWithDataProviderMethodWorker.java:15)
at java.util.concurrent.FutureTask.run(FutureTask.java:266)
at java.util.concurrent.Executors$RunnableAdapter.call(Executors.java:511)
at java.util.concurrent.FutureTask.run(FutureTask.java:266)
at java.util.concurrent.ThreadPoolExecutor.runWorker(ThreadPoolExecutor.java:1149)
at java.util.concurrent.ThreadPoolExecutor$Worker.run(ThreadPoolExecutor.java:624)
at java.lang.Thread.run(Thread.java:748)
]]>
    </failure>
  </testcase> <!-- validateDeleteCustomerAPI -->
  <system-out/>
  <testcase name="validateDeleteCustomerAPI" time="1.371" classname="com.learning.testcases.DeleteCustomerTest">
    <failure type="java.lang.AssertionError" message="Response doesn&#039;t have ID as a field expected [true] but found [false]">
      <![CDATA[java.lang.AssertionError: Response doesn't have ID as a field expected [true] but found [false]
at org.testng.Assert.fail(Assert.java:99)
at org.testng.Assert.failNotEquals(Assert.java:1037)
at org.testng.Assert.assertTrue(Assert.java:45)
at com.learning.testcases.DeleteCustomerTest.doValidationUsingJSONObject(DeleteCustomerTest.java:51)
at com.learning.testcases.DeleteCustomerTest.validateDeleteCustomerAPI(DeleteCustomerTest.java:37)
at sun.reflect.GeneratedMethodAccessor250.invoke(Unknown Source)
at sun.reflect.DelegatingMethodAccessorImpl.invoke(DelegatingMethodAccessorImpl.java:43)
at java.lang.reflect.Method.invoke(Method.java:498)
at org.testng.internal.MethodInvocationHelper.invokeMethod(MethodInvocationHelper.java:132)
at org.testng.internal.TestInvoker.invokeMethod(TestInvoker.java:599)
at org.testng.internal.TestInvoker.invokeTestMethod(TestInvoker.java:174)
at org.testng.internal.TestMethodWithDataProviderMethodWorker.call(TestMethodWithDataProviderMethodWorker.java:77)
at org.testng.internal.TestMethodWithDataProviderMethodWorker.call(TestMethodWithDataProviderMethodWorker.java:15)
at java.util.concurrent.FutureTask.run(FutureTask.java:266)
at java.util.concurrent.Executors$RunnableAdapter.call(Executors.java:511)
at java.util.concurrent.FutureTask.run(FutureTask.java:266)
at java.util.concurrent.ThreadPoolExecutor.runWorker(ThreadPoolExecutor.java:1149)
at java.util.concurrent.ThreadPoolExecutor$Worker.run(ThreadPoolExecutor.java:624)
at java.lang.Thread.run(Thread.java:748)
]]>
    </failure>
  </testcase> <!-- validateDeleteCustomerAPI -->
  <system-out/>
  <testcase name="validateDeleteCustomerAPI" time="1.629" classname="com.learning.testcases.DeleteCustomerTest">
    <failure type="java.lang.AssertionError" message="Response doesn&#039;t have ID as a field expected [true] but found [false]">
      <![CDATA[java.lang.AssertionError: Response doesn't have ID as a field expected [true] but found [false]
at org.testng.Assert.fail(Assert.java:99)
at org.testng.Assert.failNotEquals(Assert.java:1037)
at org.testng.Assert.assertTrue(Assert.java:45)
at com.learning.testcases.DeleteCustomerTest.doValidationUsingJSONObject(DeleteCustomerTest.java:51)
at com.learning.testcases.DeleteCustomerTest.validateDeleteCustomerAPI(DeleteCustomerTest.java:37)
at sun.reflect.GeneratedMethodAccessor250.invoke(Unknown Source)
at sun.reflect.DelegatingMethodAccessorImpl.invoke(DelegatingMethodAccessorImpl.java:43)
at java.lang.reflect.Method.invoke(Method.java:498)
at org.testng.internal.MethodInvocationHelper.invokeMethod(MethodInvocationHelper.java:132)
at org.testng.internal.TestInvoker.invokeMethod(TestInvoker.java:599)
at org.testng.internal.TestInvoker.invokeTestMethod(TestInvoker.java:174)
at org.testng.internal.TestMethodWithDataProviderMethodWorker.call(TestMethodWithDataProviderMethodWorker.java:77)
at org.testng.internal.TestMethodWithDataProviderMethodWorker.call(TestMethodWithDataProviderMethodWorker.java:15)
at java.util.concurrent.FutureTask.run(FutureTask.java:266)
at java.util.concurrent.Executors$RunnableAdapter.call(Executors.java:511)
at java.util.concurrent.FutureTask.run(FutureTask.java:266)
at java.util.concurrent.ThreadPoolExecutor.runWorker(ThreadPoolExecutor.java:1149)
at java.util.concurrent.ThreadPoolExecutor$Worker.run(ThreadPoolExecutor.java:624)
at java.lang.Thread.run(Thread.java:748)
]]>
    </failure>
  </testcase> <!-- validateDeleteCustomerAPI -->
  <system-out/>
  <testcase name="validateDeleteCustomerAPI" time="1.433" classname="com.learning.testcases.DeleteCustomerTest">
    <failure type="java.lang.AssertionError" message="Response doesn&#039;t have ID as a field expected [true] but found [false]">
      <![CDATA[java.lang.AssertionError: Response doesn't have ID as a field expected [true] but found [false]
at org.testng.Assert.fail(Assert.java:99)
at org.testng.Assert.failNotEquals(Assert.java:1037)
at org.testng.Assert.assertTrue(Assert.java:45)
at com.learning.testcases.DeleteCustomerTest.doValidationUsingJSONObject(DeleteCustomerTest.java:51)
at com.learning.testcases.DeleteCustomerTest.validateDeleteCustomerAPI(DeleteCustomerTest.java:37)
at sun.reflect.GeneratedMethodAccessor250.invoke(Unknown Source)
at sun.reflect.DelegatingMethodAccessorImpl.invoke(DelegatingMethodAccessorImpl.java:43)
at java.lang.reflect.Method.invoke(Method.java:498)
at org.testng.internal.MethodInvocationHelper.invokeMethod(MethodInvocationHelper.java:132)
at org.testng.internal.TestInvoker.invokeMethod(TestInvoker.java:599)
at org.testng.internal.TestInvoker.invokeTestMethod(TestInvoker.java:174)
at org.testng.internal.TestMethodWithDataProviderMethodWorker.call(TestMethodWithDataProviderMethodWorker.java:77)
at org.testng.internal.TestMethodWithDataProviderMethodWorker.call(TestMethodWithDataProviderMethodWorker.java:15)
at java.util.concurrent.FutureTask.run(FutureTask.java:266)
at java.util.concurrent.Executors$RunnableAdapter.call(Executors.java:511)
at java.util.concurrent.FutureTask.run(FutureTask.java:266)
at java.util.concurrent.ThreadPoolExecutor.runWorker(ThreadPoolExecutor.java:1149)
at java.util.concurrent.ThreadPoolExecutor$Worker.run(ThreadPoolExecutor.java:624)
at java.lang.Thread.run(Thread.java:748)
]]>
    </failure>
  </testcase> <!-- validateDeleteCustomerAPI -->
  <system-out/>
  <testcase name="validateDeleteCustomerAPI" time="1.461" classname="com.learning.testcases.DeleteCustomerTest"/>
  <system-out/>
  <testcase name="validateDeleteCustomerAPI" time="1.382" classname="com.learning.testcases.DeleteCustomerTest">
    <failure type="java.lang.AssertionError" message="Response doesn&#039;t have ID as a field expected [true] but found [false]">
      <![CDATA[java.lang.AssertionError: Response doesn't have ID as a field expected [true] but found [false]
at org.testng.Assert.fail(Assert.java:99)
at org.testng.Assert.failNotEquals(Assert.java:1037)
at org.testng.Assert.assertTrue(Assert.java:45)
at com.learning.testcases.DeleteCustomerTest.doValidationUsingJSONObject(DeleteCustomerTest.java:51)
at com.learning.testcases.DeleteCustomerTest.validateDeleteCustomerAPI(DeleteCustomerTest.java:37)
at sun.reflect.GeneratedMethodAccessor250.invoke(Unknown Source)
at sun.reflect.DelegatingMethodAccessorImpl.invoke(DelegatingMethodAccessorImpl.java:43)
at java.lang.reflect.Method.invoke(Method.java:498)
at org.testng.internal.MethodInvocationHelper.invokeMethod(MethodInvocationHelper.java:132)
at org.testng.internal.TestInvoker.invokeMethod(TestInvoker.java:599)
at org.testng.internal.TestInvoker.invokeTestMethod(TestInvoker.java:174)
at org.testng.internal.TestMethodWithDataProviderMethodWorker.call(TestMethodWithDataProviderMethodWorker.java:77)
at org.testng.internal.TestMethodWithDataProviderMethodWorker.call(TestMethodWithDataProviderMethodWorker.java:15)
at java.util.concurrent.FutureTask.run(FutureTask.java:266)
at java.util.concurrent.Executors$RunnableAdapter.call(Executors.java:511)
at java.util.concurrent.FutureTask.run(FutureTask.java:266)
at java.util.concurrent.ThreadPoolExecutor.runWorker(ThreadPoolExecutor.java:1149)
at java.util.concurrent.ThreadPoolExecutor$Worker.run(ThreadPoolExecutor.java:624)
at java.lang.Thread.run(Thread.java:748)
]]>
    </failure>
  </testcase> <!-- validateDeleteCustomerAPI -->
  <system-out/>
  <testcase name="validateDeleteCustomerAPI" time="1.444" classname="com.learning.testcases.DeleteCustomerTest"/>
  <system-out/>
  <testcase name="validateDeleteCustomerAPI" time="1.369" classname="com.learning.testcases.DeleteCustomerTest">
    <failure type="java.lang.AssertionError" message="Response doesn&#039;t have ID as a field expected [true] but found [false]">
      <![CDATA[java.lang.AssertionError: Response doesn't have ID as a field expected [true] but found [false]
at org.testng.Assert.fail(Assert.java:99)
at org.testng.Assert.failNotEquals(Assert.java:1037)
at org.testng.Assert.assertTrue(Assert.java:45)
at com.learning.testcases.DeleteCustomerTest.doValidationUsingJSONObject(DeleteCustomerTest.java:51)
at com.learning.testcases.DeleteCustomerTest.validateDeleteCustomerAPI(DeleteCustomerTest.java:37)
at sun.reflect.GeneratedMethodAccessor250.invoke(Unknown Source)
at sun.reflect.DelegatingMethodAccessorImpl.invoke(DelegatingMethodAccessorImpl.java:43)
at java.lang.reflect.Method.invoke(Method.java:498)
at org.testng.internal.MethodInvocationHelper.invokeMethod(MethodInvocationHelper.java:132)
at org.testng.internal.TestInvoker.invokeMethod(TestInvoker.java:599)
at org.testng.internal.TestInvoker.invokeTestMethod(TestInvoker.java:174)
at org.testng.internal.TestMethodWithDataProviderMethodWorker.call(TestMethodWithDataProviderMethodWorker.java:77)
at org.testng.internal.TestMethodWithDataProviderMethodWorker.call(TestMethodWithDataProviderMethodWorker.java:15)
at java.util.concurrent.FutureTask.run(FutureTask.java:266)
at java.util.concurrent.Executors$RunnableAdapter.call(Executors.java:511)
at java.util.concurrent.FutureTask.run(FutureTask.java:266)
at java.util.concurrent.ThreadPoolExecutor.runWorker(ThreadPoolExecutor.java:1149)
at java.util.concurrent.ThreadPoolExecutor$Worker.run(ThreadPoolExecutor.java:624)
at java.lang.Thread.run(Thread.java:748)
]]>
    </failure>
  </testcase> <!-- validateDeleteCustomerAPI -->
  <system-out/>
  <testcase name="validateDeleteCustomerAPI" time="4.228" classname="com.learning.testcases.DeleteCustomerTest">
    <failure type="java.lang.AssertionError" message="Response doesn&#039;t have ID as a field expected [true] but found [false]">
      <![CDATA[java.lang.AssertionError: Response doesn't have ID as a field expected [true] but found [false]
at org.testng.Assert.fail(Assert.java:99)
at org.testng.Assert.failNotEquals(Assert.java:1037)
at org.testng.Assert.assertTrue(Assert.java:45)
at com.learning.testcases.DeleteCustomerTest.doValidationUsingJSONObject(DeleteCustomerTest.java:51)
at com.learning.testcases.DeleteCustomerTest.validateDeleteCustomerAPI(DeleteCustomerTest.java:37)
at sun.reflect.NativeMethodAccessorImpl.invoke0(Native Method)
at sun.reflect.NativeMethodAccessorImpl.invoke(NativeMethodAccessorImpl.java:62)
at sun.reflect.DelegatingMethodAccessorImpl.invoke(DelegatingMethodAccessorImpl.java:43)
at java.lang.reflect.Method.invoke(Method.java:498)
at org.testng.internal.MethodInvocationHelper.invokeMethod(MethodInvocationHelper.java:132)
at org.testng.internal.TestInvoker.invokeMethod(TestInvoker.java:599)
at org.testng.internal.TestInvoker.invokeTestMethod(TestInvoker.java:174)
at org.testng.internal.TestMethodWithDataProviderMethodWorker.call(TestMethodWithDataProviderMethodWorker.java:77)
at org.testng.internal.TestMethodWithDataProviderMethodWorker.call(TestMethodWithDataProviderMethodWorker.java:15)
at java.util.concurrent.FutureTask.run(FutureTask.java:266)
at java.util.concurrent.Executors$RunnableAdapter.call(Executors.java:511)
at java.util.concurrent.FutureTask.run(FutureTask.java:266)
at java.util.concurrent.ThreadPoolExecutor.runWorker(ThreadPoolExecutor.java:1149)
at java.util.concurrent.ThreadPoolExecutor$Worker.run(ThreadPoolExecutor.java:624)
at java.lang.Thread.run(Thread.java:748)
]]>
    </failure>
  </testcase> <!-- validateDeleteCustomerAPI -->
  <system-out/>
  <testcase name="validateDeleteCustomerAPI" time="4.216" classname="com.learning.testcases.DeleteCustomerTest">
    <failure type="java.lang.AssertionError" message="Response doesn&#039;t have ID as a field expected [true] but found [false]">
      <![CDATA[java.lang.AssertionError: Response doesn't have ID as a field expected [true] but found [false]
at org.testng.Assert.fail(Assert.java:99)
at org.testng.Assert.failNotEquals(Assert.java:1037)
at org.testng.Assert.assertTrue(Assert.java:45)
at com.learning.testcases.DeleteCustomerTest.doValidationUsingJSONObject(DeleteCustomerTest.java:51)
at com.learning.testcases.DeleteCustomerTest.validateDeleteCustomerAPI(DeleteCustomerTest.java:37)
at sun.reflect.NativeMethodAccessorImpl.invoke0(Native Method)
at sun.reflect.NativeMethodAccessorImpl.invoke(NativeMethodAccessorImpl.java:62)
at sun.reflect.DelegatingMethodAccessorImpl.invoke(DelegatingMethodAccessorImpl.java:43)
at java.lang.reflect.Method.invoke(Method.java:498)
at org.testng.internal.MethodInvocationHelper.invokeMethod(MethodInvocationHelper.java:132)
at org.testng.internal.TestInvoker.invokeMethod(TestInvoker.java:599)
at org.testng.internal.TestInvoker.invokeTestMethod(TestInvoker.java:174)
at org.testng.internal.TestMethodWithDataProviderMethodWorker.call(TestMethodWithDataProviderMethodWorker.java:77)
at org.testng.internal.TestMethodWithDataProviderMethodWorker.call(TestMethodWithDataProviderMethodWorker.java:15)
at java.util.concurrent.FutureTask.run(FutureTask.java:266)
at java.util.concurrent.Executors$RunnableAdapter.call(Executors.java:511)
at java.util.concurrent.FutureTask.run(FutureTask.java:266)
at java.util.concurrent.ThreadPoolExecutor.runWorker(ThreadPoolExecutor.java:1149)
at java.util.concurrent.ThreadPoolExecutor$Worker.run(ThreadPoolExecutor.java:624)
at java.lang.Thread.run(Thread.java:748)
]]>
    </failure>
  </testcase> <!-- validateDeleteCustomerAPI -->
  <system-out/>
  <testcase name="validateDeleteCustomerAPI" time="1.434" classname="com.learning.testcases.DeleteCustomerTest">
    <failure type="java.lang.AssertionError" message="Response doesn&#039;t have ID as a field expected [true] but found [false]">
      <![CDATA[java.lang.AssertionError: Response doesn't have ID as a field expected [true] but found [false]
at org.testng.Assert.fail(Assert.java:99)
at org.testng.Assert.failNotEquals(Assert.java:1037)
at org.testng.Assert.assertTrue(Assert.java:45)
at com.learning.testcases.DeleteCustomerTest.doValidationUsingJSONObject(DeleteCustomerTest.java:51)
at com.learning.testcases.DeleteCustomerTest.validateDeleteCustomerAPI(DeleteCustomerTest.java:37)
at sun.reflect.GeneratedMethodAccessor250.invoke(Unknown Source)
at sun.reflect.DelegatingMethodAccessorImpl.invoke(DelegatingMethodAccessorImpl.java:43)
at java.lang.reflect.Method.invoke(Method.java:498)
at org.testng.internal.MethodInvocationHelper.invokeMethod(MethodInvocationHelper.java:132)
at org.testng.internal.TestInvoker.invokeMethod(TestInvoker.java:599)
at org.testng.internal.TestInvoker.invokeTestMethod(TestInvoker.java:174)
at org.testng.internal.TestMethodWithDataProviderMethodWorker.call(TestMethodWithDataProviderMethodWorker.java:77)
at org.testng.internal.TestMethodWithDataProviderMethodWorker.call(TestMethodWithDataProviderMethodWorker.java:15)
at java.util.concurrent.FutureTask.run(FutureTask.java:266)
at java.util.concurrent.Executors$RunnableAdapter.call(Executors.java:511)
at java.util.concurrent.FutureTask.run(FutureTask.java:266)
at java.util.concurrent.ThreadPoolExecutor.runWorker(ThreadPoolExecutor.java:1149)
at java.util.concurrent.ThreadPoolExecutor$Worker.run(ThreadPoolExecutor.java:624)
at java.lang.Thread.run(Thread.java:748)
]]>
    </failure>
  </testcase> <!-- validateDeleteCustomerAPI -->
  <system-out/>
  <testcase name="validateDeleteCustomerAPI" time="1.393" classname="com.learning.testcases.DeleteCustomerTest">
    <failure type="java.lang.AssertionError" message="Response doesn&#039;t have ID as a field expected [true] but found [false]">
      <![CDATA[java.lang.AssertionError: Response doesn't have ID as a field expected [true] but found [false]
at org.testng.Assert.fail(Assert.java:99)
at org.testng.Assert.failNotEquals(Assert.java:1037)
at org.testng.Assert.assertTrue(Assert.java:45)
at com.learning.testcases.DeleteCustomerTest.doValidationUsingJSONObject(DeleteCustomerTest.java:51)
at com.learning.testcases.DeleteCustomerTest.validateDeleteCustomerAPI(DeleteCustomerTest.java:37)
at sun.reflect.GeneratedMethodAccessor250.invoke(Unknown Source)
at sun.reflect.DelegatingMethodAccessorImpl.invoke(DelegatingMethodAccessorImpl.java:43)
at java.lang.reflect.Method.invoke(Method.java:498)
at org.testng.internal.MethodInvocationHelper.invokeMethod(MethodInvocationHelper.java:132)
at org.testng.internal.TestInvoker.invokeMethod(TestInvoker.java:599)
at org.testng.internal.TestInvoker.invokeTestMethod(TestInvoker.java:174)
at org.testng.internal.TestMethodWithDataProviderMethodWorker.call(TestMethodWithDataProviderMethodWorker.java:77)
at org.testng.internal.TestMethodWithDataProviderMethodWorker.call(TestMethodWithDataProviderMethodWorker.java:15)
at java.util.concurrent.FutureTask.run(FutureTask.java:266)
at java.util.concurrent.Executors$RunnableAdapter.call(Executors.java:511)
at java.util.concurrent.FutureTask.run(FutureTask.java:266)
at java.util.concurrent.ThreadPoolExecutor.runWorker(ThreadPoolExecutor.java:1149)
at java.util.concurrent.ThreadPoolExecutor$Worker.run(ThreadPoolExecutor.java:624)
at java.lang.Thread.run(Thread.java:748)
]]>
    </failure>
  </testcase> <!-- validateDeleteCustomerAPI -->
  <system-out/>
  <testcase name="validateDeleteCustomerAPI" time="1.424" classname="com.learning.testcases.DeleteCustomerTest">
    <failure type="java.lang.AssertionError" message="Response doesn&#039;t have ID as a field expected [true] but found [false]">
      <![CDATA[java.lang.AssertionError: Response doesn't have ID as a field expected [true] but found [false]
at org.testng.Assert.fail(Assert.java:99)
at org.testng.Assert.failNotEquals(Assert.java:1037)
at org.testng.Assert.assertTrue(Assert.java:45)
at com.learning.testcases.DeleteCustomerTest.doValidationUsingJSONObject(DeleteCustomerTest.java:51)
at com.learning.testcases.DeleteCustomerTest.validateDeleteCustomerAPI(DeleteCustomerTest.java:37)
at sun.reflect.GeneratedMethodAccessor250.invoke(Unknown Source)
at sun.reflect.DelegatingMethodAccessorImpl.invoke(DelegatingMethodAccessorImpl.java:43)
at java.lang.reflect.Method.invoke(Method.java:498)
at org.testng.internal.MethodInvocationHelper.invokeMethod(MethodInvocationHelper.java:132)
at org.testng.internal.TestInvoker.invokeMethod(TestInvoker.java:599)
at org.testng.internal.TestInvoker.invokeTestMethod(TestInvoker.java:174)
at org.testng.internal.TestMethodWithDataProviderMethodWorker.call(TestMethodWithDataProviderMethodWorker.java:77)
at org.testng.internal.TestMethodWithDataProviderMethodWorker.call(TestMethodWithDataProviderMethodWorker.java:15)
at java.util.concurrent.FutureTask.run(FutureTask.java:266)
at java.util.concurrent.Executors$RunnableAdapter.call(Executors.java:511)
at java.util.concurrent.FutureTask.run(FutureTask.java:266)
at java.util.concurrent.ThreadPoolExecutor.runWorker(ThreadPoolExecutor.java:1149)
at java.util.concurrent.ThreadPoolExecutor$Worker.run(ThreadPoolExecutor.java:624)
at java.lang.Thread.run(Thread.java:748)
]]>
    </failure>
  </testcase> <!-- validateDeleteCustomerAPI -->
  <system-out/>
  <testcase name="validateDeleteCustomerAPI" time="1.438" classname="com.learning.testcases.DeleteCustomerTest">
    <failure type="java.lang.AssertionError" message="Response doesn&#039;t have ID as a field expected [true] but found [false]">
      <![CDATA[java.lang.AssertionError: Response doesn't have ID as a field expected [true] but found [false]
at org.testng.Assert.fail(Assert.java:99)
at org.testng.Assert.failNotEquals(Assert.java:1037)
at org.testng.Assert.assertTrue(Assert.java:45)
at com.learning.testcases.DeleteCustomerTest.doValidationUsingJSONObject(DeleteCustomerTest.java:51)
at com.learning.testcases.DeleteCustomerTest.validateDeleteCustomerAPI(DeleteCustomerTest.java:37)
at sun.reflect.GeneratedMethodAccessor250.invoke(Unknown Source)
at sun.reflect.DelegatingMethodAccessorImpl.invoke(DelegatingMethodAccessorImpl.java:43)
at java.lang.reflect.Method.invoke(Method.java:498)
at org.testng.internal.MethodInvocationHelper.invokeMethod(MethodInvocationHelper.java:132)
at org.testng.internal.TestInvoker.invokeMethod(TestInvoker.java:599)
at org.testng.internal.TestInvoker.invokeTestMethod(TestInvoker.java:174)
at org.testng.internal.TestMethodWithDataProviderMethodWorker.call(TestMethodWithDataProviderMethodWorker.java:77)
at org.testng.internal.TestMethodWithDataProviderMethodWorker.call(TestMethodWithDataProviderMethodWorker.java:15)
at java.util.concurrent.FutureTask.run(FutureTask.java:266)
at java.util.concurrent.Executors$RunnableAdapter.call(Executors.java:511)
at java.util.concurrent.FutureTask.run(FutureTask.java:266)
at java.util.concurrent.ThreadPoolExecutor.runWorker(ThreadPoolExecutor.java:1149)
at java.util.concurrent.ThreadPoolExecutor$Worker.run(ThreadPoolExecutor.java:624)
at java.lang.Thread.run(Thread.java:748)
]]>
    </failure>
  </testcase> <!-- validateDeleteCustomerAPI -->
  <system-out/>
  <testcase name="validateDeleteCustomerAPI" time="1.371" classname="com.learning.testcases.DeleteCustomerTest">
    <failure type="java.lang.AssertionError" message="Response doesn&#039;t have ID as a field expected [true] but found [false]">
      <![CDATA[java.lang.AssertionError: Response doesn't have ID as a field expected [true] but found [false]
at org.testng.Assert.fail(Assert.java:99)
at org.testng.Assert.failNotEquals(Assert.java:1037)
at org.testng.Assert.assertTrue(Assert.java:45)
at com.learning.testcases.DeleteCustomerTest.doValidationUsingJSONObject(DeleteCustomerTest.java:51)
at com.learning.testcases.DeleteCustomerTest.validateDeleteCustomerAPI(DeleteCustomerTest.java:37)
at sun.reflect.GeneratedMethodAccessor250.invoke(Unknown Source)
at sun.reflect.DelegatingMethodAccessorImpl.invoke(DelegatingMethodAccessorImpl.java:43)
at java.lang.reflect.Method.invoke(Method.java:498)
at org.testng.internal.MethodInvocationHelper.invokeMethod(MethodInvocationHelper.java:132)
at org.testng.internal.TestInvoker.invokeMethod(TestInvoker.java:599)
at org.testng.internal.TestInvoker.invokeTestMethod(TestInvoker.java:174)
at org.testng.internal.TestMethodWithDataProviderMethodWorker.call(TestMethodWithDataProviderMethodWorker.java:77)
at org.testng.internal.TestMethodWithDataProviderMethodWorker.call(TestMethodWithDataProviderMethodWorker.java:15)
at java.util.concurrent.FutureTask.run(FutureTask.java:266)
at java.util.concurrent.Executors$RunnableAdapter.call(Executors.java:511)
at java.util.concurrent.FutureTask.run(FutureTask.java:266)
at java.util.concurrent.ThreadPoolExecutor.runWorker(ThreadPoolExecutor.java:1149)
at java.util.concurrent.ThreadPoolExecutor$Worker.run(ThreadPoolExecutor.java:624)
at java.lang.Thread.run(Thread.java:748)
]]>
    </failure>
  </testcase> <!-- validateDeleteCustomerAPI -->
  <system-out/>
  <testcase name="validateDeleteCustomerAPI" time="1.342" classname="com.learning.testcases.DeleteCustomerTest">
    <failure type="java.lang.AssertionError" message="Response doesn&#039;t have ID as a field expected [true] but found [false]">
      <![CDATA[java.lang.AssertionError: Response doesn't have ID as a field expected [true] but found [false]
at org.testng.Assert.fail(Assert.java:99)
at org.testng.Assert.failNotEquals(Assert.java:1037)
at org.testng.Assert.assertTrue(Assert.java:45)
at com.learning.testcases.DeleteCustomerTest.doValidationUsingJSONObject(DeleteCustomerTest.java:51)
at com.learning.testcases.DeleteCustomerTest.validateDeleteCustomerAPI(DeleteCustomerTest.java:37)
at sun.reflect.GeneratedMethodAccessor250.invoke(Unknown Source)
at sun.reflect.DelegatingMethodAccessorImpl.invoke(DelegatingMethodAccessorImpl.java:43)
at java.lang.reflect.Method.invoke(Method.java:498)
at org.testng.internal.MethodInvocationHelper.invokeMethod(MethodInvocationHelper.java:132)
at org.testng.internal.TestInvoker.invokeMethod(TestInvoker.java:599)
at org.testng.internal.TestInvoker.invokeTestMethod(TestInvoker.java:174)
at org.testng.internal.TestMethodWithDataProviderMethodWorker.call(TestMethodWithDataProviderMethodWorker.java:77)
at org.testng.internal.TestMethodWithDataProviderMethodWorker.call(TestMethodWithDataProviderMethodWorker.java:15)
at java.util.concurrent.FutureTask.run(FutureTask.java:266)
at java.util.concurrent.Executors$RunnableAdapter.call(Executors.java:511)
at java.util.concurrent.FutureTask.run(FutureTask.java:266)
at java.util.concurrent.ThreadPoolExecutor.runWorker(ThreadPoolExecutor.java:1149)
at java.util.concurrent.ThreadPoolExecutor$Worker.run(ThreadPoolExecutor.java:624)
at java.lang.Thread.run(Thread.java:748)
]]>
    </failure>
  </testcase> <!-- validateDeleteCustomerAPI -->
  <system-out/>
  <testcase name="validateDeleteCustomerAPI" time="1.365" classname="com.learning.testcases.DeleteCustomerTest">
    <failure type="java.lang.AssertionError" message="Response doesn&#039;t have ID as a field expected [true] but found [false]">
      <![CDATA[java.lang.AssertionError: Response doesn't have ID as a field expected [true] but found [false]
at org.testng.Assert.fail(Assert.java:99)
at org.testng.Assert.failNotEquals(Assert.java:1037)
at org.testng.Assert.assertTrue(Assert.java:45)
at com.learning.testcases.DeleteCustomerTest.doValidationUsingJSONObject(DeleteCustomerTest.java:51)
at com.learning.testcases.DeleteCustomerTest.validateDeleteCustomerAPI(DeleteCustomerTest.java:37)
at sun.reflect.GeneratedMethodAccessor250.invoke(Unknown Source)
at sun.reflect.DelegatingMethodAccessorImpl.invoke(DelegatingMethodAccessorImpl.java:43)
at java.lang.reflect.Method.invoke(Method.java:498)
at org.testng.internal.MethodInvocationHelper.invokeMethod(MethodInvocationHelper.java:132)
at org.testng.internal.TestInvoker.invokeMethod(TestInvoker.java:599)
at org.testng.internal.TestInvoker.invokeTestMethod(TestInvoker.java:174)
at org.testng.internal.TestMethodWithDataProviderMethodWorker.call(TestMethodWithDataProviderMethodWorker.java:77)
at org.testng.internal.TestMethodWithDataProviderMethodWorker.call(TestMethodWithDataProviderMethodWorker.java:15)
at java.util.concurrent.FutureTask.run(FutureTask.java:266)
at java.util.concurrent.Executors$RunnableAdapter.call(Executors.java:511)
at java.util.concurrent.FutureTask.run(FutureTask.java:266)
at java.util.concurrent.ThreadPoolExecutor.runWorker(ThreadPoolExecutor.java:1149)
at java.util.concurrent.ThreadPoolExecutor$Worker.run(ThreadPoolExecutor.java:624)
at java.lang.Thread.run(Thread.java:748)
]]>
    </failure>
  </testcase> <!-- validateDeleteCustomerAPI -->
  <system-out/>
  <testcase name="validateDeleteCustomerAPI" time="1.385" classname="com.learning.testcases.DeleteCustomerTest">
    <failure type="java.lang.AssertionError" message="Response doesn&#039;t have ID as a field expected [true] but found [false]">
      <![CDATA[java.lang.AssertionError: Response doesn't have ID as a field expected [true] but found [false]
at org.testng.Assert.fail(Assert.java:99)
at org.testng.Assert.failNotEquals(Assert.java:1037)
at org.testng.Assert.assertTrue(Assert.java:45)
at com.learning.testcases.DeleteCustomerTest.doValidationUsingJSONObject(DeleteCustomerTest.java:51)
at com.learning.testcases.DeleteCustomerTest.validateDeleteCustomerAPI(DeleteCustomerTest.java:37)
at sun.reflect.GeneratedMethodAccessor250.invoke(Unknown Source)
at sun.reflect.DelegatingMethodAccessorImpl.invoke(DelegatingMethodAccessorImpl.java:43)
at java.lang.reflect.Method.invoke(Method.java:498)
at org.testng.internal.MethodInvocationHelper.invokeMethod(MethodInvocationHelper.java:132)
at org.testng.internal.TestInvoker.invokeMethod(TestInvoker.java:599)
at org.testng.internal.TestInvoker.invokeTestMethod(TestInvoker.java:174)
at org.testng.internal.TestMethodWithDataProviderMethodWorker.call(TestMethodWithDataProviderMethodWorker.java:77)
at org.testng.internal.TestMethodWithDataProviderMethodWorker.call(TestMethodWithDataProviderMethodWorker.java:15)
at java.util.concurrent.FutureTask.run(FutureTask.java:266)
at java.util.concurrent.Executors$RunnableAdapter.call(Executors.java:511)
at java.util.concurrent.FutureTask.run(FutureTask.java:266)
at java.util.concurrent.ThreadPoolExecutor.runWorker(ThreadPoolExecutor.java:1149)
at java.util.concurrent.ThreadPoolExecutor$Worker.run(ThreadPoolExecutor.java:624)
at java.lang.Thread.run(Thread.java:748)
]]>
    </failure>
  </testcase> <!-- validateDeleteCustomerAPI -->
  <system-out/>
  <testcase name="validateDeleteCustomerAPI" time="1.429" classname="com.learning.testcases.DeleteCustomerTest">
    <failure type="java.lang.AssertionError" message="Response doesn&#039;t have ID as a field expected [true] but found [false]">
      <![CDATA[java.lang.AssertionError: Response doesn't have ID as a field expected [true] but found [false]
at org.testng.Assert.fail(Assert.java:99)
at org.testng.Assert.failNotEquals(Assert.java:1037)
at org.testng.Assert.assertTrue(Assert.java:45)
at com.learning.testcases.DeleteCustomerTest.doValidationUsingJSONObject(DeleteCustomerTest.java:51)
at com.learning.testcases.DeleteCustomerTest.validateDeleteCustomerAPI(DeleteCustomerTest.java:37)
at sun.reflect.GeneratedMethodAccessor250.invoke(Unknown Source)
at sun.reflect.DelegatingMethodAccessorImpl.invoke(DelegatingMethodAccessorImpl.java:43)
at java.lang.reflect.Method.invoke(Method.java:498)
at org.testng.internal.MethodInvocationHelper.invokeMethod(MethodInvocationHelper.java:132)
at org.testng.internal.TestInvoker.invokeMethod(TestInvoker.java:599)
at org.testng.internal.TestInvoker.invokeTestMethod(TestInvoker.java:174)
at org.testng.internal.TestMethodWithDataProviderMethodWorker.call(TestMethodWithDataProviderMethodWorker.java:77)
at org.testng.internal.TestMethodWithDataProviderMethodWorker.call(TestMethodWithDataProviderMethodWorker.java:15)
at java.util.concurrent.FutureTask.run(FutureTask.java:266)
at java.util.concurrent.Executors$RunnableAdapter.call(Executors.java:511)
at java.util.concurrent.FutureTask.run(FutureTask.java:266)
at java.util.concurrent.ThreadPoolExecutor.runWorker(ThreadPoolExecutor.java:1149)
at java.util.concurrent.ThreadPoolExecutor$Worker.run(ThreadPoolExecutor.java:624)
at java.lang.Thread.run(Thread.java:748)
]]>
    </failure>
  </testcase> <!-- validateDeleteCustomerAPI -->
  <system-out/>
  <testcase name="validateDeleteCustomerAPI" time="1.367" classname="com.learning.testcases.DeleteCustomerTest">
    <failure type="java.lang.AssertionError" message="Response doesn&#039;t have ID as a field expected [true] but found [false]">
      <![CDATA[java.lang.AssertionError: Response doesn't have ID as a field expected [true] but found [false]
at org.testng.Assert.fail(Assert.java:99)
at org.testng.Assert.failNotEquals(Assert.java:1037)
at org.testng.Assert.assertTrue(Assert.java:45)
at com.learning.testcases.DeleteCustomerTest.doValidationUsingJSONObject(DeleteCustomerTest.java:51)
at com.learning.testcases.DeleteCustomerTest.validateDeleteCustomerAPI(DeleteCustomerTest.java:37)
at sun.reflect.GeneratedMethodAccessor250.invoke(Unknown Source)
at sun.reflect.DelegatingMethodAccessorImpl.invoke(DelegatingMethodAccessorImpl.java:43)
at java.lang.reflect.Method.invoke(Method.java:498)
at org.testng.internal.MethodInvocationHelper.invokeMethod(MethodInvocationHelper.java:132)
at org.testng.internal.TestInvoker.invokeMethod(TestInvoker.java:599)
at org.testng.internal.TestInvoker.invokeTestMethod(TestInvoker.java:174)
at org.testng.internal.TestMethodWithDataProviderMethodWorker.call(TestMethodWithDataProviderMethodWorker.java:77)
at org.testng.internal.TestMethodWithDataProviderMethodWorker.call(TestMethodWithDataProviderMethodWorker.java:15)
at java.util.concurrent.FutureTask.run(FutureTask.java:266)
at java.util.concurrent.Executors$RunnableAdapter.call(Executors.java:511)
at java.util.concurrent.FutureTask.run(FutureTask.java:266)
at java.util.concurrent.ThreadPoolExecutor.runWorker(ThreadPoolExecutor.java:1149)
at java.util.concurrent.ThreadPoolExecutor$Worker.run(ThreadPoolExecutor.java:624)
at java.lang.Thread.run(Thread.java:748)
]]>
    </failure>
  </testcase> <!-- validateDeleteCustomerAPI -->
  <system-out/>
  <testcase name="validateDeleteCustomerAPI" time="1.466" classname="com.learning.testcases.DeleteCustomerTest"/>
  <system-out/>
  <testcase name="validateDeleteCustomerAPI" time="1.451" classname="com.learning.testcases.DeleteCustomerTest">
    <failure type="java.lang.AssertionError" message="Response doesn&#039;t have ID as a field expected [true] but found [false]">
      <![CDATA[java.lang.AssertionError: Response doesn't have ID as a field expected [true] but found [false]
at org.testng.Assert.fail(Assert.java:99)
at org.testng.Assert.failNotEquals(Assert.java:1037)
at org.testng.Assert.assertTrue(Assert.java:45)
at com.learning.testcases.DeleteCustomerTest.doValidationUsingJSONObject(DeleteCustomerTest.java:51)
at com.learning.testcases.DeleteCustomerTest.validateDeleteCustomerAPI(DeleteCustomerTest.java:37)
at sun.reflect.GeneratedMethodAccessor250.invoke(Unknown Source)
at sun.reflect.DelegatingMethodAccessorImpl.invoke(DelegatingMethodAccessorImpl.java:43)
at java.lang.reflect.Method.invoke(Method.java:498)
at org.testng.internal.MethodInvocationHelper.invokeMethod(MethodInvocationHelper.java:132)
at org.testng.internal.TestInvoker.invokeMethod(TestInvoker.java:599)
at org.testng.internal.TestInvoker.invokeTestMethod(TestInvoker.java:174)
at org.testng.internal.TestMethodWithDataProviderMethodWorker.call(TestMethodWithDataProviderMethodWorker.java:77)
at org.testng.internal.TestMethodWithDataProviderMethodWorker.call(TestMethodWithDataProviderMethodWorker.java:15)
at java.util.concurrent.FutureTask.run(FutureTask.java:266)
at java.util.concurrent.Executors$RunnableAdapter.call(Executors.java:511)
at java.util.concurrent.FutureTask.run(FutureTask.java:266)
at java.util.concurrent.ThreadPoolExecutor.runWorker(ThreadPoolExecutor.java:1149)
at java.util.concurrent.ThreadPoolExecutor$Worker.run(ThreadPoolExecutor.java:624)
at java.lang.Thread.run(Thread.java:748)
]]>
    </failure>
  </testcase> <!-- validateDeleteCustomerAPI -->
  <system-out/>
  <testcase name="validateDeleteCustomerAPI" time="1.370" classname="com.learning.testcases.DeleteCustomerTest">
    <failure type="java.lang.AssertionError" message="Response doesn&#039;t have ID as a field expected [true] but found [false]">
      <![CDATA[java.lang.AssertionError: Response doesn't have ID as a field expected [true] but found [false]
at org.testng.Assert.fail(Assert.java:99)
at org.testng.Assert.failNotEquals(Assert.java:1037)
at org.testng.Assert.assertTrue(Assert.java:45)
at com.learning.testcases.DeleteCustomerTest.doValidationUsingJSONObject(DeleteCustomerTest.java:51)
at com.learning.testcases.DeleteCustomerTest.validateDeleteCustomerAPI(DeleteCustomerTest.java:37)
at sun.reflect.GeneratedMethodAccessor250.invoke(Unknown Source)
at sun.reflect.DelegatingMethodAccessorImpl.invoke(DelegatingMethodAccessorImpl.java:43)
at java.lang.reflect.Method.invoke(Method.java:498)
at org.testng.internal.MethodInvocationHelper.invokeMethod(MethodInvocationHelper.java:132)
at org.testng.internal.TestInvoker.invokeMethod(TestInvoker.java:599)
at org.testng.internal.TestInvoker.invokeTestMethod(TestInvoker.java:174)
at org.testng.internal.TestMethodWithDataProviderMethodWorker.call(TestMethodWithDataProviderMethodWorker.java:77)
at org.testng.internal.TestMethodWithDataProviderMethodWorker.call(TestMethodWithDataProviderMethodWorker.java:15)
at java.util.concurrent.FutureTask.run(FutureTask.java:266)
at java.util.concurrent.Executors$RunnableAdapter.call(Executors.java:511)
at java.util.concurrent.FutureTask.run(FutureTask.java:266)
at java.util.concurrent.ThreadPoolExecutor.runWorker(ThreadPoolExecutor.java:1149)
at java.util.concurrent.ThreadPoolExecutor$Worker.run(ThreadPoolExecutor.java:624)
at java.lang.Thread.run(Thread.java:748)
]]>
    </failure>
  </testcase> <!-- validateDeleteCustomerAPI -->
  <system-out/>
  <testcase name="validateDeleteCustomerAPI" time="1.392" classname="com.learning.testcases.DeleteCustomerTest">
    <failure type="java.lang.AssertionError" message="Response doesn&#039;t have ID as a field expected [true] but found [false]">
      <![CDATA[java.lang.AssertionError: Response doesn't have ID as a field expected [true] but found [false]
at org.testng.Assert.fail(Assert.java:99)
at org.testng.Assert.failNotEquals(Assert.java:1037)
at org.testng.Assert.assertTrue(Assert.java:45)
at com.learning.testcases.DeleteCustomerTest.doValidationUsingJSONObject(DeleteCustomerTest.java:51)
at com.learning.testcases.DeleteCustomerTest.validateDeleteCustomerAPI(DeleteCustomerTest.java:37)
at sun.reflect.GeneratedMethodAccessor250.invoke(Unknown Source)
at sun.reflect.DelegatingMethodAccessorImpl.invoke(DelegatingMethodAccessorImpl.java:43)
at java.lang.reflect.Method.invoke(Method.java:498)
at org.testng.internal.MethodInvocationHelper.invokeMethod(MethodInvocationHelper.java:132)
at org.testng.internal.TestInvoker.invokeMethod(TestInvoker.java:599)
at org.testng.internal.TestInvoker.invokeTestMethod(TestInvoker.java:174)
at org.testng.internal.TestMethodWithDataProviderMethodWorker.call(TestMethodWithDataProviderMethodWorker.java:77)
at org.testng.internal.TestMethodWithDataProviderMethodWorker.call(TestMethodWithDataProviderMethodWorker.java:15)
at java.util.concurrent.FutureTask.run(FutureTask.java:266)
at java.util.concurrent.Executors$RunnableAdapter.call(Executors.java:511)
at java.util.concurrent.FutureTask.run(FutureTask.java:266)
at java.util.concurrent.ThreadPoolExecutor.runWorker(ThreadPoolExecutor.java:1149)
at java.util.concurrent.ThreadPoolExecutor$Worker.run(ThreadPoolExecutor.java:624)
at java.lang.Thread.run(Thread.java:748)
]]>
    </failure>
  </testcase> <!-- validateDeleteCustomerAPI -->
  <system-out/>
  <testcase name="validateDeleteCustomerAPI" time="1.341" classname="com.learning.testcases.DeleteCustomerTest">
    <failure type="java.lang.AssertionError" message="Response doesn&#039;t have ID as a field expected [true] but found [false]">
      <![CDATA[java.lang.AssertionError: Response doesn't have ID as a field expected [true] but found [false]
at org.testng.Assert.fail(Assert.java:99)
at org.testng.Assert.failNotEquals(Assert.java:1037)
at org.testng.Assert.assertTrue(Assert.java:45)
at com.learning.testcases.DeleteCustomerTest.doValidationUsingJSONObject(DeleteCustomerTest.java:51)
at com.learning.testcases.DeleteCustomerTest.validateDeleteCustomerAPI(DeleteCustomerTest.java:37)
at sun.reflect.GeneratedMethodAccessor250.invoke(Unknown Source)
at sun.reflect.DelegatingMethodAccessorImpl.invoke(DelegatingMethodAccessorImpl.java:43)
at java.lang.reflect.Method.invoke(Method.java:498)
at org.testng.internal.MethodInvocationHelper.invokeMethod(MethodInvocationHelper.java:132)
at org.testng.internal.TestInvoker.invokeMethod(TestInvoker.java:599)
at org.testng.internal.TestInvoker.invokeTestMethod(TestInvoker.java:174)
at org.testng.internal.TestMethodWithDataProviderMethodWorker.call(TestMethodWithDataProviderMethodWorker.java:77)
at org.testng.internal.TestMethodWithDataProviderMethodWorker.call(TestMethodWithDataProviderMethodWorker.java:15)
at java.util.concurrent.FutureTask.run(FutureTask.java:266)
at java.util.concurrent.Executors$RunnableAdapter.call(Executors.java:511)
at java.util.concurrent.FutureTask.run(FutureTask.java:266)
at java.util.concurrent.ThreadPoolExecutor.runWorker(ThreadPoolExecutor.java:1149)
at java.util.concurrent.ThreadPoolExecutor$Worker.run(ThreadPoolExecutor.java:624)
at java.lang.Thread.run(Thread.java:748)
]]>
    </failure>
  </testcase> <!-- validateDeleteCustomerAPI -->
  <system-out/>
  <testcase name="validateDeleteCustomerAPI" time="1.400" classname="com.learning.testcases.DeleteCustomerTest">
    <failure type="java.lang.AssertionError" message="Response doesn&#039;t have ID as a field expected [true] but found [false]">
      <![CDATA[java.lang.AssertionError: Response doesn't have ID as a field expected [true] but found [false]
at org.testng.Assert.fail(Assert.java:99)
at org.testng.Assert.failNotEquals(Assert.java:1037)
at org.testng.Assert.assertTrue(Assert.java:45)
at com.learning.testcases.DeleteCustomerTest.doValidationUsingJSONObject(DeleteCustomerTest.java:51)
at com.learning.testcases.DeleteCustomerTest.validateDeleteCustomerAPI(DeleteCustomerTest.java:37)
at sun.reflect.GeneratedMethodAccessor250.invoke(Unknown Source)
at sun.reflect.DelegatingMethodAccessorImpl.invoke(DelegatingMethodAccessorImpl.java:43)
at java.lang.reflect.Method.invoke(Method.java:498)
at org.testng.internal.MethodInvocationHelper.invokeMethod(MethodInvocationHelper.java:132)
at org.testng.internal.TestInvoker.invokeMethod(TestInvoker.java:599)
at org.testng.internal.TestInvoker.invokeTestMethod(TestInvoker.java:174)
at org.testng.internal.TestMethodWithDataProviderMethodWorker.call(TestMethodWithDataProviderMethodWorker.java:77)
at org.testng.internal.TestMethodWithDataProviderMethodWorker.call(TestMethodWithDataProviderMethodWorker.java:15)
at java.util.concurrent.FutureTask.run(FutureTask.java:266)
at java.util.concurrent.Executors$RunnableAdapter.call(Executors.java:511)
at java.util.concurrent.FutureTask.run(FutureTask.java:266)
at java.util.concurrent.ThreadPoolExecutor.runWorker(ThreadPoolExecutor.java:1149)
at java.util.concurrent.ThreadPoolExecutor$Worker.run(ThreadPoolExecutor.java:624)
at java.lang.Thread.run(Thread.java:748)
]]>
    </failure>
  </testcase> <!-- validateDeleteCustomerAPI -->
  <system-out/>
  <testcase name="validateDeleteCustomerAPI" time="1.353" classname="com.learning.testcases.DeleteCustomerTest">
    <failure type="java.lang.AssertionError" message="Response doesn&#039;t have ID as a field expected [true] but found [false]">
      <![CDATA[java.lang.AssertionError: Response doesn't have ID as a field expected [true] but found [false]
at org.testng.Assert.fail(Assert.java:99)
at org.testng.Assert.failNotEquals(Assert.java:1037)
at org.testng.Assert.assertTrue(Assert.java:45)
at com.learning.testcases.DeleteCustomerTest.doValidationUsingJSONObject(DeleteCustomerTest.java:51)
at com.learning.testcases.DeleteCustomerTest.validateDeleteCustomerAPI(DeleteCustomerTest.java:37)
at sun.reflect.GeneratedMethodAccessor250.invoke(Unknown Source)
at sun.reflect.DelegatingMethodAccessorImpl.invoke(DelegatingMethodAccessorImpl.java:43)
at java.lang.reflect.Method.invoke(Method.java:498)
at org.testng.internal.MethodInvocationHelper.invokeMethod(MethodInvocationHelper.java:132)
at org.testng.internal.TestInvoker.invokeMethod(TestInvoker.java:599)
at org.testng.internal.TestInvoker.invokeTestMethod(TestInvoker.java:174)
at org.testng.internal.TestMethodWithDataProviderMethodWorker.call(TestMethodWithDataProviderMethodWorker.java:77)
at org.testng.internal.TestMethodWithDataProviderMethodWorker.call(TestMethodWithDataProviderMethodWorker.java:15)
at java.util.concurrent.FutureTask.run(FutureTask.java:266)
at java.util.concurrent.Executors$RunnableAdapter.call(Executors.java:511)
at java.util.concurrent.FutureTask.run(FutureTask.java:266)
at java.util.concurrent.ThreadPoolExecutor.runWorker(ThreadPoolExecutor.java:1149)
at java.util.concurrent.ThreadPoolExecutor$Worker.run(ThreadPoolExecutor.java:624)
at java.lang.Thread.run(Thread.java:748)
]]>
    </failure>
  </testcase> <!-- validateDeleteCustomerAPI -->
  <system-out/>
  <testcase name="validateDeleteCustomerAPI" time="1.577" classname="com.learning.testcases.DeleteCustomerTest"/>
  <system-out/>
  <testcase name="validateDeleteCustomerAPI" time="1.461" classname="com.learning.testcases.DeleteCustomerTest">
    <failure type="java.lang.AssertionError" message="Response doesn&#039;t have ID as a field expected [true] but found [false]">
      <![CDATA[java.lang.AssertionError: Response doesn't have ID as a field expected [true] but found [false]
at org.testng.Assert.fail(Assert.java:99)
at org.testng.Assert.failNotEquals(Assert.java:1037)
at org.testng.Assert.assertTrue(Assert.java:45)
at com.learning.testcases.DeleteCustomerTest.doValidationUsingJSONObject(DeleteCustomerTest.java:51)
at com.learning.testcases.DeleteCustomerTest.validateDeleteCustomerAPI(DeleteCustomerTest.java:37)
at sun.reflect.GeneratedMethodAccessor250.invoke(Unknown Source)
at sun.reflect.DelegatingMethodAccessorImpl.invoke(DelegatingMethodAccessorImpl.java:43)
at java.lang.reflect.Method.invoke(Method.java:498)
at org.testng.internal.MethodInvocationHelper.invokeMethod(MethodInvocationHelper.java:132)
at org.testng.internal.TestInvoker.invokeMethod(TestInvoker.java:599)
at org.testng.internal.TestInvoker.invokeTestMethod(TestInvoker.java:174)
at org.testng.internal.TestMethodWithDataProviderMethodWorker.call(TestMethodWithDataProviderMethodWorker.java:77)
at org.testng.internal.TestMethodWithDataProviderMethodWorker.call(TestMethodWithDataProviderMethodWorker.java:15)
at java.util.concurrent.FutureTask.run(FutureTask.java:266)
at java.util.concurrent.Executors$RunnableAdapter.call(Executors.java:511)
at java.util.concurrent.FutureTask.run(FutureTask.java:266)
at java.util.concurrent.ThreadPoolExecutor.runWorker(ThreadPoolExecutor.java:1149)
at java.util.concurrent.ThreadPoolExecutor$Worker.run(ThreadPoolExecutor.java:624)
at java.lang.Thread.run(Thread.java:748)
]]>
    </failure>
  </testcase> <!-- validateDeleteCustomerAPI -->
  <system-out/>
  <testcase name="validateDeleteCustomerAPI" time="1.374" classname="com.learning.testcases.DeleteCustomerTest">
    <failure type="java.lang.AssertionError" message="Response doesn&#039;t have ID as a field expected [true] but found [false]">
      <![CDATA[java.lang.AssertionError: Response doesn't have ID as a field expected [true] but found [false]
at org.testng.Assert.fail(Assert.java:99)
at org.testng.Assert.failNotEquals(Assert.java:1037)
at org.testng.Assert.assertTrue(Assert.java:45)
at com.learning.testcases.DeleteCustomerTest.doValidationUsingJSONObject(DeleteCustomerTest.java:51)
at com.learning.testcases.DeleteCustomerTest.validateDeleteCustomerAPI(DeleteCustomerTest.java:37)
at sun.reflect.GeneratedMethodAccessor250.invoke(Unknown Source)
at sun.reflect.DelegatingMethodAccessorImpl.invoke(DelegatingMethodAccessorImpl.java:43)
at java.lang.reflect.Method.invoke(Method.java:498)
at org.testng.internal.MethodInvocationHelper.invokeMethod(MethodInvocationHelper.java:132)
at org.testng.internal.TestInvoker.invokeMethod(TestInvoker.java:599)
at org.testng.internal.TestInvoker.invokeTestMethod(TestInvoker.java:174)
at org.testng.internal.TestMethodWithDataProviderMethodWorker.call(TestMethodWithDataProviderMethodWorker.java:77)
at org.testng.internal.TestMethodWithDataProviderMethodWorker.call(TestMethodWithDataProviderMethodWorker.java:15)
at java.util.concurrent.FutureTask.run(FutureTask.java:266)
at java.util.concurrent.Executors$RunnableAdapter.call(Executors.java:511)
at java.util.concurrent.FutureTask.run(FutureTask.java:266)
at java.util.concurrent.ThreadPoolExecutor.runWorker(ThreadPoolExecutor.java:1149)
at java.util.concurrent.ThreadPoolExecutor$Worker.run(ThreadPoolExecutor.java:624)
at java.lang.Thread.run(Thread.java:748)
]]>
    </failure>
  </testcase> <!-- validateDeleteCustomerAPI -->
  <system-out/>
  <testcase name="validateDeleteCustomerAPI" time="1.474" classname="com.learning.testcases.DeleteCustomerTest"/>
  <system-out/>
  <testcase name="validateDeleteCustomerAPI" time="1.451" classname="com.learning.testcases.DeleteCustomerTest">
    <failure type="java.lang.AssertionError" message="Response doesn&#039;t have ID as a field expected [true] but found [false]">
      <![CDATA[java.lang.AssertionError: Response doesn't have ID as a field expected [true] but found [false]
at org.testng.Assert.fail(Assert.java:99)
at org.testng.Assert.failNotEquals(Assert.java:1037)
at org.testng.Assert.assertTrue(Assert.java:45)
at com.learning.testcases.DeleteCustomerTest.doValidationUsingJSONObject(DeleteCustomerTest.java:51)
at com.learning.testcases.DeleteCustomerTest.validateDeleteCustomerAPI(DeleteCustomerTest.java:37)
at sun.reflect.GeneratedMethodAccessor250.invoke(Unknown Source)
at sun.reflect.DelegatingMethodAccessorImpl.invoke(DelegatingMethodAccessorImpl.java:43)
at java.lang.reflect.Method.invoke(Method.java:498)
at org.testng.internal.MethodInvocationHelper.invokeMethod(MethodInvocationHelper.java:132)
at org.testng.internal.TestInvoker.invokeMethod(TestInvoker.java:599)
at org.testng.internal.TestInvoker.invokeTestMethod(TestInvoker.java:174)
at org.testng.internal.TestMethodWithDataProviderMethodWorker.call(TestMethodWithDataProviderMethodWorker.java:77)
at org.testng.internal.TestMethodWithDataProviderMethodWorker.call(TestMethodWithDataProviderMethodWorker.java:15)
at java.util.concurrent.FutureTask.run(FutureTask.java:266)
at java.util.concurrent.Executors$RunnableAdapter.call(Executors.java:511)
at java.util.concurrent.FutureTask.run(FutureTask.java:266)
at java.util.concurrent.ThreadPoolExecutor.runWorker(ThreadPoolExecutor.java:1149)
at java.util.concurrent.ThreadPoolExecutor$Worker.run(ThreadPoolExecutor.java:624)
at java.lang.Thread.run(Thread.java:748)
]]>
    </failure>
  </testcase> <!-- validateDeleteCustomerAPI -->
  <system-out/>
  <testcase name="validateDeleteCustomerAPI" time="1.512" classname="com.learning.testcases.DeleteCustomerTest"/>
  <system-out/>
  <testcase name="validateDeleteCustomerAPI" time="1.411" classname="com.learning.testcases.DeleteCustomerTest">
    <failure type="java.lang.AssertionError" message="Response doesn&#039;t have ID as a field expected [true] but found [false]">
      <![CDATA[java.lang.AssertionError: Response doesn't have ID as a field expected [true] but found [false]
at org.testng.Assert.fail(Assert.java:99)
at org.testng.Assert.failNotEquals(Assert.java:1037)
at org.testng.Assert.assertTrue(Assert.java:45)
at com.learning.testcases.DeleteCustomerTest.doValidationUsingJSONObject(DeleteCustomerTest.java:51)
at com.learning.testcases.DeleteCustomerTest.validateDeleteCustomerAPI(DeleteCustomerTest.java:37)
at sun.reflect.GeneratedMethodAccessor250.invoke(Unknown Source)
at sun.reflect.DelegatingMethodAccessorImpl.invoke(DelegatingMethodAccessorImpl.java:43)
at java.lang.reflect.Method.invoke(Method.java:498)
at org.testng.internal.MethodInvocationHelper.invokeMethod(MethodInvocationHelper.java:132)
at org.testng.internal.TestInvoker.invokeMethod(TestInvoker.java:599)
at org.testng.internal.TestInvoker.invokeTestMethod(TestInvoker.java:174)
at org.testng.internal.TestMethodWithDataProviderMethodWorker.call(TestMethodWithDataProviderMethodWorker.java:77)
at org.testng.internal.TestMethodWithDataProviderMethodWorker.call(TestMethodWithDataProviderMethodWorker.java:15)
at java.util.concurrent.FutureTask.run(FutureTask.java:266)
at java.util.concurrent.Executors$RunnableAdapter.call(Executors.java:511)
at java.util.concurrent.FutureTask.run(FutureTask.java:266)
at java.util.concurrent.ThreadPoolExecutor.runWorker(ThreadPoolExecutor.java:1149)
at java.util.concurrent.ThreadPoolExecutor$Worker.run(ThreadPoolExecutor.java:624)
at java.lang.Thread.run(Thread.java:748)
]]>
    </failure>
  </testcase> <!-- validateDeleteCustomerAPI -->
  <system-out/>
  <testcase name="validateDeleteCustomerAPI" time="1.501" classname="com.learning.testcases.DeleteCustomerTest">
    <failure type="java.lang.AssertionError" message="Response doesn&#039;t have ID as a field expected [true] but found [false]">
      <![CDATA[java.lang.AssertionError: Response doesn't have ID as a field expected [true] but found [false]
at org.testng.Assert.fail(Assert.java:99)
at org.testng.Assert.failNotEquals(Assert.java:1037)
at org.testng.Assert.assertTrue(Assert.java:45)
at com.learning.testcases.DeleteCustomerTest.doValidationUsingJSONObject(DeleteCustomerTest.java:51)
at com.learning.testcases.DeleteCustomerTest.validateDeleteCustomerAPI(DeleteCustomerTest.java:37)
at sun.reflect.GeneratedMethodAccessor250.invoke(Unknown Source)
at sun.reflect.DelegatingMethodAccessorImpl.invoke(DelegatingMethodAccessorImpl.java:43)
at java.lang.reflect.Method.invoke(Method.java:498)
at org.testng.internal.MethodInvocationHelper.invokeMethod(MethodInvocationHelper.java:132)
at org.testng.internal.TestInvoker.invokeMethod(TestInvoker.java:599)
at org.testng.internal.TestInvoker.invokeTestMethod(TestInvoker.java:174)
at org.testng.internal.TestMethodWithDataProviderMethodWorker.call(TestMethodWithDataProviderMethodWorker.java:77)
at org.testng.internal.TestMethodWithDataProviderMethodWorker.call(TestMethodWithDataProviderMethodWorker.java:15)
at java.util.concurrent.FutureTask.run(FutureTask.java:266)
at java.util.concurrent.Executors$RunnableAdapter.call(Executors.java:511)
at java.util.concurrent.FutureTask.run(FutureTask.java:266)
at java.util.concurrent.ThreadPoolExecutor.runWorker(ThreadPoolExecutor.java:1149)
at java.util.concurrent.ThreadPoolExecutor$Worker.run(ThreadPoolExecutor.java:624)
at java.lang.Thread.run(Thread.java:748)
]]>
    </failure>
  </testcase> <!-- validateDeleteCustomerAPI -->
  <system-out/>
  <testcase name="validateDeleteCustomerAPI" time="1.384" classname="com.learning.testcases.DeleteCustomerTest">
    <failure type="java.lang.AssertionError" message="Response doesn&#039;t have ID as a field expected [true] but found [false]">
      <![CDATA[java.lang.AssertionError: Response doesn't have ID as a field expected [true] but found [false]
at org.testng.Assert.fail(Assert.java:99)
at org.testng.Assert.failNotEquals(Assert.java:1037)
at org.testng.Assert.assertTrue(Assert.java:45)
at com.learning.testcases.DeleteCustomerTest.doValidationUsingJSONObject(DeleteCustomerTest.java:51)
at com.learning.testcases.DeleteCustomerTest.validateDeleteCustomerAPI(DeleteCustomerTest.java:37)
at sun.reflect.GeneratedMethodAccessor250.invoke(Unknown Source)
at sun.reflect.DelegatingMethodAccessorImpl.invoke(DelegatingMethodAccessorImpl.java:43)
at java.lang.reflect.Method.invoke(Method.java:498)
at org.testng.internal.MethodInvocationHelper.invokeMethod(MethodInvocationHelper.java:132)
at org.testng.internal.TestInvoker.invokeMethod(TestInvoker.java:599)
at org.testng.internal.TestInvoker.invokeTestMethod(TestInvoker.java:174)
at org.testng.internal.TestMethodWithDataProviderMethodWorker.call(TestMethodWithDataProviderMethodWorker.java:77)
at org.testng.internal.TestMethodWithDataProviderMethodWorker.call(TestMethodWithDataProviderMethodWorker.java:15)
at java.util.concurrent.FutureTask.run(FutureTask.java:266)
at java.util.concurrent.Executors$RunnableAdapter.call(Executors.java:511)
at java.util.concurrent.FutureTask.run(FutureTask.java:266)
at java.util.concurrent.ThreadPoolExecutor.runWorker(ThreadPoolExecutor.java:1149)
at java.util.concurrent.ThreadPoolExecutor$Worker.run(ThreadPoolExecutor.java:624)
at java.lang.Thread.run(Thread.java:748)
]]>
    </failure>
  </testcase> <!-- validateDeleteCustomerAPI -->
  <system-out/>
  <testcase name="validateDeleteCustomerAPI" time="1.393" classname="com.learning.testcases.DeleteCustomerTest">
    <failure type="java.lang.AssertionError" message="Response doesn&#039;t have ID as a field expected [true] but found [false]">
      <![CDATA[java.lang.AssertionError: Response doesn't have ID as a field expected [true] but found [false]
at org.testng.Assert.fail(Assert.java:99)
at org.testng.Assert.failNotEquals(Assert.java:1037)
at org.testng.Assert.assertTrue(Assert.java:45)
at com.learning.testcases.DeleteCustomerTest.doValidationUsingJSONObject(DeleteCustomerTest.java:51)
at com.learning.testcases.DeleteCustomerTest.validateDeleteCustomerAPI(DeleteCustomerTest.java:37)
at sun.reflect.GeneratedMethodAccessor250.invoke(Unknown Source)
at sun.reflect.DelegatingMethodAccessorImpl.invoke(DelegatingMethodAccessorImpl.java:43)
at java.lang.reflect.Method.invoke(Method.java:498)
at org.testng.internal.MethodInvocationHelper.invokeMethod(MethodInvocationHelper.java:132)
at org.testng.internal.TestInvoker.invokeMethod(TestInvoker.java:599)
at org.testng.internal.TestInvoker.invokeTestMethod(TestInvoker.java:174)
at org.testng.internal.TestMethodWithDataProviderMethodWorker.call(TestMethodWithDataProviderMethodWorker.java:77)
at org.testng.internal.TestMethodWithDataProviderMethodWorker.call(TestMethodWithDataProviderMethodWorker.java:15)
at java.util.concurrent.FutureTask.run(FutureTask.java:266)
at java.util.concurrent.Executors$RunnableAdapter.call(Executors.java:511)
at java.util.concurrent.FutureTask.run(FutureTask.java:266)
at java.util.concurrent.ThreadPoolExecutor.runWorker(ThreadPoolExecutor.java:1149)
at java.util.concurrent.ThreadPoolExecutor$Worker.run(ThreadPoolExecutor.java:624)
at java.lang.Thread.run(Thread.java:748)
]]>
    </failure>
  </testcase> <!-- validateDeleteCustomerAPI -->
  <system-out/>
  <testcase name="validateDeleteCustomerAPI" time="1.374" classname="com.learning.testcases.DeleteCustomerTest">
    <failure type="java.lang.AssertionError" message="Response doesn&#039;t have ID as a field expected [true] but found [false]">
      <![CDATA[java.lang.AssertionError: Response doesn't have ID as a field expected [true] but found [false]
at org.testng.Assert.fail(Assert.java:99)
at org.testng.Assert.failNotEquals(Assert.java:1037)
at org.testng.Assert.assertTrue(Assert.java:45)
at com.learning.testcases.DeleteCustomerTest.doValidationUsingJSONObject(DeleteCustomerTest.java:51)
at com.learning.testcases.DeleteCustomerTest.validateDeleteCustomerAPI(DeleteCustomerTest.java:37)
at sun.reflect.GeneratedMethodAccessor250.invoke(Unknown Source)
at sun.reflect.DelegatingMethodAccessorImpl.invoke(DelegatingMethodAccessorImpl.java:43)
at java.lang.reflect.Method.invoke(Method.java:498)
at org.testng.internal.MethodInvocationHelper.invokeMethod(MethodInvocationHelper.java:132)
at org.testng.internal.TestInvoker.invokeMethod(TestInvoker.java:599)
at org.testng.internal.TestInvoker.invokeTestMethod(TestInvoker.java:174)
at org.testng.internal.TestMethodWithDataProviderMethodWorker.call(TestMethodWithDataProviderMethodWorker.java:77)
at org.testng.internal.TestMethodWithDataProviderMethodWorker.call(TestMethodWithDataProviderMethodWorker.java:15)
at java.util.concurrent.FutureTask.run(FutureTask.java:266)
at java.util.concurrent.Executors$RunnableAdapter.call(Executors.java:511)
at java.util.concurrent.FutureTask.run(FutureTask.java:266)
at java.util.concurrent.ThreadPoolExecutor.runWorker(ThreadPoolExecutor.java:1149)
at java.util.concurrent.ThreadPoolExecutor$Worker.run(ThreadPoolExecutor.java:624)
at java.lang.Thread.run(Thread.java:748)
]]>
    </failure>
  </testcase> <!-- validateDeleteCustomerAPI -->
  <system-out/>
  <testcase name="validateDeleteCustomerAPI" time="1.723" classname="com.learning.testcases.DeleteCustomerTest"/>
  <system-out/>
  <testcase name="validateDeleteCustomerAPI" time="4.194" classname="com.learning.testcases.DeleteCustomerTest">
    <failure type="java.lang.AssertionError" message="Response doesn&#039;t have ID as a field expected [true] but found [false]">
      <![CDATA[java.lang.AssertionError: Response doesn't have ID as a field expected [true] but found [false]
at org.testng.Assert.fail(Assert.java:99)
at org.testng.Assert.failNotEquals(Assert.java:1037)
at org.testng.Assert.assertTrue(Assert.java:45)
at com.learning.testcases.DeleteCustomerTest.doValidationUsingJSONObject(DeleteCustomerTest.java:51)
at com.learning.testcases.DeleteCustomerTest.validateDeleteCustomerAPI(DeleteCustomerTest.java:37)
at sun.reflect.NativeMethodAccessorImpl.invoke0(Native Method)
at sun.reflect.NativeMethodAccessorImpl.invoke(NativeMethodAccessorImpl.java:62)
at sun.reflect.DelegatingMethodAccessorImpl.invoke(DelegatingMethodAccessorImpl.java:43)
at java.lang.reflect.Method.invoke(Method.java:498)
at org.testng.internal.MethodInvocationHelper.invokeMethod(MethodInvocationHelper.java:132)
at org.testng.internal.TestInvoker.invokeMethod(TestInvoker.java:599)
at org.testng.internal.TestInvoker.invokeTestMethod(TestInvoker.java:174)
at org.testng.internal.TestMethodWithDataProviderMethodWorker.call(TestMethodWithDataProviderMethodWorker.java:77)
at org.testng.internal.TestMethodWithDataProviderMethodWorker.call(TestMethodWithDataProviderMethodWorker.java:15)
at java.util.concurrent.FutureTask.run(FutureTask.java:266)
at java.util.concurrent.Executors$RunnableAdapter.call(Executors.java:511)
at java.util.concurrent.FutureTask.run(FutureTask.java:266)
at java.util.concurrent.ThreadPoolExecutor.runWorker(ThreadPoolExecutor.java:1149)
at java.util.concurrent.ThreadPoolExecutor$Worker.run(ThreadPoolExecutor.java:624)
at java.lang.Thread.run(Thread.java:748)
]]>
    </failure>
  </testcase> <!-- validateDeleteCustomerAPI -->
  <system-out/>
  <testcase name="validateDeleteCustomerAPI" time="1.527" classname="com.learning.testcases.DeleteCustomerTest"/>
  <system-out/>
  <testcase name="validateDeleteCustomerAPI" time="1.396" classname="com.learning.testcases.DeleteCustomerTest">
    <failure type="java.lang.AssertionError" message="Response doesn&#039;t have ID as a field expected [true] but found [false]">
      <![CDATA[java.lang.AssertionError: Response doesn't have ID as a field expected [true] but found [false]
at org.testng.Assert.fail(Assert.java:99)
at org.testng.Assert.failNotEquals(Assert.java:1037)
at org.testng.Assert.assertTrue(Assert.java:45)
at com.learning.testcases.DeleteCustomerTest.doValidationUsingJSONObject(DeleteCustomerTest.java:51)
at com.learning.testcases.DeleteCustomerTest.validateDeleteCustomerAPI(DeleteCustomerTest.java:37)
at sun.reflect.GeneratedMethodAccessor250.invoke(Unknown Source)
at sun.reflect.DelegatingMethodAccessorImpl.invoke(DelegatingMethodAccessorImpl.java:43)
at java.lang.reflect.Method.invoke(Method.java:498)
at org.testng.internal.MethodInvocationHelper.invokeMethod(MethodInvocationHelper.java:132)
at org.testng.internal.TestInvoker.invokeMethod(TestInvoker.java:599)
at org.testng.internal.TestInvoker.invokeTestMethod(TestInvoker.java:174)
at org.testng.internal.TestMethodWithDataProviderMethodWorker.call(TestMethodWithDataProviderMethodWorker.java:77)
at org.testng.internal.TestMethodWithDataProviderMethodWorker.call(TestMethodWithDataProviderMethodWorker.java:15)
at java.util.concurrent.FutureTask.run(FutureTask.java:266)
at java.util.concurrent.Executors$RunnableAdapter.call(Executors.java:511)
at java.util.concurrent.FutureTask.run(FutureTask.java:266)
at java.util.concurrent.ThreadPoolExecutor.runWorker(ThreadPoolExecutor.java:1149)
at java.util.concurrent.ThreadPoolExecutor$Worker.run(ThreadPoolExecutor.java:624)
at java.lang.Thread.run(Thread.java:748)
]]>
    </failure>
  </testcase> <!-- validateDeleteCustomerAPI -->
  <system-out/>
  <testcase name="validateDeleteCustomerAPI" time="1.426" classname="com.learning.testcases.DeleteCustomerTest">
    <failure type="java.lang.AssertionError" message="Response doesn&#039;t have ID as a field expected [true] but found [false]">
      <![CDATA[java.lang.AssertionError: Response doesn't have ID as a field expected [true] but found [false]
at org.testng.Assert.fail(Assert.java:99)
at org.testng.Assert.failNotEquals(Assert.java:1037)
at org.testng.Assert.assertTrue(Assert.java:45)
at com.learning.testcases.DeleteCustomerTest.doValidationUsingJSONObject(DeleteCustomerTest.java:51)
at com.learning.testcases.DeleteCustomerTest.validateDeleteCustomerAPI(DeleteCustomerTest.java:37)
at sun.reflect.GeneratedMethodAccessor250.invoke(Unknown Source)
at sun.reflect.DelegatingMethodAccessorImpl.invoke(DelegatingMethodAccessorImpl.java:43)
at java.lang.reflect.Method.invoke(Method.java:498)
at org.testng.internal.MethodInvocationHelper.invokeMethod(MethodInvocationHelper.java:132)
at org.testng.internal.TestInvoker.invokeMethod(TestInvoker.java:599)
at org.testng.internal.TestInvoker.invokeTestMethod(TestInvoker.java:174)
at org.testng.internal.TestMethodWithDataProviderMethodWorker.call(TestMethodWithDataProviderMethodWorker.java:77)
at org.testng.internal.TestMethodWithDataProviderMethodWorker.call(TestMethodWithDataProviderMethodWorker.java:15)
at java.util.concurrent.FutureTask.run(FutureTask.java:266)
at java.util.concurrent.Executors$RunnableAdapter.call(Executors.java:511)
at java.util.concurrent.FutureTask.run(FutureTask.java:266)
at java.util.concurrent.ThreadPoolExecutor.runWorker(ThreadPoolExecutor.java:1149)
at java.util.concurrent.ThreadPoolExecutor$Worker.run(ThreadPoolExecutor.java:624)
at java.lang.Thread.run(Thread.java:748)
]]>
    </failure>
  </testcase> <!-- validateDeleteCustomerAPI -->
  <system-out/>
  <testcase name="validateDeleteCustomerAPI" time="1.444" classname="com.learning.testcases.DeleteCustomerTest">
    <failure type="java.lang.AssertionError" message="Response doesn&#039;t have ID as a field expected [true] but found [false]">
      <![CDATA[java.lang.AssertionError: Response doesn't have ID as a field expected [true] but found [false]
at org.testng.Assert.fail(Assert.java:99)
at org.testng.Assert.failNotEquals(Assert.java:1037)
at org.testng.Assert.assertTrue(Assert.java:45)
at com.learning.testcases.DeleteCustomerTest.doValidationUsingJSONObject(DeleteCustomerTest.java:51)
at com.learning.testcases.DeleteCustomerTest.validateDeleteCustomerAPI(DeleteCustomerTest.java:37)
at sun.reflect.GeneratedMethodAccessor250.invoke(Unknown Source)
at sun.reflect.DelegatingMethodAccessorImpl.invoke(DelegatingMethodAccessorImpl.java:43)
at java.lang.reflect.Method.invoke(Method.java:498)
at org.testng.internal.MethodInvocationHelper.invokeMethod(MethodInvocationHelper.java:132)
at org.testng.internal.TestInvoker.invokeMethod(TestInvoker.java:599)
at org.testng.internal.TestInvoker.invokeTestMethod(TestInvoker.java:174)
at org.testng.internal.TestMethodWithDataProviderMethodWorker.call(TestMethodWithDataProviderMethodWorker.java:77)
at org.testng.internal.TestMethodWithDataProviderMethodWorker.call(TestMethodWithDataProviderMethodWorker.java:15)
at java.util.concurrent.FutureTask.run(FutureTask.java:266)
at java.util.concurrent.Executors$RunnableAdapter.call(Executors.java:511)
at java.util.concurrent.FutureTask.run(FutureTask.java:266)
at java.util.concurrent.ThreadPoolExecutor.runWorker(ThreadPoolExecutor.java:1149)
at java.util.concurrent.ThreadPoolExecutor$Worker.run(ThreadPoolExecutor.java:624)
at java.lang.Thread.run(Thread.java:748)
]]>
    </failure>
  </testcase> <!-- validateDeleteCustomerAPI -->
  <system-out/>
  <testcase name="validateDeleteCustomerAPI" time="1.379" classname="com.learning.testcases.DeleteCustomerTest">
    <failure type="java.lang.AssertionError" message="Response doesn&#039;t have ID as a field expected [true] but found [false]">
      <![CDATA[java.lang.AssertionError: Response doesn't have ID as a field expected [true] but found [false]
at org.testng.Assert.fail(Assert.java:99)
at org.testng.Assert.failNotEquals(Assert.java:1037)
at org.testng.Assert.assertTrue(Assert.java:45)
at com.learning.testcases.DeleteCustomerTest.doValidationUsingJSONObject(DeleteCustomerTest.java:51)
at com.learning.testcases.DeleteCustomerTest.validateDeleteCustomerAPI(DeleteCustomerTest.java:37)
at sun.reflect.GeneratedMethodAccessor250.invoke(Unknown Source)
at sun.reflect.DelegatingMethodAccessorImpl.invoke(DelegatingMethodAccessorImpl.java:43)
at java.lang.reflect.Method.invoke(Method.java:498)
at org.testng.internal.MethodInvocationHelper.invokeMethod(MethodInvocationHelper.java:132)
at org.testng.internal.TestInvoker.invokeMethod(TestInvoker.java:599)
at org.testng.internal.TestInvoker.invokeTestMethod(TestInvoker.java:174)
at org.testng.internal.TestMethodWithDataProviderMethodWorker.call(TestMethodWithDataProviderMethodWorker.java:77)
at org.testng.internal.TestMethodWithDataProviderMethodWorker.call(TestMethodWithDataProviderMethodWorker.java:15)
at java.util.concurrent.FutureTask.run(FutureTask.java:266)
at java.util.concurrent.Executors$RunnableAdapter.call(Executors.java:511)
at java.util.concurrent.FutureTask.run(FutureTask.java:266)
at java.util.concurrent.ThreadPoolExecutor.runWorker(ThreadPoolExecutor.java:1149)
at java.util.concurrent.ThreadPoolExecutor$Worker.run(ThreadPoolExecutor.java:624)
at java.lang.Thread.run(Thread.java:748)
]]>
    </failure>
  </testcase> <!-- validateDeleteCustomerAPI -->
  <system-out/>
  <testcase name="validateDeleteCustomerAPI" time="1.415" classname="com.learning.testcases.DeleteCustomerTest"/>
  <system-out/>
  <testcase name="validateDeleteCustomerAPI" time="1.397" classname="com.learning.testcases.DeleteCustomerTest">
    <failure type="java.lang.AssertionError" message="Response doesn&#039;t have ID as a field expected [true] but found [false]">
      <![CDATA[java.lang.AssertionError: Response doesn't have ID as a field expected [true] but found [false]
at org.testng.Assert.fail(Assert.java:99)
at org.testng.Assert.failNotEquals(Assert.java:1037)
at org.testng.Assert.assertTrue(Assert.java:45)
at com.learning.testcases.DeleteCustomerTest.doValidationUsingJSONObject(DeleteCustomerTest.java:51)
at com.learning.testcases.DeleteCustomerTest.validateDeleteCustomerAPI(DeleteCustomerTest.java:37)
at sun.reflect.GeneratedMethodAccessor250.invoke(Unknown Source)
at sun.reflect.DelegatingMethodAccessorImpl.invoke(DelegatingMethodAccessorImpl.java:43)
at java.lang.reflect.Method.invoke(Method.java:498)
at org.testng.internal.MethodInvocationHelper.invokeMethod(MethodInvocationHelper.java:132)
at org.testng.internal.TestInvoker.invokeMethod(TestInvoker.java:599)
at org.testng.internal.TestInvoker.invokeTestMethod(TestInvoker.java:174)
at org.testng.internal.TestMethodWithDataProviderMethodWorker.call(TestMethodWithDataProviderMethodWorker.java:77)
at org.testng.internal.TestMethodWithDataProviderMethodWorker.call(TestMethodWithDataProviderMethodWorker.java:15)
at java.util.concurrent.FutureTask.run(FutureTask.java:266)
at java.util.concurrent.Executors$RunnableAdapter.call(Executors.java:511)
at java.util.concurrent.FutureTask.run(FutureTask.java:266)
at java.util.concurrent.ThreadPoolExecutor.runWorker(ThreadPoolExecutor.java:1149)
at java.util.concurrent.ThreadPoolExecutor$Worker.run(ThreadPoolExecutor.java:624)
at java.lang.Thread.run(Thread.java:748)
]]>
    </failure>
  </testcase> <!-- validateDeleteCustomerAPI -->
  <system-out/>
  <testcase name="validateDeleteCustomerAPI" time="1.372" classname="com.learning.testcases.DeleteCustomerTest">
    <failure type="java.lang.AssertionError" message="Response doesn&#039;t have ID as a field expected [true] but found [false]">
      <![CDATA[java.lang.AssertionError: Response doesn't have ID as a field expected [true] but found [false]
at org.testng.Assert.fail(Assert.java:99)
at org.testng.Assert.failNotEquals(Assert.java:1037)
at org.testng.Assert.assertTrue(Assert.java:45)
at com.learning.testcases.DeleteCustomerTest.doValidationUsingJSONObject(DeleteCustomerTest.java:51)
at com.learning.testcases.DeleteCustomerTest.validateDeleteCustomerAPI(DeleteCustomerTest.java:37)
at sun.reflect.GeneratedMethodAccessor250.invoke(Unknown Source)
at sun.reflect.DelegatingMethodAccessorImpl.invoke(DelegatingMethodAccessorImpl.java:43)
at java.lang.reflect.Method.invoke(Method.java:498)
at org.testng.internal.MethodInvocationHelper.invokeMethod(MethodInvocationHelper.java:132)
at org.testng.internal.TestInvoker.invokeMethod(TestInvoker.java:599)
at org.testng.internal.TestInvoker.invokeTestMethod(TestInvoker.java:174)
at org.testng.internal.TestMethodWithDataProviderMethodWorker.call(TestMethodWithDataProviderMethodWorker.java:77)
at org.testng.internal.TestMethodWithDataProviderMethodWorker.call(TestMethodWithDataProviderMethodWorker.java:15)
at java.util.concurrent.FutureTask.run(FutureTask.java:266)
at java.util.concurrent.Executors$RunnableAdapter.call(Executors.java:511)
at java.util.concurrent.FutureTask.run(FutureTask.java:266)
at java.util.concurrent.ThreadPoolExecutor.runWorker(ThreadPoolExecutor.java:1149)
at java.util.concurrent.ThreadPoolExecutor$Worker.run(ThreadPoolExecutor.java:624)
at java.lang.Thread.run(Thread.java:748)
]]>
    </failure>
  </testcase> <!-- validateDeleteCustomerAPI -->
  <system-out/>
  <testcase name="validateDeleteCustomerAPI" time="1.390" classname="com.learning.testcases.DeleteCustomerTest">
    <failure type="java.lang.AssertionError" message="Response doesn&#039;t have ID as a field expected [true] but found [false]">
      <![CDATA[java.lang.AssertionError: Response doesn't have ID as a field expected [true] but found [false]
at org.testng.Assert.fail(Assert.java:99)
at org.testng.Assert.failNotEquals(Assert.java:1037)
at org.testng.Assert.assertTrue(Assert.java:45)
at com.learning.testcases.DeleteCustomerTest.doValidationUsingJSONObject(DeleteCustomerTest.java:51)
at com.learning.testcases.DeleteCustomerTest.validateDeleteCustomerAPI(DeleteCustomerTest.java:37)
at sun.reflect.GeneratedMethodAccessor250.invoke(Unknown Source)
at sun.reflect.DelegatingMethodAccessorImpl.invoke(DelegatingMethodAccessorImpl.java:43)
at java.lang.reflect.Method.invoke(Method.java:498)
at org.testng.internal.MethodInvocationHelper.invokeMethod(MethodInvocationHelper.java:132)
at org.testng.internal.TestInvoker.invokeMethod(TestInvoker.java:599)
at org.testng.internal.TestInvoker.invokeTestMethod(TestInvoker.java:174)
at org.testng.internal.TestMethodWithDataProviderMethodWorker.call(TestMethodWithDataProviderMethodWorker.java:77)
at org.testng.internal.TestMethodWithDataProviderMethodWorker.call(TestMethodWithDataProviderMethodWorker.java:15)
at java.util.concurrent.FutureTask.run(FutureTask.java:266)
at java.util.concurrent.Executors$RunnableAdapter.call(Executors.java:511)
at java.util.concurrent.FutureTask.run(FutureTask.java:266)
at java.util.concurrent.ThreadPoolExecutor.runWorker(ThreadPoolExecutor.java:1149)
at java.util.concurrent.ThreadPoolExecutor$Worker.run(ThreadPoolExecutor.java:624)
at java.lang.Thread.run(Thread.java:748)
]]>
    </failure>
  </testcase> <!-- validateDeleteCustomerAPI -->
  <system-out/>
  <testcase name="validateDeleteCustomerAPI" time="1.457" classname="com.learning.testcases.DeleteCustomerTest"/>
  <system-out/>
  <testcase name="validateDeleteCustomerAPI" time="1.411" classname="com.learning.testcases.DeleteCustomerTest">
    <failure type="java.lang.AssertionError" message="Response doesn&#039;t have ID as a field expected [true] but found [false]">
      <![CDATA[java.lang.AssertionError: Response doesn't have ID as a field expected [true] but found [false]
at org.testng.Assert.fail(Assert.java:99)
at org.testng.Assert.failNotEquals(Assert.java:1037)
at org.testng.Assert.assertTrue(Assert.java:45)
at com.learning.testcases.DeleteCustomerTest.doValidationUsingJSONObject(DeleteCustomerTest.java:51)
at com.learning.testcases.DeleteCustomerTest.validateDeleteCustomerAPI(DeleteCustomerTest.java:37)
at sun.reflect.GeneratedMethodAccessor250.invoke(Unknown Source)
at sun.reflect.DelegatingMethodAccessorImpl.invoke(DelegatingMethodAccessorImpl.java:43)
at java.lang.reflect.Method.invoke(Method.java:498)
at org.testng.internal.MethodInvocationHelper.invokeMethod(MethodInvocationHelper.java:132)
at org.testng.internal.TestInvoker.invokeMethod(TestInvoker.java:599)
at org.testng.internal.TestInvoker.invokeTestMethod(TestInvoker.java:174)
at org.testng.internal.TestMethodWithDataProviderMethodWorker.call(TestMethodWithDataProviderMethodWorker.java:77)
at org.testng.internal.TestMethodWithDataProviderMethodWorker.call(TestMethodWithDataProviderMethodWorker.java:15)
at java.util.concurrent.FutureTask.run(FutureTask.java:266)
at java.util.concurrent.Executors$RunnableAdapter.call(Executors.java:511)
at java.util.concurrent.FutureTask.run(FutureTask.java:266)
at java.util.concurrent.ThreadPoolExecutor.runWorker(ThreadPoolExecutor.java:1149)
at java.util.concurrent.ThreadPoolExecutor$Worker.run(ThreadPoolExecutor.java:624)
at java.lang.Thread.run(Thread.java:748)
]]>
    </failure>
  </testcase> <!-- validateDeleteCustomerAPI -->
  <system-out/>
  <testcase name="validateDeleteCustomerAPI" time="2.159" classname="com.learning.testcases.DeleteCustomerTest"/>
  <system-out/>
  <testcase name="validateDeleteCustomerAPI" time="1.389" classname="com.learning.testcases.DeleteCustomerTest">
    <failure type="java.lang.AssertionError" message="Response doesn&#039;t have ID as a field expected [true] but found [false]">
      <![CDATA[java.lang.AssertionError: Response doesn't have ID as a field expected [true] but found [false]
at org.testng.Assert.fail(Assert.java:99)
at org.testng.Assert.failNotEquals(Assert.java:1037)
at org.testng.Assert.assertTrue(Assert.java:45)
at com.learning.testcases.DeleteCustomerTest.doValidationUsingJSONObject(DeleteCustomerTest.java:51)
at com.learning.testcases.DeleteCustomerTest.validateDeleteCustomerAPI(DeleteCustomerTest.java:37)
at sun.reflect.GeneratedMethodAccessor250.invoke(Unknown Source)
at sun.reflect.DelegatingMethodAccessorImpl.invoke(DelegatingMethodAccessorImpl.java:43)
at java.lang.reflect.Method.invoke(Method.java:498)
at org.testng.internal.MethodInvocationHelper.invokeMethod(MethodInvocationHelper.java:132)
at org.testng.internal.TestInvoker.invokeMethod(TestInvoker.java:599)
at org.testng.internal.TestInvoker.invokeTestMethod(TestInvoker.java:174)
at org.testng.internal.TestMethodWithDataProviderMethodWorker.call(TestMethodWithDataProviderMethodWorker.java:77)
at org.testng.internal.TestMethodWithDataProviderMethodWorker.call(TestMethodWithDataProviderMethodWorker.java:15)
at java.util.concurrent.FutureTask.run(FutureTask.java:266)
at java.util.concurrent.Executors$RunnableAdapter.call(Executors.java:511)
at java.util.concurrent.FutureTask.run(FutureTask.java:266)
at java.util.concurrent.ThreadPoolExecutor.runWorker(ThreadPoolExecutor.java:1149)
at java.util.concurrent.ThreadPoolExecutor$Worker.run(ThreadPoolExecutor.java:624)
at java.lang.Thread.run(Thread.java:748)
]]>
    </failure>
  </testcase> <!-- validateDeleteCustomerAPI -->
  <system-out/>
  <testcase name="validateDeleteCustomerAPI" time="1.443" classname="com.learning.testcases.DeleteCustomerTest">
    <failure type="java.lang.AssertionError" message="Response doesn&#039;t have ID as a field expected [true] but found [false]">
      <![CDATA[java.lang.AssertionError: Response doesn't have ID as a field expected [true] but found [false]
at org.testng.Assert.fail(Assert.java:99)
at org.testng.Assert.failNotEquals(Assert.java:1037)
at org.testng.Assert.assertTrue(Assert.java:45)
at com.learning.testcases.DeleteCustomerTest.doValidationUsingJSONObject(DeleteCustomerTest.java:51)
at com.learning.testcases.DeleteCustomerTest.validateDeleteCustomerAPI(DeleteCustomerTest.java:37)
at sun.reflect.GeneratedMethodAccessor250.invoke(Unknown Source)
at sun.reflect.DelegatingMethodAccessorImpl.invoke(DelegatingMethodAccessorImpl.java:43)
at java.lang.reflect.Method.invoke(Method.java:498)
at org.testng.internal.MethodInvocationHelper.invokeMethod(MethodInvocationHelper.java:132)
at org.testng.internal.TestInvoker.invokeMethod(TestInvoker.java:599)
at org.testng.internal.TestInvoker.invokeTestMethod(TestInvoker.java:174)
at org.testng.internal.TestMethodWithDataProviderMethodWorker.call(TestMethodWithDataProviderMethodWorker.java:77)
at org.testng.internal.TestMethodWithDataProviderMethodWorker.call(TestMethodWithDataProviderMethodWorker.java:15)
at java.util.concurrent.FutureTask.run(FutureTask.java:266)
at java.util.concurrent.Executors$RunnableAdapter.call(Executors.java:511)
at java.util.concurrent.FutureTask.run(FutureTask.java:266)
at java.util.concurrent.ThreadPoolExecutor.runWorker(ThreadPoolExecutor.java:1149)
at java.util.concurrent.ThreadPoolExecutor$Worker.run(ThreadPoolExecutor.java:624)
at java.lang.Thread.run(Thread.java:748)
]]>
    </failure>
  </testcase> <!-- validateDeleteCustomerAPI -->
  <system-out/>
  <testcase name="validateDeleteCustomerAPI" time="1.430" classname="com.learning.testcases.DeleteCustomerTest">
    <failure type="java.lang.AssertionError" message="Response doesn&#039;t have ID as a field expected [true] but found [false]">
      <![CDATA[java.lang.AssertionError: Response doesn't have ID as a field expected [true] but found [false]
at org.testng.Assert.fail(Assert.java:99)
at org.testng.Assert.failNotEquals(Assert.java:1037)
at org.testng.Assert.assertTrue(Assert.java:45)
at com.learning.testcases.DeleteCustomerTest.doValidationUsingJSONObject(DeleteCustomerTest.java:51)
at com.learning.testcases.DeleteCustomerTest.validateDeleteCustomerAPI(DeleteCustomerTest.java:37)
at sun.reflect.GeneratedMethodAccessor250.invoke(Unknown Source)
at sun.reflect.DelegatingMethodAccessorImpl.invoke(DelegatingMethodAccessorImpl.java:43)
at java.lang.reflect.Method.invoke(Method.java:498)
at org.testng.internal.MethodInvocationHelper.invokeMethod(MethodInvocationHelper.java:132)
at org.testng.internal.TestInvoker.invokeMethod(TestInvoker.java:599)
at org.testng.internal.TestInvoker.invokeTestMethod(TestInvoker.java:174)
at org.testng.internal.TestMethodWithDataProviderMethodWorker.call(TestMethodWithDataProviderMethodWorker.java:77)
at org.testng.internal.TestMethodWithDataProviderMethodWorker.call(TestMethodWithDataProviderMethodWorker.java:15)
at java.util.concurrent.FutureTask.run(FutureTask.java:266)
at java.util.concurrent.Executors$RunnableAdapter.call(Executors.java:511)
at java.util.concurrent.FutureTask.run(FutureTask.java:266)
at java.util.concurrent.ThreadPoolExecutor.runWorker(ThreadPoolExecutor.java:1149)
at java.util.concurrent.ThreadPoolExecutor$Worker.run(ThreadPoolExecutor.java:624)
at java.lang.Thread.run(Thread.java:748)
]]>
    </failure>
  </testcase> <!-- validateDeleteCustomerAPI -->
  <system-out/>
  <testcase name="validateDeleteCustomerAPI" time="1.467" classname="com.learning.testcases.DeleteCustomerTest"/>
  <system-out/>
  <testcase name="validateDeleteCustomerAPI" time="1.364" classname="com.learning.testcases.DeleteCustomerTest">
    <failure type="java.lang.AssertionError" message="Response doesn&#039;t have ID as a field expected [true] but found [false]">
      <![CDATA[java.lang.AssertionError: Response doesn't have ID as a field expected [true] but found [false]
at org.testng.Assert.fail(Assert.java:99)
at org.testng.Assert.failNotEquals(Assert.java:1037)
at org.testng.Assert.assertTrue(Assert.java:45)
at com.learning.testcases.DeleteCustomerTest.doValidationUsingJSONObject(DeleteCustomerTest.java:51)
at com.learning.testcases.DeleteCustomerTest.validateDeleteCustomerAPI(DeleteCustomerTest.java:37)
at sun.reflect.GeneratedMethodAccessor250.invoke(Unknown Source)
at sun.reflect.DelegatingMethodAccessorImpl.invoke(DelegatingMethodAccessorImpl.java:43)
at java.lang.reflect.Method.invoke(Method.java:498)
at org.testng.internal.MethodInvocationHelper.invokeMethod(MethodInvocationHelper.java:132)
at org.testng.internal.TestInvoker.invokeMethod(TestInvoker.java:599)
at org.testng.internal.TestInvoker.invokeTestMethod(TestInvoker.java:174)
at org.testng.internal.TestMethodWithDataProviderMethodWorker.call(TestMethodWithDataProviderMethodWorker.java:77)
at org.testng.internal.TestMethodWithDataProviderMethodWorker.call(TestMethodWithDataProviderMethodWorker.java:15)
at java.util.concurrent.FutureTask.run(FutureTask.java:266)
at java.util.concurrent.Executors$RunnableAdapter.call(Executors.java:511)
at java.util.concurrent.FutureTask.run(FutureTask.java:266)
at java.util.concurrent.ThreadPoolExecutor.runWorker(ThreadPoolExecutor.java:1149)
at java.util.concurrent.ThreadPoolExecutor$Worker.run(ThreadPoolExecutor.java:624)
at java.lang.Thread.run(Thread.java:748)
]]>
    </failure>
  </testcase> <!-- validateDeleteCustomerAPI -->
  <system-out/>
  <testcase name="validateDeleteCustomerAPI" time="1.377" classname="com.learning.testcases.DeleteCustomerTest">
    <failure type="java.lang.AssertionError" message="Response doesn&#039;t have ID as a field expected [true] but found [false]">
      <![CDATA[java.lang.AssertionError: Response doesn't have ID as a field expected [true] but found [false]
at org.testng.Assert.fail(Assert.java:99)
at org.testng.Assert.failNotEquals(Assert.java:1037)
at org.testng.Assert.assertTrue(Assert.java:45)
at com.learning.testcases.DeleteCustomerTest.doValidationUsingJSONObject(DeleteCustomerTest.java:51)
at com.learning.testcases.DeleteCustomerTest.validateDeleteCustomerAPI(DeleteCustomerTest.java:37)
at sun.reflect.GeneratedMethodAccessor250.invoke(Unknown Source)
at sun.reflect.DelegatingMethodAccessorImpl.invoke(DelegatingMethodAccessorImpl.java:43)
at java.lang.reflect.Method.invoke(Method.java:498)
at org.testng.internal.MethodInvocationHelper.invokeMethod(MethodInvocationHelper.java:132)
at org.testng.internal.TestInvoker.invokeMethod(TestInvoker.java:599)
at org.testng.internal.TestInvoker.invokeTestMethod(TestInvoker.java:174)
at org.testng.internal.TestMethodWithDataProviderMethodWorker.call(TestMethodWithDataProviderMethodWorker.java:77)
at org.testng.internal.TestMethodWithDataProviderMethodWorker.call(TestMethodWithDataProviderMethodWorker.java:15)
at java.util.concurrent.FutureTask.run(FutureTask.java:266)
at java.util.concurrent.Executors$RunnableAdapter.call(Executors.java:511)
at java.util.concurrent.FutureTask.run(FutureTask.java:266)
at java.util.concurrent.ThreadPoolExecutor.runWorker(ThreadPoolExecutor.java:1149)
at java.util.concurrent.ThreadPoolExecutor$Worker.run(ThreadPoolExecutor.java:624)
at java.lang.Thread.run(Thread.java:748)
]]>
    </failure>
  </testcase> <!-- validateDeleteCustomerAPI -->
  <system-out/>
  <testcase name="validateDeleteCustomerAPI" time="1.520" classname="com.learning.testcases.DeleteCustomerTest"/>
  <system-out/>
  <testcase name="validateDeleteCustomerAPI" time="1.458" classname="com.learning.testcases.DeleteCustomerTest"/>
  <system-out/>
  <testcase name="validateDeleteCustomerAPI" time="1.381" classname="com.learning.testcases.DeleteCustomerTest">
    <failure type="java.lang.AssertionError" message="Response doesn&#039;t have ID as a field expected [true] but found [false]">
      <![CDATA[java.lang.AssertionError: Response doesn't have ID as a field expected [true] but found [false]
at org.testng.Assert.fail(Assert.java:99)
at org.testng.Assert.failNotEquals(Assert.java:1037)
at org.testng.Assert.assertTrue(Assert.java:45)
at com.learning.testcases.DeleteCustomerTest.doValidationUsingJSONObject(DeleteCustomerTest.java:51)
at com.learning.testcases.DeleteCustomerTest.validateDeleteCustomerAPI(DeleteCustomerTest.java:37)
at sun.reflect.GeneratedMethodAccessor250.invoke(Unknown Source)
at sun.reflect.DelegatingMethodAccessorImpl.invoke(DelegatingMethodAccessorImpl.java:43)
at java.lang.reflect.Method.invoke(Method.java:498)
at org.testng.internal.MethodInvocationHelper.invokeMethod(MethodInvocationHelper.java:132)
at org.testng.internal.TestInvoker.invokeMethod(TestInvoker.java:599)
at org.testng.internal.TestInvoker.invokeTestMethod(TestInvoker.java:174)
at org.testng.internal.TestMethodWithDataProviderMethodWorker.call(TestMethodWithDataProviderMethodWorker.java:77)
at org.testng.internal.TestMethodWithDataProviderMethodWorker.call(TestMethodWithDataProviderMethodWorker.java:15)
at java.util.concurrent.FutureTask.run(FutureTask.java:266)
at java.util.concurrent.Executors$RunnableAdapter.call(Executors.java:511)
at java.util.concurrent.FutureTask.run(FutureTask.java:266)
at java.util.concurrent.ThreadPoolExecutor.runWorker(ThreadPoolExecutor.java:1149)
at java.util.concurrent.ThreadPoolExecutor$Worker.run(ThreadPoolExecutor.java:624)
at java.lang.Thread.run(Thread.java:748)
]]>
    </failure>
  </testcase> <!-- validateDeleteCustomerAPI -->
  <system-out/>
  <testcase name="validateDeleteCustomerAPI" time="1.417" classname="com.learning.testcases.DeleteCustomerTest">
    <failure type="java.lang.AssertionError" message="Response doesn&#039;t have ID as a field expected [true] but found [false]">
      <![CDATA[java.lang.AssertionError: Response doesn't have ID as a field expected [true] but found [false]
at org.testng.Assert.fail(Assert.java:99)
at org.testng.Assert.failNotEquals(Assert.java:1037)
at org.testng.Assert.assertTrue(Assert.java:45)
at com.learning.testcases.DeleteCustomerTest.doValidationUsingJSONObject(DeleteCustomerTest.java:51)
at com.learning.testcases.DeleteCustomerTest.validateDeleteCustomerAPI(DeleteCustomerTest.java:37)
at sun.reflect.GeneratedMethodAccessor250.invoke(Unknown Source)
at sun.reflect.DelegatingMethodAccessorImpl.invoke(DelegatingMethodAccessorImpl.java:43)
at java.lang.reflect.Method.invoke(Method.java:498)
at org.testng.internal.MethodInvocationHelper.invokeMethod(MethodInvocationHelper.java:132)
at org.testng.internal.TestInvoker.invokeMethod(TestInvoker.java:599)
at org.testng.internal.TestInvoker.invokeTestMethod(TestInvoker.java:174)
at org.testng.internal.TestMethodWithDataProviderMethodWorker.call(TestMethodWithDataProviderMethodWorker.java:77)
at org.testng.internal.TestMethodWithDataProviderMethodWorker.call(TestMethodWithDataProviderMethodWorker.java:15)
at java.util.concurrent.FutureTask.run(FutureTask.java:266)
at java.util.concurrent.Executors$RunnableAdapter.call(Executors.java:511)
at java.util.concurrent.FutureTask.run(FutureTask.java:266)
at java.util.concurrent.ThreadPoolExecutor.runWorker(ThreadPoolExecutor.java:1149)
at java.util.concurrent.ThreadPoolExecutor$Worker.run(ThreadPoolExecutor.java:624)
at java.lang.Thread.run(Thread.java:748)
]]>
    </failure>
  </testcase> <!-- validateDeleteCustomerAPI -->
  <system-out/>
  <testcase name="validateDeleteCustomerAPI" time="1.463" classname="com.learning.testcases.DeleteCustomerTest"/>
  <system-out/>
  <testcase name="validateDeleteCustomerAPI" time="1.436" classname="com.learning.testcases.DeleteCustomerTest">
    <failure type="java.lang.AssertionError" message="Response doesn&#039;t have ID as a field expected [true] but found [false]">
      <![CDATA[java.lang.AssertionError: Response doesn't have ID as a field expected [true] but found [false]
at org.testng.Assert.fail(Assert.java:99)
at org.testng.Assert.failNotEquals(Assert.java:1037)
at org.testng.Assert.assertTrue(Assert.java:45)
at com.learning.testcases.DeleteCustomerTest.doValidationUsingJSONObject(DeleteCustomerTest.java:51)
at com.learning.testcases.DeleteCustomerTest.validateDeleteCustomerAPI(DeleteCustomerTest.java:37)
at sun.reflect.GeneratedMethodAccessor250.invoke(Unknown Source)
at sun.reflect.DelegatingMethodAccessorImpl.invoke(DelegatingMethodAccessorImpl.java:43)
at java.lang.reflect.Method.invoke(Method.java:498)
at org.testng.internal.MethodInvocationHelper.invokeMethod(MethodInvocationHelper.java:132)
at org.testng.internal.TestInvoker.invokeMethod(TestInvoker.java:599)
at org.testng.internal.TestInvoker.invokeTestMethod(TestInvoker.java:174)
at org.testng.internal.TestMethodWithDataProviderMethodWorker.call(TestMethodWithDataProviderMethodWorker.java:77)
at org.testng.internal.TestMethodWithDataProviderMethodWorker.call(TestMethodWithDataProviderMethodWorker.java:15)
at java.util.concurrent.FutureTask.run(FutureTask.java:266)
at java.util.concurrent.Executors$RunnableAdapter.call(Executors.java:511)
at java.util.concurrent.FutureTask.run(FutureTask.java:266)
at java.util.concurrent.ThreadPoolExecutor.runWorker(ThreadPoolExecutor.java:1149)
at java.util.concurrent.ThreadPoolExecutor$Worker.run(ThreadPoolExecutor.java:624)
at java.lang.Thread.run(Thread.java:748)
]]>
    </failure>
  </testcase> <!-- validateDeleteCustomerAPI -->
  <system-out/>
  <testcase name="validateDeleteCustomerAPI" time="1.431" classname="com.learning.testcases.DeleteCustomerTest">
    <failure type="java.lang.AssertionError" message="Response doesn&#039;t have ID as a field expected [true] but found [false]">
      <![CDATA[java.lang.AssertionError: Response doesn't have ID as a field expected [true] but found [false]
at org.testng.Assert.fail(Assert.java:99)
at org.testng.Assert.failNotEquals(Assert.java:1037)
at org.testng.Assert.assertTrue(Assert.java:45)
at com.learning.testcases.DeleteCustomerTest.doValidationUsingJSONObject(DeleteCustomerTest.java:51)
at com.learning.testcases.DeleteCustomerTest.validateDeleteCustomerAPI(DeleteCustomerTest.java:37)
at sun.reflect.GeneratedMethodAccessor250.invoke(Unknown Source)
at sun.reflect.DelegatingMethodAccessorImpl.invoke(DelegatingMethodAccessorImpl.java:43)
at java.lang.reflect.Method.invoke(Method.java:498)
at org.testng.internal.MethodInvocationHelper.invokeMethod(MethodInvocationHelper.java:132)
at org.testng.internal.TestInvoker.invokeMethod(TestInvoker.java:599)
at org.testng.internal.TestInvoker.invokeTestMethod(TestInvoker.java:174)
at org.testng.internal.TestMethodWithDataProviderMethodWorker.call(TestMethodWithDataProviderMethodWorker.java:77)
at org.testng.internal.TestMethodWithDataProviderMethodWorker.call(TestMethodWithDataProviderMethodWorker.java:15)
at java.util.concurrent.FutureTask.run(FutureTask.java:266)
at java.util.concurrent.Executors$RunnableAdapter.call(Executors.java:511)
at java.util.concurrent.FutureTask.run(FutureTask.java:266)
at java.util.concurrent.ThreadPoolExecutor.runWorker(ThreadPoolExecutor.java:1149)
at java.util.concurrent.ThreadPoolExecutor$Worker.run(ThreadPoolExecutor.java:624)
at java.lang.Thread.run(Thread.java:748)
]]>
    </failure>
  </testcase> <!-- validateDeleteCustomerAPI -->
  <system-out/>
  <testcase name="validateDeleteCustomerAPI" time="1.463" classname="com.learning.testcases.DeleteCustomerTest">
    <failure type="java.lang.AssertionError" message="Response doesn&#039;t have ID as a field expected [true] but found [false]">
      <![CDATA[java.lang.AssertionError: Response doesn't have ID as a field expected [true] but found [false]
at org.testng.Assert.fail(Assert.java:99)
at org.testng.Assert.failNotEquals(Assert.java:1037)
at org.testng.Assert.assertTrue(Assert.java:45)
at com.learning.testcases.DeleteCustomerTest.doValidationUsingJSONObject(DeleteCustomerTest.java:51)
at com.learning.testcases.DeleteCustomerTest.validateDeleteCustomerAPI(DeleteCustomerTest.java:37)
at sun.reflect.GeneratedMethodAccessor250.invoke(Unknown Source)
at sun.reflect.DelegatingMethodAccessorImpl.invoke(DelegatingMethodAccessorImpl.java:43)
at java.lang.reflect.Method.invoke(Method.java:498)
at org.testng.internal.MethodInvocationHelper.invokeMethod(MethodInvocationHelper.java:132)
at org.testng.internal.TestInvoker.invokeMethod(TestInvoker.java:599)
at org.testng.internal.TestInvoker.invokeTestMethod(TestInvoker.java:174)
at org.testng.internal.TestMethodWithDataProviderMethodWorker.call(TestMethodWithDataProviderMethodWorker.java:77)
at org.testng.internal.TestMethodWithDataProviderMethodWorker.call(TestMethodWithDataProviderMethodWorker.java:15)
at java.util.concurrent.FutureTask.run(FutureTask.java:266)
at java.util.concurrent.Executors$RunnableAdapter.call(Executors.java:511)
at java.util.concurrent.FutureTask.run(FutureTask.java:266)
at java.util.concurrent.ThreadPoolExecutor.runWorker(ThreadPoolExecutor.java:1149)
at java.util.concurrent.ThreadPoolExecutor$Worker.run(ThreadPoolExecutor.java:624)
at java.lang.Thread.run(Thread.java:748)
]]>
    </failure>
  </testcase> <!-- validateDeleteCustomerAPI -->
  <system-out/>
  <testcase name="validateDeleteCustomerAPI" time="1.484" classname="com.learning.testcases.DeleteCustomerTest"/>
  <system-out/>
  <testcase name="validateDeleteCustomerAPI" time="1.480" classname="com.learning.testcases.DeleteCustomerTest">
    <failure type="java.lang.AssertionError" message="Response doesn&#039;t have ID as a field expected [true] but found [false]">
      <![CDATA[java.lang.AssertionError: Response doesn't have ID as a field expected [true] but found [false]
at org.testng.Assert.fail(Assert.java:99)
at org.testng.Assert.failNotEquals(Assert.java:1037)
at org.testng.Assert.assertTrue(Assert.java:45)
at com.learning.testcases.DeleteCustomerTest.doValidationUsingJSONObject(DeleteCustomerTest.java:51)
at com.learning.testcases.DeleteCustomerTest.validateDeleteCustomerAPI(DeleteCustomerTest.java:37)
at sun.reflect.GeneratedMethodAccessor250.invoke(Unknown Source)
at sun.reflect.DelegatingMethodAccessorImpl.invoke(DelegatingMethodAccessorImpl.java:43)
at java.lang.reflect.Method.invoke(Method.java:498)
at org.testng.internal.MethodInvocationHelper.invokeMethod(MethodInvocationHelper.java:132)
at org.testng.internal.TestInvoker.invokeMethod(TestInvoker.java:599)
at org.testng.internal.TestInvoker.invokeTestMethod(TestInvoker.java:174)
at org.testng.internal.TestMethodWithDataProviderMethodWorker.call(TestMethodWithDataProviderMethodWorker.java:77)
at org.testng.internal.TestMethodWithDataProviderMethodWorker.call(TestMethodWithDataProviderMethodWorker.java:15)
at java.util.concurrent.FutureTask.run(FutureTask.java:266)
at java.util.concurrent.Executors$RunnableAdapter.call(Executors.java:511)
at java.util.concurrent.FutureTask.run(FutureTask.java:266)
at java.util.concurrent.ThreadPoolExecutor.runWorker(ThreadPoolExecutor.java:1149)
at java.util.concurrent.ThreadPoolExecutor$Worker.run(ThreadPoolExecutor.java:624)
at java.lang.Thread.run(Thread.java:748)
]]>
    </failure>
  </testcase> <!-- validateDeleteCustomerAPI -->
  <system-out/>
  <testcase name="validateDeleteCustomerAPI" time="1.444" classname="com.learning.testcases.DeleteCustomerTest"/>
  <system-out/>
  <testcase name="validateDeleteCustomerAPI" time="2.245" classname="com.learning.testcases.DeleteCustomerTest">
    <failure type="java.lang.AssertionError" message="Response doesn&#039;t have ID as a field expected [true] but found [false]">
      <![CDATA[java.lang.AssertionError: Response doesn't have ID as a field expected [true] but found [false]
at org.testng.Assert.fail(Assert.java:99)
at org.testng.Assert.failNotEquals(Assert.java:1037)
at org.testng.Assert.assertTrue(Assert.java:45)
at com.learning.testcases.DeleteCustomerTest.doValidationUsingJSONObject(DeleteCustomerTest.java:51)
at com.learning.testcases.DeleteCustomerTest.validateDeleteCustomerAPI(DeleteCustomerTest.java:37)
at sun.reflect.GeneratedMethodAccessor250.invoke(Unknown Source)
at sun.reflect.DelegatingMethodAccessorImpl.invoke(DelegatingMethodAccessorImpl.java:43)
at java.lang.reflect.Method.invoke(Method.java:498)
at org.testng.internal.MethodInvocationHelper.invokeMethod(MethodInvocationHelper.java:132)
at org.testng.internal.TestInvoker.invokeMethod(TestInvoker.java:599)
at org.testng.internal.TestInvoker.invokeTestMethod(TestInvoker.java:174)
at org.testng.internal.TestMethodWithDataProviderMethodWorker.call(TestMethodWithDataProviderMethodWorker.java:77)
at org.testng.internal.TestMethodWithDataProviderMethodWorker.call(TestMethodWithDataProviderMethodWorker.java:15)
at java.util.concurrent.FutureTask.run(FutureTask.java:266)
at java.util.concurrent.Executors$RunnableAdapter.call(Executors.java:511)
at java.util.concurrent.FutureTask.run(FutureTask.java:266)
at java.util.concurrent.ThreadPoolExecutor.runWorker(ThreadPoolExecutor.java:1149)
at java.util.concurrent.ThreadPoolExecutor$Worker.run(ThreadPoolExecutor.java:624)
at java.lang.Thread.run(Thread.java:748)
]]>
    </failure>
  </testcase> <!-- validateDeleteCustomerAPI -->
  <system-out/>
  <testcase name="validateDeleteCustomerAPI" time="1.402" classname="com.learning.testcases.DeleteCustomerTest">
    <failure type="java.lang.AssertionError" message="Response doesn&#039;t have ID as a field expected [true] but found [false]">
      <![CDATA[java.lang.AssertionError: Response doesn't have ID as a field expected [true] but found [false]
at org.testng.Assert.fail(Assert.java:99)
at org.testng.Assert.failNotEquals(Assert.java:1037)
at org.testng.Assert.assertTrue(Assert.java:45)
at com.learning.testcases.DeleteCustomerTest.doValidationUsingJSONObject(DeleteCustomerTest.java:51)
at com.learning.testcases.DeleteCustomerTest.validateDeleteCustomerAPI(DeleteCustomerTest.java:37)
at sun.reflect.GeneratedMethodAccessor250.invoke(Unknown Source)
at sun.reflect.DelegatingMethodAccessorImpl.invoke(DelegatingMethodAccessorImpl.java:43)
at java.lang.reflect.Method.invoke(Method.java:498)
at org.testng.internal.MethodInvocationHelper.invokeMethod(MethodInvocationHelper.java:132)
at org.testng.internal.TestInvoker.invokeMethod(TestInvoker.java:599)
at org.testng.internal.TestInvoker.invokeTestMethod(TestInvoker.java:174)
at org.testng.internal.TestMethodWithDataProviderMethodWorker.call(TestMethodWithDataProviderMethodWorker.java:77)
at org.testng.internal.TestMethodWithDataProviderMethodWorker.call(TestMethodWithDataProviderMethodWorker.java:15)
at java.util.concurrent.FutureTask.run(FutureTask.java:266)
at java.util.concurrent.Executors$RunnableAdapter.call(Executors.java:511)
at java.util.concurrent.FutureTask.run(FutureTask.java:266)
at java.util.concurrent.ThreadPoolExecutor.runWorker(ThreadPoolExecutor.java:1149)
at java.util.concurrent.ThreadPoolExecutor$Worker.run(ThreadPoolExecutor.java:624)
at java.lang.Thread.run(Thread.java:748)
]]>
    </failure>
  </testcase> <!-- validateDeleteCustomerAPI -->
  <system-out/>
  <testcase name="validateDeleteCustomerAPI" time="1.345" classname="com.learning.testcases.DeleteCustomerTest">
    <failure type="java.lang.AssertionError" message="Response doesn&#039;t have ID as a field expected [true] but found [false]">
      <![CDATA[java.lang.AssertionError: Response doesn't have ID as a field expected [true] but found [false]
at org.testng.Assert.fail(Assert.java:99)
at org.testng.Assert.failNotEquals(Assert.java:1037)
at org.testng.Assert.assertTrue(Assert.java:45)
at com.learning.testcases.DeleteCustomerTest.doValidationUsingJSONObject(DeleteCustomerTest.java:51)
at com.learning.testcases.DeleteCustomerTest.validateDeleteCustomerAPI(DeleteCustomerTest.java:37)
at sun.reflect.GeneratedMethodAccessor250.invoke(Unknown Source)
at sun.reflect.DelegatingMethodAccessorImpl.invoke(DelegatingMethodAccessorImpl.java:43)
at java.lang.reflect.Method.invoke(Method.java:498)
at org.testng.internal.MethodInvocationHelper.invokeMethod(MethodInvocationHelper.java:132)
at org.testng.internal.TestInvoker.invokeMethod(TestInvoker.java:599)
at org.testng.internal.TestInvoker.invokeTestMethod(TestInvoker.java:174)
at org.testng.internal.TestMethodWithDataProviderMethodWorker.call(TestMethodWithDataProviderMethodWorker.java:77)
at org.testng.internal.TestMethodWithDataProviderMethodWorker.call(TestMethodWithDataProviderMethodWorker.java:15)
at java.util.concurrent.FutureTask.run(FutureTask.java:266)
at java.util.concurrent.Executors$RunnableAdapter.call(Executors.java:511)
at java.util.concurrent.FutureTask.run(FutureTask.java:266)
at java.util.concurrent.ThreadPoolExecutor.runWorker(ThreadPoolExecutor.java:1149)
at java.util.concurrent.ThreadPoolExecutor$Worker.run(ThreadPoolExecutor.java:624)
at java.lang.Thread.run(Thread.java:748)
]]>
    </failure>
  </testcase> <!-- validateDeleteCustomerAPI -->
  <system-out/>
  <testcase name="validateDeleteCustomerAPI" time="1.473" classname="com.learning.testcases.DeleteCustomerTest">
    <failure type="java.lang.AssertionError" message="Response doesn&#039;t have ID as a field expected [true] but found [false]">
      <![CDATA[java.lang.AssertionError: Response doesn't have ID as a field expected [true] but found [false]
at org.testng.Assert.fail(Assert.java:99)
at org.testng.Assert.failNotEquals(Assert.java:1037)
at org.testng.Assert.assertTrue(Assert.java:45)
at com.learning.testcases.DeleteCustomerTest.doValidationUsingJSONObject(DeleteCustomerTest.java:51)
at com.learning.testcases.DeleteCustomerTest.validateDeleteCustomerAPI(DeleteCustomerTest.java:37)
at sun.reflect.GeneratedMethodAccessor250.invoke(Unknown Source)
at sun.reflect.DelegatingMethodAccessorImpl.invoke(DelegatingMethodAccessorImpl.java:43)
at java.lang.reflect.Method.invoke(Method.java:498)
at org.testng.internal.MethodInvocationHelper.invokeMethod(MethodInvocationHelper.java:132)
at org.testng.internal.TestInvoker.invokeMethod(TestInvoker.java:599)
at org.testng.internal.TestInvoker.invokeTestMethod(TestInvoker.java:174)
at org.testng.internal.TestMethodWithDataProviderMethodWorker.call(TestMethodWithDataProviderMethodWorker.java:77)
at org.testng.internal.TestMethodWithDataProviderMethodWorker.call(TestMethodWithDataProviderMethodWorker.java:15)
at java.util.concurrent.FutureTask.run(FutureTask.java:266)
at java.util.concurrent.Executors$RunnableAdapter.call(Executors.java:511)
at java.util.concurrent.FutureTask.run(FutureTask.java:266)
at java.util.concurrent.ThreadPoolExecutor.runWorker(ThreadPoolExecutor.java:1149)
at java.util.concurrent.ThreadPoolExecutor$Worker.run(ThreadPoolExecutor.java:624)
at java.lang.Thread.run(Thread.java:748)
]]>
    </failure>
  </testcase> <!-- validateDeleteCustomerAPI -->
  <system-out/>
  <testcase name="validateDeleteCustomerAPI" time="1.449" classname="com.learning.testcases.DeleteCustomerTest"/>
  <system-out/>
  <testcase name="validateDeleteCustomerAPI" time="1.407" classname="com.learning.testcases.DeleteCustomerTest">
    <failure type="java.lang.AssertionError" message="Response doesn&#039;t have ID as a field expected [true] but found [false]">
      <![CDATA[java.lang.AssertionError: Response doesn't have ID as a field expected [true] but found [false]
at org.testng.Assert.fail(Assert.java:99)
at org.testng.Assert.failNotEquals(Assert.java:1037)
at org.testng.Assert.assertTrue(Assert.java:45)
at com.learning.testcases.DeleteCustomerTest.doValidationUsingJSONObject(DeleteCustomerTest.java:51)
at com.learning.testcases.DeleteCustomerTest.validateDeleteCustomerAPI(DeleteCustomerTest.java:37)
at sun.reflect.GeneratedMethodAccessor250.invoke(Unknown Source)
at sun.reflect.DelegatingMethodAccessorImpl.invoke(DelegatingMethodAccessorImpl.java:43)
at java.lang.reflect.Method.invoke(Method.java:498)
at org.testng.internal.MethodInvocationHelper.invokeMethod(MethodInvocationHelper.java:132)
at org.testng.internal.TestInvoker.invokeMethod(TestInvoker.java:599)
at org.testng.internal.TestInvoker.invokeTestMethod(TestInvoker.java:174)
at org.testng.internal.TestMethodWithDataProviderMethodWorker.call(TestMethodWithDataProviderMethodWorker.java:77)
at org.testng.internal.TestMethodWithDataProviderMethodWorker.call(TestMethodWithDataProviderMethodWorker.java:15)
at java.util.concurrent.FutureTask.run(FutureTask.java:266)
at java.util.concurrent.Executors$RunnableAdapter.call(Executors.java:511)
at java.util.concurrent.FutureTask.run(FutureTask.java:266)
at java.util.concurrent.ThreadPoolExecutor.runWorker(ThreadPoolExecutor.java:1149)
at java.util.concurrent.ThreadPoolExecutor$Worker.run(ThreadPoolExecutor.java:624)
at java.lang.Thread.run(Thread.java:748)
]]>
    </failure>
  </testcase> <!-- validateDeleteCustomerAPI -->
  <system-out/>
  <testcase name="validateDeleteCustomerAPI" time="1.502" classname="com.learning.testcases.DeleteCustomerTest"/>
  <system-out/>
  <testcase name="validateDeleteCustomerAPI" time="1.375" classname="com.learning.testcases.DeleteCustomerTest">
    <failure type="java.lang.AssertionError" message="Response doesn&#039;t have ID as a field expected [true] but found [false]">
      <![CDATA[java.lang.AssertionError: Response doesn't have ID as a field expected [true] but found [false]
at org.testng.Assert.fail(Assert.java:99)
at org.testng.Assert.failNotEquals(Assert.java:1037)
at org.testng.Assert.assertTrue(Assert.java:45)
at com.learning.testcases.DeleteCustomerTest.doValidationUsingJSONObject(DeleteCustomerTest.java:51)
at com.learning.testcases.DeleteCustomerTest.validateDeleteCustomerAPI(DeleteCustomerTest.java:37)
at sun.reflect.GeneratedMethodAccessor250.invoke(Unknown Source)
at sun.reflect.DelegatingMethodAccessorImpl.invoke(DelegatingMethodAccessorImpl.java:43)
at java.lang.reflect.Method.invoke(Method.java:498)
at org.testng.internal.MethodInvocationHelper.invokeMethod(MethodInvocationHelper.java:132)
at org.testng.internal.TestInvoker.invokeMethod(TestInvoker.java:599)
at org.testng.internal.TestInvoker.invokeTestMethod(TestInvoker.java:174)
at org.testng.internal.TestMethodWithDataProviderMethodWorker.call(TestMethodWithDataProviderMethodWorker.java:77)
at org.testng.internal.TestMethodWithDataProviderMethodWorker.call(TestMethodWithDataProviderMethodWorker.java:15)
at java.util.concurrent.FutureTask.run(FutureTask.java:266)
at java.util.concurrent.Executors$RunnableAdapter.call(Executors.java:511)
at java.util.concurrent.FutureTask.run(FutureTask.java:266)
at java.util.concurrent.ThreadPoolExecutor.runWorker(ThreadPoolExecutor.java:1149)
at java.util.concurrent.ThreadPoolExecutor$Worker.run(ThreadPoolExecutor.java:624)
at java.lang.Thread.run(Thread.java:748)
]]>
    </failure>
  </testcase> <!-- validateDeleteCustomerAPI -->
  <system-out/>
  <testcase name="validateDeleteCustomerAPI" time="1.427" classname="com.learning.testcases.DeleteCustomerTest">
    <failure type="java.lang.AssertionError" message="Response doesn&#039;t have ID as a field expected [true] but found [false]">
      <![CDATA[java.lang.AssertionError: Response doesn't have ID as a field expected [true] but found [false]
at org.testng.Assert.fail(Assert.java:99)
at org.testng.Assert.failNotEquals(Assert.java:1037)
at org.testng.Assert.assertTrue(Assert.java:45)
at com.learning.testcases.DeleteCustomerTest.doValidationUsingJSONObject(DeleteCustomerTest.java:51)
at com.learning.testcases.DeleteCustomerTest.validateDeleteCustomerAPI(DeleteCustomerTest.java:37)
at sun.reflect.GeneratedMethodAccessor250.invoke(Unknown Source)
at sun.reflect.DelegatingMethodAccessorImpl.invoke(DelegatingMethodAccessorImpl.java:43)
at java.lang.reflect.Method.invoke(Method.java:498)
at org.testng.internal.MethodInvocationHelper.invokeMethod(MethodInvocationHelper.java:132)
at org.testng.internal.TestInvoker.invokeMethod(TestInvoker.java:599)
at org.testng.internal.TestInvoker.invokeTestMethod(TestInvoker.java:174)
at org.testng.internal.TestMethodWithDataProviderMethodWorker.call(TestMethodWithDataProviderMethodWorker.java:77)
at org.testng.internal.TestMethodWithDataProviderMethodWorker.call(TestMethodWithDataProviderMethodWorker.java:15)
at java.util.concurrent.FutureTask.run(FutureTask.java:266)
at java.util.concurrent.Executors$RunnableAdapter.call(Executors.java:511)
at java.util.concurrent.FutureTask.run(FutureTask.java:266)
at java.util.concurrent.ThreadPoolExecutor.runWorker(ThreadPoolExecutor.java:1149)
at java.util.concurrent.ThreadPoolExecutor$Worker.run(ThreadPoolExecutor.java:624)
at java.lang.Thread.run(Thread.java:748)
]]>
    </failure>
  </testcase> <!-- validateDeleteCustomerAPI -->
  <system-out/>
  <testcase name="validateDeleteCustomerAPI" time="1.430" classname="com.learning.testcases.DeleteCustomerTest">
    <failure type="java.lang.AssertionError" message="Response doesn&#039;t have ID as a field expected [true] but found [false]">
      <![CDATA[java.lang.AssertionError: Response doesn't have ID as a field expected [true] but found [false]
at org.testng.Assert.fail(Assert.java:99)
at org.testng.Assert.failNotEquals(Assert.java:1037)
at org.testng.Assert.assertTrue(Assert.java:45)
at com.learning.testcases.DeleteCustomerTest.doValidationUsingJSONObject(DeleteCustomerTest.java:51)
at com.learning.testcases.DeleteCustomerTest.validateDeleteCustomerAPI(DeleteCustomerTest.java:37)
at sun.reflect.GeneratedMethodAccessor250.invoke(Unknown Source)
at sun.reflect.DelegatingMethodAccessorImpl.invoke(DelegatingMethodAccessorImpl.java:43)
at java.lang.reflect.Method.invoke(Method.java:498)
at org.testng.internal.MethodInvocationHelper.invokeMethod(MethodInvocationHelper.java:132)
at org.testng.internal.TestInvoker.invokeMethod(TestInvoker.java:599)
at org.testng.internal.TestInvoker.invokeTestMethod(TestInvoker.java:174)
at org.testng.internal.TestMethodWithDataProviderMethodWorker.call(TestMethodWithDataProviderMethodWorker.java:77)
at org.testng.internal.TestMethodWithDataProviderMethodWorker.call(TestMethodWithDataProviderMethodWorker.java:15)
at java.util.concurrent.FutureTask.run(FutureTask.java:266)
at java.util.concurrent.Executors$RunnableAdapter.call(Executors.java:511)
at java.util.concurrent.FutureTask.run(FutureTask.java:266)
at java.util.concurrent.ThreadPoolExecutor.runWorker(ThreadPoolExecutor.java:1149)
at java.util.concurrent.ThreadPoolExecutor$Worker.run(ThreadPoolExecutor.java:624)
at java.lang.Thread.run(Thread.java:748)
]]>
    </failure>
  </testcase> <!-- validateDeleteCustomerAPI -->
  <system-out/>
  <testcase name="validateDeleteCustomerAPI" time="1.410" classname="com.learning.testcases.DeleteCustomerTest">
    <failure type="java.lang.AssertionError" message="Response doesn&#039;t have ID as a field expected [true] but found [false]">
      <![CDATA[java.lang.AssertionError: Response doesn't have ID as a field expected [true] but found [false]
at org.testng.Assert.fail(Assert.java:99)
at org.testng.Assert.failNotEquals(Assert.java:1037)
at org.testng.Assert.assertTrue(Assert.java:45)
at com.learning.testcases.DeleteCustomerTest.doValidationUsingJSONObject(DeleteCustomerTest.java:51)
at com.learning.testcases.DeleteCustomerTest.validateDeleteCustomerAPI(DeleteCustomerTest.java:37)
at sun.reflect.GeneratedMethodAccessor250.invoke(Unknown Source)
at sun.reflect.DelegatingMethodAccessorImpl.invoke(DelegatingMethodAccessorImpl.java:43)
at java.lang.reflect.Method.invoke(Method.java:498)
at org.testng.internal.MethodInvocationHelper.invokeMethod(MethodInvocationHelper.java:132)
at org.testng.internal.TestInvoker.invokeMethod(TestInvoker.java:599)
at org.testng.internal.TestInvoker.invokeTestMethod(TestInvoker.java:174)
at org.testng.internal.TestMethodWithDataProviderMethodWorker.call(TestMethodWithDataProviderMethodWorker.java:77)
at org.testng.internal.TestMethodWithDataProviderMethodWorker.call(TestMethodWithDataProviderMethodWorker.java:15)
at java.util.concurrent.FutureTask.run(FutureTask.java:266)
at java.util.concurrent.Executors$RunnableAdapter.call(Executors.java:511)
at java.util.concurrent.FutureTask.run(FutureTask.java:266)
at java.util.concurrent.ThreadPoolExecutor.runWorker(ThreadPoolExecutor.java:1149)
at java.util.concurrent.ThreadPoolExecutor$Worker.run(ThreadPoolExecutor.java:624)
at java.lang.Thread.run(Thread.java:748)
]]>
    </failure>
  </testcase> <!-- validateDeleteCustomerAPI -->
  <system-out/>
  <testcase name="validateDeleteCustomerAPI" time="1.345" classname="com.learning.testcases.DeleteCustomerTest">
    <failure type="java.lang.AssertionError" message="Response doesn&#039;t have ID as a field expected [true] but found [false]">
      <![CDATA[java.lang.AssertionError: Response doesn't have ID as a field expected [true] but found [false]
at org.testng.Assert.fail(Assert.java:99)
at org.testng.Assert.failNotEquals(Assert.java:1037)
at org.testng.Assert.assertTrue(Assert.java:45)
at com.learning.testcases.DeleteCustomerTest.doValidationUsingJSONObject(DeleteCustomerTest.java:51)
at com.learning.testcases.DeleteCustomerTest.validateDeleteCustomerAPI(DeleteCustomerTest.java:37)
at sun.reflect.GeneratedMethodAccessor250.invoke(Unknown Source)
at sun.reflect.DelegatingMethodAccessorImpl.invoke(DelegatingMethodAccessorImpl.java:43)
at java.lang.reflect.Method.invoke(Method.java:498)
at org.testng.internal.MethodInvocationHelper.invokeMethod(MethodInvocationHelper.java:132)
at org.testng.internal.TestInvoker.invokeMethod(TestInvoker.java:599)
at org.testng.internal.TestInvoker.invokeTestMethod(TestInvoker.java:174)
at org.testng.internal.TestMethodWithDataProviderMethodWorker.call(TestMethodWithDataProviderMethodWorker.java:77)
at org.testng.internal.TestMethodWithDataProviderMethodWorker.call(TestMethodWithDataProviderMethodWorker.java:15)
at java.util.concurrent.FutureTask.run(FutureTask.java:266)
at java.util.concurrent.Executors$RunnableAdapter.call(Executors.java:511)
at java.util.concurrent.FutureTask.run(FutureTask.java:266)
at java.util.concurrent.ThreadPoolExecutor.runWorker(ThreadPoolExecutor.java:1149)
at java.util.concurrent.ThreadPoolExecutor$Worker.run(ThreadPoolExecutor.java:624)
at java.lang.Thread.run(Thread.java:748)
]]>
    </failure>
  </testcase> <!-- validateDeleteCustomerAPI -->
  <system-out/>
  <testcase name="validateDeleteCustomerAPI" time="1.425" classname="com.learning.testcases.DeleteCustomerTest">
    <failure type="java.lang.AssertionError" message="Response doesn&#039;t have ID as a field expected [true] but found [false]">
      <![CDATA[java.lang.AssertionError: Response doesn't have ID as a field expected [true] but found [false]
at org.testng.Assert.fail(Assert.java:99)
at org.testng.Assert.failNotEquals(Assert.java:1037)
at org.testng.Assert.assertTrue(Assert.java:45)
at com.learning.testcases.DeleteCustomerTest.doValidationUsingJSONObject(DeleteCustomerTest.java:51)
at com.learning.testcases.DeleteCustomerTest.validateDeleteCustomerAPI(DeleteCustomerTest.java:37)
at sun.reflect.GeneratedMethodAccessor250.invoke(Unknown Source)
at sun.reflect.DelegatingMethodAccessorImpl.invoke(DelegatingMethodAccessorImpl.java:43)
at java.lang.reflect.Method.invoke(Method.java:498)
at org.testng.internal.MethodInvocationHelper.invokeMethod(MethodInvocationHelper.java:132)
at org.testng.internal.TestInvoker.invokeMethod(TestInvoker.java:599)
at org.testng.internal.TestInvoker.invokeTestMethod(TestInvoker.java:174)
at org.testng.internal.TestMethodWithDataProviderMethodWorker.call(TestMethodWithDataProviderMethodWorker.java:77)
at org.testng.internal.TestMethodWithDataProviderMethodWorker.call(TestMethodWithDataProviderMethodWorker.java:15)
at java.util.concurrent.FutureTask.run(FutureTask.java:266)
at java.util.concurrent.Executors$RunnableAdapter.call(Executors.java:511)
at java.util.concurrent.FutureTask.run(FutureTask.java:266)
at java.util.concurrent.ThreadPoolExecutor.runWorker(ThreadPoolExecutor.java:1149)
at java.util.concurrent.ThreadPoolExecutor$Worker.run(ThreadPoolExecutor.java:624)
at java.lang.Thread.run(Thread.java:748)
]]>
    </failure>
  </testcase> <!-- validateDeleteCustomerAPI -->
  <system-out/>
  <testcase name="validateDeleteCustomerAPI" time="1.480" classname="com.learning.testcases.DeleteCustomerTest"/>
  <system-out/>
  <testcase name="validateDeleteCustomerAPI" time="1.548" classname="com.learning.testcases.DeleteCustomerTest"/>
  <system-out/>
  <testcase name="validateDeleteCustomerAPI" time="1.468" classname="com.learning.testcases.DeleteCustomerTest">
    <failure type="java.lang.AssertionError" message="Response doesn&#039;t have ID as a field expected [true] but found [false]">
      <![CDATA[java.lang.AssertionError: Response doesn't have ID as a field expected [true] but found [false]
at org.testng.Assert.fail(Assert.java:99)
at org.testng.Assert.failNotEquals(Assert.java:1037)
at org.testng.Assert.assertTrue(Assert.java:45)
at com.learning.testcases.DeleteCustomerTest.doValidationUsingJSONObject(DeleteCustomerTest.java:51)
at com.learning.testcases.DeleteCustomerTest.validateDeleteCustomerAPI(DeleteCustomerTest.java:37)
at sun.reflect.GeneratedMethodAccessor250.invoke(Unknown Source)
at sun.reflect.DelegatingMethodAccessorImpl.invoke(DelegatingMethodAccessorImpl.java:43)
at java.lang.reflect.Method.invoke(Method.java:498)
at org.testng.internal.MethodInvocationHelper.invokeMethod(MethodInvocationHelper.java:132)
at org.testng.internal.TestInvoker.invokeMethod(TestInvoker.java:599)
at org.testng.internal.TestInvoker.invokeTestMethod(TestInvoker.java:174)
at org.testng.internal.TestMethodWithDataProviderMethodWorker.call(TestMethodWithDataProviderMethodWorker.java:77)
at org.testng.internal.TestMethodWithDataProviderMethodWorker.call(TestMethodWithDataProviderMethodWorker.java:15)
at java.util.concurrent.FutureTask.run(FutureTask.java:266)
at java.util.concurrent.Executors$RunnableAdapter.call(Executors.java:511)
at java.util.concurrent.FutureTask.run(FutureTask.java:266)
at java.util.concurrent.ThreadPoolExecutor.runWorker(ThreadPoolExecutor.java:1149)
at java.util.concurrent.ThreadPoolExecutor$Worker.run(ThreadPoolExecutor.java:624)
at java.lang.Thread.run(Thread.java:748)
]]>
    </failure>
  </testcase> <!-- validateDeleteCustomerAPI -->
  <system-out/>
  <testcase name="validateDeleteCustomerAPI" time="1.355" classname="com.learning.testcases.DeleteCustomerTest">
    <failure type="java.lang.AssertionError" message="Response doesn&#039;t have ID as a field expected [true] but found [false]">
      <![CDATA[java.lang.AssertionError: Response doesn't have ID as a field expected [true] but found [false]
at org.testng.Assert.fail(Assert.java:99)
at org.testng.Assert.failNotEquals(Assert.java:1037)
at org.testng.Assert.assertTrue(Assert.java:45)
at com.learning.testcases.DeleteCustomerTest.doValidationUsingJSONObject(DeleteCustomerTest.java:51)
at com.learning.testcases.DeleteCustomerTest.validateDeleteCustomerAPI(DeleteCustomerTest.java:37)
at sun.reflect.GeneratedMethodAccessor250.invoke(Unknown Source)
at sun.reflect.DelegatingMethodAccessorImpl.invoke(DelegatingMethodAccessorImpl.java:43)
at java.lang.reflect.Method.invoke(Method.java:498)
at org.testng.internal.MethodInvocationHelper.invokeMethod(MethodInvocationHelper.java:132)
at org.testng.internal.TestInvoker.invokeMethod(TestInvoker.java:599)
at org.testng.internal.TestInvoker.invokeTestMethod(TestInvoker.java:174)
at org.testng.internal.TestMethodWithDataProviderMethodWorker.call(TestMethodWithDataProviderMethodWorker.java:77)
at org.testng.internal.TestMethodWithDataProviderMethodWorker.call(TestMethodWithDataProviderMethodWorker.java:15)
at java.util.concurrent.FutureTask.run(FutureTask.java:266)
at java.util.concurrent.Executors$RunnableAdapter.call(Executors.java:511)
at java.util.concurrent.FutureTask.run(FutureTask.java:266)
at java.util.concurrent.ThreadPoolExecutor.runWorker(ThreadPoolExecutor.java:1149)
at java.util.concurrent.ThreadPoolExecutor$Worker.run(ThreadPoolExecutor.java:624)
at java.lang.Thread.run(Thread.java:748)
]]>
    </failure>
  </testcase> <!-- validateDeleteCustomerAPI -->
  <system-out/>
  <testcase name="validateDeleteCustomerAPI" time="1.377" classname="com.learning.testcases.DeleteCustomerTest">
    <failure type="java.lang.AssertionError" message="Response doesn&#039;t have ID as a field expected [true] but found [false]">
      <![CDATA[java.lang.AssertionError: Response doesn't have ID as a field expected [true] but found [false]
at org.testng.Assert.fail(Assert.java:99)
at org.testng.Assert.failNotEquals(Assert.java:1037)
at org.testng.Assert.assertTrue(Assert.java:45)
at com.learning.testcases.DeleteCustomerTest.doValidationUsingJSONObject(DeleteCustomerTest.java:51)
at com.learning.testcases.DeleteCustomerTest.validateDeleteCustomerAPI(DeleteCustomerTest.java:37)
at sun.reflect.GeneratedMethodAccessor250.invoke(Unknown Source)
at sun.reflect.DelegatingMethodAccessorImpl.invoke(DelegatingMethodAccessorImpl.java:43)
at java.lang.reflect.Method.invoke(Method.java:498)
at org.testng.internal.MethodInvocationHelper.invokeMethod(MethodInvocationHelper.java:132)
at org.testng.internal.TestInvoker.invokeMethod(TestInvoker.java:599)
at org.testng.internal.TestInvoker.invokeTestMethod(TestInvoker.java:174)
at org.testng.internal.TestMethodWithDataProviderMethodWorker.call(TestMethodWithDataProviderMethodWorker.java:77)
at org.testng.internal.TestMethodWithDataProviderMethodWorker.call(TestMethodWithDataProviderMethodWorker.java:15)
at java.util.concurrent.FutureTask.run(FutureTask.java:266)
at java.util.concurrent.Executors$RunnableAdapter.call(Executors.java:511)
at java.util.concurrent.FutureTask.run(FutureTask.java:266)
at java.util.concurrent.ThreadPoolExecutor.runWorker(ThreadPoolExecutor.java:1149)
at java.util.concurrent.ThreadPoolExecutor$Worker.run(ThreadPoolExecutor.java:624)
at java.lang.Thread.run(Thread.java:748)
]]>
    </failure>
  </testcase> <!-- validateDeleteCustomerAPI -->
  <system-out/>
  <testcase name="validateDeleteCustomerAPI" time="1.509" classname="com.learning.testcases.DeleteCustomerTest"/>
  <system-out/>
  <testcase name="validateDeleteCustomerAPI" time="1.452" classname="com.learning.testcases.DeleteCustomerTest">
    <failure type="java.lang.AssertionError" message="Response doesn&#039;t have ID as a field expected [true] but found [false]">
      <![CDATA[java.lang.AssertionError: Response doesn't have ID as a field expected [true] but found [false]
at org.testng.Assert.fail(Assert.java:99)
at org.testng.Assert.failNotEquals(Assert.java:1037)
at org.testng.Assert.assertTrue(Assert.java:45)
at com.learning.testcases.DeleteCustomerTest.doValidationUsingJSONObject(DeleteCustomerTest.java:51)
at com.learning.testcases.DeleteCustomerTest.validateDeleteCustomerAPI(DeleteCustomerTest.java:37)
at sun.reflect.GeneratedMethodAccessor250.invoke(Unknown Source)
at sun.reflect.DelegatingMethodAccessorImpl.invoke(DelegatingMethodAccessorImpl.java:43)
at java.lang.reflect.Method.invoke(Method.java:498)
at org.testng.internal.MethodInvocationHelper.invokeMethod(MethodInvocationHelper.java:132)
at org.testng.internal.TestInvoker.invokeMethod(TestInvoker.java:599)
at org.testng.internal.TestInvoker.invokeTestMethod(TestInvoker.java:174)
at org.testng.internal.TestMethodWithDataProviderMethodWorker.call(TestMethodWithDataProviderMethodWorker.java:77)
at org.testng.internal.TestMethodWithDataProviderMethodWorker.call(TestMethodWithDataProviderMethodWorker.java:15)
at java.util.concurrent.FutureTask.run(FutureTask.java:266)
at java.util.concurrent.Executors$RunnableAdapter.call(Executors.java:511)
at java.util.concurrent.FutureTask.run(FutureTask.java:266)
at java.util.concurrent.ThreadPoolExecutor.runWorker(ThreadPoolExecutor.java:1149)
at java.util.concurrent.ThreadPoolExecutor$Worker.run(ThreadPoolExecutor.java:624)
at java.lang.Thread.run(Thread.java:748)
]]>
    </failure>
  </testcase> <!-- validateDeleteCustomerAPI -->
  <system-out/>
  <testcase name="validateDeleteCustomerAPI" time="1.409" classname="com.learning.testcases.DeleteCustomerTest">
    <failure type="java.lang.AssertionError" message="Response doesn&#039;t have ID as a field expected [true] but found [false]">
      <![CDATA[java.lang.AssertionError: Response doesn't have ID as a field expected [true] but found [false]
at org.testng.Assert.fail(Assert.java:99)
at org.testng.Assert.failNotEquals(Assert.java:1037)
at org.testng.Assert.assertTrue(Assert.java:45)
at com.learning.testcases.DeleteCustomerTest.doValidationUsingJSONObject(DeleteCustomerTest.java:51)
at com.learning.testcases.DeleteCustomerTest.validateDeleteCustomerAPI(DeleteCustomerTest.java:37)
at sun.reflect.GeneratedMethodAccessor250.invoke(Unknown Source)
at sun.reflect.DelegatingMethodAccessorImpl.invoke(DelegatingMethodAccessorImpl.java:43)
at java.lang.reflect.Method.invoke(Method.java:498)
at org.testng.internal.MethodInvocationHelper.invokeMethod(MethodInvocationHelper.java:132)
at org.testng.internal.TestInvoker.invokeMethod(TestInvoker.java:599)
at org.testng.internal.TestInvoker.invokeTestMethod(TestInvoker.java:174)
at org.testng.internal.TestMethodWithDataProviderMethodWorker.call(TestMethodWithDataProviderMethodWorker.java:77)
at org.testng.internal.TestMethodWithDataProviderMethodWorker.call(TestMethodWithDataProviderMethodWorker.java:15)
at java.util.concurrent.FutureTask.run(FutureTask.java:266)
at java.util.concurrent.Executors$RunnableAdapter.call(Executors.java:511)
at java.util.concurrent.FutureTask.run(FutureTask.java:266)
at java.util.concurrent.ThreadPoolExecutor.runWorker(ThreadPoolExecutor.java:1149)
at java.util.concurrent.ThreadPoolExecutor$Worker.run(ThreadPoolExecutor.java:624)
at java.lang.Thread.run(Thread.java:748)
]]>
    </failure>
  </testcase> <!-- validateDeleteCustomerAPI -->
  <system-out/>
  <testcase name="validateDeleteCustomerAPI" time="1.462" classname="com.learning.testcases.DeleteCustomerTest"/>
  <system-out/>
  <testcase name="validateDeleteCustomerAPI" time="1.400" classname="com.learning.testcases.DeleteCustomerTest">
    <failure type="java.lang.AssertionError" message="Response doesn&#039;t have ID as a field expected [true] but found [false]">
      <![CDATA[java.lang.AssertionError: Response doesn't have ID as a field expected [true] but found [false]
at org.testng.Assert.fail(Assert.java:99)
at org.testng.Assert.failNotEquals(Assert.java:1037)
at org.testng.Assert.assertTrue(Assert.java:45)
at com.learning.testcases.DeleteCustomerTest.doValidationUsingJSONObject(DeleteCustomerTest.java:51)
at com.learning.testcases.DeleteCustomerTest.validateDeleteCustomerAPI(DeleteCustomerTest.java:37)
at sun.reflect.GeneratedMethodAccessor250.invoke(Unknown Source)
at sun.reflect.DelegatingMethodAccessorImpl.invoke(DelegatingMethodAccessorImpl.java:43)
at java.lang.reflect.Method.invoke(Method.java:498)
at org.testng.internal.MethodInvocationHelper.invokeMethod(MethodInvocationHelper.java:132)
at org.testng.internal.TestInvoker.invokeMethod(TestInvoker.java:599)
at org.testng.internal.TestInvoker.invokeTestMethod(TestInvoker.java:174)
at org.testng.internal.TestMethodWithDataProviderMethodWorker.call(TestMethodWithDataProviderMethodWorker.java:77)
at org.testng.internal.TestMethodWithDataProviderMethodWorker.call(TestMethodWithDataProviderMethodWorker.java:15)
at java.util.concurrent.FutureTask.run(FutureTask.java:266)
at java.util.concurrent.Executors$RunnableAdapter.call(Executors.java:511)
at java.util.concurrent.FutureTask.run(FutureTask.java:266)
at java.util.concurrent.ThreadPoolExecutor.runWorker(ThreadPoolExecutor.java:1149)
at java.util.concurrent.ThreadPoolExecutor$Worker.run(ThreadPoolExecutor.java:624)
at java.lang.Thread.run(Thread.java:748)
]]>
    </failure>
  </testcase> <!-- validateDeleteCustomerAPI -->
  <system-out/>
  <testcase name="validateDeleteCustomerAPI" time="1.396" classname="com.learning.testcases.DeleteCustomerTest">
    <failure type="java.lang.AssertionError" message="Response doesn&#039;t have ID as a field expected [true] but found [false]">
      <![CDATA[java.lang.AssertionError: Response doesn't have ID as a field expected [true] but found [false]
at org.testng.Assert.fail(Assert.java:99)
at org.testng.Assert.failNotEquals(Assert.java:1037)
at org.testng.Assert.assertTrue(Assert.java:45)
at com.learning.testcases.DeleteCustomerTest.doValidationUsingJSONObject(DeleteCustomerTest.java:51)
at com.learning.testcases.DeleteCustomerTest.validateDeleteCustomerAPI(DeleteCustomerTest.java:37)
at sun.reflect.GeneratedMethodAccessor250.invoke(Unknown Source)
at sun.reflect.DelegatingMethodAccessorImpl.invoke(DelegatingMethodAccessorImpl.java:43)
at java.lang.reflect.Method.invoke(Method.java:498)
at org.testng.internal.MethodInvocationHelper.invokeMethod(MethodInvocationHelper.java:132)
at org.testng.internal.TestInvoker.invokeMethod(TestInvoker.java:599)
at org.testng.internal.TestInvoker.invokeTestMethod(TestInvoker.java:174)
at org.testng.internal.TestMethodWithDataProviderMethodWorker.call(TestMethodWithDataProviderMethodWorker.java:77)
at org.testng.internal.TestMethodWithDataProviderMethodWorker.call(TestMethodWithDataProviderMethodWorker.java:15)
at java.util.concurrent.FutureTask.run(FutureTask.java:266)
at java.util.concurrent.Executors$RunnableAdapter.call(Executors.java:511)
at java.util.concurrent.FutureTask.run(FutureTask.java:266)
at java.util.concurrent.ThreadPoolExecutor.runWorker(ThreadPoolExecutor.java:1149)
at java.util.concurrent.ThreadPoolExecutor$Worker.run(ThreadPoolExecutor.java:624)
at java.lang.Thread.run(Thread.java:748)
]]>
    </failure>
  </testcase> <!-- validateDeleteCustomerAPI -->
  <system-out/>
  <testcase name="validateDeleteCustomerAPI" time="1.479" classname="com.learning.testcases.DeleteCustomerTest"/>
  <system-out/>
  <testcase name="validateDeleteCustomerAPI" time="1.703" classname="com.learning.testcases.DeleteCustomerTest"/>
  <system-out/>
  <testcase name="validateDeleteCustomerAPI" time="1.443" classname="com.learning.testcases.DeleteCustomerTest">
    <failure type="java.lang.AssertionError" message="Response doesn&#039;t have ID as a field expected [true] but found [false]">
      <![CDATA[java.lang.AssertionError: Response doesn't have ID as a field expected [true] but found [false]
at org.testng.Assert.fail(Assert.java:99)
at org.testng.Assert.failNotEquals(Assert.java:1037)
at org.testng.Assert.assertTrue(Assert.java:45)
at com.learning.testcases.DeleteCustomerTest.doValidationUsingJSONObject(DeleteCustomerTest.java:51)
at com.learning.testcases.DeleteCustomerTest.validateDeleteCustomerAPI(DeleteCustomerTest.java:37)
at sun.reflect.GeneratedMethodAccessor250.invoke(Unknown Source)
at sun.reflect.DelegatingMethodAccessorImpl.invoke(DelegatingMethodAccessorImpl.java:43)
at java.lang.reflect.Method.invoke(Method.java:498)
at org.testng.internal.MethodInvocationHelper.invokeMethod(MethodInvocationHelper.java:132)
at org.testng.internal.TestInvoker.invokeMethod(TestInvoker.java:599)
at org.testng.internal.TestInvoker.invokeTestMethod(TestInvoker.java:174)
at org.testng.internal.TestMethodWithDataProviderMethodWorker.call(TestMethodWithDataProviderMethodWorker.java:77)
at org.testng.internal.TestMethodWithDataProviderMethodWorker.call(TestMethodWithDataProviderMethodWorker.java:15)
at java.util.concurrent.FutureTask.run(FutureTask.java:266)
at java.util.concurrent.Executors$RunnableAdapter.call(Executors.java:511)
at java.util.concurrent.FutureTask.run(FutureTask.java:266)
at java.util.concurrent.ThreadPoolExecutor.runWorker(ThreadPoolExecutor.java:1149)
at java.util.concurrent.ThreadPoolExecutor$Worker.run(ThreadPoolExecutor.java:624)
at java.lang.Thread.run(Thread.java:748)
]]>
    </failure>
  </testcase> <!-- validateDeleteCustomerAPI -->
  <system-out/>
  <testcase name="validateDeleteCustomerAPI" time="1.417" classname="com.learning.testcases.DeleteCustomerTest">
    <failure type="java.lang.AssertionError" message="Response doesn&#039;t have ID as a field expected [true] but found [false]">
      <![CDATA[java.lang.AssertionError: Response doesn't have ID as a field expected [true] but found [false]
at org.testng.Assert.fail(Assert.java:99)
at org.testng.Assert.failNotEquals(Assert.java:1037)
at org.testng.Assert.assertTrue(Assert.java:45)
at com.learning.testcases.DeleteCustomerTest.doValidationUsingJSONObject(DeleteCustomerTest.java:51)
at com.learning.testcases.DeleteCustomerTest.validateDeleteCustomerAPI(DeleteCustomerTest.java:37)
at sun.reflect.GeneratedMethodAccessor250.invoke(Unknown Source)
at sun.reflect.DelegatingMethodAccessorImpl.invoke(DelegatingMethodAccessorImpl.java:43)
at java.lang.reflect.Method.invoke(Method.java:498)
at org.testng.internal.MethodInvocationHelper.invokeMethod(MethodInvocationHelper.java:132)
at org.testng.internal.TestInvoker.invokeMethod(TestInvoker.java:599)
at org.testng.internal.TestInvoker.invokeTestMethod(TestInvoker.java:174)
at org.testng.internal.TestMethodWithDataProviderMethodWorker.call(TestMethodWithDataProviderMethodWorker.java:77)
at org.testng.internal.TestMethodWithDataProviderMethodWorker.call(TestMethodWithDataProviderMethodWorker.java:15)
at java.util.concurrent.FutureTask.run(FutureTask.java:266)
at java.util.concurrent.Executors$RunnableAdapter.call(Executors.java:511)
at java.util.concurrent.FutureTask.run(FutureTask.java:266)
at java.util.concurrent.ThreadPoolExecutor.runWorker(ThreadPoolExecutor.java:1149)
at java.util.concurrent.ThreadPoolExecutor$Worker.run(ThreadPoolExecutor.java:624)
at java.lang.Thread.run(Thread.java:748)
]]>
    </failure>
  </testcase> <!-- validateDeleteCustomerAPI -->
  <system-out/>
  <testcase name="validateDeleteCustomerAPI" time="1.405" classname="com.learning.testcases.DeleteCustomerTest"/>
  <system-out/>
  <testcase name="validateDeleteCustomerAPI" time="1.421" classname="com.learning.testcases.DeleteCustomerTest">
    <failure type="java.lang.AssertionError" message="Response doesn&#039;t have ID as a field expected [true] but found [false]">
      <![CDATA[java.lang.AssertionError: Response doesn't have ID as a field expected [true] but found [false]
at org.testng.Assert.fail(Assert.java:99)
at org.testng.Assert.failNotEquals(Assert.java:1037)
at org.testng.Assert.assertTrue(Assert.java:45)
at com.learning.testcases.DeleteCustomerTest.doValidationUsingJSONObject(DeleteCustomerTest.java:51)
at com.learning.testcases.DeleteCustomerTest.validateDeleteCustomerAPI(DeleteCustomerTest.java:37)
at sun.reflect.GeneratedMethodAccessor250.invoke(Unknown Source)
at sun.reflect.DelegatingMethodAccessorImpl.invoke(DelegatingMethodAccessorImpl.java:43)
at java.lang.reflect.Method.invoke(Method.java:498)
at org.testng.internal.MethodInvocationHelper.invokeMethod(MethodInvocationHelper.java:132)
at org.testng.internal.TestInvoker.invokeMethod(TestInvoker.java:599)
at org.testng.internal.TestInvoker.invokeTestMethod(TestInvoker.java:174)
at org.testng.internal.TestMethodWithDataProviderMethodWorker.call(TestMethodWithDataProviderMethodWorker.java:77)
at org.testng.internal.TestMethodWithDataProviderMethodWorker.call(TestMethodWithDataProviderMethodWorker.java:15)
at java.util.concurrent.FutureTask.run(FutureTask.java:266)
at java.util.concurrent.Executors$RunnableAdapter.call(Executors.java:511)
at java.util.concurrent.FutureTask.run(FutureTask.java:266)
at java.util.concurrent.ThreadPoolExecutor.runWorker(ThreadPoolExecutor.java:1149)
at java.util.concurrent.ThreadPoolExecutor$Worker.run(ThreadPoolExecutor.java:624)
at java.lang.Thread.run(Thread.java:748)
]]>
    </failure>
  </testcase> <!-- validateDeleteCustomerAPI -->
  <system-out/>
  <testcase name="validateDeleteCustomerAPI" time="1.420" classname="com.learning.testcases.DeleteCustomerTest">
    <failure type="java.lang.AssertionError" message="Response doesn&#039;t have ID as a field expected [true] but found [false]">
      <![CDATA[java.lang.AssertionError: Response doesn't have ID as a field expected [true] but found [false]
at org.testng.Assert.fail(Assert.java:99)
at org.testng.Assert.failNotEquals(Assert.java:1037)
at org.testng.Assert.assertTrue(Assert.java:45)
at com.learning.testcases.DeleteCustomerTest.doValidationUsingJSONObject(DeleteCustomerTest.java:51)
at com.learning.testcases.DeleteCustomerTest.validateDeleteCustomerAPI(DeleteCustomerTest.java:37)
at sun.reflect.GeneratedMethodAccessor250.invoke(Unknown Source)
at sun.reflect.DelegatingMethodAccessorImpl.invoke(DelegatingMethodAccessorImpl.java:43)
at java.lang.reflect.Method.invoke(Method.java:498)
at org.testng.internal.MethodInvocationHelper.invokeMethod(MethodInvocationHelper.java:132)
at org.testng.internal.TestInvoker.invokeMethod(TestInvoker.java:599)
at org.testng.internal.TestInvoker.invokeTestMethod(TestInvoker.java:174)
at org.testng.internal.TestMethodWithDataProviderMethodWorker.call(TestMethodWithDataProviderMethodWorker.java:77)
at org.testng.internal.TestMethodWithDataProviderMethodWorker.call(TestMethodWithDataProviderMethodWorker.java:15)
at java.util.concurrent.FutureTask.run(FutureTask.java:266)
at java.util.concurrent.Executors$RunnableAdapter.call(Executors.java:511)
at java.util.concurrent.FutureTask.run(FutureTask.java:266)
at java.util.concurrent.ThreadPoolExecutor.runWorker(ThreadPoolExecutor.java:1149)
at java.util.concurrent.ThreadPoolExecutor$Worker.run(ThreadPoolExecutor.java:624)
at java.lang.Thread.run(Thread.java:748)
]]>
    </failure>
  </testcase> <!-- validateDeleteCustomerAPI -->
  <system-out/>
  <testcase name="validateDeleteCustomerAPI" time="1.406" classname="com.learning.testcases.DeleteCustomerTest">
    <failure type="java.lang.AssertionError" message="Response doesn&#039;t have ID as a field expected [true] but found [false]">
      <![CDATA[java.lang.AssertionError: Response doesn't have ID as a field expected [true] but found [false]
at org.testng.Assert.fail(Assert.java:99)
at org.testng.Assert.failNotEquals(Assert.java:1037)
at org.testng.Assert.assertTrue(Assert.java:45)
at com.learning.testcases.DeleteCustomerTest.doValidationUsingJSONObject(DeleteCustomerTest.java:51)
at com.learning.testcases.DeleteCustomerTest.validateDeleteCustomerAPI(DeleteCustomerTest.java:37)
at sun.reflect.GeneratedMethodAccessor250.invoke(Unknown Source)
at sun.reflect.DelegatingMethodAccessorImpl.invoke(DelegatingMethodAccessorImpl.java:43)
at java.lang.reflect.Method.invoke(Method.java:498)
at org.testng.internal.MethodInvocationHelper.invokeMethod(MethodInvocationHelper.java:132)
at org.testng.internal.TestInvoker.invokeMethod(TestInvoker.java:599)
at org.testng.internal.TestInvoker.invokeTestMethod(TestInvoker.java:174)
at org.testng.internal.TestMethodWithDataProviderMethodWorker.call(TestMethodWithDataProviderMethodWorker.java:77)
at org.testng.internal.TestMethodWithDataProviderMethodWorker.call(TestMethodWithDataProviderMethodWorker.java:15)
at java.util.concurrent.FutureTask.run(FutureTask.java:266)
at java.util.concurrent.Executors$RunnableAdapter.call(Executors.java:511)
at java.util.concurrent.FutureTask.run(FutureTask.java:266)
at java.util.concurrent.ThreadPoolExecutor.runWorker(ThreadPoolExecutor.java:1149)
at java.util.concurrent.ThreadPoolExecutor$Worker.run(ThreadPoolExecutor.java:624)
at java.lang.Thread.run(Thread.java:748)
]]>
    </failure>
  </testcase> <!-- validateDeleteCustomerAPI -->
  <system-out/>
  <testcase name="validateDeleteCustomerAPI" time="1.351" classname="com.learning.testcases.DeleteCustomerTest">
    <failure type="java.lang.AssertionError" message="Response doesn&#039;t have ID as a field expected [true] but found [false]">
      <![CDATA[java.lang.AssertionError: Response doesn't have ID as a field expected [true] but found [false]
at org.testng.Assert.fail(Assert.java:99)
at org.testng.Assert.failNotEquals(Assert.java:1037)
at org.testng.Assert.assertTrue(Assert.java:45)
at com.learning.testcases.DeleteCustomerTest.doValidationUsingJSONObject(DeleteCustomerTest.java:51)
at com.learning.testcases.DeleteCustomerTest.validateDeleteCustomerAPI(DeleteCustomerTest.java:37)
at sun.reflect.GeneratedMethodAccessor250.invoke(Unknown Source)
at sun.reflect.DelegatingMethodAccessorImpl.invoke(DelegatingMethodAccessorImpl.java:43)
at java.lang.reflect.Method.invoke(Method.java:498)
at org.testng.internal.MethodInvocationHelper.invokeMethod(MethodInvocationHelper.java:132)
at org.testng.internal.TestInvoker.invokeMethod(TestInvoker.java:599)
at org.testng.internal.TestInvoker.invokeTestMethod(TestInvoker.java:174)
at org.testng.internal.TestMethodWithDataProviderMethodWorker.call(TestMethodWithDataProviderMethodWorker.java:77)
at org.testng.internal.TestMethodWithDataProviderMethodWorker.call(TestMethodWithDataProviderMethodWorker.java:15)
at java.util.concurrent.FutureTask.run(FutureTask.java:266)
at java.util.concurrent.Executors$RunnableAdapter.call(Executors.java:511)
at java.util.concurrent.FutureTask.run(FutureTask.java:266)
at java.util.concurrent.ThreadPoolExecutor.runWorker(ThreadPoolExecutor.java:1149)
at java.util.concurrent.ThreadPoolExecutor$Worker.run(ThreadPoolExecutor.java:624)
at java.lang.Thread.run(Thread.java:748)
]]>
    </failure>
  </testcase> <!-- validateDeleteCustomerAPI -->
  <system-out/>
  <testcase name="validateDeleteCustomerAPI" time="1.370" classname="com.learning.testcases.DeleteCustomerTest">
    <failure type="java.lang.AssertionError" message="Response doesn&#039;t have ID as a field expected [true] but found [false]">
      <![CDATA[java.lang.AssertionError: Response doesn't have ID as a field expected [true] but found [false]
at org.testng.Assert.fail(Assert.java:99)
at org.testng.Assert.failNotEquals(Assert.java:1037)
at org.testng.Assert.assertTrue(Assert.java:45)
at com.learning.testcases.DeleteCustomerTest.doValidationUsingJSONObject(DeleteCustomerTest.java:51)
at com.learning.testcases.DeleteCustomerTest.validateDeleteCustomerAPI(DeleteCustomerTest.java:37)
at sun.reflect.GeneratedMethodAccessor250.invoke(Unknown Source)
at sun.reflect.DelegatingMethodAccessorImpl.invoke(DelegatingMethodAccessorImpl.java:43)
at java.lang.reflect.Method.invoke(Method.java:498)
at org.testng.internal.MethodInvocationHelper.invokeMethod(MethodInvocationHelper.java:132)
at org.testng.internal.TestInvoker.invokeMethod(TestInvoker.java:599)
at org.testng.internal.TestInvoker.invokeTestMethod(TestInvoker.java:174)
at org.testng.internal.TestMethodWithDataProviderMethodWorker.call(TestMethodWithDataProviderMethodWorker.java:77)
at org.testng.internal.TestMethodWithDataProviderMethodWorker.call(TestMethodWithDataProviderMethodWorker.java:15)
at java.util.concurrent.FutureTask.run(FutureTask.java:266)
at java.util.concurrent.Executors$RunnableAdapter.call(Executors.java:511)
at java.util.concurrent.FutureTask.run(FutureTask.java:266)
at java.util.concurrent.ThreadPoolExecutor.runWorker(ThreadPoolExecutor.java:1149)
at java.util.concurrent.ThreadPoolExecutor$Worker.run(ThreadPoolExecutor.java:624)
at java.lang.Thread.run(Thread.java:748)
]]>
    </failure>
  </testcase> <!-- validateDeleteCustomerAPI -->
  <system-out/>
  <testcase name="validateDeleteCustomerAPI" time="1.637" classname="com.learning.testcases.DeleteCustomerTest"/>
  <system-out/>
  <testcase name="validateDeleteCustomerAPI" time="4.218" classname="com.learning.testcases.DeleteCustomerTest">
    <failure type="java.lang.AssertionError" message="Response doesn&#039;t have ID as a field expected [true] but found [false]">
      <![CDATA[java.lang.AssertionError: Response doesn't have ID as a field expected [true] but found [false]
at org.testng.Assert.fail(Assert.java:99)
at org.testng.Assert.failNotEquals(Assert.java:1037)
at org.testng.Assert.assertTrue(Assert.java:45)
at com.learning.testcases.DeleteCustomerTest.doValidationUsingJSONObject(DeleteCustomerTest.java:51)
at com.learning.testcases.DeleteCustomerTest.validateDeleteCustomerAPI(DeleteCustomerTest.java:37)
at sun.reflect.NativeMethodAccessorImpl.invoke0(Native Method)
at sun.reflect.NativeMethodAccessorImpl.invoke(NativeMethodAccessorImpl.java:62)
at sun.reflect.DelegatingMethodAccessorImpl.invoke(DelegatingMethodAccessorImpl.java:43)
at java.lang.reflect.Method.invoke(Method.java:498)
at org.testng.internal.MethodInvocationHelper.invokeMethod(MethodInvocationHelper.java:132)
at org.testng.internal.TestInvoker.invokeMethod(TestInvoker.java:599)
at org.testng.internal.TestInvoker.invokeTestMethod(TestInvoker.java:174)
at org.testng.internal.TestMethodWithDataProviderMethodWorker.call(TestMethodWithDataProviderMethodWorker.java:77)
at org.testng.internal.TestMethodWithDataProviderMethodWorker.call(TestMethodWithDataProviderMethodWorker.java:15)
at java.util.concurrent.FutureTask.run(FutureTask.java:266)
at java.util.concurrent.Executors$RunnableAdapter.call(Executors.java:511)
at java.util.concurrent.FutureTask.run(FutureTask.java:266)
at java.util.concurrent.ThreadPoolExecutor.runWorker(ThreadPoolExecutor.java:1149)
at java.util.concurrent.ThreadPoolExecutor$Worker.run(ThreadPoolExecutor.java:624)
at java.lang.Thread.run(Thread.java:748)
]]>
    </failure>
  </testcase> <!-- validateDeleteCustomerAPI -->
  <system-out/>
  <testcase name="validateDeleteCustomerAPI" time="1.400" classname="com.learning.testcases.DeleteCustomerTest">
    <failure type="java.lang.AssertionError" message="Response doesn&#039;t have ID as a field expected [true] but found [false]">
      <![CDATA[java.lang.AssertionError: Response doesn't have ID as a field expected [true] but found [false]
at org.testng.Assert.fail(Assert.java:99)
at org.testng.Assert.failNotEquals(Assert.java:1037)
at org.testng.Assert.assertTrue(Assert.java:45)
at com.learning.testcases.DeleteCustomerTest.doValidationUsingJSONObject(DeleteCustomerTest.java:51)
at com.learning.testcases.DeleteCustomerTest.validateDeleteCustomerAPI(DeleteCustomerTest.java:37)
at sun.reflect.GeneratedMethodAccessor250.invoke(Unknown Source)
at sun.reflect.DelegatingMethodAccessorImpl.invoke(DelegatingMethodAccessorImpl.java:43)
at java.lang.reflect.Method.invoke(Method.java:498)
at org.testng.internal.MethodInvocationHelper.invokeMethod(MethodInvocationHelper.java:132)
at org.testng.internal.TestInvoker.invokeMethod(TestInvoker.java:599)
at org.testng.internal.TestInvoker.invokeTestMethod(TestInvoker.java:174)
at org.testng.internal.TestMethodWithDataProviderMethodWorker.call(TestMethodWithDataProviderMethodWorker.java:77)
at org.testng.internal.TestMethodWithDataProviderMethodWorker.call(TestMethodWithDataProviderMethodWorker.java:15)
at java.util.concurrent.FutureTask.run(FutureTask.java:266)
at java.util.concurrent.Executors$RunnableAdapter.call(Executors.java:511)
at java.util.concurrent.FutureTask.run(FutureTask.java:266)
at java.util.concurrent.ThreadPoolExecutor.runWorker(ThreadPoolExecutor.java:1149)
at java.util.concurrent.ThreadPoolExecutor$Worker.run(ThreadPoolExecutor.java:624)
at java.lang.Thread.run(Thread.java:748)
]]>
    </failure>
  </testcase> <!-- validateDeleteCustomerAPI -->
  <system-out/>
  <testcase name="validateDeleteCustomerAPI" time="1.379" classname="com.learning.testcases.DeleteCustomerTest">
    <failure type="java.lang.AssertionError" message="Response doesn&#039;t have ID as a field expected [true] but found [false]">
      <![CDATA[java.lang.AssertionError: Response doesn't have ID as a field expected [true] but found [false]
at org.testng.Assert.fail(Assert.java:99)
at org.testng.Assert.failNotEquals(Assert.java:1037)
at org.testng.Assert.assertTrue(Assert.java:45)
at com.learning.testcases.DeleteCustomerTest.doValidationUsingJSONObject(DeleteCustomerTest.java:51)
at com.learning.testcases.DeleteCustomerTest.validateDeleteCustomerAPI(DeleteCustomerTest.java:37)
at sun.reflect.GeneratedMethodAccessor250.invoke(Unknown Source)
at sun.reflect.DelegatingMethodAccessorImpl.invoke(DelegatingMethodAccessorImpl.java:43)
at java.lang.reflect.Method.invoke(Method.java:498)
at org.testng.internal.MethodInvocationHelper.invokeMethod(MethodInvocationHelper.java:132)
at org.testng.internal.TestInvoker.invokeMethod(TestInvoker.java:599)
at org.testng.internal.TestInvoker.invokeTestMethod(TestInvoker.java:174)
at org.testng.internal.TestMethodWithDataProviderMethodWorker.call(TestMethodWithDataProviderMethodWorker.java:77)
at org.testng.internal.TestMethodWithDataProviderMethodWorker.call(TestMethodWithDataProviderMethodWorker.java:15)
at java.util.concurrent.FutureTask.run(FutureTask.java:266)
at java.util.concurrent.Executors$RunnableAdapter.call(Executors.java:511)
at java.util.concurrent.FutureTask.run(FutureTask.java:266)
at java.util.concurrent.ThreadPoolExecutor.runWorker(ThreadPoolExecutor.java:1149)
at java.util.concurrent.ThreadPoolExecutor$Worker.run(ThreadPoolExecutor.java:624)
at java.lang.Thread.run(Thread.java:748)
]]>
    </failure>
  </testcase> <!-- validateDeleteCustomerAPI -->
  <system-out/>
  <testcase name="validateDeleteCustomerAPI" time="1.478" classname="com.learning.testcases.DeleteCustomerTest"/>
  <system-out/>
  <testcase name="validateDeleteCustomerAPI" time="1.471" classname="com.learning.testcases.DeleteCustomerTest"/>
  <system-out/>
  <testcase name="validateDeleteCustomerAPI" time="1.394" classname="com.learning.testcases.DeleteCustomerTest">
    <failure type="java.lang.AssertionError" message="Response doesn&#039;t have ID as a field expected [true] but found [false]">
      <![CDATA[java.lang.AssertionError: Response doesn't have ID as a field expected [true] but found [false]
at org.testng.Assert.fail(Assert.java:99)
at org.testng.Assert.failNotEquals(Assert.java:1037)
at org.testng.Assert.assertTrue(Assert.java:45)
at com.learning.testcases.DeleteCustomerTest.doValidationUsingJSONObject(DeleteCustomerTest.java:51)
at com.learning.testcases.DeleteCustomerTest.validateDeleteCustomerAPI(DeleteCustomerTest.java:37)
at sun.reflect.GeneratedMethodAccessor250.invoke(Unknown Source)
at sun.reflect.DelegatingMethodAccessorImpl.invoke(DelegatingMethodAccessorImpl.java:43)
at java.lang.reflect.Method.invoke(Method.java:498)
at org.testng.internal.MethodInvocationHelper.invokeMethod(MethodInvocationHelper.java:132)
at org.testng.internal.TestInvoker.invokeMethod(TestInvoker.java:599)
at org.testng.internal.TestInvoker.invokeTestMethod(TestInvoker.java:174)
at org.testng.internal.TestMethodWithDataProviderMethodWorker.call(TestMethodWithDataProviderMethodWorker.java:77)
at org.testng.internal.TestMethodWithDataProviderMethodWorker.call(TestMethodWithDataProviderMethodWorker.java:15)
at java.util.concurrent.FutureTask.run(FutureTask.java:266)
at java.util.concurrent.Executors$RunnableAdapter.call(Executors.java:511)
at java.util.concurrent.FutureTask.run(FutureTask.java:266)
at java.util.concurrent.ThreadPoolExecutor.runWorker(ThreadPoolExecutor.java:1149)
at java.util.concurrent.ThreadPoolExecutor$Worker.run(ThreadPoolExecutor.java:624)
at java.lang.Thread.run(Thread.java:748)
]]>
    </failure>
  </testcase> <!-- validateDeleteCustomerAPI -->
  <system-out/>
  <testcase name="validateDeleteCustomerAPI" time="1.411" classname="com.learning.testcases.DeleteCustomerTest">
    <failure type="java.lang.AssertionError" message="Response doesn&#039;t have ID as a field expected [true] but found [false]">
      <![CDATA[java.lang.AssertionError: Response doesn't have ID as a field expected [true] but found [false]
at org.testng.Assert.fail(Assert.java:99)
at org.testng.Assert.failNotEquals(Assert.java:1037)
at org.testng.Assert.assertTrue(Assert.java:45)
at com.learning.testcases.DeleteCustomerTest.doValidationUsingJSONObject(DeleteCustomerTest.java:51)
at com.learning.testcases.DeleteCustomerTest.validateDeleteCustomerAPI(DeleteCustomerTest.java:37)
at sun.reflect.GeneratedMethodAccessor250.invoke(Unknown Source)
at sun.reflect.DelegatingMethodAccessorImpl.invoke(DelegatingMethodAccessorImpl.java:43)
at java.lang.reflect.Method.invoke(Method.java:498)
at org.testng.internal.MethodInvocationHelper.invokeMethod(MethodInvocationHelper.java:132)
at org.testng.internal.TestInvoker.invokeMethod(TestInvoker.java:599)
at org.testng.internal.TestInvoker.invokeTestMethod(TestInvoker.java:174)
at org.testng.internal.TestMethodWithDataProviderMethodWorker.call(TestMethodWithDataProviderMethodWorker.java:77)
at org.testng.internal.TestMethodWithDataProviderMethodWorker.call(TestMethodWithDataProviderMethodWorker.java:15)
at java.util.concurrent.FutureTask.run(FutureTask.java:266)
at java.util.concurrent.Executors$RunnableAdapter.call(Executors.java:511)
at java.util.concurrent.FutureTask.run(FutureTask.java:266)
at java.util.concurrent.ThreadPoolExecutor.runWorker(ThreadPoolExecutor.java:1149)
at java.util.concurrent.ThreadPoolExecutor$Worker.run(ThreadPoolExecutor.java:624)
at java.lang.Thread.run(Thread.java:748)
]]>
    </failure>
  </testcase> <!-- validateDeleteCustomerAPI -->
  <system-out/>
  <testcase name="validateDeleteCustomerAPI" time="1.423" classname="com.learning.testcases.DeleteCustomerTest">
    <failure type="java.lang.AssertionError" message="Response doesn&#039;t have ID as a field expected [true] but found [false]">
      <![CDATA[java.lang.AssertionError: Response doesn't have ID as a field expected [true] but found [false]
at org.testng.Assert.fail(Assert.java:99)
at org.testng.Assert.failNotEquals(Assert.java:1037)
at org.testng.Assert.assertTrue(Assert.java:45)
at com.learning.testcases.DeleteCustomerTest.doValidationUsingJSONObject(DeleteCustomerTest.java:51)
at com.learning.testcases.DeleteCustomerTest.validateDeleteCustomerAPI(DeleteCustomerTest.java:37)
at sun.reflect.NativeMethodAccessorImpl.invoke0(Native Method)
at sun.reflect.NativeMethodAccessorImpl.invoke(NativeMethodAccessorImpl.java:62)
at sun.reflect.DelegatingMethodAccessorImpl.invoke(DelegatingMethodAccessorImpl.java:43)
at java.lang.reflect.Method.invoke(Method.java:498)
at org.testng.internal.MethodInvocationHelper.invokeMethod(MethodInvocationHelper.java:132)
at org.testng.internal.TestInvoker.invokeMethod(TestInvoker.java:599)
at org.testng.internal.TestInvoker.invokeTestMethod(TestInvoker.java:174)
at org.testng.internal.TestMethodWithDataProviderMethodWorker.call(TestMethodWithDataProviderMethodWorker.java:77)
at org.testng.internal.TestMethodWithDataProviderMethodWorker.call(TestMethodWithDataProviderMethodWorker.java:15)
at java.util.concurrent.FutureTask.run(FutureTask.java:266)
at java.util.concurrent.Executors$RunnableAdapter.call(Executors.java:511)
at java.util.concurrent.FutureTask.run(FutureTask.java:266)
at java.util.concurrent.ThreadPoolExecutor.runWorker(ThreadPoolExecutor.java:1149)
at java.util.concurrent.ThreadPoolExecutor$Worker.run(ThreadPoolExecutor.java:624)
at java.lang.Thread.run(Thread.java:748)
]]>
    </failure>
  </testcase> <!-- validateDeleteCustomerAPI -->
  <system-out/>
  <testcase name="validateDeleteCustomerAPI" time="1.346" classname="com.learning.testcases.DeleteCustomerTest">
    <failure type="java.lang.AssertionError" message="Response doesn&#039;t have ID as a field expected [true] but found [false]">
      <![CDATA[java.lang.AssertionError: Response doesn't have ID as a field expected [true] but found [false]
at org.testng.Assert.fail(Assert.java:99)
at org.testng.Assert.failNotEquals(Assert.java:1037)
at org.testng.Assert.assertTrue(Assert.java:45)
at com.learning.testcases.DeleteCustomerTest.doValidationUsingJSONObject(DeleteCustomerTest.java:51)
at com.learning.testcases.DeleteCustomerTest.validateDeleteCustomerAPI(DeleteCustomerTest.java:37)
at sun.reflect.GeneratedMethodAccessor250.invoke(Unknown Source)
at sun.reflect.DelegatingMethodAccessorImpl.invoke(DelegatingMethodAccessorImpl.java:43)
at java.lang.reflect.Method.invoke(Method.java:498)
at org.testng.internal.MethodInvocationHelper.invokeMethod(MethodInvocationHelper.java:132)
at org.testng.internal.TestInvoker.invokeMethod(TestInvoker.java:599)
at org.testng.internal.TestInvoker.invokeTestMethod(TestInvoker.java:174)
at org.testng.internal.TestMethodWithDataProviderMethodWorker.call(TestMethodWithDataProviderMethodWorker.java:77)
at org.testng.internal.TestMethodWithDataProviderMethodWorker.call(TestMethodWithDataProviderMethodWorker.java:15)
at java.util.concurrent.FutureTask.run(FutureTask.java:266)
at java.util.concurrent.Executors$RunnableAdapter.call(Executors.java:511)
at java.util.concurrent.FutureTask.run(FutureTask.java:266)
at java.util.concurrent.ThreadPoolExecutor.runWorker(ThreadPoolExecutor.java:1149)
at java.util.concurrent.ThreadPoolExecutor$Worker.run(ThreadPoolExecutor.java:624)
at java.lang.Thread.run(Thread.java:748)
]]>
    </failure>
  </testcase> <!-- validateDeleteCustomerAPI -->
  <system-out/>
  <testcase name="validateDeleteCustomerAPI" time="1.409" classname="com.learning.testcases.DeleteCustomerTest">
    <failure type="java.lang.AssertionError" message="Response doesn&#039;t have ID as a field expected [true] but found [false]">
      <![CDATA[java.lang.AssertionError: Response doesn't have ID as a field expected [true] but found [false]
at org.testng.Assert.fail(Assert.java:99)
at org.testng.Assert.failNotEquals(Assert.java:1037)
at org.testng.Assert.assertTrue(Assert.java:45)
at com.learning.testcases.DeleteCustomerTest.doValidationUsingJSONObject(DeleteCustomerTest.java:51)
at com.learning.testcases.DeleteCustomerTest.validateDeleteCustomerAPI(DeleteCustomerTest.java:37)
at sun.reflect.GeneratedMethodAccessor250.invoke(Unknown Source)
at sun.reflect.DelegatingMethodAccessorImpl.invoke(DelegatingMethodAccessorImpl.java:43)
at java.lang.reflect.Method.invoke(Method.java:498)
at org.testng.internal.MethodInvocationHelper.invokeMethod(MethodInvocationHelper.java:132)
at org.testng.internal.TestInvoker.invokeMethod(TestInvoker.java:599)
at org.testng.internal.TestInvoker.invokeTestMethod(TestInvoker.java:174)
at org.testng.internal.TestMethodWithDataProviderMethodWorker.call(TestMethodWithDataProviderMethodWorker.java:77)
at org.testng.internal.TestMethodWithDataProviderMethodWorker.call(TestMethodWithDataProviderMethodWorker.java:15)
at java.util.concurrent.FutureTask.run(FutureTask.java:266)
at java.util.concurrent.Executors$RunnableAdapter.call(Executors.java:511)
at java.util.concurrent.FutureTask.run(FutureTask.java:266)
at java.util.concurrent.ThreadPoolExecutor.runWorker(ThreadPoolExecutor.java:1149)
at java.util.concurrent.ThreadPoolExecutor$Worker.run(ThreadPoolExecutor.java:624)
at java.lang.Thread.run(Thread.java:748)
]]>
    </failure>
  </testcase> <!-- validateDeleteCustomerAPI -->
  <system-out/>
  <testcase name="validateDeleteCustomerAPI" time="1.487" classname="com.learning.testcases.DeleteCustomerTest"/>
  <system-out/>
  <testcase name="validateDeleteCustomerAPI" time="1.363" classname="com.learning.testcases.DeleteCustomerTest">
    <failure type="java.lang.AssertionError" message="Response doesn&#039;t have ID as a field expected [true] but found [false]">
      <![CDATA[java.lang.AssertionError: Response doesn't have ID as a field expected [true] but found [false]
at org.testng.Assert.fail(Assert.java:99)
at org.testng.Assert.failNotEquals(Assert.java:1037)
at org.testng.Assert.assertTrue(Assert.java:45)
at com.learning.testcases.DeleteCustomerTest.doValidationUsingJSONObject(DeleteCustomerTest.java:51)
at com.learning.testcases.DeleteCustomerTest.validateDeleteCustomerAPI(DeleteCustomerTest.java:37)
at sun.reflect.GeneratedMethodAccessor250.invoke(Unknown Source)
at sun.reflect.DelegatingMethodAccessorImpl.invoke(DelegatingMethodAccessorImpl.java:43)
at java.lang.reflect.Method.invoke(Method.java:498)
at org.testng.internal.MethodInvocationHelper.invokeMethod(MethodInvocationHelper.java:132)
at org.testng.internal.TestInvoker.invokeMethod(TestInvoker.java:599)
at org.testng.internal.TestInvoker.invokeTestMethod(TestInvoker.java:174)
at org.testng.internal.TestMethodWithDataProviderMethodWorker.call(TestMethodWithDataProviderMethodWorker.java:77)
at org.testng.internal.TestMethodWithDataProviderMethodWorker.call(TestMethodWithDataProviderMethodWorker.java:15)
at java.util.concurrent.FutureTask.run(FutureTask.java:266)
at java.util.concurrent.Executors$RunnableAdapter.call(Executors.java:511)
at java.util.concurrent.FutureTask.run(FutureTask.java:266)
at java.util.concurrent.ThreadPoolExecutor.runWorker(ThreadPoolExecutor.java:1149)
at java.util.concurrent.ThreadPoolExecutor$Worker.run(ThreadPoolExecutor.java:624)
at java.lang.Thread.run(Thread.java:748)
]]>
    </failure>
  </testcase> <!-- validateDeleteCustomerAPI -->
  <system-out/>
  <testcase name="validateDeleteCustomerAPI" time="1.371" classname="com.learning.testcases.DeleteCustomerTest">
    <failure type="java.lang.AssertionError" message="Response doesn&#039;t have ID as a field expected [true] but found [false]">
      <![CDATA[java.lang.AssertionError: Response doesn't have ID as a field expected [true] but found [false]
at org.testng.Assert.fail(Assert.java:99)
at org.testng.Assert.failNotEquals(Assert.java:1037)
at org.testng.Assert.assertTrue(Assert.java:45)
at com.learning.testcases.DeleteCustomerTest.doValidationUsingJSONObject(DeleteCustomerTest.java:51)
at com.learning.testcases.DeleteCustomerTest.validateDeleteCustomerAPI(DeleteCustomerTest.java:37)
at sun.reflect.GeneratedMethodAccessor250.invoke(Unknown Source)
at sun.reflect.DelegatingMethodAccessorImpl.invoke(DelegatingMethodAccessorImpl.java:43)
at java.lang.reflect.Method.invoke(Method.java:498)
at org.testng.internal.MethodInvocationHelper.invokeMethod(MethodInvocationHelper.java:132)
at org.testng.internal.TestInvoker.invokeMethod(TestInvoker.java:599)
at org.testng.internal.TestInvoker.invokeTestMethod(TestInvoker.java:174)
at org.testng.internal.TestMethodWithDataProviderMethodWorker.call(TestMethodWithDataProviderMethodWorker.java:77)
at org.testng.internal.TestMethodWithDataProviderMethodWorker.call(TestMethodWithDataProviderMethodWorker.java:15)
at java.util.concurrent.FutureTask.run(FutureTask.java:266)
at java.util.concurrent.Executors$RunnableAdapter.call(Executors.java:511)
at java.util.concurrent.FutureTask.run(FutureTask.java:266)
at java.util.concurrent.ThreadPoolExecutor.runWorker(ThreadPoolExecutor.java:1149)
at java.util.concurrent.ThreadPoolExecutor$Worker.run(ThreadPoolExecutor.java:624)
at java.lang.Thread.run(Thread.java:748)
]]>
    </failure>
  </testcase> <!-- validateDeleteCustomerAPI -->
  <system-out/>
  <testcase name="validateDeleteCustomerAPI" time="1.391" classname="com.learning.testcases.DeleteCustomerTest">
    <failure type="java.lang.AssertionError" message="Response doesn&#039;t have ID as a field expected [true] but found [false]">
      <![CDATA[java.lang.AssertionError: Response doesn't have ID as a field expected [true] but found [false]
at org.testng.Assert.fail(Assert.java:99)
at org.testng.Assert.failNotEquals(Assert.java:1037)
at org.testng.Assert.assertTrue(Assert.java:45)
at com.learning.testcases.DeleteCustomerTest.doValidationUsingJSONObject(DeleteCustomerTest.java:51)
at com.learning.testcases.DeleteCustomerTest.validateDeleteCustomerAPI(DeleteCustomerTest.java:37)
at sun.reflect.GeneratedMethodAccessor250.invoke(Unknown Source)
at sun.reflect.DelegatingMethodAccessorImpl.invoke(DelegatingMethodAccessorImpl.java:43)
at java.lang.reflect.Method.invoke(Method.java:498)
at org.testng.internal.MethodInvocationHelper.invokeMethod(MethodInvocationHelper.java:132)
at org.testng.internal.TestInvoker.invokeMethod(TestInvoker.java:599)
at org.testng.internal.TestInvoker.invokeTestMethod(TestInvoker.java:174)
at org.testng.internal.TestMethodWithDataProviderMethodWorker.call(TestMethodWithDataProviderMethodWorker.java:77)
at org.testng.internal.TestMethodWithDataProviderMethodWorker.call(TestMethodWithDataProviderMethodWorker.java:15)
at java.util.concurrent.FutureTask.run(FutureTask.java:266)
at java.util.concurrent.Executors$RunnableAdapter.call(Executors.java:511)
at java.util.concurrent.FutureTask.run(FutureTask.java:266)
at java.util.concurrent.ThreadPoolExecutor.runWorker(ThreadPoolExecutor.java:1149)
at java.util.concurrent.ThreadPoolExecutor$Worker.run(ThreadPoolExecutor.java:624)
at java.lang.Thread.run(Thread.java:748)
]]>
    </failure>
  </testcase> <!-- validateDeleteCustomerAPI -->
  <system-out/>
  <testcase name="validateDeleteCustomerAPI" time="1.381" classname="com.learning.testcases.DeleteCustomerTest">
    <failure type="java.lang.AssertionError" message="Response doesn&#039;t have ID as a field expected [true] but found [false]">
      <![CDATA[java.lang.AssertionError: Response doesn't have ID as a field expected [true] but found [false]
at org.testng.Assert.fail(Assert.java:99)
at org.testng.Assert.failNotEquals(Assert.java:1037)
at org.testng.Assert.assertTrue(Assert.java:45)
at com.learning.testcases.DeleteCustomerTest.doValidationUsingJSONObject(DeleteCustomerTest.java:51)
at com.learning.testcases.DeleteCustomerTest.validateDeleteCustomerAPI(DeleteCustomerTest.java:37)
at sun.reflect.GeneratedMethodAccessor250.invoke(Unknown Source)
at sun.reflect.DelegatingMethodAccessorImpl.invoke(DelegatingMethodAccessorImpl.java:43)
at java.lang.reflect.Method.invoke(Method.java:498)
at org.testng.internal.MethodInvocationHelper.invokeMethod(MethodInvocationHelper.java:132)
at org.testng.internal.TestInvoker.invokeMethod(TestInvoker.java:599)
at org.testng.internal.TestInvoker.invokeTestMethod(TestInvoker.java:174)
at org.testng.internal.TestMethodWithDataProviderMethodWorker.call(TestMethodWithDataProviderMethodWorker.java:77)
at org.testng.internal.TestMethodWithDataProviderMethodWorker.call(TestMethodWithDataProviderMethodWorker.java:15)
at java.util.concurrent.FutureTask.run(FutureTask.java:266)
at java.util.concurrent.Executors$RunnableAdapter.call(Executors.java:511)
at java.util.concurrent.FutureTask.run(FutureTask.java:266)
at java.util.concurrent.ThreadPoolExecutor.runWorker(ThreadPoolExecutor.java:1149)
at java.util.concurrent.ThreadPoolExecutor$Worker.run(ThreadPoolExecutor.java:624)
at java.lang.Thread.run(Thread.java:748)
]]>
    </failure>
  </testcase> <!-- validateDeleteCustomerAPI -->
  <system-out/>
  <testcase name="validateDeleteCustomerAPI" time="2.451" classname="com.learning.testcases.DeleteCustomerTest">
    <failure type="java.lang.AssertionError" message="Response doesn&#039;t have ID as a field expected [true] but found [false]">
      <![CDATA[java.lang.AssertionError: Response doesn't have ID as a field expected [true] but found [false]
at org.testng.Assert.fail(Assert.java:99)
at org.testng.Assert.failNotEquals(Assert.java:1037)
at org.testng.Assert.assertTrue(Assert.java:45)
at com.learning.testcases.DeleteCustomerTest.doValidationUsingJSONObject(DeleteCustomerTest.java:51)
at com.learning.testcases.DeleteCustomerTest.validateDeleteCustomerAPI(DeleteCustomerTest.java:37)
at sun.reflect.GeneratedMethodAccessor250.invoke(Unknown Source)
at sun.reflect.DelegatingMethodAccessorImpl.invoke(DelegatingMethodAccessorImpl.java:43)
at java.lang.reflect.Method.invoke(Method.java:498)
at org.testng.internal.MethodInvocationHelper.invokeMethod(MethodInvocationHelper.java:132)
at org.testng.internal.TestInvoker.invokeMethod(TestInvoker.java:599)
at org.testng.internal.TestInvoker.invokeTestMethod(TestInvoker.java:174)
at org.testng.internal.TestMethodWithDataProviderMethodWorker.call(TestMethodWithDataProviderMethodWorker.java:77)
at org.testng.internal.TestMethodWithDataProviderMethodWorker.call(TestMethodWithDataProviderMethodWorker.java:15)
at java.util.concurrent.FutureTask.run(FutureTask.java:266)
at java.util.concurrent.Executors$RunnableAdapter.call(Executors.java:511)
at java.util.concurrent.FutureTask.run(FutureTask.java:266)
at java.util.concurrent.ThreadPoolExecutor.runWorker(ThreadPoolExecutor.java:1149)
at java.util.concurrent.ThreadPoolExecutor$Worker.run(ThreadPoolExecutor.java:624)
at java.lang.Thread.run(Thread.java:748)
]]>
    </failure>
  </testcase> <!-- validateDeleteCustomerAPI -->
  <system-out/>
  <testcase name="validateDeleteCustomerAPI" time="1.348" classname="com.learning.testcases.DeleteCustomerTest">
    <failure type="java.lang.AssertionError" message="Response doesn&#039;t have ID as a field expected [true] but found [false]">
      <![CDATA[java.lang.AssertionError: Response doesn't have ID as a field expected [true] but found [false]
at org.testng.Assert.fail(Assert.java:99)
at org.testng.Assert.failNotEquals(Assert.java:1037)
at org.testng.Assert.assertTrue(Assert.java:45)
at com.learning.testcases.DeleteCustomerTest.doValidationUsingJSONObject(DeleteCustomerTest.java:51)
at com.learning.testcases.DeleteCustomerTest.validateDeleteCustomerAPI(DeleteCustomerTest.java:37)
at sun.reflect.GeneratedMethodAccessor250.invoke(Unknown Source)
at sun.reflect.DelegatingMethodAccessorImpl.invoke(DelegatingMethodAccessorImpl.java:43)
at java.lang.reflect.Method.invoke(Method.java:498)
at org.testng.internal.MethodInvocationHelper.invokeMethod(MethodInvocationHelper.java:132)
at org.testng.internal.TestInvoker.invokeMethod(TestInvoker.java:599)
at org.testng.internal.TestInvoker.invokeTestMethod(TestInvoker.java:174)
at org.testng.internal.TestMethodWithDataProviderMethodWorker.call(TestMethodWithDataProviderMethodWorker.java:77)
at org.testng.internal.TestMethodWithDataProviderMethodWorker.call(TestMethodWithDataProviderMethodWorker.java:15)
at java.util.concurrent.FutureTask.run(FutureTask.java:266)
at java.util.concurrent.Executors$RunnableAdapter.call(Executors.java:511)
at java.util.concurrent.FutureTask.run(FutureTask.java:266)
at java.util.concurrent.ThreadPoolExecutor.runWorker(ThreadPoolExecutor.java:1149)
at java.util.concurrent.ThreadPoolExecutor$Worker.run(ThreadPoolExecutor.java:624)
at java.lang.Thread.run(Thread.java:748)
]]>
    </failure>
  </testcase> <!-- validateDeleteCustomerAPI -->
  <system-out/>
  <testcase name="validateDeleteCustomerAPI" time="1.406" classname="com.learning.testcases.DeleteCustomerTest">
    <failure type="java.lang.AssertionError" message="Response doesn&#039;t have ID as a field expected [true] but found [false]">
      <![CDATA[java.lang.AssertionError: Response doesn't have ID as a field expected [true] but found [false]
at org.testng.Assert.fail(Assert.java:99)
at org.testng.Assert.failNotEquals(Assert.java:1037)
at org.testng.Assert.assertTrue(Assert.java:45)
at com.learning.testcases.DeleteCustomerTest.doValidationUsingJSONObject(DeleteCustomerTest.java:51)
at com.learning.testcases.DeleteCustomerTest.validateDeleteCustomerAPI(DeleteCustomerTest.java:37)
at sun.reflect.GeneratedMethodAccessor250.invoke(Unknown Source)
at sun.reflect.DelegatingMethodAccessorImpl.invoke(DelegatingMethodAccessorImpl.java:43)
at java.lang.reflect.Method.invoke(Method.java:498)
at org.testng.internal.MethodInvocationHelper.invokeMethod(MethodInvocationHelper.java:132)
at org.testng.internal.TestInvoker.invokeMethod(TestInvoker.java:599)
at org.testng.internal.TestInvoker.invokeTestMethod(TestInvoker.java:174)
at org.testng.internal.TestMethodWithDataProviderMethodWorker.call(TestMethodWithDataProviderMethodWorker.java:77)
at org.testng.internal.TestMethodWithDataProviderMethodWorker.call(TestMethodWithDataProviderMethodWorker.java:15)
at java.util.concurrent.FutureTask.run(FutureTask.java:266)
at java.util.concurrent.Executors$RunnableAdapter.call(Executors.java:511)
at java.util.concurrent.FutureTask.run(FutureTask.java:266)
at java.util.concurrent.ThreadPoolExecutor.runWorker(ThreadPoolExecutor.java:1149)
at java.util.concurrent.ThreadPoolExecutor$Worker.run(ThreadPoolExecutor.java:624)
at java.lang.Thread.run(Thread.java:748)
]]>
    </failure>
  </testcase> <!-- validateDeleteCustomerAPI -->
  <system-out/>
  <testcase name="validateDeleteCustomerAPI" time="1.410" classname="com.learning.testcases.DeleteCustomerTest">
    <failure type="java.lang.AssertionError" message="Response doesn&#039;t have ID as a field expected [true] but found [false]">
      <![CDATA[java.lang.AssertionError: Response doesn't have ID as a field expected [true] but found [false]
at org.testng.Assert.fail(Assert.java:99)
at org.testng.Assert.failNotEquals(Assert.java:1037)
at org.testng.Assert.assertTrue(Assert.java:45)
at com.learning.testcases.DeleteCustomerTest.doValidationUsingJSONObject(DeleteCustomerTest.java:51)
at com.learning.testcases.DeleteCustomerTest.validateDeleteCustomerAPI(DeleteCustomerTest.java:37)
at sun.reflect.GeneratedMethodAccessor250.invoke(Unknown Source)
at sun.reflect.DelegatingMethodAccessorImpl.invoke(DelegatingMethodAccessorImpl.java:43)
at java.lang.reflect.Method.invoke(Method.java:498)
at org.testng.internal.MethodInvocationHelper.invokeMethod(MethodInvocationHelper.java:132)
at org.testng.internal.TestInvoker.invokeMethod(TestInvoker.java:599)
at org.testng.internal.TestInvoker.invokeTestMethod(TestInvoker.java:174)
at org.testng.internal.TestMethodWithDataProviderMethodWorker.call(TestMethodWithDataProviderMethodWorker.java:77)
at org.testng.internal.TestMethodWithDataProviderMethodWorker.call(TestMethodWithDataProviderMethodWorker.java:15)
at java.util.concurrent.FutureTask.run(FutureTask.java:266)
at java.util.concurrent.Executors$RunnableAdapter.call(Executors.java:511)
at java.util.concurrent.FutureTask.run(FutureTask.java:266)
at java.util.concurrent.ThreadPoolExecutor.runWorker(ThreadPoolExecutor.java:1149)
at java.util.concurrent.ThreadPoolExecutor$Worker.run(ThreadPoolExecutor.java:624)
at java.lang.Thread.run(Thread.java:748)
]]>
    </failure>
  </testcase> <!-- validateDeleteCustomerAPI -->
  <system-out/>
  <testcase name="validateDeleteCustomerAPI" time="1.410" classname="com.learning.testcases.DeleteCustomerTest">
    <failure type="java.lang.AssertionError" message="Response doesn&#039;t have ID as a field expected [true] but found [false]">
      <![CDATA[java.lang.AssertionError: Response doesn't have ID as a field expected [true] but found [false]
at org.testng.Assert.fail(Assert.java:99)
at org.testng.Assert.failNotEquals(Assert.java:1037)
at org.testng.Assert.assertTrue(Assert.java:45)
at com.learning.testcases.DeleteCustomerTest.doValidationUsingJSONObject(DeleteCustomerTest.java:51)
at com.learning.testcases.DeleteCustomerTest.validateDeleteCustomerAPI(DeleteCustomerTest.java:37)
at sun.reflect.GeneratedMethodAccessor250.invoke(Unknown Source)
at sun.reflect.DelegatingMethodAccessorImpl.invoke(DelegatingMethodAccessorImpl.java:43)
at java.lang.reflect.Method.invoke(Method.java:498)
at org.testng.internal.MethodInvocationHelper.invokeMethod(MethodInvocationHelper.java:132)
at org.testng.internal.TestInvoker.invokeMethod(TestInvoker.java:599)
at org.testng.internal.TestInvoker.invokeTestMethod(TestInvoker.java:174)
at org.testng.internal.TestMethodWithDataProviderMethodWorker.call(TestMethodWithDataProviderMethodWorker.java:77)
at org.testng.internal.TestMethodWithDataProviderMethodWorker.call(TestMethodWithDataProviderMethodWorker.java:15)
at java.util.concurrent.FutureTask.run(FutureTask.java:266)
at java.util.concurrent.Executors$RunnableAdapter.call(Executors.java:511)
at java.util.concurrent.FutureTask.run(FutureTask.java:266)
at java.util.concurrent.ThreadPoolExecutor.runWorker(ThreadPoolExecutor.java:1149)
at java.util.concurrent.ThreadPoolExecutor$Worker.run(ThreadPoolExecutor.java:624)
at java.lang.Thread.run(Thread.java:748)
]]>
    </failure>
  </testcase> <!-- validateDeleteCustomerAPI -->
  <system-out/>
  <testcase name="validateDeleteCustomerAPI" time="1.382" classname="com.learning.testcases.DeleteCustomerTest">
    <failure type="java.lang.AssertionError" message="Response doesn&#039;t have ID as a field expected [true] but found [false]">
      <![CDATA[java.lang.AssertionError: Response doesn't have ID as a field expected [true] but found [false]
at org.testng.Assert.fail(Assert.java:99)
at org.testng.Assert.failNotEquals(Assert.java:1037)
at org.testng.Assert.assertTrue(Assert.java:45)
at com.learning.testcases.DeleteCustomerTest.doValidationUsingJSONObject(DeleteCustomerTest.java:51)
at com.learning.testcases.DeleteCustomerTest.validateDeleteCustomerAPI(DeleteCustomerTest.java:37)
at sun.reflect.GeneratedMethodAccessor250.invoke(Unknown Source)
at sun.reflect.DelegatingMethodAccessorImpl.invoke(DelegatingMethodAccessorImpl.java:43)
at java.lang.reflect.Method.invoke(Method.java:498)
at org.testng.internal.MethodInvocationHelper.invokeMethod(MethodInvocationHelper.java:132)
at org.testng.internal.TestInvoker.invokeMethod(TestInvoker.java:599)
at org.testng.internal.TestInvoker.invokeTestMethod(TestInvoker.java:174)
at org.testng.internal.TestMethodWithDataProviderMethodWorker.call(TestMethodWithDataProviderMethodWorker.java:77)
at org.testng.internal.TestMethodWithDataProviderMethodWorker.call(TestMethodWithDataProviderMethodWorker.java:15)
at java.util.concurrent.FutureTask.run(FutureTask.java:266)
at java.util.concurrent.Executors$RunnableAdapter.call(Executors.java:511)
at java.util.concurrent.FutureTask.run(FutureTask.java:266)
at java.util.concurrent.ThreadPoolExecutor.runWorker(ThreadPoolExecutor.java:1149)
at java.util.concurrent.ThreadPoolExecutor$Worker.run(ThreadPoolExecutor.java:624)
at java.lang.Thread.run(Thread.java:748)
]]>
    </failure>
  </testcase> <!-- validateDeleteCustomerAPI -->
  <system-out/>
  <testcase name="validateDeleteCustomerAPI" time="1.414" classname="com.learning.testcases.DeleteCustomerTest">
    <failure type="java.lang.AssertionError" message="Response doesn&#039;t have ID as a field expected [true] but found [false]">
      <![CDATA[java.lang.AssertionError: Response doesn't have ID as a field expected [true] but found [false]
at org.testng.Assert.fail(Assert.java:99)
at org.testng.Assert.failNotEquals(Assert.java:1037)
at org.testng.Assert.assertTrue(Assert.java:45)
at com.learning.testcases.DeleteCustomerTest.doValidationUsingJSONObject(DeleteCustomerTest.java:51)
at com.learning.testcases.DeleteCustomerTest.validateDeleteCustomerAPI(DeleteCustomerTest.java:37)
at sun.reflect.GeneratedMethodAccessor250.invoke(Unknown Source)
at sun.reflect.DelegatingMethodAccessorImpl.invoke(DelegatingMethodAccessorImpl.java:43)
at java.lang.reflect.Method.invoke(Method.java:498)
at org.testng.internal.MethodInvocationHelper.invokeMethod(MethodInvocationHelper.java:132)
at org.testng.internal.TestInvoker.invokeMethod(TestInvoker.java:599)
at org.testng.internal.TestInvoker.invokeTestMethod(TestInvoker.java:174)
at org.testng.internal.TestMethodWithDataProviderMethodWorker.call(TestMethodWithDataProviderMethodWorker.java:77)
at org.testng.internal.TestMethodWithDataProviderMethodWorker.call(TestMethodWithDataProviderMethodWorker.java:15)
at java.util.concurrent.FutureTask.run(FutureTask.java:266)
at java.util.concurrent.Executors$RunnableAdapter.call(Executors.java:511)
at java.util.concurrent.FutureTask.run(FutureTask.java:266)
at java.util.concurrent.ThreadPoolExecutor.runWorker(ThreadPoolExecutor.java:1149)
at java.util.concurrent.ThreadPoolExecutor$Worker.run(ThreadPoolExecutor.java:624)
at java.lang.Thread.run(Thread.java:748)
]]>
    </failure>
  </testcase> <!-- validateDeleteCustomerAPI -->
  <system-out/>
  <testcase name="validateDeleteCustomerAPI" time="1.375" classname="com.learning.testcases.DeleteCustomerTest">
    <failure type="java.lang.AssertionError" message="Response doesn&#039;t have ID as a field expected [true] but found [false]">
      <![CDATA[java.lang.AssertionError: Response doesn't have ID as a field expected [true] but found [false]
at org.testng.Assert.fail(Assert.java:99)
at org.testng.Assert.failNotEquals(Assert.java:1037)
at org.testng.Assert.assertTrue(Assert.java:45)
at com.learning.testcases.DeleteCustomerTest.doValidationUsingJSONObject(DeleteCustomerTest.java:51)
at com.learning.testcases.DeleteCustomerTest.validateDeleteCustomerAPI(DeleteCustomerTest.java:37)
at sun.reflect.GeneratedMethodAccessor250.invoke(Unknown Source)
at sun.reflect.DelegatingMethodAccessorImpl.invoke(DelegatingMethodAccessorImpl.java:43)
at java.lang.reflect.Method.invoke(Method.java:498)
at org.testng.internal.MethodInvocationHelper.invokeMethod(MethodInvocationHelper.java:132)
at org.testng.internal.TestInvoker.invokeMethod(TestInvoker.java:599)
at org.testng.internal.TestInvoker.invokeTestMethod(TestInvoker.java:174)
at org.testng.internal.TestMethodWithDataProviderMethodWorker.call(TestMethodWithDataProviderMethodWorker.java:77)
at org.testng.internal.TestMethodWithDataProviderMethodWorker.call(TestMethodWithDataProviderMethodWorker.java:15)
at java.util.concurrent.FutureTask.run(FutureTask.java:266)
at java.util.concurrent.Executors$RunnableAdapter.call(Executors.java:511)
at java.util.concurrent.FutureTask.run(FutureTask.java:266)
at java.util.concurrent.ThreadPoolExecutor.runWorker(ThreadPoolExecutor.java:1149)
at java.util.concurrent.ThreadPoolExecutor$Worker.run(ThreadPoolExecutor.java:624)
at java.lang.Thread.run(Thread.java:748)
]]>
    </failure>
  </testcase> <!-- validateDeleteCustomerAPI -->
  <system-out/>
  <testcase name="validateDeleteCustomerAPI" time="1.398" classname="com.learning.testcases.DeleteCustomerTest">
    <failure type="java.lang.AssertionError" message="Response doesn&#039;t have ID as a field expected [true] but found [false]">
      <![CDATA[java.lang.AssertionError: Response doesn't have ID as a field expected [true] but found [false]
at org.testng.Assert.fail(Assert.java:99)
at org.testng.Assert.failNotEquals(Assert.java:1037)
at org.testng.Assert.assertTrue(Assert.java:45)
at com.learning.testcases.DeleteCustomerTest.doValidationUsingJSONObject(DeleteCustomerTest.java:51)
at com.learning.testcases.DeleteCustomerTest.validateDeleteCustomerAPI(DeleteCustomerTest.java:37)
at sun.reflect.GeneratedMethodAccessor250.invoke(Unknown Source)
at sun.reflect.DelegatingMethodAccessorImpl.invoke(DelegatingMethodAccessorImpl.java:43)
at java.lang.reflect.Method.invoke(Method.java:498)
at org.testng.internal.MethodInvocationHelper.invokeMethod(MethodInvocationHelper.java:132)
at org.testng.internal.TestInvoker.invokeMethod(TestInvoker.java:599)
at org.testng.internal.TestInvoker.invokeTestMethod(TestInvoker.java:174)
at org.testng.internal.TestMethodWithDataProviderMethodWorker.call(TestMethodWithDataProviderMethodWorker.java:77)
at org.testng.internal.TestMethodWithDataProviderMethodWorker.call(TestMethodWithDataProviderMethodWorker.java:15)
at java.util.concurrent.FutureTask.run(FutureTask.java:266)
at java.util.concurrent.Executors$RunnableAdapter.call(Executors.java:511)
at java.util.concurrent.FutureTask.run(FutureTask.java:266)
at java.util.concurrent.ThreadPoolExecutor.runWorker(ThreadPoolExecutor.java:1149)
at java.util.concurrent.ThreadPoolExecutor$Worker.run(ThreadPoolExecutor.java:624)
at java.lang.Thread.run(Thread.java:748)
]]>
    </failure>
  </testcase> <!-- validateDeleteCustomerAPI -->
  <system-out/>
  <testcase name="validateDeleteCustomerAPI" time="1.420" classname="com.learning.testcases.DeleteCustomerTest">
    <failure type="java.lang.AssertionError" message="Response doesn&#039;t have ID as a field expected [true] but found [false]">
      <![CDATA[java.lang.AssertionError: Response doesn't have ID as a field expected [true] but found [false]
at org.testng.Assert.fail(Assert.java:99)
at org.testng.Assert.failNotEquals(Assert.java:1037)
at org.testng.Assert.assertTrue(Assert.java:45)
at com.learning.testcases.DeleteCustomerTest.doValidationUsingJSONObject(DeleteCustomerTest.java:51)
at com.learning.testcases.DeleteCustomerTest.validateDeleteCustomerAPI(DeleteCustomerTest.java:37)
at sun.reflect.GeneratedMethodAccessor250.invoke(Unknown Source)
at sun.reflect.DelegatingMethodAccessorImpl.invoke(DelegatingMethodAccessorImpl.java:43)
at java.lang.reflect.Method.invoke(Method.java:498)
at org.testng.internal.MethodInvocationHelper.invokeMethod(MethodInvocationHelper.java:132)
at org.testng.internal.TestInvoker.invokeMethod(TestInvoker.java:599)
at org.testng.internal.TestInvoker.invokeTestMethod(TestInvoker.java:174)
at org.testng.internal.TestMethodWithDataProviderMethodWorker.call(TestMethodWithDataProviderMethodWorker.java:77)
at org.testng.internal.TestMethodWithDataProviderMethodWorker.call(TestMethodWithDataProviderMethodWorker.java:15)
at java.util.concurrent.FutureTask.run(FutureTask.java:266)
at java.util.concurrent.Executors$RunnableAdapter.call(Executors.java:511)
at java.util.concurrent.FutureTask.run(FutureTask.java:266)
at java.util.concurrent.ThreadPoolExecutor.runWorker(ThreadPoolExecutor.java:1149)
at java.util.concurrent.ThreadPoolExecutor$Worker.run(ThreadPoolExecutor.java:624)
at java.lang.Thread.run(Thread.java:748)
]]>
    </failure>
  </testcase> <!-- validateDeleteCustomerAPI -->
  <system-out/>
  <testcase name="validateDeleteCustomerAPI" time="1.417" classname="com.learning.testcases.DeleteCustomerTest">
    <failure type="java.lang.AssertionError" message="Response doesn&#039;t have ID as a field expected [true] but found [false]">
      <![CDATA[java.lang.AssertionError: Response doesn't have ID as a field expected [true] but found [false]
at org.testng.Assert.fail(Assert.java:99)
at org.testng.Assert.failNotEquals(Assert.java:1037)
at org.testng.Assert.assertTrue(Assert.java:45)
at com.learning.testcases.DeleteCustomerTest.doValidationUsingJSONObject(DeleteCustomerTest.java:51)
at com.learning.testcases.DeleteCustomerTest.validateDeleteCustomerAPI(DeleteCustomerTest.java:37)
at sun.reflect.GeneratedMethodAccessor250.invoke(Unknown Source)
at sun.reflect.DelegatingMethodAccessorImpl.invoke(DelegatingMethodAccessorImpl.java:43)
at java.lang.reflect.Method.invoke(Method.java:498)
at org.testng.internal.MethodInvocationHelper.invokeMethod(MethodInvocationHelper.java:132)
at org.testng.internal.TestInvoker.invokeMethod(TestInvoker.java:599)
at org.testng.internal.TestInvoker.invokeTestMethod(TestInvoker.java:174)
at org.testng.internal.TestMethodWithDataProviderMethodWorker.call(TestMethodWithDataProviderMethodWorker.java:77)
at org.testng.internal.TestMethodWithDataProviderMethodWorker.call(TestMethodWithDataProviderMethodWorker.java:15)
at java.util.concurrent.FutureTask.run(FutureTask.java:266)
at java.util.concurrent.Executors$RunnableAdapter.call(Executors.java:511)
at java.util.concurrent.FutureTask.run(FutureTask.java:266)
at java.util.concurrent.ThreadPoolExecutor.runWorker(ThreadPoolExecutor.java:1149)
at java.util.concurrent.ThreadPoolExecutor$Worker.run(ThreadPoolExecutor.java:624)
at java.lang.Thread.run(Thread.java:748)
]]>
    </failure>
  </testcase> <!-- validateDeleteCustomerAPI -->
  <system-out/>
  <testcase name="validateDeleteCustomerAPI" time="1.388" classname="com.learning.testcases.DeleteCustomerTest">
    <failure type="java.lang.AssertionError" message="Response doesn&#039;t have ID as a field expected [true] but found [false]">
      <![CDATA[java.lang.AssertionError: Response doesn't have ID as a field expected [true] but found [false]
at org.testng.Assert.fail(Assert.java:99)
at org.testng.Assert.failNotEquals(Assert.java:1037)
at org.testng.Assert.assertTrue(Assert.java:45)
at com.learning.testcases.DeleteCustomerTest.doValidationUsingJSONObject(DeleteCustomerTest.java:51)
at com.learning.testcases.DeleteCustomerTest.validateDeleteCustomerAPI(DeleteCustomerTest.java:37)
at sun.reflect.GeneratedMethodAccessor250.invoke(Unknown Source)
at sun.reflect.DelegatingMethodAccessorImpl.invoke(DelegatingMethodAccessorImpl.java:43)
at java.lang.reflect.Method.invoke(Method.java:498)
at org.testng.internal.MethodInvocationHelper.invokeMethod(MethodInvocationHelper.java:132)
at org.testng.internal.TestInvoker.invokeMethod(TestInvoker.java:599)
at org.testng.internal.TestInvoker.invokeTestMethod(TestInvoker.java:174)
at org.testng.internal.TestMethodWithDataProviderMethodWorker.call(TestMethodWithDataProviderMethodWorker.java:77)
at org.testng.internal.TestMethodWithDataProviderMethodWorker.call(TestMethodWithDataProviderMethodWorker.java:15)
at java.util.concurrent.FutureTask.run(FutureTask.java:266)
at java.util.concurrent.Executors$RunnableAdapter.call(Executors.java:511)
at java.util.concurrent.FutureTask.run(FutureTask.java:266)
at java.util.concurrent.ThreadPoolExecutor.runWorker(ThreadPoolExecutor.java:1149)
at java.util.concurrent.ThreadPoolExecutor$Worker.run(ThreadPoolExecutor.java:624)
at java.lang.Thread.run(Thread.java:748)
]]>
    </failure>
  </testcase> <!-- validateDeleteCustomerAPI -->
  <system-out/>
  <testcase name="validateDeleteCustomerAPI" time="1.460" classname="com.learning.testcases.DeleteCustomerTest">
    <failure type="java.lang.AssertionError" message="Response doesn&#039;t have ID as a field expected [true] but found [false]">
      <![CDATA[java.lang.AssertionError: Response doesn't have ID as a field expected [true] but found [false]
at org.testng.Assert.fail(Assert.java:99)
at org.testng.Assert.failNotEquals(Assert.java:1037)
at org.testng.Assert.assertTrue(Assert.java:45)
at com.learning.testcases.DeleteCustomerTest.doValidationUsingJSONObject(DeleteCustomerTest.java:51)
at com.learning.testcases.DeleteCustomerTest.validateDeleteCustomerAPI(DeleteCustomerTest.java:37)
at sun.reflect.GeneratedMethodAccessor250.invoke(Unknown Source)
at sun.reflect.DelegatingMethodAccessorImpl.invoke(DelegatingMethodAccessorImpl.java:43)
at java.lang.reflect.Method.invoke(Method.java:498)
at org.testng.internal.MethodInvocationHelper.invokeMethod(MethodInvocationHelper.java:132)
at org.testng.internal.TestInvoker.invokeMethod(TestInvoker.java:599)
at org.testng.internal.TestInvoker.invokeTestMethod(TestInvoker.java:174)
at org.testng.internal.TestMethodWithDataProviderMethodWorker.call(TestMethodWithDataProviderMethodWorker.java:77)
at org.testng.internal.TestMethodWithDataProviderMethodWorker.call(TestMethodWithDataProviderMethodWorker.java:15)
at java.util.concurrent.FutureTask.run(FutureTask.java:266)
at java.util.concurrent.Executors$RunnableAdapter.call(Executors.java:511)
at java.util.concurrent.FutureTask.run(FutureTask.java:266)
at java.util.concurrent.ThreadPoolExecutor.runWorker(ThreadPoolExecutor.java:1149)
at java.util.concurrent.ThreadPoolExecutor$Worker.run(ThreadPoolExecutor.java:624)
at java.lang.Thread.run(Thread.java:748)
]]>
    </failure>
  </testcase> <!-- validateDeleteCustomerAPI -->
  <system-out/>
  <testcase name="validateDeleteCustomerAPI" time="1.487" classname="com.learning.testcases.DeleteCustomerTest">
    <failure type="java.lang.AssertionError" message="Response doesn&#039;t have ID as a field expected [true] but found [false]">
      <![CDATA[java.lang.AssertionError: Response doesn't have ID as a field expected [true] but found [false]
at org.testng.Assert.fail(Assert.java:99)
at org.testng.Assert.failNotEquals(Assert.java:1037)
at org.testng.Assert.assertTrue(Assert.java:45)
at com.learning.testcases.DeleteCustomerTest.doValidationUsingJSONObject(DeleteCustomerTest.java:51)
at com.learning.testcases.DeleteCustomerTest.validateDeleteCustomerAPI(DeleteCustomerTest.java:37)
at sun.reflect.GeneratedMethodAccessor250.invoke(Unknown Source)
at sun.reflect.DelegatingMethodAccessorImpl.invoke(DelegatingMethodAccessorImpl.java:43)
at java.lang.reflect.Method.invoke(Method.java:498)
at org.testng.internal.MethodInvocationHelper.invokeMethod(MethodInvocationHelper.java:132)
at org.testng.internal.TestInvoker.invokeMethod(TestInvoker.java:599)
at org.testng.internal.TestInvoker.invokeTestMethod(TestInvoker.java:174)
at org.testng.internal.TestMethodWithDataProviderMethodWorker.call(TestMethodWithDataProviderMethodWorker.java:77)
at org.testng.internal.TestMethodWithDataProviderMethodWorker.call(TestMethodWithDataProviderMethodWorker.java:15)
at java.util.concurrent.FutureTask.run(FutureTask.java:266)
at java.util.concurrent.Executors$RunnableAdapter.call(Executors.java:511)
at java.util.concurrent.FutureTask.run(FutureTask.java:266)
at java.util.concurrent.ThreadPoolExecutor.runWorker(ThreadPoolExecutor.java:1149)
at java.util.concurrent.ThreadPoolExecutor$Worker.run(ThreadPoolExecutor.java:624)
at java.lang.Thread.run(Thread.java:748)
]]>
    </failure>
  </testcase> <!-- validateDeleteCustomerAPI -->
  <system-out/>
  <testcase name="validateDeleteCustomerAPI" time="1.447" classname="com.learning.testcases.DeleteCustomerTest">
    <failure type="java.lang.AssertionError" message="Response doesn&#039;t have ID as a field expected [true] but found [false]">
      <![CDATA[java.lang.AssertionError: Response doesn't have ID as a field expected [true] but found [false]
at org.testng.Assert.fail(Assert.java:99)
at org.testng.Assert.failNotEquals(Assert.java:1037)
at org.testng.Assert.assertTrue(Assert.java:45)
at com.learning.testcases.DeleteCustomerTest.doValidationUsingJSONObject(DeleteCustomerTest.java:51)
at com.learning.testcases.DeleteCustomerTest.validateDeleteCustomerAPI(DeleteCustomerTest.java:37)
at sun.reflect.GeneratedMethodAccessor250.invoke(Unknown Source)
at sun.reflect.DelegatingMethodAccessorImpl.invoke(DelegatingMethodAccessorImpl.java:43)
at java.lang.reflect.Method.invoke(Method.java:498)
at org.testng.internal.MethodInvocationHelper.invokeMethod(MethodInvocationHelper.java:132)
at org.testng.internal.TestInvoker.invokeMethod(TestInvoker.java:599)
at org.testng.internal.TestInvoker.invokeTestMethod(TestInvoker.java:174)
at org.testng.internal.TestMethodWithDataProviderMethodWorker.call(TestMethodWithDataProviderMethodWorker.java:77)
at org.testng.internal.TestMethodWithDataProviderMethodWorker.call(TestMethodWithDataProviderMethodWorker.java:15)
at java.util.concurrent.FutureTask.run(FutureTask.java:266)
at java.util.concurrent.Executors$RunnableAdapter.call(Executors.java:511)
at java.util.concurrent.FutureTask.run(FutureTask.java:266)
at java.util.concurrent.ThreadPoolExecutor.runWorker(ThreadPoolExecutor.java:1149)
at java.util.concurrent.ThreadPoolExecutor$Worker.run(ThreadPoolExecutor.java:624)
at java.lang.Thread.run(Thread.java:748)
]]>
    </failure>
  </testcase> <!-- validateDeleteCustomerAPI -->
  <system-out/>
  <testcase name="validateDeleteCustomerAPI" time="1.377" classname="com.learning.testcases.DeleteCustomerTest">
    <failure type="java.lang.AssertionError" message="Response doesn&#039;t have ID as a field expected [true] but found [false]">
      <![CDATA[java.lang.AssertionError: Response doesn't have ID as a field expected [true] but found [false]
at org.testng.Assert.fail(Assert.java:99)
at org.testng.Assert.failNotEquals(Assert.java:1037)
at org.testng.Assert.assertTrue(Assert.java:45)
at com.learning.testcases.DeleteCustomerTest.doValidationUsingJSONObject(DeleteCustomerTest.java:51)
at com.learning.testcases.DeleteCustomerTest.validateDeleteCustomerAPI(DeleteCustomerTest.java:37)
at sun.reflect.GeneratedMethodAccessor250.invoke(Unknown Source)
at sun.reflect.DelegatingMethodAccessorImpl.invoke(DelegatingMethodAccessorImpl.java:43)
at java.lang.reflect.Method.invoke(Method.java:498)
at org.testng.internal.MethodInvocationHelper.invokeMethod(MethodInvocationHelper.java:132)
at org.testng.internal.TestInvoker.invokeMethod(TestInvoker.java:599)
at org.testng.internal.TestInvoker.invokeTestMethod(TestInvoker.java:174)
at org.testng.internal.TestMethodWithDataProviderMethodWorker.call(TestMethodWithDataProviderMethodWorker.java:77)
at org.testng.internal.TestMethodWithDataProviderMethodWorker.call(TestMethodWithDataProviderMethodWorker.java:15)
at java.util.concurrent.FutureTask.run(FutureTask.java:266)
at java.util.concurrent.Executors$RunnableAdapter.call(Executors.java:511)
at java.util.concurrent.FutureTask.run(FutureTask.java:266)
at java.util.concurrent.ThreadPoolExecutor.runWorker(ThreadPoolExecutor.java:1149)
at java.util.concurrent.ThreadPoolExecutor$Worker.run(ThreadPoolExecutor.java:624)
at java.lang.Thread.run(Thread.java:748)
]]>
    </failure>
  </testcase> <!-- validateDeleteCustomerAPI -->
  <system-out/>
  <testcase name="validateDeleteCustomerAPI" time="1.633" classname="com.learning.testcases.DeleteCustomerTest">
    <failure type="java.lang.AssertionError" message="Response doesn&#039;t have ID as a field expected [true] but found [false]">
      <![CDATA[java.lang.AssertionError: Response doesn't have ID as a field expected [true] but found [false]
at org.testng.Assert.fail(Assert.java:99)
at org.testng.Assert.failNotEquals(Assert.java:1037)
at org.testng.Assert.assertTrue(Assert.java:45)
at com.learning.testcases.DeleteCustomerTest.doValidationUsingJSONObject(DeleteCustomerTest.java:51)
at com.learning.testcases.DeleteCustomerTest.validateDeleteCustomerAPI(DeleteCustomerTest.java:37)
at sun.reflect.GeneratedMethodAccessor250.invoke(Unknown Source)
at sun.reflect.DelegatingMethodAccessorImpl.invoke(DelegatingMethodAccessorImpl.java:43)
at java.lang.reflect.Method.invoke(Method.java:498)
at org.testng.internal.MethodInvocationHelper.invokeMethod(MethodInvocationHelper.java:132)
at org.testng.internal.TestInvoker.invokeMethod(TestInvoker.java:599)
at org.testng.internal.TestInvoker.invokeTestMethod(TestInvoker.java:174)
at org.testng.internal.TestMethodWithDataProviderMethodWorker.call(TestMethodWithDataProviderMethodWorker.java:77)
at org.testng.internal.TestMethodWithDataProviderMethodWorker.call(TestMethodWithDataProviderMethodWorker.java:15)
at java.util.concurrent.FutureTask.run(FutureTask.java:266)
at java.util.concurrent.Executors$RunnableAdapter.call(Executors.java:511)
at java.util.concurrent.FutureTask.run(FutureTask.java:266)
at java.util.concurrent.ThreadPoolExecutor.runWorker(ThreadPoolExecutor.java:1149)
at java.util.concurrent.ThreadPoolExecutor$Worker.run(ThreadPoolExecutor.java:624)
at java.lang.Thread.run(Thread.java:748)
]]>
    </failure>
  </testcase> <!-- validateDeleteCustomerAPI -->
  <system-out/>
  <testcase name="validateDeleteCustomerAPI" time="1.391" classname="com.learning.testcases.DeleteCustomerTest">
    <failure type="java.lang.AssertionError" message="Response doesn&#039;t have ID as a field expected [true] but found [false]">
      <![CDATA[java.lang.AssertionError: Response doesn't have ID as a field expected [true] but found [false]
at org.testng.Assert.fail(Assert.java:99)
at org.testng.Assert.failNotEquals(Assert.java:1037)
at org.testng.Assert.assertTrue(Assert.java:45)
at com.learning.testcases.DeleteCustomerTest.doValidationUsingJSONObject(DeleteCustomerTest.java:51)
at com.learning.testcases.DeleteCustomerTest.validateDeleteCustomerAPI(DeleteCustomerTest.java:37)
at sun.reflect.GeneratedMethodAccessor250.invoke(Unknown Source)
at sun.reflect.DelegatingMethodAccessorImpl.invoke(DelegatingMethodAccessorImpl.java:43)
at java.lang.reflect.Method.invoke(Method.java:498)
at org.testng.internal.MethodInvocationHelper.invokeMethod(MethodInvocationHelper.java:132)
at org.testng.internal.TestInvoker.invokeMethod(TestInvoker.java:599)
at org.testng.internal.TestInvoker.invokeTestMethod(TestInvoker.java:174)
at org.testng.internal.TestMethodWithDataProviderMethodWorker.call(TestMethodWithDataProviderMethodWorker.java:77)
at org.testng.internal.TestMethodWithDataProviderMethodWorker.call(TestMethodWithDataProviderMethodWorker.java:15)
at java.util.concurrent.FutureTask.run(FutureTask.java:266)
at java.util.concurrent.Executors$RunnableAdapter.call(Executors.java:511)
at java.util.concurrent.FutureTask.run(FutureTask.java:266)
at java.util.concurrent.ThreadPoolExecutor.runWorker(ThreadPoolExecutor.java:1149)
at java.util.concurrent.ThreadPoolExecutor$Worker.run(ThreadPoolExecutor.java:624)
at java.lang.Thread.run(Thread.java:748)
]]>
    </failure>
  </testcase> <!-- validateDeleteCustomerAPI -->
  <system-out/>
  <testcase name="validateDeleteCustomerAPI" time="1.406" classname="com.learning.testcases.DeleteCustomerTest">
    <failure type="java.lang.AssertionError" message="Response doesn&#039;t have ID as a field expected [true] but found [false]">
      <![CDATA[java.lang.AssertionError: Response doesn't have ID as a field expected [true] but found [false]
at org.testng.Assert.fail(Assert.java:99)
at org.testng.Assert.failNotEquals(Assert.java:1037)
at org.testng.Assert.assertTrue(Assert.java:45)
at com.learning.testcases.DeleteCustomerTest.doValidationUsingJSONObject(DeleteCustomerTest.java:51)
at com.learning.testcases.DeleteCustomerTest.validateDeleteCustomerAPI(DeleteCustomerTest.java:37)
at sun.reflect.GeneratedMethodAccessor250.invoke(Unknown Source)
at sun.reflect.DelegatingMethodAccessorImpl.invoke(DelegatingMethodAccessorImpl.java:43)
at java.lang.reflect.Method.invoke(Method.java:498)
at org.testng.internal.MethodInvocationHelper.invokeMethod(MethodInvocationHelper.java:132)
at org.testng.internal.TestInvoker.invokeMethod(TestInvoker.java:599)
at org.testng.internal.TestInvoker.invokeTestMethod(TestInvoker.java:174)
at org.testng.internal.TestMethodWithDataProviderMethodWorker.call(TestMethodWithDataProviderMethodWorker.java:77)
at org.testng.internal.TestMethodWithDataProviderMethodWorker.call(TestMethodWithDataProviderMethodWorker.java:15)
at java.util.concurrent.FutureTask.run(FutureTask.java:266)
at java.util.concurrent.Executors$RunnableAdapter.call(Executors.java:511)
at java.util.concurrent.FutureTask.run(FutureTask.java:266)
at java.util.concurrent.ThreadPoolExecutor.runWorker(ThreadPoolExecutor.java:1149)
at java.util.concurrent.ThreadPoolExecutor$Worker.run(ThreadPoolExecutor.java:624)
at java.lang.Thread.run(Thread.java:748)
]]>
    </failure>
  </testcase> <!-- validateDeleteCustomerAPI -->
  <system-out/>
  <testcase name="validateDeleteCustomerAPI" time="1.407" classname="com.learning.testcases.DeleteCustomerTest">
    <failure type="java.lang.AssertionError" message="Response doesn&#039;t have ID as a field expected [true] but found [false]">
      <![CDATA[java.lang.AssertionError: Response doesn't have ID as a field expected [true] but found [false]
at org.testng.Assert.fail(Assert.java:99)
at org.testng.Assert.failNotEquals(Assert.java:1037)
at org.testng.Assert.assertTrue(Assert.java:45)
at com.learning.testcases.DeleteCustomerTest.doValidationUsingJSONObject(DeleteCustomerTest.java:51)
at com.learning.testcases.DeleteCustomerTest.validateDeleteCustomerAPI(DeleteCustomerTest.java:37)
at sun.reflect.GeneratedMethodAccessor250.invoke(Unknown Source)
at sun.reflect.DelegatingMethodAccessorImpl.invoke(DelegatingMethodAccessorImpl.java:43)
at java.lang.reflect.Method.invoke(Method.java:498)
at org.testng.internal.MethodInvocationHelper.invokeMethod(MethodInvocationHelper.java:132)
at org.testng.internal.TestInvoker.invokeMethod(TestInvoker.java:599)
at org.testng.internal.TestInvoker.invokeTestMethod(TestInvoker.java:174)
at org.testng.internal.TestMethodWithDataProviderMethodWorker.call(TestMethodWithDataProviderMethodWorker.java:77)
at org.testng.internal.TestMethodWithDataProviderMethodWorker.call(TestMethodWithDataProviderMethodWorker.java:15)
at java.util.concurrent.FutureTask.run(FutureTask.java:266)
at java.util.concurrent.Executors$RunnableAdapter.call(Executors.java:511)
at java.util.concurrent.FutureTask.run(FutureTask.java:266)
at java.util.concurrent.ThreadPoolExecutor.runWorker(ThreadPoolExecutor.java:1149)
at java.util.concurrent.ThreadPoolExecutor$Worker.run(ThreadPoolExecutor.java:624)
at java.lang.Thread.run(Thread.java:748)
]]>
    </failure>
  </testcase> <!-- validateDeleteCustomerAPI -->
  <system-out/>
  <testcase name="validateDeleteCustomerAPI" time="1.381" classname="com.learning.testcases.DeleteCustomerTest">
    <failure type="java.lang.AssertionError" message="Response doesn&#039;t have ID as a field expected [true] but found [false]">
      <![CDATA[java.lang.AssertionError: Response doesn't have ID as a field expected [true] but found [false]
at org.testng.Assert.fail(Assert.java:99)
at org.testng.Assert.failNotEquals(Assert.java:1037)
at org.testng.Assert.assertTrue(Assert.java:45)
at com.learning.testcases.DeleteCustomerTest.doValidationUsingJSONObject(DeleteCustomerTest.java:51)
at com.learning.testcases.DeleteCustomerTest.validateDeleteCustomerAPI(DeleteCustomerTest.java:37)
at sun.reflect.GeneratedMethodAccessor250.invoke(Unknown Source)
at sun.reflect.DelegatingMethodAccessorImpl.invoke(DelegatingMethodAccessorImpl.java:43)
at java.lang.reflect.Method.invoke(Method.java:498)
at org.testng.internal.MethodInvocationHelper.invokeMethod(MethodInvocationHelper.java:132)
at org.testng.internal.TestInvoker.invokeMethod(TestInvoker.java:599)
at org.testng.internal.TestInvoker.invokeTestMethod(TestInvoker.java:174)
at org.testng.internal.TestMethodWithDataProviderMethodWorker.call(TestMethodWithDataProviderMethodWorker.java:77)
at org.testng.internal.TestMethodWithDataProviderMethodWorker.call(TestMethodWithDataProviderMethodWorker.java:15)
at java.util.concurrent.FutureTask.run(FutureTask.java:266)
at java.util.concurrent.Executors$RunnableAdapter.call(Executors.java:511)
at java.util.concurrent.FutureTask.run(FutureTask.java:266)
at java.util.concurrent.ThreadPoolExecutor.runWorker(ThreadPoolExecutor.java:1149)
at java.util.concurrent.ThreadPoolExecutor$Worker.run(ThreadPoolExecutor.java:624)
at java.lang.Thread.run(Thread.java:748)
]]>
    </failure>
  </testcase> <!-- validateDeleteCustomerAPI -->
  <system-out/>
  <testcase name="validateDeleteCustomerAPI" time="2.314" classname="com.learning.testcases.DeleteCustomerTest"/>
  <system-out/>
  <testcase name="validateDeleteCustomerAPI" time="1.463" classname="com.learning.testcases.DeleteCustomerTest"/>
  <system-out/>
  <testcase name="validateDeleteCustomerAPI" time="1.413" classname="com.learning.testcases.DeleteCustomerTest">
    <failure type="java.lang.AssertionError" message="Response doesn&#039;t have ID as a field expected [true] but found [false]">
      <![CDATA[java.lang.AssertionError: Response doesn't have ID as a field expected [true] but found [false]
at org.testng.Assert.fail(Assert.java:99)
at org.testng.Assert.failNotEquals(Assert.java:1037)
at org.testng.Assert.assertTrue(Assert.java:45)
at com.learning.testcases.DeleteCustomerTest.doValidationUsingJSONObject(DeleteCustomerTest.java:51)
at com.learning.testcases.DeleteCustomerTest.validateDeleteCustomerAPI(DeleteCustomerTest.java:37)
at sun.reflect.GeneratedMethodAccessor250.invoke(Unknown Source)
at sun.reflect.DelegatingMethodAccessorImpl.invoke(DelegatingMethodAccessorImpl.java:43)
at java.lang.reflect.Method.invoke(Method.java:498)
at org.testng.internal.MethodInvocationHelper.invokeMethod(MethodInvocationHelper.java:132)
at org.testng.internal.TestInvoker.invokeMethod(TestInvoker.java:599)
at org.testng.internal.TestInvoker.invokeTestMethod(TestInvoker.java:174)
at org.testng.internal.TestMethodWithDataProviderMethodWorker.call(TestMethodWithDataProviderMethodWorker.java:77)
at org.testng.internal.TestMethodWithDataProviderMethodWorker.call(TestMethodWithDataProviderMethodWorker.java:15)
at java.util.concurrent.FutureTask.run(FutureTask.java:266)
at java.util.concurrent.Executors$RunnableAdapter.call(Executors.java:511)
at java.util.concurrent.FutureTask.run(FutureTask.java:266)
at java.util.concurrent.ThreadPoolExecutor.runWorker(ThreadPoolExecutor.java:1149)
at java.util.concurrent.ThreadPoolExecutor$Worker.run(ThreadPoolExecutor.java:624)
at java.lang.Thread.run(Thread.java:748)
]]>
    </failure>
  </testcase> <!-- validateDeleteCustomerAPI -->
  <system-out/>
  <testcase name="validateDeleteCustomerAPI" time="1.353" classname="com.learning.testcases.DeleteCustomerTest">
    <failure type="java.lang.AssertionError" message="Response doesn&#039;t have ID as a field expected [true] but found [false]">
      <![CDATA[java.lang.AssertionError: Response doesn't have ID as a field expected [true] but found [false]
at org.testng.Assert.fail(Assert.java:99)
at org.testng.Assert.failNotEquals(Assert.java:1037)
at org.testng.Assert.assertTrue(Assert.java:45)
at com.learning.testcases.DeleteCustomerTest.doValidationUsingJSONObject(DeleteCustomerTest.java:51)
at com.learning.testcases.DeleteCustomerTest.validateDeleteCustomerAPI(DeleteCustomerTest.java:37)
at sun.reflect.GeneratedMethodAccessor250.invoke(Unknown Source)
at sun.reflect.DelegatingMethodAccessorImpl.invoke(DelegatingMethodAccessorImpl.java:43)
at java.lang.reflect.Method.invoke(Method.java:498)
at org.testng.internal.MethodInvocationHelper.invokeMethod(MethodInvocationHelper.java:132)
at org.testng.internal.TestInvoker.invokeMethod(TestInvoker.java:599)
at org.testng.internal.TestInvoker.invokeTestMethod(TestInvoker.java:174)
at org.testng.internal.TestMethodWithDataProviderMethodWorker.call(TestMethodWithDataProviderMethodWorker.java:77)
at org.testng.internal.TestMethodWithDataProviderMethodWorker.call(TestMethodWithDataProviderMethodWorker.java:15)
at java.util.concurrent.FutureTask.run(FutureTask.java:266)
at java.util.concurrent.Executors$RunnableAdapter.call(Executors.java:511)
at java.util.concurrent.FutureTask.run(FutureTask.java:266)
at java.util.concurrent.ThreadPoolExecutor.runWorker(ThreadPoolExecutor.java:1149)
at java.util.concurrent.ThreadPoolExecutor$Worker.run(ThreadPoolExecutor.java:624)
at java.lang.Thread.run(Thread.java:748)
]]>
    </failure>
  </testcase> <!-- validateDeleteCustomerAPI -->
  <system-out/>
  <testcase name="validateDeleteCustomerAPI" time="1.450" classname="com.learning.testcases.DeleteCustomerTest"/>
  <system-out/>
  <testcase name="validateDeleteCustomerAPI" time="1.389" classname="com.learning.testcases.DeleteCustomerTest">
    <failure type="java.lang.AssertionError" message="Response doesn&#039;t have ID as a field expected [true] but found [false]">
      <![CDATA[java.lang.AssertionError: Response doesn't have ID as a field expected [true] but found [false]
at org.testng.Assert.fail(Assert.java:99)
at org.testng.Assert.failNotEquals(Assert.java:1037)
at org.testng.Assert.assertTrue(Assert.java:45)
at com.learning.testcases.DeleteCustomerTest.doValidationUsingJSONObject(DeleteCustomerTest.java:51)
at com.learning.testcases.DeleteCustomerTest.validateDeleteCustomerAPI(DeleteCustomerTest.java:37)
at sun.reflect.GeneratedMethodAccessor250.invoke(Unknown Source)
at sun.reflect.DelegatingMethodAccessorImpl.invoke(DelegatingMethodAccessorImpl.java:43)
at java.lang.reflect.Method.invoke(Method.java:498)
at org.testng.internal.MethodInvocationHelper.invokeMethod(MethodInvocationHelper.java:132)
at org.testng.internal.TestInvoker.invokeMethod(TestInvoker.java:599)
at org.testng.internal.TestInvoker.invokeTestMethod(TestInvoker.java:174)
at org.testng.internal.TestMethodWithDataProviderMethodWorker.call(TestMethodWithDataProviderMethodWorker.java:77)
at org.testng.internal.TestMethodWithDataProviderMethodWorker.call(TestMethodWithDataProviderMethodWorker.java:15)
at java.util.concurrent.FutureTask.run(FutureTask.java:266)
at java.util.concurrent.Executors$RunnableAdapter.call(Executors.java:511)
at java.util.concurrent.FutureTask.run(FutureTask.java:266)
at java.util.concurrent.ThreadPoolExecutor.runWorker(ThreadPoolExecutor.java:1149)
at java.util.concurrent.ThreadPoolExecutor$Worker.run(ThreadPoolExecutor.java:624)
at java.lang.Thread.run(Thread.java:748)
]]>
    </failure>
  </testcase> <!-- validateDeleteCustomerAPI -->
  <system-out/>
  <testcase name="validateDeleteCustomerAPI" time="1.403" classname="com.learning.testcases.DeleteCustomerTest">
    <failure type="java.lang.AssertionError" message="Response doesn&#039;t have ID as a field expected [true] but found [false]">
      <![CDATA[java.lang.AssertionError: Response doesn't have ID as a field expected [true] but found [false]
at org.testng.Assert.fail(Assert.java:99)
at org.testng.Assert.failNotEquals(Assert.java:1037)
at org.testng.Assert.assertTrue(Assert.java:45)
at com.learning.testcases.DeleteCustomerTest.doValidationUsingJSONObject(DeleteCustomerTest.java:51)
at com.learning.testcases.DeleteCustomerTest.validateDeleteCustomerAPI(DeleteCustomerTest.java:37)
at sun.reflect.GeneratedMethodAccessor250.invoke(Unknown Source)
at sun.reflect.DelegatingMethodAccessorImpl.invoke(DelegatingMethodAccessorImpl.java:43)
at java.lang.reflect.Method.invoke(Method.java:498)
at org.testng.internal.MethodInvocationHelper.invokeMethod(MethodInvocationHelper.java:132)
at org.testng.internal.TestInvoker.invokeMethod(TestInvoker.java:599)
at org.testng.internal.TestInvoker.invokeTestMethod(TestInvoker.java:174)
at org.testng.internal.TestMethodWithDataProviderMethodWorker.call(TestMethodWithDataProviderMethodWorker.java:77)
at org.testng.internal.TestMethodWithDataProviderMethodWorker.call(TestMethodWithDataProviderMethodWorker.java:15)
at java.util.concurrent.FutureTask.run(FutureTask.java:266)
at java.util.concurrent.Executors$RunnableAdapter.call(Executors.java:511)
at java.util.concurrent.FutureTask.run(FutureTask.java:266)
at java.util.concurrent.ThreadPoolExecutor.runWorker(ThreadPoolExecutor.java:1149)
at java.util.concurrent.ThreadPoolExecutor$Worker.run(ThreadPoolExecutor.java:624)
at java.lang.Thread.run(Thread.java:748)
]]>
    </failure>
  </testcase> <!-- validateDeleteCustomerAPI -->
  <system-out/>
  <testcase name="validateDeleteCustomerAPI" time="1.461" classname="com.learning.testcases.DeleteCustomerTest">
    <failure type="java.lang.AssertionError" message="Response doesn&#039;t have ID as a field expected [true] but found [false]">
      <![CDATA[java.lang.AssertionError: Response doesn't have ID as a field expected [true] but found [false]
at org.testng.Assert.fail(Assert.java:99)
at org.testng.Assert.failNotEquals(Assert.java:1037)
at org.testng.Assert.assertTrue(Assert.java:45)
at com.learning.testcases.DeleteCustomerTest.doValidationUsingJSONObject(DeleteCustomerTest.java:51)
at com.learning.testcases.DeleteCustomerTest.validateDeleteCustomerAPI(DeleteCustomerTest.java:37)
at sun.reflect.GeneratedMethodAccessor250.invoke(Unknown Source)
at sun.reflect.DelegatingMethodAccessorImpl.invoke(DelegatingMethodAccessorImpl.java:43)
at java.lang.reflect.Method.invoke(Method.java:498)
at org.testng.internal.MethodInvocationHelper.invokeMethod(MethodInvocationHelper.java:132)
at org.testng.internal.TestInvoker.invokeMethod(TestInvoker.java:599)
at org.testng.internal.TestInvoker.invokeTestMethod(TestInvoker.java:174)
at org.testng.internal.TestMethodWithDataProviderMethodWorker.call(TestMethodWithDataProviderMethodWorker.java:77)
at org.testng.internal.TestMethodWithDataProviderMethodWorker.call(TestMethodWithDataProviderMethodWorker.java:15)
at java.util.concurrent.FutureTask.run(FutureTask.java:266)
at java.util.concurrent.Executors$RunnableAdapter.call(Executors.java:511)
at java.util.concurrent.FutureTask.run(FutureTask.java:266)
at java.util.concurrent.ThreadPoolExecutor.runWorker(ThreadPoolExecutor.java:1149)
at java.util.concurrent.ThreadPoolExecutor$Worker.run(ThreadPoolExecutor.java:624)
at java.lang.Thread.run(Thread.java:748)
]]>
    </failure>
  </testcase> <!-- validateDeleteCustomerAPI -->
  <system-out/>
  <testcase name="validateDeleteCustomerAPI" time="1.389" classname="com.learning.testcases.DeleteCustomerTest">
    <failure type="java.lang.AssertionError" message="Response doesn&#039;t have ID as a field expected [true] but found [false]">
      <![CDATA[java.lang.AssertionError: Response doesn't have ID as a field expected [true] but found [false]
at org.testng.Assert.fail(Assert.java:99)
at org.testng.Assert.failNotEquals(Assert.java:1037)
at org.testng.Assert.assertTrue(Assert.java:45)
at com.learning.testcases.DeleteCustomerTest.doValidationUsingJSONObject(DeleteCustomerTest.java:51)
at com.learning.testcases.DeleteCustomerTest.validateDeleteCustomerAPI(DeleteCustomerTest.java:37)
at sun.reflect.GeneratedMethodAccessor250.invoke(Unknown Source)
at sun.reflect.DelegatingMethodAccessorImpl.invoke(DelegatingMethodAccessorImpl.java:43)
at java.lang.reflect.Method.invoke(Method.java:498)
at org.testng.internal.MethodInvocationHelper.invokeMethod(MethodInvocationHelper.java:132)
at org.testng.internal.TestInvoker.invokeMethod(TestInvoker.java:599)
at org.testng.internal.TestInvoker.invokeTestMethod(TestInvoker.java:174)
at org.testng.internal.TestMethodWithDataProviderMethodWorker.call(TestMethodWithDataProviderMethodWorker.java:77)
at org.testng.internal.TestMethodWithDataProviderMethodWorker.call(TestMethodWithDataProviderMethodWorker.java:15)
at java.util.concurrent.FutureTask.run(FutureTask.java:266)
at java.util.concurrent.Executors$RunnableAdapter.call(Executors.java:511)
at java.util.concurrent.FutureTask.run(FutureTask.java:266)
at java.util.concurrent.ThreadPoolExecutor.runWorker(ThreadPoolExecutor.java:1149)
at java.util.concurrent.ThreadPoolExecutor$Worker.run(ThreadPoolExecutor.java:624)
at java.lang.Thread.run(Thread.java:748)
]]>
    </failure>
  </testcase> <!-- validateDeleteCustomerAPI -->
  <system-out/>
</testsuite> <!-- com.learning.testcases.DeleteCustomerTest -->
