<?xml version="1.0" encoding="UTF-8"?>
<!-- Generated by org.testng.reporters.JUnitReportReporter -->
<testsuite skipped="1" hostname="ATMECSINLT-647" name="com.learning.testcases.stripe.CreateCustomerTest" tests="5" failures="0" timestamp="2021-01-08T14:41:14 IST" time="10.492" errors="0">
  <testcase name="validateCreateCustomerAPI" time="2.623" classname="com.learning.testcases.stripe.CreateCustomerTest"/>
  <system-out/>
  <testcase name="validateCreateCustomerAPI" time="2.621" classname="com.learning.testcases.stripe.CreateCustomerTest"/>
  <system-out/>
  <testcase name="skipTestIntentionally" time="0.007" classname="com.learning.testcases.stripe.CreateCustomerTest">
    <skipped/>
  </testcase> <!-- skipTestIntentionally -->
  <system-out/>
  <testcase name="validateCreateCustomerAPI" time="2.623" classname="com.learning.testcases.stripe.CreateCustomerTest"/>
  <system-out/>
  <testcase name="validateCreateCustomerAPI" time="2.618" classname="com.learning.testcases.stripe.CreateCustomerTest"/>
  <system-out/>
</testsuite> <!-- com.learning.testcases.stripe.CreateCustomerTest -->
